[INFO] Scanning for projects...
[WARNING] The POM for commons-io:commons-io:jar:1.4 is invalid, transitive dependencies (if any) will not be available, enable debug logging for more details
Deflaker, version 1.5-SNAPSHOT loading...
Warning: Deflaker disabling incompatible org.apache.maven.plugins:maven-enforcer-plugin from commons-validator
Warning: Deflaker disabling incompatible org.apache.rat:apache-rat-plugin from commons-validator
[INFO]                                                                         
[INFO] ------------------------------------------------------------------------
[INFO] Building Apache Commons Validator 1.7-SNAPSHOT
[INFO] ------------------------------------------------------------------------
[INFO] 
[INFO] --- build-helper-maven-plugin:1.10:parse-version (parse-version) @ commons-validator ---
[INFO] 
[INFO] --- maven-antrun-plugin:1.8:run (javadoc.resources) @ commons-validator ---
[INFO] Executing tasks

main:
[INFO] Executed tasks
[INFO] 
[INFO] --- maven-remote-resources-plugin:1.5:process (process-resource-bundles) @ commons-validator ---
[INFO] 
[INFO] --- buildnumber-maven-plugin:1.4:create (default) @ commons-validator ---
[INFO] Executing: /bin/sh -c cd '/lv_scratch/scratch/mondego/local/Maruf/ASE/projects/commons-validator' && 'svn' '--non-interactive' 'info'
[INFO] Working directory: /lv_scratch/scratch/mondego/local/Maruf/ASE/projects/commons-validator
[INFO] Storing buildNumber: ?????? at timestamp: 1586506736524
[INFO] Executing: /bin/sh -c cd '/lv_scratch/scratch/mondego/local/Maruf/ASE/projects/commons-validator' && 'svn' '--non-interactive' 'info'
[INFO] Working directory: /lv_scratch/scratch/mondego/local/Maruf/ASE/projects/commons-validator
[INFO] Storing buildScmBranch: UNKNOWN_BRANCH
[INFO] 
[INFO] --- maven-resources-plugin:2.7:resources (default-resources) @ commons-validator ---
[INFO] Using 'UTF-8' encoding to copy filtered resources.
[INFO] Copying 2 resources to META-INF
[INFO] Copying 8 resources
[INFO] 
[INFO] --- maven-compiler-plugin:3.6.0:compile (default-compile) @ commons-validator ---
[INFO] Nothing to compile - all classes are up to date
[INFO] 
[INFO] --- maven-bundle-plugin:3.0.1:manifest (bundle-manifest) @ commons-validator ---
[INFO] 
[INFO] --- animal-sniffer-maven-plugin:1.15:check (checkAPIcompatibility) @ commons-validator ---
[INFO] Checking unresolved references to org.codehaus.mojo.signature:java16:1.0
[INFO] 
[INFO] --- maven-resources-plugin:2.7:testResources (default-testResources) @ commons-validator ---
[INFO] Using 'UTF-8' encoding to copy filtered resources.
[INFO] Copying 19 resources
[INFO] Copying 2 resources to META-INF
[INFO] 
[INFO] --- deflaker-maven-plugin:1.5-SNAPSHOT:diff (deflaker-diff) @ commons-validator ---
/lv_scratch/scratch/mondego/local/Maruf/ASE/projects/commons-validator/.git DIFF'ing to HEAD
[ERROR] fatal: Invalid path '/pkg/git/2.13.1/etc': No such file or directory

Diff'ing 4761025603e130c659cf40e5767c766bee6cf537 against: 3b30592cf1499ce5823d2cba83a242a0f9e4332a
org/apache/commons/validator/routines/checkdigit/ISINCheckDigitTest : [Edit [start=48, end=48]]
	 Methods to watch:[]
[INFO] 
[INFO] --- maven-compiler-plugin:3.6.0:testCompile (default-testCompile) @ commons-validator ---
[INFO] Changes detected - recompiling the module!
[INFO] Compiling 82 source files to /lv_scratch/scratch/mondego/local/Maruf/ASE/projects/commons-validator/target/test-classes
[INFO] /lv_scratch/scratch/mondego/local/Maruf/ASE/projects/commons-validator/src/test/java/org/apache/commons/validator/routines/checkdigit/IBANCheckDigitTest.java: /lv_scratch/scratch/mondego/local/Maruf/ASE/projects/commons-validator/src/test/java/org/apache/commons/validator/routines/checkdigit/IBANCheckDigitTest.java uses or overrides a deprecated API.
[INFO] /lv_scratch/scratch/mondego/local/Maruf/ASE/projects/commons-validator/src/test/java/org/apache/commons/validator/routines/checkdigit/IBANCheckDigitTest.java: Recompile with -Xlint:deprecation for details.
[INFO] 
[INFO] --- maven-surefire-plugin:2.19.1:test (default-test) @ commons-validator ---

-------------------------------------------------------
 T E S T S
-------------------------------------------------------
Running org.apache.commons.validator.routines.checkdigit.ModulusTenCUSIPCheckDigitTest
Tests run: 9, Failures: 0, Errors: 0, Skipped: 0, Time elapsed: 0.044 sec - in org.apache.commons.validator.routines.checkdigit.ModulusTenCUSIPCheckDigitTest
Running org.apache.commons.validator.routines.checkdigit.LuhnCheckDigitTest
Tests run: 7, Failures: 0, Errors: 0, Skipped: 0, Time elapsed: 0 sec - in org.apache.commons.validator.routines.checkdigit.LuhnCheckDigitTest
Running org.apache.commons.validator.routines.checkdigit.EAN13CheckDigitTest
Tests run: 7, Failures: 0, Errors: 0, Skipped: 0, Time elapsed: 0 sec - in org.apache.commons.validator.routines.checkdigit.EAN13CheckDigitTest
Running org.apache.commons.validator.routines.checkdigit.ISBNCheckDigitTest
Tests run: 8, Failures: 0, Errors: 0, Skipped: 0, Time elapsed: 0.001 sec - in org.apache.commons.validator.routines.checkdigit.ISBNCheckDigitTest
Running org.apache.commons.validator.routines.checkdigit.ISBN10CheckDigitTest
Tests run: 7, Failures: 0, Errors: 0, Skipped: 0, Time elapsed: 0 sec - in org.apache.commons.validator.routines.checkdigit.ISBN10CheckDigitTest
Running org.apache.commons.validator.routines.checkdigit.CUSIPCheckDigitTest
Tests run: 9, Failures: 0, Errors: 0, Skipped: 0, Time elapsed: 0.002 sec - in org.apache.commons.validator.routines.checkdigit.CUSIPCheckDigitTest
Running org.apache.commons.validator.routines.checkdigit.ISINCheckDigitTest
Tests run: 8, Failures: 0, Errors: 0, Skipped: 0, Time elapsed: 0.006 sec - in org.apache.commons.validator.routines.checkdigit.ISINCheckDigitTest
Running org.apache.commons.validator.routines.checkdigit.ModulusTenABACheckDigitTest
Tests run: 7, Failures: 0, Errors: 0, Skipped: 0, Time elapsed: 0.006 sec - in org.apache.commons.validator.routines.checkdigit.ModulusTenABACheckDigitTest
Running org.apache.commons.validator.routines.checkdigit.SedolCheckDigitTest
Tests run: 8, Failures: 0, Errors: 0, Skipped: 0, Time elapsed: 0.006 sec - in org.apache.commons.validator.routines.checkdigit.SedolCheckDigitTest
Running org.apache.commons.validator.routines.checkdigit.IBANCheckDigitTest
Tests run: 8, Failures: 0, Errors: 0, Skipped: 0, Time elapsed: 0.018 sec - in org.apache.commons.validator.routines.checkdigit.IBANCheckDigitTest
Running org.apache.commons.validator.routines.checkdigit.VerhoeffCheckDigitTest
Tests run: 7, Failures: 0, Errors: 0, Skipped: 0, Time elapsed: 0.002 sec - in org.apache.commons.validator.routines.checkdigit.VerhoeffCheckDigitTest
Running org.apache.commons.validator.routines.checkdigit.ISSNCheckDigitTest
Tests run: 7, Failures: 0, Errors: 0, Skipped: 0, Time elapsed: 0.005 sec - in org.apache.commons.validator.routines.checkdigit.ISSNCheckDigitTest
Running org.apache.commons.validator.routines.checkdigit.ModulusTenLuhnCheckDigitTest
Tests run: 7, Failures: 0, Errors: 0, Skipped: 0, Time elapsed: 0 sec - in org.apache.commons.validator.routines.checkdigit.ModulusTenLuhnCheckDigitTest
Running org.apache.commons.validator.routines.checkdigit.ABANumberCheckDigitTest
Tests run: 7, Failures: 0, Errors: 0, Skipped: 0, Time elapsed: 0.001 sec - in org.apache.commons.validator.routines.checkdigit.ABANumberCheckDigitTest
Running org.apache.commons.validator.routines.checkdigit.ModulusTenEAN13CheckDigitTest
Tests run: 7, Failures: 0, Errors: 0, Skipped: 0, Time elapsed: 0.001 sec - in org.apache.commons.validator.routines.checkdigit.ModulusTenEAN13CheckDigitTest
Running org.apache.commons.validator.routines.checkdigit.ModulusTenSedolCheckDigitTest
Tests run: 8, Failures: 0, Errors: 0, Skipped: 0, Time elapsed: 0.004 sec - in org.apache.commons.validator.routines.checkdigit.ModulusTenSedolCheckDigitTest
Running org.apache.commons.validator.routines.TimeValidatorTest
Tests run: 7, Failures: 0, Errors: 0, Skipped: 0, Time elapsed: 0.054 sec - in org.apache.commons.validator.routines.TimeValidatorTest
Running org.apache.commons.validator.routines.BigDecimalValidatorTest
Tests run: 12, Failures: 0, Errors: 0, Skipped: 0, Time elapsed: 0.012 sec - in org.apache.commons.validator.routines.BigDecimalValidatorTest
Running org.apache.commons.validator.routines.BigIntegerValidatorTest
Tests run: 12, Failures: 0, Errors: 0, Skipped: 0, Time elapsed: 0.006 sec - in org.apache.commons.validator.routines.BigIntegerValidatorTest
Running org.apache.commons.validator.routines.CalendarValidatorTest
Tests run: 10, Failures: 0, Errors: 0, Skipped: 0, Time elapsed: 0.022 sec - in org.apache.commons.validator.routines.CalendarValidatorTest
Running org.apache.commons.validator.routines.ByteValidatorTest
Tests run: 12, Failures: 0, Errors: 0, Skipped: 0, Time elapsed: 0.004 sec - in org.apache.commons.validator.routines.ByteValidatorTest
Running org.apache.commons.validator.routines.RegexValidatorTest
Tests run: 7, Failures: 0, Errors: 0, Skipped: 0, Time elapsed: 0.002 sec - in org.apache.commons.validator.routines.RegexValidatorTest
Running org.apache.commons.validator.routines.IntegerValidatorTest
Tests run: 12, Failures: 0, Errors: 0, Skipped: 0, Time elapsed: 0.004 sec - in org.apache.commons.validator.routines.IntegerValidatorTest
Running org.apache.commons.validator.routines.EmailValidatorTest
Tests run: 20, Failures: 0, Errors: 0, Skipped: 0, Time elapsed: 0.296 sec - in org.apache.commons.validator.routines.EmailValidatorTest
Running org.apache.commons.validator.routines.DateValidatorTest
Tests run: 8, Failures: 0, Errors: 0, Skipped: 0, Time elapsed: 0.009 sec - in org.apache.commons.validator.routines.DateValidatorTest
Running org.apache.commons.validator.routines.CurrencyValidatorTest
Tests run: 6, Failures: 0, Errors: 0, Skipped: 0, Time elapsed: 0.003 sec - in org.apache.commons.validator.routines.CurrencyValidatorTest
Running org.apache.commons.validator.routines.UrlValidatorTest
Tests run: 25, Failures: 0, Errors: 0, Skipped: 0, Time elapsed: 0.451 sec - in org.apache.commons.validator.routines.UrlValidatorTest
Running org.apache.commons.validator.routines.CreditCardValidatorTest
Tests run: 20, Failures: 0, Errors: 0, Skipped: 0, Time elapsed: 0.163 sec - in org.apache.commons.validator.routines.CreditCardValidatorTest
Running org.apache.commons.validator.routines.InetAddressValidatorTest
Tests run: 7, Failures: 0, Errors: 0, Skipped: 0, Time elapsed: 0.006 sec - in org.apache.commons.validator.routines.InetAddressValidatorTest
Running org.apache.commons.validator.routines.ISSNValidatorTest
Tests run: 6, Failures: 0, Errors: 0, Skipped: 0, Time elapsed: 0.002 sec - in org.apache.commons.validator.routines.ISSNValidatorTest
Running org.apache.commons.validator.routines.DoubleValidatorTest
Tests run: 12, Failures: 0, Errors: 0, Skipped: 0, Time elapsed: 0.002 sec - in org.apache.commons.validator.routines.DoubleValidatorTest
Running org.apache.commons.validator.routines.ISBNValidatorTest
Tests run: 12, Failures: 0, Errors: 0, Skipped: 0, Time elapsed: 0.003 sec - in org.apache.commons.validator.routines.ISBNValidatorTest
Running org.apache.commons.validator.routines.PercentValidatorTest
Tests run: 3, Failures: 0, Errors: 0, Skipped: 0, Time elapsed: 0 sec - in org.apache.commons.validator.routines.PercentValidatorTest
Running org.apache.commons.validator.routines.ShortValidatorTest
Tests run: 12, Failures: 0, Errors: 0, Skipped: 0, Time elapsed: 0.003 sec - in org.apache.commons.validator.routines.ShortValidatorTest
Running org.apache.commons.validator.routines.FloatValidatorTest
Tests run: 13, Failures: 0, Errors: 0, Skipped: 0, Time elapsed: 0.004 sec - in org.apache.commons.validator.routines.FloatValidatorTest
Running org.apache.commons.validator.routines.CodeValidatorTest
Tests run: 7, Failures: 0, Errors: 0, Skipped: 0, Time elapsed: 0 sec - in org.apache.commons.validator.routines.CodeValidatorTest
Running org.apache.commons.validator.routines.DomainValidatorTest
>>DomainValidatorTest.testIsIDNtoASCIIBroken()
IDN.toASCII is OK
java.version=1.8.0_181
java.vendor=Oracle Corporation
java.vm.specification.version=1.8
java.vm.specification.vendor=Oracle Corporation
java.vm.specification.name=Java Virtual Machine Specification
java.vm.version=25.181-b13
java.vm.vendor=Oracle Corporation
java.vm.name=Java HotSpot(TM) 64-Bit Server VM
java.specification.version=1.8
java.specification.vendor=Oracle Corporation
java.specification.name=Java Platform API Specification
java.class.version=52.0
<<DomainValidatorTest.testIsIDNtoASCIIBroken()
Tests run: 24, Failures: 0, Errors: 0, Skipped: 0, Time elapsed: 0.006 sec - in org.apache.commons.validator.routines.DomainValidatorTest
Running org.apache.commons.validator.routines.LongValidatorTest
Tests run: 12, Failures: 0, Errors: 0, Skipped: 0, Time elapsed: 0.002 sec - in org.apache.commons.validator.routines.LongValidatorTest
Running org.apache.commons.validator.routines.IBANValidatorTest
Tests run: 11, Failures: 0, Errors: 0, Skipped: 0, Time elapsed: 0.031 sec - in org.apache.commons.validator.routines.IBANValidatorTest
Running org.apache.commons.validator.ParameterTest
Tests run: 1, Failures: 0, Errors: 0, Skipped: 0, Time elapsed: 0.123 sec - in org.apache.commons.validator.ParameterTest
Running org.apache.commons.validator.ValidatorTest
ValidatorTest.formatDate() - Unparseable date: "2/30/1999"
Tests run: 4, Failures: 0, Errors: 0, Skipped: 0, Time elapsed: 0.004 sec - in org.apache.commons.validator.ValidatorTest
Running org.apache.commons.validator.util.FlagsTest
Tests run: 13, Failures: 0, Errors: 0, Skipped: 0, Time elapsed: 0.002 sec - in org.apache.commons.validator.util.FlagsTest
Running org.apache.commons.validator.CreditCardValidatorTest
Tests run: 2, Failures: 0, Errors: 0, Skipped: 0, Time elapsed: 0.002 sec - in org.apache.commons.validator.CreditCardValidatorTest
Running org.apache.commons.validator.FieldTest
Tests run: 9, Failures: 0, Errors: 0, Skipped: 0, Time elapsed: 0.002 sec - in org.apache.commons.validator.FieldTest
Running org.apache.commons.validator.RequiredNameTest
Tests run: 6, Failures: 0, Errors: 0, Skipped: 0, Time elapsed: 0.062 sec - in org.apache.commons.validator.RequiredNameTest
Running org.apache.commons.validator.ValidatorResourcesTest
Tests run: 1, Failures: 0, Errors: 0, Skipped: 0, Time elapsed: 0.003 sec - in org.apache.commons.validator.ValidatorResourcesTest
Running org.apache.commons.validator.LocaleTest
Tests run: 5, Failures: 0, Errors: 0, Skipped: 0, Time elapsed: 0.042 sec - in org.apache.commons.validator.LocaleTest
Running org.apache.commons.validator.FloatTest
Tests run: 6, Failures: 0, Errors: 0, Skipped: 0, Time elapsed: 0.043 sec - in org.apache.commons.validator.FloatTest
Running org.apache.commons.validator.EmailTest
Tests run: 11, Failures: 0, Errors: 0, Skipped: 0, Time elapsed: 0.048 sec - in org.apache.commons.validator.EmailTest
Running org.apache.commons.validator.ValidatorResultsTest
Tests run: 2, Failures: 0, Errors: 0, Skipped: 0, Time elapsed: 0.008 sec - in org.apache.commons.validator.ValidatorResultsTest
Running org.apache.commons.validator.MultipleConfigFilesTest
Tests run: 5, Failures: 0, Errors: 0, Skipped: 0, Time elapsed: 0.031 sec - in org.apache.commons.validator.MultipleConfigFilesTest
Running org.apache.commons.validator.CustomValidatorResourcesTest
Tests run: 1, Failures: 0, Errors: 0, Skipped: 0, Time elapsed: 0 sec - in org.apache.commons.validator.CustomValidatorResourcesTest
Running org.apache.commons.validator.MultipleTest
Tests run: 8, Failures: 0, Errors: 0, Skipped: 0, Time elapsed: 0.033 sec - in org.apache.commons.validator.MultipleTest
Running org.apache.commons.validator.GenericTypeValidatorTest
Tests run: 3, Failures: 0, Errors: 0, Skipped: 0, Time elapsed: 0.022 sec - in org.apache.commons.validator.GenericTypeValidatorTest
Running org.apache.commons.validator.RequiredIfTest
Tests run: 5, Failures: 0, Errors: 0, Skipped: 0, Time elapsed: 0.019 sec - in org.apache.commons.validator.RequiredIfTest
Running org.apache.commons.validator.RetrieveFormTest
Tests run: 5, Failures: 0, Errors: 0, Skipped: 0, Time elapsed: 0.029 sec - in org.apache.commons.validator.RetrieveFormTest
Running org.apache.commons.validator.ByteTest
Tests run: 8, Failures: 0, Errors: 0, Skipped: 0, Time elapsed: 0.037 sec - in org.apache.commons.validator.ByteTest
Running org.apache.commons.validator.UrlTest
Tests run: 5, Failures: 0, Errors: 0, Skipped: 0, Time elapsed: 0.263 sec - in org.apache.commons.validator.UrlTest
Running org.apache.commons.validator.VarTest
Tests run: 1, Failures: 0, Errors: 0, Skipped: 0, Time elapsed: 0.005 sec - in org.apache.commons.validator.VarTest
Running org.apache.commons.validator.DoubleTest
Tests run: 6, Failures: 0, Errors: 0, Skipped: 0, Time elapsed: 0.023 sec - in org.apache.commons.validator.DoubleTest
Running org.apache.commons.validator.ISBNValidatorTest
Tests run: 1, Failures: 0, Errors: 0, Skipped: 0, Time elapsed: 0 sec - in org.apache.commons.validator.ISBNValidatorTest
Running org.apache.commons.validator.LongTest
Tests run: 8, Failures: 0, Errors: 0, Skipped: 0, Time elapsed: 0.029 sec - in org.apache.commons.validator.LongTest
Running org.apache.commons.validator.ShortTest
Tests run: 6, Failures: 0, Errors: 0, Skipped: 0, Time elapsed: 0.023 sec - in org.apache.commons.validator.ShortTest
Running org.apache.commons.validator.DateTest
Tests run: 2, Failures: 0, Errors: 0, Skipped: 0, Time elapsed: 0.005 sec - in org.apache.commons.validator.DateTest
Running org.apache.commons.validator.ExtensionTest
Tests run: 8, Failures: 0, Errors: 0, Skipped: 0, Time elapsed: 0.024 sec - in org.apache.commons.validator.ExtensionTest
Running org.apache.commons.validator.GenericValidatorTest
Tests run: 2, Failures: 0, Errors: 0, Skipped: 0, Time elapsed: 0 sec - in org.apache.commons.validator.GenericValidatorTest
Running org.apache.commons.validator.ExceptionTest
Tests run: 1, Failures: 0, Errors: 0, Skipped: 0, Time elapsed: 0.001 sec - in org.apache.commons.validator.ExceptionTest
Running org.apache.commons.validator.IntegerTest
Tests run: 8, Failures: 0, Errors: 0, Skipped: 0, Time elapsed: 0.028 sec - in org.apache.commons.validator.IntegerTest
Running org.apache.commons.validator.EntityImportTest
Tests run: 2, Failures: 0, Errors: 0, Skipped: 0, Time elapsed: 0.01 sec - in org.apache.commons.validator.EntityImportTest

Results :

Tests run: 536, Failures: 0, Errors: 0, Skipped: 0

[INFO] 
[INFO] --- maven-surefire-plugin:2.19.1:test (default-test-rerunfailures) @ commons-validator ---

-------------------------------------------------------
 T E S T S
-------------------------------------------------------

Results :

Tests run: 0, Failures: 0, Errors: 0, Skipped: 0

[INFO] 
[INFO] --- deflaker-maven-plugin:1.5-SNAPSHOT:report (deflaker-report-tests) @ commons-validator ---
[INFO] ------------------------------------------------------------------------
[INFO] TEST DIFFCOV ANALYSIS
[INFO] Apache Commons Validatorcommons-validator
[INFO] ------------------------------------------------------------------------
[INFO] Using covFile: /lv_scratch/scratch/mondego/local/Maruf/ASE/projects/commons-validator/target/diffcov.log
[INFO] Using difFile: /lv_scratch/scratch/mondego/local/Maruf/ASE/projects/commons-validator/.diffCache
[WARNING] Diff has gone untested: org/apache/commons/validator/routines/checkdigit/ISINCheckDigitTest has uncovered changes [48]
[INFO] 
[INFO] --- maven-jar-plugin:3.0.0:jar (default-jar) @ commons-validator ---
[INFO] Building jar: /lv_scratch/scratch/mondego/local/Maruf/ASE/projects/commons-validator/target/commons-validator-1.7-SNAPSHOT.jar
[INFO] 
[INFO] --- maven-site-plugin:3.6:attach-descriptor (attach-descriptor) @ commons-validator ---
[INFO] Skipping because packaging 'jar' is not pom.
[INFO] ------------------------------------------------------------------------
[INFO] BUILD SUCCESS
[INFO] ------------------------------------------------------------------------
[INFO] Total time: 13.147 s
[INFO] Finished at: 2020-04-10T01:19:06-07:00
[INFO] Final Memory: 53M/2332M
[INFO] ------------------------------------------------------------------------
