[INFO] Scanning for projects...
[WARNING] The POM for commons-io:commons-io:jar:1.4 is invalid, transitive dependencies (if any) will not be available, enable debug logging for more details
Deflaker, version 1.5-SNAPSHOT loading...
Warning: Deflaker disabling incompatible org.apache.maven.plugins:maven-enforcer-plugin from invokebinder
[INFO]                                                                         
[INFO] ------------------------------------------------------------------------
[INFO] Building invokebinder 1.6-SNAPSHOT
[INFO] ------------------------------------------------------------------------
[INFO] 
[INFO] --- maven-resources-plugin:2.2:resources (default-resources) @ invokebinder ---
[INFO] Using encoding: 'UTF-8' to copy filtered resources.
[INFO] 
[INFO] --- maven-compiler-plugin:2.0.2:compile (default-compile) @ invokebinder ---
[INFO] Nothing to compile - all classes are up to date
[INFO] 
[INFO] --- maven-resources-plugin:2.2:testResources (default-testResources) @ invokebinder ---
[INFO] Using encoding: 'UTF-8' to copy filtered resources.
[INFO] 
[INFO] --- deflaker-maven-plugin:1.5-SNAPSHOT:diff (deflaker-diff) @ invokebinder ---
/lv_scratch/scratch/mondego/local/Maruf/ASE/projects/invokebinder/.git DIFF'ing to HEAD
[ERROR] fatal: Invalid path '/pkg/git/2.13.1/etc': No such file or directory

Diff'ing 479b9ef653d3a2bd6633d2a55ae8b2c705bb310c against: d960d2b228246a5aa2033ba3aee1cfe3af2e6fa8
com/headius/invokebinder/SmartBinder : [Edit [start=238, end=238], Edit [start=254, end=254], Edit [start=270, end=270]]
	 Methods to watch:[]
com/headius/invokebinder/SmartBinderTest : [Edit [start=260, end=260], Edit [start=272, end=326]]
	 Methods to watch:[]
com/headius/invokebinder/Subjects : [Edit [start=70, end=83]]
	 Methods to watch:[]
[INFO] 
[INFO] --- maven-compiler-plugin:2.0.2:testCompile (default-testCompile) @ invokebinder ---
[INFO] Compiling 4 source files to /lv_scratch/scratch/mondego/local/Maruf/ASE/projects/invokebinder/target/test-classes
[INFO] 
[INFO] --- maven-surefire-plugin:2.19.1:test (default-test) @ invokebinder ---

-------------------------------------------------------
 T E S T S
-------------------------------------------------------
Running com.headius.invokebinder.SignatureTest
Tests run: 34, Failures: 0, Errors: 0, Skipped: 0, Time elapsed: 0.093 sec - in com.headius.invokebinder.SignatureTest
Running com.headius.invokebinder.SmartBinderTest
(String x)String
(Subjects this, String a, Integer b1, Integer b2, Integer b3)String
(Subjects,String,Integer,Integer,Integer)String
(String x)String
(Subjects this, String a, Integer b1, Integer b2, Integer b3)String
(Subjects,String,Integer,Integer,Integer)String
(String x)String
Tests run: 16, Failures: 0, Errors: 0, Skipped: 0, Time elapsed: 0.017 sec - in com.headius.invokebinder.SmartBinderTest
Running com.headius.invokebinder.BinderTest
(BinderTest,String)String
Tests run: 56, Failures: 0, Errors: 0, Skipped: 0, Time elapsed: 0.061 sec - in com.headius.invokebinder.BinderTest

Results :

Tests run: 106, Failures: 0, Errors: 0, Skipped: 0

[INFO] 
[INFO] --- maven-surefire-plugin:2.19.1:test (default-test-rerunfailures) @ invokebinder ---

-------------------------------------------------------
 T E S T S
-------------------------------------------------------

Results :

Tests run: 0, Failures: 0, Errors: 0, Skipped: 0

[INFO] 
[INFO] --- deflaker-maven-plugin:1.5-SNAPSHOT:report (deflaker-report-tests) @ invokebinder ---
[INFO] ------------------------------------------------------------------------
[INFO] TEST DIFFCOV ANALYSIS
[INFO] invokebinderinvokebinder
[INFO] ------------------------------------------------------------------------
[INFO] Using covFile: /lv_scratch/scratch/mondego/local/Maruf/ASE/projects/invokebinder/target/diffcov.log
[INFO] Using difFile: /lv_scratch/scratch/mondego/local/Maruf/ASE/projects/invokebinder/.diffCache
[WARNING] Diff has gone untested: com/headius/invokebinder/SmartBinder has uncovered changes [238, 254, 270]
[WARNING] Diff has gone untested: com/headius/invokebinder/SmartBinderTest has uncovered changes [276, 277, 278, 279, 280, 281, 282, 283, 284, 286, 287, 288, 292, 293, 294, 295, 296, 297, 298, 299, 300, 301, 302, 304, 305, 306, 310, 311, 312, 313, 314, 315, 316, 317, 318, 319, 320, 322, 323, 324]
[WARNING] Diff has gone untested: com/headius/invokebinder/Subjects has uncovered changes [72, 76, 81]
[INFO] 
[INFO] --- maven-jar-plugin:2.4:jar (default-jar) @ invokebinder ---
[INFO] Building jar: /lv_scratch/scratch/mondego/local/Maruf/ASE/projects/invokebinder/target/invokebinder-1.6-SNAPSHOT.jar
[INFO] ------------------------------------------------------------------------
[INFO] BUILD SUCCESS
[INFO] ------------------------------------------------------------------------
[INFO] Total time: 7.099 s
[INFO] Finished at: 2020-04-10T01:27:48-07:00
[INFO] Final Memory: 44M/2373M
[INFO] ------------------------------------------------------------------------
