[INFO] Scanning for projects...
[WARNING] The POM for commons-io:commons-io:jar:1.4 is invalid, transitive dependencies (if any) will not be available, enable debug logging for more details
Deflaker, version 1.5-SNAPSHOT loading...
Warning: Deflaker disabling incompatible org.apache.maven.plugins:maven-enforcer-plugin from logstash-logback-encoder
[INFO]                                                                         
[INFO] ------------------------------------------------------------------------
[INFO] Building Logstash Logback Encoder 6.2-SNAPSHOT
[INFO] ------------------------------------------------------------------------
[INFO] 
[INFO] --- maven-license-plugin:1.9.0:format (default) @ logstash-logback-encoder ---
[INFO] Updating license headers...
[INFO] 
[INFO] --- maven-resources-plugin:2.6:resources (default-resources) @ logstash-logback-encoder ---
[INFO] Using 'UTF-8' encoding to copy filtered resources.
[INFO] skip non existing resourceDirectory /lv_scratch/scratch/mondego/local/Maruf/ASE/projects/logstash-logback-encoder/src/main/resources
[INFO] 
[INFO] --- maven-compiler-plugin:3.8.1:compile (default-compile) @ logstash-logback-encoder ---
[INFO] Nothing to compile - all classes are up to date
[INFO] 
[INFO] --- maven-bundle-plugin:4.2.0:manifest (bundle-manifest) @ logstash-logback-encoder ---
[WARNING] Manifest net.logstash.logback:logstash-logback-encoder:jar:6.2-SNAPSHOT : Export net.logstash.logback.encoder,  has 4,  private references [net.logstash.logback, net.logstash.logback.composite.accessevent, net.logstash.logback.composite.loggingevent, net.logstash.logback.decorate]
[WARNING] Manifest net.logstash.logback:logstash-logback-encoder:jar:6.2-SNAPSHOT : Export net.logstash.logback.appender,  has 5,  private references [net.logstash.logback, net.logstash.logback.appender.destination, net.logstash.logback.appender.listener, net.logstash.logback.decorate, net.logstash.logback.layout]
[WARNING] Manifest net.logstash.logback:logstash-logback-encoder:jar:6.2-SNAPSHOT : Export net.logstash.logback.composite,  has 2,  private references [net.logstash.logback.decorate, net.logstash.logback.pattern]
[INFO] 
[INFO] --- maven-resources-plugin:2.6:testResources (default-testResources) @ logstash-logback-encoder ---
[INFO] Using 'UTF-8' encoding to copy filtered resources.
[INFO] Copying 1 resource
[INFO] 
[INFO] --- deflaker-maven-plugin:1.5-SNAPSHOT:diff (deflaker-diff) @ logstash-logback-encoder ---
/lv_scratch/scratch/mondego/local/Maruf/ASE/projects/logstash-logback-encoder/.git DIFF'ing to HEAD
[ERROR] fatal: Invalid path '/pkg/git/2.13.1/etc': No such file or directory

Diff'ing 5e4e8bef91266a7abfe398cde9d2bbc109658159 against: ebc772dadb17bb9c3e461b7879a3472b423fc66e
[INFO] 
[INFO] --- maven-compiler-plugin:3.8.1:testCompile (default-testCompile) @ logstash-logback-encoder ---
[INFO] Changes detected - recompiling the module!
[INFO] Compiling 61 source files to /lv_scratch/scratch/mondego/local/Maruf/ASE/projects/logstash-logback-encoder/target/test-classes
[INFO] /lv_scratch/scratch/mondego/local/Maruf/ASE/projects/logstash-logback-encoder/src/test/java/net/logstash/logback/ConfigurationTest.java: Some input files use or override a deprecated API.
[INFO] /lv_scratch/scratch/mondego/local/Maruf/ASE/projects/logstash-logback-encoder/src/test/java/net/logstash/logback/ConfigurationTest.java: Recompile with -Xlint:deprecation for details.
[INFO] /lv_scratch/scratch/mondego/local/Maruf/ASE/projects/logstash-logback-encoder/src/test/java/net/logstash/logback/appender/WaitStrategyFactoryTest.java: Some input files use unchecked or unsafe operations.
[INFO] /lv_scratch/scratch/mondego/local/Maruf/ASE/projects/logstash-logback-encoder/src/test/java/net/logstash/logback/appender/WaitStrategyFactoryTest.java: Recompile with -Xlint:unchecked for details.
[INFO] 
[INFO] --- maven-surefire-plugin:2.19.1:test (default-test) @ logstash-logback-encoder ---

-------------------------------------------------------
 T E S T S
-------------------------------------------------------
Running net.logstash.logback.composite.loggingevent.MdcJsonProviderTest
Tests run: 5, Failures: 0, Errors: 0, Skipped: 0, Time elapsed: 0.708 sec - in net.logstash.logback.composite.loggingevent.MdcJsonProviderTest
Running net.logstash.logback.composite.loggingevent.ThrowableClassNameJsonProviderTest
Tests run: 4, Failures: 0, Errors: 0, Skipped: 0, Time elapsed: 0.001 sec - in net.logstash.logback.composite.loggingevent.ThrowableClassNameJsonProviderTest
Running net.logstash.logback.composite.loggingevent.ThrowableRootCauseClassNameJsonProviderTest
Tests run: 4, Failures: 0, Errors: 0, Skipped: 0, Time elapsed: 0 sec - in net.logstash.logback.composite.loggingevent.ThrowableRootCauseClassNameJsonProviderTest
Running net.logstash.logback.composite.loggingevent.LoggingEventCompositeJsonFormatterTest
Tests run: 1, Failures: 0, Errors: 0, Skipped: 0, Time elapsed: 0.173 sec - in net.logstash.logback.composite.loggingevent.LoggingEventCompositeJsonFormatterTest
Running net.logstash.logback.composite.loggingevent.SequenceJsonProviderTest
Tests run: 2, Failures: 0, Errors: 0, Skipped: 0, Time elapsed: 0.001 sec - in net.logstash.logback.composite.loggingevent.SequenceJsonProviderTest
Running net.logstash.logback.composite.loggingevent.LogstashMarkersJsonProviderTest
Tests run: 1, Failures: 0, Errors: 0, Skipped: 0, Time elapsed: 0.049 sec - in net.logstash.logback.composite.loggingevent.LogstashMarkersJsonProviderTest
Running net.logstash.logback.composite.loggingevent.StackTraceJsonProviderTest
Tests run: 3, Failures: 0, Errors: 0, Skipped: 0, Time elapsed: 0.047 sec - in net.logstash.logback.composite.loggingevent.StackTraceJsonProviderTest
Running net.logstash.logback.composite.loggingevent.LogLevelJsonProviderTest
Tests run: 3, Failures: 0, Errors: 0, Skipped: 0, Time elapsed: 0.003 sec - in net.logstash.logback.composite.loggingevent.LogLevelJsonProviderTest
Running net.logstash.logback.composite.loggingevent.TagsJsonProviderTest
Tests run: 3, Failures: 0, Errors: 0, Skipped: 0, Time elapsed: 0.022 sec - in net.logstash.logback.composite.loggingevent.TagsJsonProviderTest
Running net.logstash.logback.composite.loggingevent.ContextNameJsonProviderTest
Tests run: 2, Failures: 0, Errors: 0, Skipped: 0, Time elapsed: 0.013 sec - in net.logstash.logback.composite.loggingevent.ContextNameJsonProviderTest
Running net.logstash.logback.composite.loggingevent.MessageJsonProviderTest
Tests run: 3, Failures: 0, Errors: 0, Skipped: 0, Time elapsed: 0.004 sec - in net.logstash.logback.composite.loggingevent.MessageJsonProviderTest
Running net.logstash.logback.composite.loggingevent.LoggingEventPatternJsonProviderTest
Tests run: 1, Failures: 0, Errors: 0, Skipped: 0, Time elapsed: 0.138 sec - in net.logstash.logback.composite.loggingevent.LoggingEventPatternJsonProviderTest
Running net.logstash.logback.composite.loggingevent.LoggingEventNestedJsonProviderTest
Tests run: 1, Failures: 0, Errors: 0, Skipped: 0, Time elapsed: 0.053 sec - in net.logstash.logback.composite.loggingevent.LoggingEventNestedJsonProviderTest
Running net.logstash.logback.composite.loggingevent.StackHashJsonProviderTest
Tests run: 2, Failures: 0, Errors: 0, Skipped: 0, Time elapsed: 0.019 sec - in net.logstash.logback.composite.loggingevent.StackHashJsonProviderTest
Running net.logstash.logback.composite.loggingevent.LogLevelValueJsonProviderTest
Tests run: 3, Failures: 0, Errors: 0, Skipped: 0, Time elapsed: 0.002 sec - in net.logstash.logback.composite.loggingevent.LogLevelValueJsonProviderTest
Running net.logstash.logback.composite.loggingevent.RawMessageJsonProviderTest
Tests run: 2, Failures: 0, Errors: 0, Skipped: 0, Time elapsed: 0.001 sec - in net.logstash.logback.composite.loggingevent.RawMessageJsonProviderTest
Running net.logstash.logback.composite.loggingevent.ArgumentsJsonProviderTest
Tests run: 4, Failures: 0, Errors: 0, Skipped: 0, Time elapsed: 0.065 sec - in net.logstash.logback.composite.loggingevent.ArgumentsJsonProviderTest
Running net.logstash.logback.composite.loggingevent.CallerDataJsonProviderTest
[MockitoHint] CallerDataJsonProviderTest.testFieldName (see javadoc for MockitoHint):
[MockitoHint] 1. Unused -> at net.logstash.logback.composite.loggingevent.CallerDataJsonProviderTest.testFieldName(CallerDataJsonProviderTest.java:109)

Tests run: 6, Failures: 0, Errors: 0, Skipped: 0, Time elapsed: 0.015 sec - in net.logstash.logback.composite.loggingevent.CallerDataJsonProviderTest
Running net.logstash.logback.composite.loggingevent.UuidProviderTest
Tests run: 4, Failures: 0, Errors: 0, Skipped: 0, Time elapsed: 0.02 sec - in net.logstash.logback.composite.loggingevent.UuidProviderTest
Running net.logstash.logback.composite.loggingevent.ThreadNameJsonProviderTest
Tests run: 3, Failures: 0, Errors: 0, Skipped: 0, Time elapsed: 0.001 sec - in net.logstash.logback.composite.loggingevent.ThreadNameJsonProviderTest
Running net.logstash.logback.composite.loggingevent.LoggerNameJsonProviderTest
Tests run: 4, Failures: 0, Errors: 0, Skipped: 0, Time elapsed: 0.002 sec - in net.logstash.logback.composite.loggingevent.LoggerNameJsonProviderTest
Running net.logstash.logback.composite.accessevent.RequestHeadersJsonProviderTest
Tests run: 4, Failures: 0, Errors: 0, Skipped: 0, Time elapsed: 0.023 sec - in net.logstash.logback.composite.accessevent.RequestHeadersJsonProviderTest
Running net.logstash.logback.composite.accessevent.AccessEventPatternJsonProviderTest
Tests run: 1, Failures: 0, Errors: 0, Skipped: 0, Time elapsed: 0.015 sec - in net.logstash.logback.composite.accessevent.AccessEventPatternJsonProviderTest
Running net.logstash.logback.composite.accessevent.ResponseHeadersJsonProviderTest
Tests run: 4, Failures: 0, Errors: 0, Skipped: 0, Time elapsed: 0.005 sec - in net.logstash.logback.composite.accessevent.ResponseHeadersJsonProviderTest
Running net.logstash.logback.composite.accessevent.IncludeExcludeHeaderFilterTest
Tests run: 4, Failures: 0, Errors: 0, Skipped: 0, Time elapsed: 0.002 sec - in net.logstash.logback.composite.accessevent.IncludeExcludeHeaderFilterTest
Running net.logstash.logback.composite.accessevent.AccessEventNestedJsonProviderTest
Tests run: 1, Failures: 0, Errors: 0, Skipped: 0, Time elapsed: 0.038 sec - in net.logstash.logback.composite.accessevent.AccessEventNestedJsonProviderTest
Running net.logstash.logback.composite.LogstashVersionJsonProviderTest
Tests run: 6, Failures: 0, Errors: 0, Skipped: 0, Time elapsed: 0.002 sec - in net.logstash.logback.composite.LogstashVersionJsonProviderTest
Running net.logstash.logback.composite.GlobalCustomFieldsJsonProviderTest
Tests run: 1, Failures: 0, Errors: 0, Skipped: 0, Time elapsed: 0.011 sec - in net.logstash.logback.composite.GlobalCustomFieldsJsonProviderTest
Running net.logstash.logback.marker.MapEntriesAppendingMarkerTest
Tests run: 3, Failures: 0, Errors: 0, Skipped: 0, Time elapsed: 0.011 sec - in net.logstash.logback.marker.MapEntriesAppendingMarkerTest
Running net.logstash.logback.marker.DeferredLogstashMarkerTest
Tests run: 3, Failures: 0, Errors: 0, Skipped: 0, Time elapsed: 0.012 sec - in net.logstash.logback.marker.DeferredLogstashMarkerTest
Running net.logstash.logback.marker.ObjectAppendingMarkerTest
Tests run: 3, Failures: 0, Errors: 0, Skipped: 0, Time elapsed: 0.001 sec - in net.logstash.logback.marker.ObjectAppendingMarkerTest
Running net.logstash.logback.marker.MarkersTest
Tests run: 2, Failures: 0, Errors: 0, Skipped: 0, Time elapsed: 0.004 sec - in net.logstash.logback.marker.MarkersTest
Running net.logstash.logback.marker.RawJsonAppendingMarkerTest
Tests run: 3, Failures: 0, Errors: 0, Skipped: 0, Time elapsed: 0 sec - in net.logstash.logback.marker.RawJsonAppendingMarkerTest
Running net.logstash.logback.marker.ObjectFieldsAppendingMarkerTest
Tests run: 4, Failures: 0, Errors: 0, Skipped: 0, Time elapsed: 0.003 sec - in net.logstash.logback.marker.ObjectFieldsAppendingMarkerTest
Running net.logstash.logback.appender.destination.PreferPrimaryDestinationConnectionStrategyTest
Tests run: 6, Failures: 0, Errors: 0, Skipped: 0, Time elapsed: 0.003 sec - in net.logstash.logback.appender.destination.PreferPrimaryDestinationConnectionStrategyTest
Running net.logstash.logback.appender.destination.DestinationParserTest
Tests run: 10, Failures: 0, Errors: 0, Skipped: 0, Time elapsed: 0.008 sec - in net.logstash.logback.appender.destination.DestinationParserTest
Running net.logstash.logback.appender.destination.RoundRobinDestinationConnectionStrategyTest
Tests run: 4, Failures: 0, Errors: 0, Skipped: 0, Time elapsed: 0.001 sec - in net.logstash.logback.appender.destination.RoundRobinDestinationConnectionStrategyTest
Running net.logstash.logback.appender.destination.RandomDestinationConnectionStrategyTest
Tests run: 4, Failures: 0, Errors: 0, Skipped: 0, Time elapsed: 0.042 sec - in net.logstash.logback.appender.destination.RandomDestinationConnectionStrategyTest
Running net.logstash.logback.appender.WaitStrategyFactoryTest
Tests run: 30, Failures: 0, Errors: 0, Skipped: 0, Time elapsed: 0.014 sec - in net.logstash.logback.appender.WaitStrategyFactoryTest
Running net.logstash.logback.appender.AsyncDisruptorAppenderTest
Tests run: 5, Failures: 0, Errors: 0, Skipped: 0, Time elapsed: 0.088 sec - in net.logstash.logback.appender.AsyncDisruptorAppenderTest
Running net.logstash.logback.appender.LogstashSocketAppenderTest
Tests run: 3, Failures: 0, Errors: 0, Skipped: 0, Time elapsed: 0.024 sec - in net.logstash.logback.appender.LogstashSocketAppenderTest
Running net.logstash.logback.appender.LogstashTcpSocketAppenderTest
Tests run: 16, Failures: 0, Errors: 0, Skipped: 0, Time elapsed: 1.517 sec - in net.logstash.logback.appender.LogstashTcpSocketAppenderTest
Running net.logstash.logback.appender.CachingAbbreviatorTest
Tests run: 1, Failures: 0, Errors: 0, Skipped: 0, Time elapsed: 0.012 sec - in net.logstash.logback.appender.CachingAbbreviatorTest
Running net.logstash.logback.appender.listener.FailureSummaryLoggingAppenderListenerTest
01:33:11,898 |-INFO in ch.qos.logback.classic.LoggerContext[default] - Found resource [logback-test.xml] at [file:/lv_scratch/scratch/mondego/local/Maruf/ASE/projects/logstash-logback-encoder/target/test-classes/logback-test.xml]
01:33:11,972 |-INFO in ch.qos.logback.classic.joran.action.ContextNameAction - Setting logger context name as [testContext]
01:33:11,972 |-INFO in ch.qos.logback.core.joran.action.AppenderAction - About to instantiate appender of type [ch.qos.logback.core.rolling.RollingFileAppender]
01:33:11,975 |-INFO in ch.qos.logback.core.joran.action.AppenderAction - Naming appender as [stash]
01:33:11,994 |-INFO in c.q.l.core.rolling.TimeBasedRollingPolicy@1211297851 - No compression will be used
01:33:11,996 |-INFO in c.q.l.core.rolling.TimeBasedRollingPolicy@1211297851 - Will use the pattern /tmp/test.log.%d{yyyy-MM-dd}.log for the active file
01:33:11,999 |-INFO in c.q.l.core.rolling.DefaultTimeBasedFileNamingAndTriggeringPolicy - The date pattern is 'yyyy-MM-dd' from file name pattern '/tmp/test.log.%d{yyyy-MM-dd}.log'.
01:33:11,999 |-INFO in c.q.l.core.rolling.DefaultTimeBasedFileNamingAndTriggeringPolicy - Roll-over at midnight.
01:33:12,004 |-INFO in c.q.l.core.rolling.DefaultTimeBasedFileNamingAndTriggeringPolicy - Setting initial period to Fri Apr 10 01:32:41 PDT 2020
01:33:12,010 |-INFO in ch.qos.logback.core.rolling.RollingFileAppender[stash] - Active log file name: /tmp/test.log
01:33:12,011 |-INFO in ch.qos.logback.core.rolling.RollingFileAppender[stash] - File property is set to [/tmp/test.log]
01:33:12,012 |-INFO in ch.qos.logback.core.joran.action.AppenderAction - About to instantiate appender of type [ch.qos.logback.core.ConsoleAppender]
01:33:12,013 |-INFO in ch.qos.logback.core.joran.action.AppenderAction - Naming appender as [logstashEncoderAppender]
01:33:12,014 |-INFO in ch.qos.logback.core.joran.action.NestedComplexPropertyIA - Assuming default type [net.logstash.logback.fieldnames.LogstashFieldNames] for [fieldNames] property
01:33:12,020 |-INFO in ch.qos.logback.core.joran.action.NestedComplexPropertyIA - Assuming default type [net.logstash.logback.composite.loggingevent.LoggingEventJsonProviders] for [providers] property
01:33:12,034 |-INFO in ch.qos.logback.core.joran.action.AppenderAction - About to instantiate appender of type [ch.qos.logback.core.ConsoleAppender]
01:33:12,034 |-INFO in ch.qos.logback.core.joran.action.AppenderAction - Naming appender as [loggingEventCompositeJsonEncoderAppender]
01:33:12,035 |-INFO in ch.qos.logback.core.joran.action.NestedComplexPropertyIA - Assuming default type [net.logstash.logback.composite.loggingevent.LoggingEventJsonProviders] for [providers] property
01:33:12,035 |-INFO in ch.qos.logback.core.joran.action.NestedComplexPropertyIA - Assuming default type [net.logstash.logback.composite.loggingevent.LoggingEventFormattedTimestampJsonProvider] for [timestamp] property
01:33:12,035 |-INFO in ch.qos.logback.core.joran.action.NestedComplexPropertyIA - Assuming default type [net.logstash.logback.composite.LogstashVersionJsonProvider] for [version] property
01:33:12,036 |-INFO in ch.qos.logback.core.joran.action.NestedComplexPropertyIA - Assuming default type [net.logstash.logback.composite.loggingevent.MessageJsonProvider] for [message] property
01:33:12,036 |-INFO in ch.qos.logback.core.joran.action.NestedComplexPropertyIA - Assuming default type [net.logstash.logback.composite.loggingevent.LoggingEventNestedJsonProvider] for [nestedField] property
01:33:12,036 |-INFO in ch.qos.logback.core.joran.action.NestedComplexPropertyIA - Assuming default type [net.logstash.logback.composite.loggingevent.LoggingEventJsonProviders] for [providers] property
01:33:12,036 |-INFO in ch.qos.logback.core.joran.action.NestedComplexPropertyIA - Assuming default type [net.logstash.logback.composite.loggingevent.UuidProvider] for [uuid] property
01:33:12,037 |-INFO in ch.qos.logback.core.joran.action.NestedComplexPropertyIA - Assuming default type [net.logstash.logback.composite.loggingevent.RawMessageJsonProvider] for [rawMessage] property
01:33:12,037 |-INFO in ch.qos.logback.core.joran.action.NestedComplexPropertyIA - Assuming default type [net.logstash.logback.composite.loggingevent.SequenceJsonProvider] for [sequence] property
01:33:12,037 |-INFO in ch.qos.logback.core.joran.action.NestedComplexPropertyIA - Assuming default type [net.logstash.logback.composite.loggingevent.LoggerNameJsonProvider] for [loggerName] property
01:33:12,038 |-INFO in ch.qos.logback.core.joran.action.NestedComplexPropertyIA - Assuming default type [net.logstash.logback.composite.loggingevent.ThreadNameJsonProvider] for [threadName] property
01:33:12,038 |-INFO in ch.qos.logback.core.joran.action.NestedComplexPropertyIA - Assuming default type [net.logstash.logback.composite.loggingevent.LogLevelJsonProvider] for [logLevel] property
01:33:12,038 |-INFO in ch.qos.logback.core.joran.action.NestedComplexPropertyIA - Assuming default type [net.logstash.logback.composite.loggingevent.LogLevelValueJsonProvider] for [logLevelValue] property
01:33:12,039 |-INFO in ch.qos.logback.core.joran.action.NestedComplexPropertyIA - Assuming default type [net.logstash.logback.composite.loggingevent.CallerDataJsonProvider] for [callerData] property
01:33:12,040 |-INFO in ch.qos.logback.core.joran.action.NestedComplexPropertyIA - Assuming default type [net.logstash.logback.composite.loggingevent.StackTraceJsonProvider] for [stackTrace] property
01:33:12,041 |-INFO in ch.qos.logback.core.joran.action.NestedComplexPropertyIA - Assuming default type [net.logstash.logback.composite.loggingevent.StackHashJsonProvider] for [stackHash] property
01:33:12,041 |-INFO in ch.qos.logback.core.joran.action.NestedComplexPropertyIA - Assuming default type [net.logstash.logback.composite.ContextJsonProvider] for [context] property
01:33:12,041 |-INFO in ch.qos.logback.core.joran.action.NestedComplexPropertyIA - Assuming default type [net.logstash.logback.composite.loggingevent.ContextNameJsonProvider] for [contextName] property
01:33:12,042 |-INFO in ch.qos.logback.core.joran.action.NestedComplexPropertyIA - Assuming default type [net.logstash.logback.composite.loggingevent.JsonMessageJsonProvider] for [jsonMessage] property
01:33:12,042 |-INFO in ch.qos.logback.core.joran.action.NestedComplexPropertyIA - Assuming default type [net.logstash.logback.composite.loggingevent.MdcJsonProvider] for [mdc] property
01:33:12,042 |-INFO in ch.qos.logback.core.joran.action.NestedComplexPropertyIA - Assuming default type [net.logstash.logback.composite.loggingevent.ContextMapJsonProvider] for [contextMap] property
01:33:12,043 |-INFO in ch.qos.logback.core.joran.action.NestedComplexPropertyIA - Assuming default type [net.logstash.logback.composite.GlobalCustomFieldsJsonProvider] for [globalCustomFields] property
01:33:12,043 |-INFO in ch.qos.logback.core.joran.action.NestedComplexPropertyIA - Assuming default type [net.logstash.logback.composite.loggingevent.TagsJsonProvider] for [tags] property
01:33:12,044 |-INFO in ch.qos.logback.core.joran.action.NestedComplexPropertyIA - Assuming default type [net.logstash.logback.composite.loggingevent.LogstashMarkersJsonProvider] for [logstashMarkers] property
01:33:12,044 |-INFO in ch.qos.logback.core.joran.action.NestedComplexPropertyIA - Assuming default type [net.logstash.logback.composite.loggingevent.LoggingEventPatternJsonProvider] for [pattern] property
01:33:12,044 |-INFO in ch.qos.logback.core.joran.action.NestedComplexPropertyIA - Assuming default type [net.logstash.logback.composite.loggingevent.ArgumentsJsonProvider] for [arguments] property
01:33:12,045 |-INFO in ch.qos.logback.core.joran.action.NestedComplexPropertyIA - Assuming default type [net.logstash.logback.composite.loggingevent.ThrowableClassNameJsonProvider] for [throwableClassName] property
01:33:12,045 |-INFO in ch.qos.logback.core.joran.action.NestedComplexPropertyIA - Assuming default type [net.logstash.logback.composite.loggingevent.ThrowableRootCauseClassNameJsonProvider] for [throwableRootCauseClassName] property
01:33:12,046 |-INFO in ch.qos.logback.core.joran.action.AppenderAction - About to instantiate appender of type [ch.qos.logback.core.read.ListAppender]
01:33:12,046 |-INFO in ch.qos.logback.core.joran.action.AppenderAction - Naming appender as [listAppender]
01:33:12,047 |-INFO in ch.qos.logback.core.joran.action.AppenderAction - About to instantiate appender of type [net.logstash.logback.appender.LoggingEventAsyncDisruptorAppender]
01:33:12,048 |-INFO in ch.qos.logback.core.joran.action.AppenderAction - Naming appender as [asyncAppender]
01:33:12,050 |-INFO in ch.qos.logback.classic.joran.action.LoggerAction - Setting level of logger [net.logstash.logback.encoder.LogstashEncoderTest] to DEBUG
01:33:12,050 |-INFO in ch.qos.logback.core.joran.action.AppenderRefAction - Attaching appender named [stash] to Logger[net.logstash.logback.encoder.LogstashEncoderTest]
01:33:12,051 |-INFO in ch.qos.logback.classic.joran.action.LoggerAction - Setting level of logger [net.logstash.logback.ConfigurationTest] to DEBUG
01:33:12,051 |-INFO in ch.qos.logback.core.joran.action.AppenderRefAction - Attaching appender named [loggingEventCompositeJsonEncoderAppender] to Logger[net.logstash.logback.ConfigurationTest]
01:33:12,051 |-INFO in ch.qos.logback.core.joran.action.AppenderRefAction - Attaching appender named [logstashEncoderAppender] to Logger[net.logstash.logback.ConfigurationTest]
01:33:12,051 |-INFO in ch.qos.logback.core.joran.action.AppenderRefAction - Attaching appender named [listAppender] to Logger[net.logstash.logback.ConfigurationTest]
01:33:12,051 |-INFO in ch.qos.logback.core.joran.action.AppenderRefAction - Attaching appender named [asyncAppender] to Logger[net.logstash.logback.ConfigurationTest]
01:33:12,052 |-INFO in ch.qos.logback.classic.joran.action.ConfigurationAction - End of configuration.
01:33:12,052 |-INFO in ch.qos.logback.classic.joran.JoranConfigurator@5f14761c - Registering current configuration as safe fallback point
Tests run: 4, Failures: 0, Errors: 0, Skipped: 0, Time elapsed: 0.27 sec - in net.logstash.logback.appender.listener.FailureSummaryLoggingAppenderListenerTest
Running net.logstash.logback.appender.DelegatingAsyncDisruptorAppenderTest
Tests run: 1, Failures: 0, Errors: 0, Skipped: 0, Time elapsed: 0.012 sec - in net.logstash.logback.appender.DelegatingAsyncDisruptorAppenderTest
Running net.logstash.logback.ConfigurationTest
{"@timestamp":"2020-04-10T01:33:12.135-07:00","@version":"1","customMessage":"message arg k1=v1 k2=[v2] v3","nested":{"id":"ea227106-7b05-11ea-81d6-00c0f03d5b7c","customRawMessage":"message {} {} {} {}"},"sequenceNumberField":1,"logger_name":"n.l.l.ConfigurationTest","thread_name":"main","level":"INFO","level_value":20000,"caller":{"class":"net.logstash.logback.ConfigurationTest","method":"verifyOutput","file":"ConfigurationTest.java","line":218},"stack_trace":"<#e97a15e0> java.lang.Throwable: null\n\tat n.l.logback.ConfigurationTest.verifyOutput(ConfigurationTest.java:223)\n\tat n.l.logback.ConfigurationTest.testLogstashEncoderAppender(ConfigurationTest.java:90)\n\tat s.r.NativeMethodAccessorImpl.invoke0(NativeMethodAccessorImpl.java)\n\tat s.r.NativeMethodAccessorImpl.invoke(NativeMethodAccessorImpl.java:62)\n\tat s.r.DelegatingMethodAccessorImpl.invoke(DelegatingMethodAccessorImpl.java:43)\n\tat java.lang.reflect.Method.invoke(Method.java:498)\n\tat o.j.r.model.FrameworkMethod$1.runReflectiveCall(FrameworkMethod.java:50)\n\tat o.j.i.r.m.ReflectiveCallable.run(ReflectiveCallable.java:12)\n\tat o.j.r.model.FrameworkMethod.invokeExplosively(FrameworkMethod.java:47)\n\tat o.j.i.r.s.InvokeMethod.evaluate(InvokeMethod.java:17)\n\tat o.j.i.r.statements.RunBefores.evaluate(RunBefores.java:26)\n\tat org.junit.runners.ParentRunner.runLeaf(ParentRunner.java:325)\n\tat o.j.r.BlockJUnit4ClassRunner.runChild(BlockJUnit4ClassRunner.java:78)\n\tat o.j.r.BlockJUnit4ClassRunner.ru...\n","stack_hash":"e97a15e0","context":"testContext","customName":"customValue","markerFieldName":"markerFieldValue","patternName":"patternValue","relativeTime":257,"prefix0":"arg","k1":"v1","k2":"v2","k3":"v3","throwable_class":"Throwable","throwable_root_cause_class":"java.lang.Throwable"}
{"@timestamp":"2020-04-10T01:33:12.135-07:00","@version":"1","customMessage":"message arg k1=v1 k2=[v2] v3","logger_name":"n.l.l.ConfigurationTest","thread_name":"main","level":"INFO","level_value":20000,"stack_trace":"<#e97a15e0> java.lang.Throwable: null\n\tat n.l.logback.ConfigurationTest.verifyOutput(ConfigurationTest.java:223)\n\tat n.l.logback.ConfigurationTest.testLogstashEncoderAppender(ConfigurationTest.java:90)\n\tat s.r.NativeMethodAccessorImpl.invoke0(NativeMethodAccessorImpl.java)\n\tat s.r.NativeMethodAccessorImpl.invoke(NativeMethodAccessorImpl.java:62)\n\tat s.r.DelegatingMethodAccessorImpl.invoke(DelegatingMethodAccessorImpl.java:43)\n\tat java.lang.reflect.Method.invoke(Method.java:498)\n\tat o.j.r.model.FrameworkMethod$1.runReflectiveCall(FrameworkMethod.java:50)\n\tat o.j.i.r.m.ReflectiveCallable.run(ReflectiveCallable.java:12)\n\tat o.j.r.model.FrameworkMethod.invokeExplosively(FrameworkMethod.java:47)\n\tat o.j.i.r.s.InvokeMethod.evaluate(InvokeMethod.java:17)\n\tat o.j.i.r.statements.RunBefores.evaluate(RunBefores.java:26)\n\tat org.junit.runners.ParentRunner.runLeaf(ParentRunner.java:325)\n\tat o.j.r.BlockJUnit4ClassRunner.runChild(BlockJUnit4ClassRunner.java:78)\n\tat o.j.r.BlockJUnit4ClassRunner.ru...\n","markerFieldName":"markerFieldValue","caller":{"class":"net.logstash.logback.ConfigurationTest","method":"verifyOutput","file":"ConfigurationTest.java","line":218},"customName":"customValue","patternName":"patternValue","relativeTime":257,"nested":{"customRawMessage":"message {} {} {} {}","id":"ea238277-7b05-11ea-81d6-00c0f03d5b7c","customErrorHash":"e97a15e0"},"sequenceNumberField":1,"prefix0":"arg","k1":"v1","k2":"v2","k3":"v3","context":"testContext"}
{"@timestamp":"2020-04-10T01:33:12.173-07:00","@version":"1","customMessage":"message arg k1=v1 k2=[v2] v3","nested":{"id":"ea27a129-7b05-11ea-81d6-00c0f03d5b7c","customRawMessage":"message {} {} {} {}"},"sequenceNumberField":2,"logger_name":"n.l.l.ConfigurationTest","thread_name":"main","level":"INFO","level_value":20000,"caller":{"class":"net.logstash.logback.ConfigurationTest","method":"verifyOutput","file":"ConfigurationTest.java","line":218},"stack_trace":"<#1c9f5ad4> java.lang.Throwable: null\n\tat n.l.logback.ConfigurationTest.verifyOutput(ConfigurationTest.java:223)\n\tat n.l.logback.ConfigurationTest.testLoggingEventCompositeJsonEncoderAppender(ConfigurationTest.java:103)\n\tat s.r.NativeMethodAccessorImpl.invoke0(NativeMethodAccessorImpl.java)\n\tat s.r.NativeMethodAccessorImpl.invoke(NativeMethodAccessorImpl.java:62)\n\tat s.r.DelegatingMethodAccessorImpl.invoke(DelegatingMethodAccessorImpl.java:43)\n\tat java.lang.reflect.Method.invoke(Method.java:498)\n\tat o.j.r.model.FrameworkMethod$1.runReflectiveCall(FrameworkMethod.java:50)\n\tat o.j.i.r.m.ReflectiveCallable.run(ReflectiveCallable.java:12)\n\tat o.j.r.model.FrameworkMethod.invokeExplosively(FrameworkMethod.java:47)\n\tat o.j.i.r.s.InvokeMethod.evaluate(InvokeMethod.java:17)\n\tat o.j.i.r.statements.RunBefores.evaluate(RunBefores.java:26)\n\tat org.junit.runners.ParentRunner.runLeaf(ParentRunner.java:325)\n\tat o.j.r.BlockJUnit4ClassRunner.runChild(BlockJUnit4ClassRunner.java:78)\n\tat o.j.r.BlockJU...\n","stack_hash":"1c9f5ad4","context":"testContext","customName":"customValue","markerFieldName":"markerFieldValue","patternName":"patternValue","relativeTime":295,"prefix0":"arg","k1":"v1","k2":"v2","k3":"v3","throwable_class":"Throwable","throwable_root_cause_class":"java.lang.Throwable"}
{"@timestamp":"2020-04-10T01:33:12.173-07:00","@version":"1","customMessage":"message arg k1=v1 k2=[v2] v3","logger_name":"n.l.l.ConfigurationTest","thread_name":"main","level":"INFO","level_value":20000,"stack_trace":"<#1c9f5ad4> java.lang.Throwable: null\n\tat n.l.logback.ConfigurationTest.verifyOutput(ConfigurationTest.java:223)\n\tat n.l.logback.ConfigurationTest.testLoggingEventCompositeJsonEncoderAppender(ConfigurationTest.java:103)\n\tat s.r.NativeMethodAccessorImpl.invoke0(NativeMethodAccessorImpl.java)\n\tat s.r.NativeMethodAccessorImpl.invoke(NativeMethodAccessorImpl.java:62)\n\tat s.r.DelegatingMethodAccessorImpl.invoke(DelegatingMethodAccessorImpl.java:43)\n\tat java.lang.reflect.Method.invoke(Method.java:498)\n\tat o.j.r.model.FrameworkMethod$1.runReflectiveCall(FrameworkMethod.java:50)\n\tat o.j.i.r.m.ReflectiveCallable.run(ReflectiveCallable.java:12)\n\tat o.j.r.model.FrameworkMethod.invokeExplosively(FrameworkMethod.java:47)\n\tat o.j.i.r.s.InvokeMethod.evaluate(InvokeMethod.java:17)\n\tat o.j.i.r.statements.RunBefores.evaluate(RunBefores.java:26)\n\tat org.junit.runners.ParentRunner.runLeaf(ParentRunner.java:325)\n\tat o.j.r.BlockJUnit4ClassRunner.runChild(BlockJUnit4ClassRunner.java:78)\n\tat o.j.r.BlockJU...\n","markerFieldName":"markerFieldValue","caller":{"class":"net.logstash.logback.ConfigurationTest","method":"verifyOutput","file":"ConfigurationTest.java","line":218},"customName":"customValue","patternName":"patternValue","relativeTime":295,"nested":{"customRawMessage":"message {} {} {} {}","id":"ea27c83a-7b05-11ea-81d6-00c0f03d5b7c","customErrorHash":"1c9f5ad4"},"sequenceNumberField":3,"prefix0":"arg","k1":"v1","k2":"v2","k3":"v3","context":"testContext"}
Tests run: 3, Failures: 0, Errors: 0, Skipped: 0, Time elapsed: 0.043 sec - in net.logstash.logback.ConfigurationTest
Running net.logstash.logback.pattern.LoggingEventJsonPatternParserTest
Tests run: 16, Failures: 0, Errors: 0, Skipped: 0, Time elapsed: 0.063 sec - in net.logstash.logback.pattern.LoggingEventJsonPatternParserTest
Running net.logstash.logback.pattern.AccessEventJsonPatternParserTest
Tests run: 15, Failures: 0, Errors: 0, Skipped: 0, Time elapsed: 0.044 sec - in net.logstash.logback.pattern.AccessEventJsonPatternParserTest
Running net.logstash.logback.encoder.LogstashEncoderTest
LOGBACK: No context given for net.logstash.logback.encoder.LogstashEncoder@22ad1bae
LOGBACK: No context given for net.logstash.logback.encoder.LogstashEncoder@45900b64
LOGBACK: No context given for net.logstash.logback.encoder.LogstashEncoder@7e91ed74
Tests run: 35, Failures: 0, Errors: 0, Skipped: 0, Time elapsed: 0.078 sec - in net.logstash.logback.encoder.LogstashEncoderTest
Running net.logstash.logback.encoder.CompositeJsonEncoderTest
Tests run: 8, Failures: 0, Errors: 0, Skipped: 0, Time elapsed: 0.088 sec - in net.logstash.logback.encoder.CompositeJsonEncoderTest
Running net.logstash.logback.encoder.LogstashAccessEncoderTest
LOGBACK: No context given for net.logstash.logback.encoder.LogstashAccessEncoder@67bb4dcd
LOGBACK: No context given for net.logstash.logback.encoder.LogstashAccessEncoder@5ff00507
Tests run: 9, Failures: 0, Errors: 0, Skipped: 0, Time elapsed: 0.021 sec - in net.logstash.logback.encoder.LogstashAccessEncoderTest
Running net.logstash.logback.stacktrace.ShortenedThrowableConverterTest
LOGBACK: No context given for ch.qos.logback.core.spi.ContextAwareBase@27f3f512
LOGBACK: No context given for ch.qos.logback.core.spi.ContextAwareBase@3946075
LOGBACK: No context given for ch.qos.logback.core.spi.ContextAwareBase@122635ef
Tests run: 14, Failures: 0, Errors: 0, Skipped: 0, Time elapsed: 0.026 sec - in net.logstash.logback.stacktrace.ShortenedThrowableConverterTest
Running net.logstash.logback.stacktrace.StackHasherTest
Tests run: 3, Failures: 0, Errors: 0, Skipped: 0, Time elapsed: 0.001 sec - in net.logstash.logback.stacktrace.StackHasherTest
Running net.logstash.logback.argument.StructuredArgumentsToStringTest
01:33:12,521 |-WARN in class net.logstash.logback.argument.StructuredArguments - Failed toString() invocation on an object of type [net.logstash.logback.argument.StructuredArgumentsToStringTest$BuguyToString] net.logstash.logback.argument.StructuredArgumentsToStringTest$BuguyToString$1: npe
	at net.logstash.logback.argument.StructuredArgumentsToStringTest$BuguyToString$1: npe
01:33:12,522 |-WARN in class net.logstash.logback.argument.StructuredArguments - Failed toString() invocation on an object of type [net.logstash.logback.argument.StructuredArgumentsToStringTest$BuguyToString] net.logstash.logback.argument.StructuredArgumentsToStringTest$BuguyToString$1: npe
	at net.logstash.logback.argument.StructuredArgumentsToStringTest$BuguyToString$1: npe
Tests run: 5, Failures: 0, Errors: 0, Skipped: 0, Time elapsed: 0.01 sec - in net.logstash.logback.argument.StructuredArgumentsToStringTest
Running net.logstash.logback.decorate.FeatureJsonFactoryDecoratorTest
Tests run: 1, Failures: 0, Errors: 0, Skipped: 0, Time elapsed: 0.002 sec - in net.logstash.logback.decorate.FeatureJsonFactoryDecoratorTest
Running net.logstash.logback.decorate.CharacterEscapesJsonFactoryDecoratorTest
Tests run: 3, Failures: 0, Errors: 0, Skipped: 0, Time elapsed: 0.002 sec - in net.logstash.logback.decorate.CharacterEscapesJsonFactoryDecoratorTest
Running net.logstash.logback.status.LevelFilteringStatusListenerTest
Tests run: 4, Failures: 0, Errors: 0, Skipped: 0, Time elapsed: 0.026 sec - in net.logstash.logback.status.LevelFilteringStatusListenerTest
Running net.logstash.logback.layout.CompositeJsonLayoutTest
Tests run: 4, Failures: 0, Errors: 0, Skipped: 0, Time elapsed: 0.006 sec - in net.logstash.logback.layout.CompositeJsonLayoutTest

Results :

Tests run: 304, Failures: 0, Errors: 0, Skipped: 0

[INFO] 
[INFO] --- animal-sniffer-maven-plugin:1.18:check (ensure-java-1.8-compatible) @ logstash-logback-encoder ---
[INFO] Checking unresolved references to org.codehaus.mojo.signature:java18:1.0
[INFO] 
[INFO] --- maven-surefire-plugin:2.19.1:test (default-test-rerunfailures) @ logstash-logback-encoder ---

-------------------------------------------------------
 T E S T S
-------------------------------------------------------

Results :

Tests run: 0, Failures: 0, Errors: 0, Skipped: 0

[INFO] 
[INFO] --- deflaker-maven-plugin:1.5-SNAPSHOT:report (deflaker-report-tests) @ logstash-logback-encoder ---
[INFO] ------------------------------------------------------------------------
[INFO] TEST DIFFCOV ANALYSIS
[INFO] Logstash Logback Encoderlogstash-logback-encoder
[INFO] ------------------------------------------------------------------------
[INFO] Using covFile: /lv_scratch/scratch/mondego/local/Maruf/ASE/projects/logstash-logback-encoder/target/diffcov.log
[INFO] Using difFile: /lv_scratch/scratch/mondego/local/Maruf/ASE/projects/logstash-logback-encoder/.diffCache
[INFO] 
[INFO] --- maven-jar-plugin:3.1.2:jar (default-jar) @ logstash-logback-encoder ---
[INFO] Building jar: /lv_scratch/scratch/mondego/local/Maruf/ASE/projects/logstash-logback-encoder/target/logstash-logback-encoder-6.2-SNAPSHOT.jar
[INFO] 
[INFO] >>> maven-source-plugin:3.1.0:jar (attach-sources) > generate-sources @ logstash-logback-encoder >>>
[INFO] 
[INFO] <<< maven-source-plugin:3.1.0:jar (attach-sources) < generate-sources @ logstash-logback-encoder <<<
[INFO] 
[INFO] --- maven-source-plugin:3.1.0:jar (attach-sources) @ logstash-logback-encoder ---
[INFO] Building jar: /lv_scratch/scratch/mondego/local/Maruf/ASE/projects/logstash-logback-encoder/target/logstash-logback-encoder-6.2-SNAPSHOT-sources.jar
[INFO] 
[INFO] --- maven-shade-plugin:3.2.1:shade (default) @ logstash-logback-encoder ---
[INFO] Excluding ch.qos.logback:logback-classic:jar:1.2.3 from the shaded jar.
[INFO] Excluding org.slf4j:slf4j-api:jar:1.7.25 from the shaded jar.
[INFO] Excluding ch.qos.logback:logback-access:jar:1.2.3 from the shaded jar.
[INFO] Excluding com.fasterxml.jackson.core:jackson-databind:jar:2.9.9 from the shaded jar.
[INFO] Excluding com.fasterxml.jackson.core:jackson-annotations:jar:2.9.0 from the shaded jar.
[INFO] Excluding com.fasterxml.jackson.core:jackson-core:jar:2.9.9 from the shaded jar.
[INFO] Excluding com.fasterxml.jackson.dataformat:jackson-dataformat-cbor:jar:2.9.9 from the shaded jar.
[INFO] Excluding com.fasterxml.jackson.dataformat:jackson-dataformat-smile:jar:2.9.9 from the shaded jar.
[INFO] Excluding com.fasterxml.jackson.dataformat:jackson-dataformat-yaml:jar:2.9.9 from the shaded jar.
[INFO] Excluding org.yaml:snakeyaml:jar:1.23 from the shaded jar.
[INFO] Excluding com.fasterxml.uuid:java-uuid-generator:jar:3.2.0 from the shaded jar.
[INFO] Including org.apache.commons:commons-lang3:jar:3.9 in the shaded jar.
[INFO] Including com.lmax:disruptor:jar:3.4.2 in the shaded jar.
[INFO] Minimizing jar net.logstash.logback:logstash-logback-encoder:jar:6.2-SNAPSHOT
[INFO] Minimized 579 -> 407 (70%)
[INFO] Replacing original artifact with shaded artifact.
[INFO] Replacing /lv_scratch/scratch/mondego/local/Maruf/ASE/projects/logstash-logback-encoder/target/logstash-logback-encoder-6.2-SNAPSHOT.jar with /lv_scratch/scratch/mondego/local/Maruf/ASE/projects/logstash-logback-encoder/target/logstash-logback-encoder-6.2-SNAPSHOT-shaded.jar
[INFO] Dependency-reduced POM written at: /lv_scratch/scratch/mondego/local/Maruf/ASE/projects/logstash-logback-encoder/dependency-reduced-pom.xml
Downloading: https://oss.sonatype.org/content/repositories/snapshots/org/deflaker/deflaker-test-listener/1.5-SNAPSHOT/maven-metadata.xml
2/2 KB            Downloaded: https://oss.sonatype.org/content/repositories/snapshots/org/deflaker/deflaker-test-listener/1.5-SNAPSHOT/maven-metadata.xml (2 KB at 1.1 KB/sec)
Downloading: https://oss.sonatype.org/content/repositories/snapshots/org/deflaker/deflaker-agent-bootpath/1.5-SNAPSHOT/maven-metadata.xml
2/2 KB            Downloaded: https://oss.sonatype.org/content/repositories/snapshots/org/deflaker/deflaker-agent-bootpath/1.5-SNAPSHOT/maven-metadata.xml (2 KB at 22.9 KB/sec)
[INFO] ------------------------------------------------------------------------
[INFO] BUILD SUCCESS
[INFO] ------------------------------------------------------------------------
[INFO] Total time: 19.726 s
[INFO] Finished at: 2020-04-10T01:33:18-07:00
[INFO] Final Memory: 70M/3512M
[INFO] ------------------------------------------------------------------------
