[INFO] Scanning for projects...
[WARNING] The POM for commons-io:commons-io:jar:1.4 is invalid, transitive dependencies (if any) will not be available, enable debug logging for more details
Deflaker, version 1.5-SNAPSHOT loading...
Warning: Deflaker disabling incompatible org.apache.rat:apache-rat-plugin from commons-jxpath
[INFO]                                                                         
[INFO] ------------------------------------------------------------------------
[INFO] Building Commons JXPath 1.4-SNAPSHOT
[INFO] ------------------------------------------------------------------------
[INFO] 
[INFO] --- maven-antrun-plugin:1.7:run (javadoc.resources) @ commons-jxpath ---
[INFO] Executing tasks

main:
[INFO] Executed tasks
[INFO] 
[INFO] --- maven-remote-resources-plugin:1.4:process (default) @ commons-jxpath ---
[INFO] 
[INFO] --- buildnumber-maven-plugin:1.2:create (default) @ commons-jxpath ---
[INFO] Checking for local modifications: skipped.
[INFO] Updating project files from SCM: skipped.
[INFO] Executing: /bin/sh -c cd /lv_scratch/scratch/mondego/local/Maruf/ASE/projects/commons-jxpath && svn --non-interactive info
[INFO] Working directory: /lv_scratch/scratch/mondego/local/Maruf/ASE/projects/commons-jxpath
[INFO] Storing buildNumber: ?????? at timestamp: 1586496051210
[INFO] Executing: /bin/sh -c cd /lv_scratch/scratch/mondego/local/Maruf/ASE/projects/commons-jxpath && svn --non-interactive info
[INFO] Working directory: /lv_scratch/scratch/mondego/local/Maruf/ASE/projects/commons-jxpath
[INFO] Storing buildScmBranch: UNKNOWN_BRANCH
[INFO] 
[INFO] --- maven-resources-plugin:2.6:resources (default-resources) @ commons-jxpath ---
[INFO] Using 'iso-8859-1' encoding to copy filtered resources.
[INFO] skip non existing resourceDirectory /lv_scratch/scratch/mondego/local/Maruf/ASE/projects/commons-jxpath/src/main/resources
[INFO] Copying 2 resources to META-INF
[INFO] 
[INFO] --- maven-compiler-plugin:3.0:compile (default-compile) @ commons-jxpath ---
[INFO] Changes detected - recompiling the module!
[INFO] Compiling 171 source files to /lv_scratch/scratch/mondego/local/Maruf/ASE/projects/commons-jxpath/target/classes
[INFO] 
[INFO] --- maven-bundle-plugin:2.3.7:manifest (bundle-manifest) @ commons-jxpath ---
[INFO] 
[INFO] --- maven-resources-plugin:2.6:testResources (default-testResources) @ commons-jxpath ---
[INFO] Using 'iso-8859-1' encoding to copy filtered resources.
[INFO] Copying 7 resources
[INFO] 
[INFO] --- deflaker-maven-plugin:1.5-SNAPSHOT:diff (deflaker-diff) @ commons-jxpath ---
/lv_scratch/scratch/mondego/local/Maruf/ASE/projects/commons-jxpath/.git DIFF'ing to HEAD
[ERROR] fatal: Invalid path '/pkg/git/2.13.1/etc': No such file or directory

Diff'ing e2267d1cdc67063f407aed2e1c1d0b92d4b38364 against: 32b9aa2eb5fa17737b127f845173de04a9cf45c9
org/apache/commons/jxpath/JXPathContext : [Edit [start=383, end=393], Edit [start=447, end=446], Edit [start=655, end=654]]
	 Methods to watch:[]
[INFO] 
[INFO] --- maven-compiler-plugin:3.0:testCompile (default-testCompile) @ commons-jxpath ---
[INFO] Changes detected - recompiling the module!
[INFO] Compiling 54 source files to /lv_scratch/scratch/mondego/local/Maruf/ASE/projects/commons-jxpath/target/test-classes
[INFO] 
[INFO] --- maven-surefire-plugin:2.19.1:test (default-test) @ commons-jxpath ---

-------------------------------------------------------
 T E S T S
-------------------------------------------------------
Running org.apache.commons.jxpath.ri.compiler.ExtensionFunctionTest
Tests run: 17, Failures: 0, Errors: 0, Skipped: 0, Time elapsed: 0.251 sec - in org.apache.commons.jxpath.ri.compiler.ExtensionFunctionTest
Running org.apache.commons.jxpath.ri.compiler.ContextDependencyTest
Tests run: 1, Failures: 0, Errors: 0, Skipped: 0, Time elapsed: 0 sec - in org.apache.commons.jxpath.ri.compiler.ContextDependencyTest
Running org.apache.commons.jxpath.ri.compiler.CoreOperationTest
Tests run: 4, Failures: 0, Errors: 0, Skipped: 0, Time elapsed: 0.001 sec - in org.apache.commons.jxpath.ri.compiler.CoreOperationTest
Running org.apache.commons.jxpath.ri.compiler.JXPath149Test
Tests run: 1, Failures: 0, Errors: 0, Skipped: 0, Time elapsed: 0 sec - in org.apache.commons.jxpath.ri.compiler.JXPath149Test
Running org.apache.commons.jxpath.ri.compiler.CoreFunctionTest
Tests run: 5, Failures: 0, Errors: 0, Skipped: 0, Time elapsed: 0.237 sec - in org.apache.commons.jxpath.ri.compiler.CoreFunctionTest
Running org.apache.commons.jxpath.ri.compiler.VariableTest
Tests run: 20, Failures: 0, Errors: 0, Skipped: 0, Time elapsed: 0.059 sec - in org.apache.commons.jxpath.ri.compiler.VariableTest
Running org.apache.commons.jxpath.ri.model.dynabeans.LazyDynaBeanTest
Tests run: 2, Failures: 0, Errors: 0, Skipped: 0, Time elapsed: 0.005 sec - in org.apache.commons.jxpath.ri.model.dynabeans.LazyDynaBeanTest
Running org.apache.commons.jxpath.ri.model.dynabeans.DynaBeanModelTest
Tests run: 50, Failures: 0, Errors: 0, Skipped: 0, Time elapsed: 0.092 sec - in org.apache.commons.jxpath.ri.model.dynabeans.DynaBeanModelTest
Running org.apache.commons.jxpath.ri.model.dynamic.DynamicPropertiesModelTest
Tests run: 18, Failures: 0, Errors: 0, Skipped: 0, Time elapsed: 0.011 sec - in org.apache.commons.jxpath.ri.model.dynamic.DynamicPropertiesModelTest
Running org.apache.commons.jxpath.ri.model.MixedModelTest
Tests run: 40, Failures: 0, Errors: 0, Skipped: 0, Time elapsed: 0.088 sec - in org.apache.commons.jxpath.ri.model.MixedModelTest
Running org.apache.commons.jxpath.ri.model.dom.DOMModelTest
Tests run: 34, Failures: 0, Errors: 0, Skipped: 0, Time elapsed: 0.114 sec - in org.apache.commons.jxpath.ri.model.dom.DOMModelTest
Running org.apache.commons.jxpath.ri.model.XMLSpaceTest
Tests run: 10, Failures: 0, Errors: 0, Skipped: 0, Time elapsed: 0.038 sec - in org.apache.commons.jxpath.ri.model.XMLSpaceTest
Running org.apache.commons.jxpath.ri.model.jdom.JDOMModelTest
Tests run: 34, Failures: 0, Errors: 0, Skipped: 0, Time elapsed: 0.097 sec - in org.apache.commons.jxpath.ri.model.jdom.JDOMModelTest
Running org.apache.commons.jxpath.ri.model.beans.BadlyImplementedFactoryTest
Tests run: 1, Failures: 0, Errors: 0, Skipped: 0, Time elapsed: 0 sec - in org.apache.commons.jxpath.ri.model.beans.BadlyImplementedFactoryTest
Running org.apache.commons.jxpath.ri.model.beans.BeanModelTest
Tests run: 51, Failures: 0, Errors: 0, Skipped: 0, Time elapsed: 0.027 sec - in org.apache.commons.jxpath.ri.model.beans.BeanModelTest
Running org.apache.commons.jxpath.ri.model.JXPath154Test
Tests run: 2, Failures: 0, Errors: 0, Skipped: 0, Time elapsed: 0 sec - in org.apache.commons.jxpath.ri.model.JXPath154Test
Running org.apache.commons.jxpath.ri.model.XMLPreserveSpaceTest
Tests run: 10, Failures: 0, Errors: 0, Skipped: 0, Time elapsed: 0.012 sec - in org.apache.commons.jxpath.ri.model.XMLPreserveSpaceTest
Running org.apache.commons.jxpath.ri.model.container.ContainerModelTest
Tests run: 4, Failures: 0, Errors: 0, Skipped: 0, Time elapsed: 0.003 sec - in org.apache.commons.jxpath.ri.model.container.ContainerModelTest
Running org.apache.commons.jxpath.ri.model.EmptyCollectionTest
Tests run: 6, Failures: 0, Errors: 0, Skipped: 0, Time elapsed: 0.002 sec - in org.apache.commons.jxpath.ri.model.EmptyCollectionTest
Running org.apache.commons.jxpath.ri.model.XMLUpperCaseElementsTest
Tests run: 4, Failures: 0, Errors: 0, Skipped: 0, Time elapsed: 0.005 sec - in org.apache.commons.jxpath.ri.model.XMLUpperCaseElementsTest
Running org.apache.commons.jxpath.ri.model.EmbeddedColonMapKeysTest
Tests run: 2, Failures: 0, Errors: 0, Skipped: 0, Time elapsed: 0 sec - in org.apache.commons.jxpath.ri.model.EmbeddedColonMapKeysTest
Running org.apache.commons.jxpath.ri.model.ExternalXMLNamespaceTest
Tests run: 3, Failures: 0, Errors: 0, Skipped: 0, Time elapsed: 0.004 sec - in org.apache.commons.jxpath.ri.model.ExternalXMLNamespaceTest
Running org.apache.commons.jxpath.ri.model.AliasedNamespaceIterationTest
Tests run: 2, Failures: 0, Errors: 0, Skipped: 0, Time elapsed: 0.002 sec - in org.apache.commons.jxpath.ri.model.AliasedNamespaceIterationTest
Running org.apache.commons.jxpath.ri.model.JXPath151Test
Tests run: 2, Failures: 0, Errors: 0, Skipped: 0, Time elapsed: 0.002 sec - in org.apache.commons.jxpath.ri.model.JXPath151Test
Running org.apache.commons.jxpath.ri.ExceptionHandlerTest
Tests run: 2, Failures: 0, Errors: 0, Skipped: 0, Time elapsed: 0.005 sec - in org.apache.commons.jxpath.ri.ExceptionHandlerTest
Running org.apache.commons.jxpath.ri.axes.RecursiveAxesTest
Tests run: 1, Failures: 0, Errors: 0, Skipped: 0, Time elapsed: 0.001 sec - in org.apache.commons.jxpath.ri.axes.RecursiveAxesTest
Running org.apache.commons.jxpath.ri.axes.SimplePathInterpreterTest
Tests run: 8, Failures: 0, Errors: 0, Skipped: 0, Time elapsed: 0.022 sec - in org.apache.commons.jxpath.ri.axes.SimplePathInterpreterTest
Running org.apache.commons.jxpath.ri.JXPathCompiledExpressionTest
Tests run: 29, Failures: 0, Errors: 0, Skipped: 0, Time elapsed: 0.011 sec - in org.apache.commons.jxpath.ri.JXPathCompiledExpressionTest
Running org.apache.commons.jxpath.ri.StressTest
Tests run: 1, Failures: 0, Errors: 0, Skipped: 0, Time elapsed: 1.294 sec - in org.apache.commons.jxpath.ri.StressTest
Running org.apache.commons.jxpath.util.ClassLoaderUtilTest
Tests run: 4, Failures: 0, Errors: 0, Skipped: 0, Time elapsed: 0.004 sec - in org.apache.commons.jxpath.util.ClassLoaderUtilTest
Running org.apache.commons.jxpath.util.BasicTypeConverterTest
Tests run: 11, Failures: 0, Errors: 0, Skipped: 0, Time elapsed: 0.024 sec - in org.apache.commons.jxpath.util.BasicTypeConverterTest
Running org.apache.commons.jxpath.servlet.JXPathServletContextTest
Tests run: 4, Failures: 0, Errors: 0, Skipped: 0, Time elapsed: 0.02 sec - in org.apache.commons.jxpath.servlet.JXPathServletContextTest
Running org.apache.commons.jxpath.BasicNodeSetTest
Tests run: 3, Failures: 0, Errors: 0, Skipped: 0, Time elapsed: 0.007 sec - in org.apache.commons.jxpath.BasicNodeSetTest

Results :

Tests run: 386, Failures: 0, Errors: 0, Skipped: 0

[INFO] 
[INFO] --- maven-surefire-plugin:2.19.1:test (default-test-rerunfailures) @ commons-jxpath ---

-------------------------------------------------------
 T E S T S
-------------------------------------------------------

Results :

Tests run: 0, Failures: 0, Errors: 0, Skipped: 0

[INFO] 
[INFO] --- deflaker-maven-plugin:1.5-SNAPSHOT:report (deflaker-report-tests) @ commons-jxpath ---
[INFO] ------------------------------------------------------------------------
[INFO] TEST DIFFCOV ANALYSIS
[INFO] Commons JXPathcommons-jxpath
[INFO] ------------------------------------------------------------------------
[INFO] Using covFile: /lv_scratch/scratch/mondego/local/Maruf/ASE/projects/commons-jxpath/target/diffcov.log
[INFO] Using difFile: /lv_scratch/scratch/mondego/local/Maruf/ASE/projects/commons-jxpath/.diffCache
[WARNING] Diff has gone untested: org/apache/commons/jxpath/JXPathContext has uncovered changes [387, 389]
[INFO] 
[INFO] --- maven-jar-plugin:2.4:jar (default-jar) @ commons-jxpath ---
[INFO] Building jar: /lv_scratch/scratch/mondego/local/Maruf/ASE/projects/commons-jxpath/target/commons-jxpath-1.4-SNAPSHOT.jar
[INFO] 
[INFO] --- maven-site-plugin:3.2:attach-descriptor (attach-descriptor) @ commons-jxpath ---
[INFO] ------------------------------------------------------------------------
[INFO] BUILD SUCCESS
[INFO] ------------------------------------------------------------------------
[INFO] Total time: 12.456 s
[INFO] Finished at: 2020-04-09T22:21:00-07:00
[INFO] Final Memory: 65M/2102M
[INFO] ------------------------------------------------------------------------
