[INFO] Scanning for projects...
[WARNING] The POM for commons-io:commons-io:jar:1.4 is invalid, transitive dependencies (if any) will not be available, enable debug logging for more details
Deflaker, version 1.5-SNAPSHOT loading...
[INFO]                                                                         
[INFO] ------------------------------------------------------------------------
[INFO] Building Asterisk-Java 3.0.0-SNAP-SHOT
[INFO] ------------------------------------------------------------------------
[INFO] 
[INFO] --- maven-resources-plugin:2.6:resources (default-resources) @ asterisk-java ---
[WARNING] Using platform encoding (UTF-8 actually) to copy filtered resources, i.e. build is platform dependent!
[INFO] skip non existing resourceDirectory /lv_scratch/scratch/mondego/local/Maruf/ASE/projects/asterisk-java/src/main/resources
[INFO] 
[INFO] --- maven-compiler-plugin:3.2:compile (default-compile) @ asterisk-java ---
[INFO] Nothing to compile - all classes are up to date
[INFO] 
[INFO] --- bnd-maven-plugin:3.2.0:bnd-process (default) @ asterisk-java ---
[INFO] 
[INFO] --- maven-resources-plugin:2.6:testResources (default-testResources) @ asterisk-java ---
[WARNING] Using platform encoding (UTF-8 actually) to copy filtered resources, i.e. build is platform dependent!
[INFO] Copying 5 resources
[INFO] 
[INFO] --- deflaker-maven-plugin:1.5-SNAPSHOT:diff (deflaker-diff) @ asterisk-java ---
/lv_scratch/scratch/mondego/local/Maruf/ASE/projects/asterisk-java/.git DIFF'ing to HEAD
[ERROR] fatal: Invalid path '/pkg/git/2.13.1/etc': No such file or directory

Diff'ing 001c21ac1e6939beb4893f58e8c3d4865a0edd8b against: 4fa37f1b232481c37f644120860bc7ea3b0a2f60
org/asteriskjava/manager/action/OriginateAction : [Edit [start=573, end=573], Edit [start=575, end=579], Edit [start=581, end=589]]
	 Methods to watch:[]
[INFO] 
[INFO] --- maven-compiler-plugin:3.2:testCompile (default-testCompile) @ asterisk-java ---
[INFO] Changes detected - recompiling the module!
[WARNING] File encoding has not been set, using platform encoding UTF-8, i.e. build is platform dependent!
[INFO] Compiling 58 source files to /lv_scratch/scratch/mondego/local/Maruf/ASE/projects/asterisk-java/target/test-classes
[INFO] 
[INFO] --- maven-surefire-plugin:2.19.1:test (default-test) @ asterisk-java ---

-------------------------------------------------------
 T E S T S
-------------------------------------------------------
Running org.asteriskjava.util.internal.streamreader.FastScannerRandomTest
CR NL Completed 1MB
CR NL Completed 2MB
CR NL Completed 3MB
CR NL Completed 4MB
CR NL Completed 5MB
CR NL Completed 6MB
CR NL Completed 7MB
CR NL Completed 8MB
CR NL Completed 9MB
CR NL Completed 10MB
CR NL Completed 11MB
CR NL Completed 12MB
CR NL Completed 13MB
CR NL Completed 14MB
CR NL Completed 15MB
CR NL Completed 16MB
CR NL Completed 17MB
CR NL Completed 18MB
CR NL Completed 19MB
CR NL Completed 20MB
CR NL Completed 21MB
CR NL Completed 22MB
CR NL Completed 23MB
CR NL Completed 24MB
CR NL Completed 25MB
CR NL Completed 26MB
CR NL Completed 27MB
CR NL Completed 28MB
CR NL Completed 29MB
CR NL Completed 30MB
CR NL Completed 31MB
CR NL Completed 32MB
CR NL Completed 33MB
CR NL Completed 34MB
CR NL Completed 35MB
CR NL Completed 36MB
CR NL Completed 37MB
CR NL Completed 38MB
CR NL Completed 39MB
CR NL Completed 40MB
CR NL Completed 41MB
CR NL Completed 42MB
CR NL Completed 43MB
CR NL Completed 44MB
CR NL Completed 45MB
CR NL Completed 46MB
CR NL Completed 47MB
CR NL Completed 48MB
CR NL Completed 49MB
CR NL Completed 50MB
NL Completed 1MB
NL Completed 2MB
NL Completed 3MB
NL Completed 4MB
NL Completed 5MB
NL Completed 6MB
NL Completed 7MB
NL Completed 8MB
NL Completed 9MB
NL Completed 10MB
NL Completed 11MB
NL Completed 12MB
NL Completed 13MB
NL Completed 14MB
NL Completed 15MB
NL Completed 16MB
NL Completed 17MB
NL Completed 18MB
NL Completed 19MB
NL Completed 20MB
NL Completed 21MB
NL Completed 22MB
NL Completed 23MB
NL Completed 24MB
NL Completed 25MB
NL Completed 26MB
NL Completed 27MB
NL Completed 28MB
NL Completed 29MB
NL Completed 30MB
NL Completed 31MB
NL Completed 32MB
NL Completed 33MB
NL Completed 34MB
NL Completed 35MB
NL Completed 36MB
NL Completed 37MB
NL Completed 38MB
NL Completed 39MB
NL Completed 40MB
NL Completed 41MB
NL Completed 42MB
NL Completed 43MB
NL Completed 44MB
NL Completed 45MB
NL Completed 46MB
NL Completed 47MB
NL Completed 48MB
NL Completed 49MB
NL Completed 50MB
Tests run: 2, Failures: 0, Errors: 0, Skipped: 0, Time elapsed: 9.373 sec - in org.asteriskjava.util.internal.streamreader.FastScannerRandomTest
Running org.asteriskjava.util.internal.streamreader.FastScannerDeterministicTest

Testing scanner class: class org.asteriskjava.util.internal.streamreader.FastScannerCrNl
Done

L: agi_network: yes 16
L: agi_network_script: route?targ=7601&ctx=Pre-Handset 51
L: agi_request: agi://10.10.0.41/route?targ=7601&ctx=Pre-Handset 61
L: agi_channel: Local/7610@default-2df1,1 38
L: agi_language: en 16
L: agi_type: Local 15
L: agi_uniqueid: 1530169476.16133 30
L: agi_callerid: unknown 21
L: agi_calleridname: unknown 25
L: agi_callingpres: 0 18
L: agi_callingani2: 0 18
L: agi_callington: 0 17
L: agi_callingtns: 0 17
L: agi_dnid: unknown 17
L: agi_rdnis: unknown 18
L: agi_context: routesv2-handset 29
L: agi_extension: 7601 19
L: agi_priority: 1 15
L: agi_enhanced: 0.0 17
L: agi_accountcode:  17
L:  0
L: 200 result=0 12
L: 200 result=1 () 15
L: 200 result=0 12
L: 200 result=1 12
L: 200 result=0 12
L: 200 result=0 12
L: 200 result=0 12
L: 200 result=0 12
L: 200 result=1 () 15
L: 200 result=1 12

Testing scanner class: class org.asteriskjava.util.internal.streamreader.FastScannerNl
Done

Tests run: 3, Failures: 0, Errors: 0, Skipped: 0, Time elapsed: 0.004 sec - in org.asteriskjava.util.internal.streamreader.FastScannerDeterministicTest
Running org.asteriskjava.util.internal.streamreader.FastScannerSpeedTest
Scanner 9:	50685	189 ms
Scanner 8:	50685	215 ms
Scanner 7:	50685	171 ms
Scanner 6:	50685	167 ms
Scanner 5:	50685	166 ms
Scanner 4:	50685	166 ms
Scanner 3:	50685	164 ms
Scanner 2:	50685	172 ms
Scanner 1:	50685	166 ms
Scanner 0:	50685	185 ms

Testing fast CrNlStream
Fast 9:	50924	51 ms
Fast 8:	50924	46 ms
Fast 7:	50924	100 ms
Fast 6:	50924	39 ms
Fast 5:	50924	37 ms
Fast 4:	50924	38 ms
Fast 3:	50924	36 ms
Fast 2:	50924	34 ms
Fast 1:	50924	35 ms
Fast 0:	50924	35 ms

Testing fast NlStream
Fast 9:	149491	44 ms
Fast 8:	149491	40 ms
Fast 7:	149491	38 ms
Fast 6:	149491	38 ms
Fast 5:	149491	38 ms
Fast 4:	149491	37 ms
Fast 3:	149491	57 ms
Fast 2:	149491	57 ms
Fast 1:	149491	39 ms
Fast 0:	149491	35 ms
Tests run: 3, Failures: 0, Errors: 0, Skipped: 0, Time elapsed: 4.723 sec - in org.asteriskjava.util.internal.streamreader.FastScannerSpeedTest
Running org.asteriskjava.util.DateUtilTest
Tests run: 2, Failures: 0, Errors: 0, Skipped: 0, Time elapsed: 0.006 sec - in org.asteriskjava.util.DateUtilTest
Running org.asteriskjava.util.AstUtilTest
Tests run: 7, Failures: 0, Errors: 0, Skipped: 0, Time elapsed: 0.011 sec - in org.asteriskjava.util.AstUtilTest
Running org.asteriskjava.manager.internal.ResponseBuilderImplTest
Tests run: 9, Failures: 0, Errors: 0, Skipped: 0, Time elapsed: 0.006 sec - in org.asteriskjava.manager.internal.ResponseBuilderImplTest
Running org.asteriskjava.manager.internal.ActionBuilderImplTest
Tests run: 16, Failures: 0, Errors: 0, Skipped: 0, Time elapsed: 0.035 sec - in org.asteriskjava.manager.internal.ActionBuilderImplTest
Running org.asteriskjava.manager.internal.backwardsCompatibility.bridge.BridgeEnterEventComparatorTest
Tests run: 17, Failures: 0, Errors: 0, Skipped: 0, Time elapsed: 0.009 sec - in org.asteriskjava.manager.internal.backwardsCompatibility.bridge.BridgeEnterEventComparatorTest
Running org.asteriskjava.manager.internal.EventBuilderImplTest
18:17:17.277 [main] ERROR o.a.m.internal.EventBuilderImpl - Loaded 185
18:17:17.292 [main] ERROR o.a.m.internal.EventBuilderImpl - No event type in properties
18:17:17.329 [main] INFO  o.a.m.internal.EventBuilderImpl - No event class registered for event type 'nonexisting', attributes: {event=Nonexisting}. Please report at https://github.com/asterisk-java/asterisk-java/issues
Tests run: 35, Failures: 0, Errors: 0, Skipped: 0, Time elapsed: 0.096 sec - in org.asteriskjava.manager.internal.EventBuilderImplTest
Running org.asteriskjava.manager.internal.ManagerWriterImplTest
Tests run: 2, Failures: 0, Errors: 0, Skipped: 0, Time elapsed: 0.014 sec - in org.asteriskjava.manager.internal.ManagerWriterImplTest
Running org.asteriskjava.manager.internal.ManagerConnectionImplTest
18:17:17.411 [Asterisk-Java ManagerConnection-0-Reconnect-0] INFO  o.a.m.i.ManagerConnectionImplTest$MockedManagerConnectionImpl - Connecting to localhost:5038
18:17:17.413 [Asterisk-Java ManagerConnection-0-Reconnect-0] INFO  o.a.m.i.ManagerConnectionImplTest$MockedManagerConnectionImpl - Closing socket.
18:17:17.413 [Asterisk-Java ManagerConnection-0-Reconnect-0] ERROR o.a.m.i.ManagerConnectionImplTest$MockedManagerConnectionImpl - TimeoutException while trying to log in after reconnect.
18:17:17.464 [Thread-4] INFO  o.a.m.i.ManagerConnectionImplTest$MockedManagerConnectionImpl - Connected via Asterisk Call Manager/1.0
18:17:17.464 [Asterisk-Java ManagerConnection-0-Reconnect-0] INFO  o.a.m.i.ManagerConnectionImplTest$MockedManagerConnectionImpl - Connecting to localhost:5038
18:17:17.464 [Thread-4] WARN  o.a.m.i.ManagerConnectionImplTest$MockedManagerConnectionImpl - Unsupported protocol version 'Asterisk Call Manager/1.0'. Use at your own risk.
18:17:17.514 [Asterisk-Java ManagerConnection-0-Reconnect-0] INFO  o.a.m.i.ManagerConnectionImplTest$MockedManagerConnectionImpl - Successfully logged in
18:17:17.515 [Asterisk-Java ManagerConnection-0-Reconnect-0] INFO  o.a.m.i.ManagerConnectionImplTest$MockedManagerConnectionImpl - Determined Asterisk version: null
18:17:17.515 [Asterisk-Java ManagerConnection-0-Reconnect-0] INFO  o.a.m.i.ManagerConnectionImplTest$MockedManagerConnectionImpl - Successfully reconnected.
18:17:17.515 [Thread-6] INFO  o.a.m.i.ManagerConnectionImplTest$MockedManagerConnectionImpl - Connected via Asterisk Call Manager/1.0
18:17:17.516 [Thread-6] WARN  o.a.m.i.ManagerConnectionImplTest$MockedManagerConnectionImpl - Unsupported protocol version 'Asterisk Call Manager/1.0'. Use at your own risk.
18:17:18.362 [main] INFO  o.a.m.i.ManagerConnectionImplTest$MockedManagerConnectionImpl - Connecting to localhost:5038
18:17:18.413 [Thread-10] INFO  o.a.m.i.ManagerConnectionImplTest$MockedManagerConnectionImpl - Connected via Asterisk Call Manager/1.0
18:17:18.414 [Thread-10] WARN  o.a.m.i.ManagerConnectionImplTest$MockedManagerConnectionImpl - Unsupported protocol version 'Asterisk Call Manager/1.0'. Use at your own risk.
18:17:18.455 [main] INFO  o.a.m.i.ManagerConnectionImplTest$MockedManagerConnectionImpl - Successfully logged in
18:17:18.456 [main] INFO  o.a.m.i.ManagerConnectionImplTest$MockedManagerConnectionImpl - Determined Asterisk version: null
18:17:18.557 [main] INFO  o.a.m.i.ManagerConnectionImplTest$MockedManagerConnectionImpl - Connecting to localhost:5038
18:17:18.608 [Thread-14] INFO  o.a.m.i.ManagerConnectionImplTest$MockedManagerConnectionImpl - Connected via Asterisk Call Manager/1.0
18:17:18.608 [Thread-14] WARN  o.a.m.i.ManagerConnectionImplTest$MockedManagerConnectionImpl - Unsupported protocol version 'Asterisk Call Manager/1.0'. Use at your own risk.
18:17:18.768 [main] INFO  o.a.m.i.ManagerConnectionImplTest$MockedManagerConnectionImpl - Connecting to localhost:5038
18:17:18.819 [Thread-16] INFO  o.a.m.i.ManagerConnectionImplTest$MockedManagerConnectionImpl - Connected via Asterisk Call Manager/1.0
18:17:18.819 [Thread-16] WARN  o.a.m.i.ManagerConnectionImplTest$MockedManagerConnectionImpl - Unsupported protocol version 'Asterisk Call Manager/1.0'. Use at your own risk.
18:17:18.840 [Asterisk-Java ManagerConnection-7-Reconnect-0] INFO  o.a.m.i.ManagerConnectionImplTest$MockedManagerConnectionImpl - Connecting to localhost:5038
18:17:18.840 [Asterisk-Java ManagerConnection-7-Reconnect-0] WARN  o.a.m.i.ManagerConnectionImplTest$MockedManagerConnectionImpl - Exception while trying to reconnect: IOException
18:17:18.890 [Asterisk-Java ManagerConnection-7-Reconnect-0] INFO  o.a.m.i.ManagerConnectionImplTest$MockedManagerConnectionImpl - Connecting to localhost:5038
18:17:18.941 [Thread-20] INFO  o.a.m.i.ManagerConnectionImplTest$MockedManagerConnectionImpl - Connected via Asterisk Call Manager/1.0
18:17:18.941 [Thread-20] WARN  o.a.m.i.ManagerConnectionImplTest$MockedManagerConnectionImpl - Unsupported protocol version 'Asterisk Call Manager/1.0'. Use at your own risk.
18:17:18.983 [Asterisk-Java ManagerConnection-7-Reconnect-0] INFO  o.a.m.i.ManagerConnectionImplTest$MockedManagerConnectionImpl - Successfully logged in
18:17:18.983 [Asterisk-Java ManagerConnection-7-Reconnect-0] INFO  o.a.m.i.ManagerConnectionImplTest$MockedManagerConnectionImpl - Determined Asterisk version: null
18:17:18.983 [Asterisk-Java ManagerConnection-7-Reconnect-0] INFO  o.a.m.i.ManagerConnectionImplTest$MockedManagerConnectionImpl - Successfully reconnected.
18:17:19.790 [main] INFO  o.a.m.i.ManagerConnectionImplTest$MockedManagerConnectionImpl - Connecting to localhost:5038
18:17:19.791 [main] INFO  o.a.m.i.ManagerConnectionImplTest$MockedManagerConnectionImpl - Connecting to localhost:5038
18:17:19.813 [main] INFO  o.a.m.i.ManagerConnectionImplTest$MockedManagerConnectionImpl - Closing socket.
18:17:19.813 [main] ERROR o.a.m.i.ManagerConnectionImplTest$MockedManagerConnectionImpl - Unable to retrieve internalActionId from response: actionId 'null':
org.asteriskjava.manager.response.ManagerResponse: actionId='null'; message='null'; response='Success'; uniqueId='null'; systemHashcode=1239548589
18:17:19.814 [main] INFO  o.a.m.i.ManagerConnectionImplTest$MockedManagerConnectionImpl - Connecting to localhost:5038
18:17:19.842 [Thread-24] INFO  o.a.m.i.ManagerConnectionImplTest$MockedManagerConnectionImpl - Connected via Asterisk Call Manager/1.0
18:17:19.842 [Thread-24] WARN  o.a.m.i.ManagerConnectionImplTest$MockedManagerConnectionImpl - Unsupported protocol version 'Asterisk Call Manager/1.0'. Use at your own risk.
18:17:19.865 [Thread-27] INFO  o.a.m.i.ManagerConnectionImplTest$MockedManagerConnectionImpl - Connected via Asterisk Call Manager/1.0
18:17:19.865 [Thread-27] WARN  o.a.m.i.ManagerConnectionImplTest$MockedManagerConnectionImpl - Unsupported protocol version 'Asterisk Call Manager/1.0'. Use at your own risk.
18:17:19.907 [main] INFO  o.a.m.i.ManagerConnectionImplTest$MockedManagerConnectionImpl - Closing socket.
18:17:20.008 [main] INFO  o.a.m.i.ManagerConnectionImplTest$MockedManagerConnectionImpl - Connecting to localhost:5038
18:17:20.059 [main] INFO  o.a.m.i.ManagerConnectionImplTest$MockedManagerConnectionImpl - Closing socket.
18:17:20.072 [main] ERROR o.a.m.i.ManagerConnectionImplTest$MockedManagerConnectionImpl - Unable to dispatch null response. This should never happen. Please file a bug.
18:17:20.073 [main] ERROR o.a.m.i.ManagerConnectionImplTest$MockedManagerConnectionImpl - Unable to retrieve internalActionId from response: actionId '123_0-abc':
org.asteriskjava.manager.response.ManagerResponse: actionId='null'; message='null'; response='Success'; uniqueId='null'; systemHashcode=1849201180
18:17:20.073 [main] INFO  o.a.m.i.ManagerConnectionImplTest$MockedManagerConnectionImpl - Connecting to localhost:5038
18:17:20.124 [Thread-32] INFO  o.a.m.i.ManagerConnectionImplTest$MockedManagerConnectionImpl - Connected via Asterisk Call Manager/1.0
18:17:20.125 [Thread-32] WARN  o.a.m.i.ManagerConnectionImplTest$MockedManagerConnectionImpl - Unsupported protocol version 'Asterisk Call Manager/1.0'. Use at your own risk.
18:17:20.325 [main] INFO  o.a.m.i.ManagerConnectionImplTest$MockedManagerConnectionImpl - Closing socket.
18:17:20.386 [Asterisk-Java ManagerConnection-17-Reconnect-0] INFO  o.a.m.i.ManagerConnectionImplTest$MockedManagerConnectionImpl - Connecting to localhost:5038
18:17:20.437 [Thread-35] INFO  o.a.m.i.ManagerConnectionImplTest$MockedManagerConnectionImpl - Connected via Asterisk Call Manager/1.0
18:17:20.438 [Thread-35] WARN  o.a.m.i.ManagerConnectionImplTest$MockedManagerConnectionImpl - Unsupported protocol version 'Asterisk Call Manager/1.0'. Use at your own risk.
18:17:20.479 [Asterisk-Java ManagerConnection-17-Reconnect-0] INFO  o.a.m.i.ManagerConnectionImplTest$MockedManagerConnectionImpl - Successfully logged in
18:17:20.479 [Asterisk-Java ManagerConnection-17-Reconnect-0] INFO  o.a.m.i.ManagerConnectionImplTest$MockedManagerConnectionImpl - Determined Asterisk version: null
18:17:20.480 [Asterisk-Java ManagerConnection-17-Reconnect-0] INFO  o.a.m.i.ManagerConnectionImplTest$MockedManagerConnectionImpl - Successfully reconnected.
18:17:21.337 [main] INFO  o.a.m.i.ManagerConnectionImplTest$MockedManagerConnectionImpl - Connecting to localhost:5038
18:17:21.338 [main] ERROR o.a.m.i.ManagerConnectionImplTest$MockedManagerConnectionImpl - Unable to retrieve internalActionId from response: actionId 'abc':
org.asteriskjava.manager.response.ManagerResponse: actionId='null'; message='null'; response='Success'; uniqueId='null'; systemHashcode=667346055
Tests run: 22, Failures: 0, Errors: 0, Skipped: 0, Time elapsed: 3.986 sec - in org.asteriskjava.manager.internal.ManagerConnectionImplTest
Running org.asteriskjava.manager.internal.ManagerReaderImplTest
18:17:21.350 [main] INFO  o.a.m.internal.ManagerReaderImpl - Terminating reader thread: Something happened to the network...
Tests run: 9, Failures: 0, Errors: 0, Skipped: 0, Time elapsed: 0.015 sec - in org.asteriskjava.manager.internal.ManagerReaderImplTest
Running org.asteriskjava.manager.response.SipShowPeerResponseTest
Tests run: 4, Failures: 0, Errors: 0, Skipped: 0, Time elapsed: 0 sec - in org.asteriskjava.manager.response.SipShowPeerResponseTest
Running org.asteriskjava.manager.response.CoreStatusResponseTest
Tests run: 2, Failures: 0, Errors: 0, Skipped: 0, Time elapsed: 0 sec - in org.asteriskjava.manager.response.CoreStatusResponseTest
Running org.asteriskjava.manager.event.AsyncAgiEventTest
Tests run: 2, Failures: 0, Errors: 0, Skipped: 0, Time elapsed: 0 sec - in org.asteriskjava.manager.event.AsyncAgiEventTest
Running org.asteriskjava.manager.event.ChannelReloadEventTest
Tests run: 3, Failures: 0, Errors: 0, Skipped: 0, Time elapsed: 0 sec - in org.asteriskjava.manager.event.ChannelReloadEventTest
Running org.asteriskjava.manager.event.RtcpReceivedEventTest
Tests run: 5, Failures: 0, Errors: 0, Skipped: 0, Time elapsed: 0 sec - in org.asteriskjava.manager.event.RtcpReceivedEventTest
Running org.asteriskjava.manager.event.T38FaxStatusEventTest
Tests run: 2, Failures: 0, Errors: 0, Skipped: 0, Time elapsed: 0 sec - in org.asteriskjava.manager.event.T38FaxStatusEventTest
Running org.asteriskjava.manager.event.NewStateEventTest
Tests run: 2, Failures: 0, Errors: 0, Skipped: 0, Time elapsed: 0 sec - in org.asteriskjava.manager.event.NewStateEventTest
Running org.asteriskjava.manager.event.SkypeBuddyStatusEventTest
Tests run: 2, Failures: 0, Errors: 0, Skipped: 0, Time elapsed: 0.001 sec - in org.asteriskjava.manager.event.SkypeBuddyStatusEventTest
Running org.asteriskjava.manager.event.SkypeChatMessageEventTest
Tests run: 1, Failures: 0, Errors: 0, Skipped: 0, Time elapsed: 0 sec - in org.asteriskjava.manager.event.SkypeChatMessageEventTest
Running org.asteriskjava.manager.event.CdrEventTest
Tests run: 3, Failures: 0, Errors: 0, Skipped: 0, Time elapsed: 0 sec - in org.asteriskjava.manager.event.CdrEventTest
Running org.asteriskjava.manager.AbstractManagerEventListenerTest
Tests run: 2, Failures: 0, Errors: 0, Skipped: 0, Time elapsed: 0.001 sec - in org.asteriskjava.manager.AbstractManagerEventListenerTest
Running org.asteriskjava.fastagi.ResourceBundleMappingStrategyTest
18:17:21.388 [Thread-39] INFO  o.a.m.i.ManagerConnectionImplTest$MockedManagerConnectionImpl - Connected via Asterisk Call Manager/1.0
18:17:21.388 [main] INFO  o.a.f.ResourceBundleMappingStrategy - Added mapping for 'hello.agi' to class org.asteriskjava.fastagi.HelloAgiScript
18:17:21.388 [Thread-39] WARN  o.a.m.i.ManagerConnectionImplTest$MockedManagerConnectionImpl - Unsupported protocol version 'Asterisk Call Manager/1.0'. Use at your own risk.
18:17:21.388 [main] INFO  o.a.f.ResourceBundleMappingStrategy - Added mapping for 'string.agi' to class java.lang.String
18:17:21.388 [main] INFO  o.a.f.ResourceBundleMappingStrategy - Added mapping for 'nonexisting.agi' to class org.asteriskjava.fastagi.NonExistingAgiScript
18:17:21.391 [main] INFO  o.a.f.ResourceBundleMappingStrategy - Resource bundle 'net.sf.asterisk.fastagi.unavailable' not found.
18:17:21.391 [main] INFO  o.a.f.ResourceBundleMappingStrategy - Added mapping for 'hello.agi' to class org.asteriskjava.fastagi.HelloAgiScript
18:17:21.391 [main] WARN  o.a.f.ResourceBundleMappingStrategy - Unable to create AgiScript instance of type java.lang.String: Class does not implement the AgiScript interface
Tests run: 3, Failures: 0, Errors: 0, Skipped: 0, Time elapsed: 0 sec - in org.asteriskjava.fastagi.ResourceBundleMappingStrategyTest
Running org.asteriskjava.fastagi.command.ExecCommandTest
Tests run: 5, Failures: 0, Errors: 0, Skipped: 0, Time elapsed: 0 sec - in org.asteriskjava.fastagi.command.ExecCommandTest
Running org.asteriskjava.fastagi.command.GetDataCommandTest
Tests run: 4, Failures: 0, Errors: 0, Skipped: 0, Time elapsed: 0 sec - in org.asteriskjava.fastagi.command.GetDataCommandTest
Running org.asteriskjava.fastagi.command.AbstractAgiCommandTest
Tests run: 6, Failures: 0, Errors: 0, Skipped: 0, Time elapsed: 0 sec - in org.asteriskjava.fastagi.command.AbstractAgiCommandTest
Running org.asteriskjava.fastagi.internal.AgiReplyImplTest
Tests run: 12, Failures: 0, Errors: 0, Skipped: 0, Time elapsed: 0.001 sec - in org.asteriskjava.fastagi.internal.AgiReplyImplTest
Running org.asteriskjava.fastagi.internal.AgiWriterImplTest
Tests run: 1, Failures: 0, Errors: 0, Skipped: 0, Time elapsed: 0 sec - in org.asteriskjava.fastagi.internal.AgiWriterImplTest
Running org.asteriskjava.fastagi.internal.AgiReaderImplTest
Tests run: 5, Failures: 0, Errors: 0, Skipped: 0, Time elapsed: 0.001 sec - in org.asteriskjava.fastagi.internal.AgiReaderImplTest
Running org.asteriskjava.fastagi.internal.AgiChannelImplTest
18:17:21.422 [main] WARN  o.a.fastagi.internal.AgiChannelImpl - Request is null, I assume you're testing...
18:17:21.423 [main] WARN  o.a.fastagi.internal.AgiChannelImpl - Request is null, I assume you're testing...
18:17:21.423 [main] WARN  o.a.fastagi.internal.AgiChannelImpl - Request is null, I assume you're testing...
Tests run: 3, Failures: 0, Errors: 0, Skipped: 0, Time elapsed: 0.006 sec - in org.asteriskjava.fastagi.internal.AgiChannelImplTest
Running org.asteriskjava.fastagi.internal.AgiRequestImplTest
Tests run: 24, Failures: 0, Errors: 0, Skipped: 0, Time elapsed: 0.006 sec - in org.asteriskjava.fastagi.internal.AgiRequestImplTest
Running org.asteriskjava.fastagi.ScriptEngineMappingStrategyTest
Tests run: 3, Failures: 0, Errors: 0, Skipped: 0, Time elapsed: 0 sec - in org.asteriskjava.fastagi.ScriptEngineMappingStrategyTest
Running org.asteriskjava.fastagi.CompositeMappingStrategyTest
18:17:21.435 [main] INFO  o.a.f.ResourceBundleMappingStrategy - Added mapping for 'hello.agi' to class org.asteriskjava.fastagi.HelloAgiScript
18:17:21.435 [main] WARN  o.a.f.ResourceBundleMappingStrategy - Unable to create AgiScript instance of type java.lang.String: Class does not implement the AgiScript interface
18:17:21.436 [main] INFO  o.a.f.ResourceBundleMappingStrategy - Added mapping for 'hello.agi' to class org.asteriskjava.fastagi.HelloAgiScript
18:17:21.436 [main] WARN  o.a.f.ResourceBundleMappingStrategy - Unable to create AgiScript instance of type java.lang.String: Class does not implement the AgiScript interface
Tests run: 2, Failures: 0, Errors: 0, Skipped: 0, Time elapsed: 0.001 sec - in org.asteriskjava.fastagi.CompositeMappingStrategyTest
Running org.asteriskjava.fastagi.DefaultAgiServerTest
Tests run: 4, Failures: 0, Errors: 0, Skipped: 0, Time elapsed: 0.005 sec - in org.asteriskjava.fastagi.DefaultAgiServerTest
Running org.asteriskjava.fastagi.ClassNameMappingStrategyTest
Tests run: 2, Failures: 0, Errors: 0, Skipped: 0, Time elapsed: 0 sec - in org.asteriskjava.fastagi.ClassNameMappingStrategyTest
Running org.asteriskjava.pbx.agi.RateLimiterTest
1586481441445
1586481441546
1586481441646
1586481442446
1586481442546
1586481442646
1586481443446
1586481443546
1586481443646
1586481444446
1586481444546
1586481444646
1586481445446
1586481445546
1586481445646
Tests run: 1, Failures: 0, Errors: 0, Skipped: 0, Time elapsed: 4.301 sec - in org.asteriskjava.pbx.agi.RateLimiterTest
Running org.asteriskjava.pbx.internal.core.ListenerManagerTest
Tests run: 1, Failures: 0, Errors: 0, Skipped: 0, Time elapsed: 0.051 sec - in org.asteriskjava.pbx.internal.core.ListenerManagerTest
Running org.asteriskjava.config.ConfigFileParserTest
Tests run: 4, Failures: 0, Errors: 0, Skipped: 0, Time elapsed: 0.003 sec - in org.asteriskjava.config.ConfigFileParserTest
Running org.asteriskjava.live.internal.AsteriskChannelImplTest
Tests run: 1, Failures: 0, Errors: 0, Skipped: 0, Time elapsed: 0.013 sec - in org.asteriskjava.live.internal.AsteriskChannelImplTest
Running org.asteriskjava.live.internal.AsteriskAgentImplTest
Tests run: 1, Failures: 0, Errors: 0, Skipped: 0, Time elapsed: 0 sec - in org.asteriskjava.live.internal.AsteriskAgentImplTest
Running org.asteriskjava.live.internal.AsteriskQueueMemberImplTest
Tests run: 1, Failures: 0, Errors: 0, Skipped: 0, Time elapsed: 0.003 sec - in org.asteriskjava.live.internal.AsteriskQueueMemberImplTest
Running org.asteriskjava.live.CallerIdTest
Tests run: 7, Failures: 0, Errors: 0, Skipped: 0, Time elapsed: 0.001 sec - in org.asteriskjava.live.CallerIdTest
Running org.asteriskjava.live.HangupCauseTest
Tests run: 1, Failures: 0, Errors: 0, Skipped: 0, Time elapsed: 0 sec - in org.asteriskjava.live.HangupCauseTest
Running org.asteriskjava.live.QueueMemberStateTest
Tests run: 2, Failures: 0, Errors: 0, Skipped: 0, Time elapsed: 0 sec - in org.asteriskjava.live.QueueMemberStateTest
Running org.asteriskjava.AsteriskVersionTest
Tests run: 4, Failures: 0, Errors: 0, Skipped: 0, Time elapsed: 0.001 sec - in org.asteriskjava.AsteriskVersionTest

Results :

Tests run: 252, Failures: 0, Errors: 0, Skipped: 0

[INFO] 
[INFO] --- maven-surefire-plugin:2.19.1:test (default-test-rerunfailures) @ asterisk-java ---

-------------------------------------------------------
 T E S T S
-------------------------------------------------------

Results :

Tests run: 0, Failures: 0, Errors: 0, Skipped: 0

[INFO] 
[INFO] --- deflaker-maven-plugin:1.5-SNAPSHOT:report (deflaker-report-tests) @ asterisk-java ---
[INFO] ------------------------------------------------------------------------
[INFO] TEST DIFFCOV ANALYSIS
[INFO] Asterisk-Javaasterisk-java
[INFO] ------------------------------------------------------------------------
[INFO] Using covFile: /lv_scratch/scratch/mondego/local/Maruf/ASE/projects/asterisk-java/target/diffcov.log
[INFO] Using difFile: /lv_scratch/scratch/mondego/local/Maruf/ASE/projects/asterisk-java/.diffCache
[WARNING] Diff has gone untested: org/asteriskjava/manager/action/OriginateAction has uncovered changes [573, 575, 576, 578, 579, 581, 583, 584, 588]
[INFO] 
[INFO] --- maven-jar-plugin:2.5:jar (default-jar) @ asterisk-java ---
[INFO] Adding existing MANIFEST to archive. Found under: /lv_scratch/scratch/mondego/local/Maruf/ASE/projects/asterisk-java/target/classes/META-INF/MANIFEST.MF
[INFO] Building jar: /lv_scratch/scratch/mondego/local/Maruf/ASE/projects/asterisk-java/target/asterisk-java.jar
[INFO] 
[INFO] --- maven-assembly-plugin:2.5.3:attached (make-assembly) @ asterisk-java ---
[INFO] Reading assembly descriptor: /lv_scratch/scratch/mondego/local/Maruf/ASE/projects/asterisk-java/src/main/assembly/bin.xml
[INFO] Building zip: /lv_scratch/scratch/mondego/local/Maruf/ASE/projects/asterisk-java/target/asterisk-java-bin.zip
[INFO] ------------------------------------------------------------------------
[INFO] BUILD SUCCESS
[INFO] ------------------------------------------------------------------------
[INFO] Total time: 35.908 s
[INFO] Finished at: 2020-04-09T18:17:28-07:00
[INFO] Final Memory: 61M/2457M
[INFO] ------------------------------------------------------------------------
