[INFO] Scanning for projects...
[WARNING] The POM for commons-io:commons-io:jar:1.4 is invalid, transitive dependencies (if any) will not be available, enable debug logging for more details
Deflaker, version 1.5-SNAPSHOT loading...
[INFO]                                                                         
[INFO] ------------------------------------------------------------------------
[INFO] Building Asterisk-Java 3.0.0-SNAP-SHOT
[INFO] ------------------------------------------------------------------------
[INFO] 
[INFO] --- maven-resources-plugin:2.6:resources (default-resources) @ asterisk-java ---
[WARNING] Using platform encoding (UTF-8 actually) to copy filtered resources, i.e. build is platform dependent!
[INFO] skip non existing resourceDirectory /lv_scratch/scratch/mondego/local/Maruf/ASE/projects/asterisk-java/src/main/resources
[INFO] 
[INFO] --- maven-compiler-plugin:3.2:compile (default-compile) @ asterisk-java ---
[INFO] Nothing to compile - all classes are up to date
[INFO] 
[INFO] --- bnd-maven-plugin:3.2.0:bnd-process (default) @ asterisk-java ---
[INFO] 
[INFO] --- maven-resources-plugin:2.6:testResources (default-testResources) @ asterisk-java ---
[WARNING] Using platform encoding (UTF-8 actually) to copy filtered resources, i.e. build is platform dependent!
[INFO] Copying 5 resources
[INFO] 
[INFO] --- deflaker-maven-plugin:1.5-SNAPSHOT:diff (deflaker-diff) @ asterisk-java ---
/lv_scratch/scratch/mondego/local/Maruf/ASE/projects/asterisk-java/.git DIFF'ing to HEAD
[ERROR] fatal: Invalid path '/pkg/git/2.13.1/etc': No such file or directory

Diff'ing 18893be716cc48bbde82adc789c2a2005272ab2d against: b7c35d5b6a49900e05a5481478a2cb0134ab2e4c
org/asteriskjava/manager/internal/EventBuilderImpl : [Edit [start=19, end=18], Edit [start=21, end=20], Edit [start=23, end=22], Edit [start=25, end=24], Edit [start=30, end=29], Edit [start=38, end=38], Edit [start=54, end=55], Edit [start=64, end=63], Edit [start=68, end=67], Edit [start=70, end=69], Edit [start=71, end=70], Edit [start=72, end=71], Edit [start=98, end=101]]
	 Methods to watch:[]
org/asteriskjava/pbx/asterisk/wrap/events/DbGetResponseEvent : [Edit [start=11, end=11]]
	 Methods to watch:[]
org/asteriskjava/util/ReflectionUtil : [Edit [start=19, end=20], Edit [start=24, end=29], Edit [start=31, end=32], Edit [start=35, end=37], Edit [start=41, end=42], Edit [start=55, end=56], Edit [start=65, end=65], Edit [start=74, end=74], Edit [start=83, end=83], Edit [start=102, end=103], Edit [start=112, end=112], Edit [start=142, end=141], Edit [start=143, end=145], Edit [start=202, end=203], Edit [start=206, end=207], Edit [start=225, end=227], Edit [start=238, end=239], Edit [start=265, end=388]]
	 Methods to watch:[]
org/asteriskjava/pbx/internal/core/CoherentEventFactory : [Edit [start=5, end=5], Edit [start=7, end=7], Edit [start=10, end=9], Edit [start=11, end=10], Edit [start=12, end=11], Edit [start=17, end=17], Edit [start=25, end=25], Edit [start=31, end=31], Edit [start=36, end=35], Edit [start=39, end=38], Edit [start=40, end=41], Edit [start=43, end=49], Edit [start=51, end=95], Edit [start=97, end=96]]
	 Methods to watch:[]
org/asteriskjava/manager/internal/AbstractBuilder : [Edit [start=46, end=48], Edit [start=82, end=82]]
	 Methods to watch:[]
[INFO] 
[INFO] --- maven-compiler-plugin:3.2:testCompile (default-testCompile) @ asterisk-java ---
[INFO] Changes detected - recompiling the module!
[WARNING] File encoding has not been set, using platform encoding UTF-8, i.e. build is platform dependent!
[INFO] Compiling 58 source files to /lv_scratch/scratch/mondego/local/Maruf/ASE/projects/asterisk-java/target/test-classes
[INFO] 
[INFO] --- maven-surefire-plugin:2.19.1:test (default-test) @ asterisk-java ---

-------------------------------------------------------
 T E S T S
-------------------------------------------------------
Running org.asteriskjava.util.internal.streamreader.FastScannerRandomTest
CR NL Completed 1MB
CR NL Completed 2MB
CR NL Completed 3MB
CR NL Completed 4MB
CR NL Completed 5MB
CR NL Completed 6MB
CR NL Completed 7MB
CR NL Completed 8MB
CR NL Completed 9MB
CR NL Completed 10MB
CR NL Completed 11MB
CR NL Completed 12MB
CR NL Completed 13MB
CR NL Completed 14MB
CR NL Completed 15MB
CR NL Completed 16MB
CR NL Completed 17MB
CR NL Completed 18MB
CR NL Completed 19MB
CR NL Completed 20MB
CR NL Completed 21MB
CR NL Completed 22MB
CR NL Completed 23MB
CR NL Completed 24MB
CR NL Completed 25MB
CR NL Completed 26MB
CR NL Completed 27MB
CR NL Completed 28MB
CR NL Completed 29MB
CR NL Completed 30MB
CR NL Completed 31MB
CR NL Completed 32MB
CR NL Completed 33MB
CR NL Completed 34MB
CR NL Completed 35MB
CR NL Completed 36MB
CR NL Completed 37MB
CR NL Completed 38MB
CR NL Completed 39MB
CR NL Completed 40MB
CR NL Completed 41MB
CR NL Completed 42MB
CR NL Completed 43MB
CR NL Completed 44MB
CR NL Completed 45MB
CR NL Completed 46MB
CR NL Completed 47MB
CR NL Completed 48MB
CR NL Completed 49MB
CR NL Completed 50MB
NL Completed 1MB
NL Completed 2MB
NL Completed 3MB
NL Completed 4MB
NL Completed 5MB
NL Completed 6MB
NL Completed 7MB
NL Completed 8MB
NL Completed 9MB
NL Completed 10MB
NL Completed 11MB
NL Completed 12MB
NL Completed 13MB
NL Completed 14MB
NL Completed 15MB
NL Completed 16MB
NL Completed 17MB
NL Completed 18MB
NL Completed 19MB
NL Completed 20MB
NL Completed 21MB
NL Completed 22MB
NL Completed 23MB
NL Completed 24MB
NL Completed 25MB
NL Completed 26MB
NL Completed 27MB
NL Completed 28MB
NL Completed 29MB
NL Completed 30MB
NL Completed 31MB
NL Completed 32MB
NL Completed 33MB
NL Completed 34MB
NL Completed 35MB
NL Completed 36MB
NL Completed 37MB
NL Completed 38MB
NL Completed 39MB
NL Completed 40MB
NL Completed 41MB
NL Completed 42MB
NL Completed 43MB
NL Completed 44MB
NL Completed 45MB
NL Completed 46MB
NL Completed 47MB
NL Completed 48MB
NL Completed 49MB
NL Completed 50MB
Tests run: 2, Failures: 0, Errors: 0, Skipped: 0, Time elapsed: 9.598 sec - in org.asteriskjava.util.internal.streamreader.FastScannerRandomTest
Running org.asteriskjava.util.internal.streamreader.FastScannerDeterministicTest

Testing scanner class: class org.asteriskjava.util.internal.streamreader.FastScannerCrNl
Done

L: agi_network: yes 16
L: agi_network_script: route?targ=7601&ctx=Pre-Handset 51
L: agi_request: agi://10.10.0.41/route?targ=7601&ctx=Pre-Handset 61
L: agi_channel: Local/7610@default-2df1,1 38
L: agi_language: en 16
L: agi_type: Local 15
L: agi_uniqueid: 1530169476.16133 30
L: agi_callerid: unknown 21
L: agi_calleridname: unknown 25
L: agi_callingpres: 0 18
L: agi_callingani2: 0 18
L: agi_callington: 0 17
L: agi_callingtns: 0 17
L: agi_dnid: unknown 17
L: agi_rdnis: unknown 18
L: agi_context: routesv2-handset 29
L: agi_extension: 7601 19
L: agi_priority: 1 15
L: agi_enhanced: 0.0 17
L: agi_accountcode:  17
L:  0
L: 200 result=0 12
L: 200 result=1 () 15
L: 200 result=0 12
L: 200 result=1 12
L: 200 result=0 12
L: 200 result=0 12
L: 200 result=0 12
L: 200 result=0 12
L: 200 result=1 () 15
L: 200 result=1 12

Testing scanner class: class org.asteriskjava.util.internal.streamreader.FastScannerNl
Done

Tests run: 3, Failures: 0, Errors: 0, Skipped: 0, Time elapsed: 0.006 sec - in org.asteriskjava.util.internal.streamreader.FastScannerDeterministicTest
Running org.asteriskjava.util.internal.streamreader.FastScannerSpeedTest
Scanner 9:	50994	163 ms
Scanner 8:	50994	163 ms
Scanner 7:	50994	164 ms
Scanner 6:	50994	163 ms
Scanner 5:	50994	163 ms
Scanner 4:	50994	164 ms
Scanner 3:	50994	164 ms
Scanner 2:	50994	164 ms
Scanner 1:	50994	165 ms
Scanner 0:	50994	187 ms

Testing fast CrNlStream
Fast 9:	51133	37 ms
Fast 8:	51133	38 ms
Fast 7:	51133	97 ms
Fast 6:	51133	38 ms
Fast 5:	51133	37 ms
Fast 4:	51133	39 ms
Fast 3:	51133	36 ms
Fast 2:	51133	35 ms
Fast 1:	51133	36 ms
Fast 0:	51133	35 ms

Testing fast NlStream
Fast 9:	150215	112 ms
Fast 8:	150215	86 ms
Fast 7:	150215	61 ms
Fast 6:	150215	47 ms
Fast 5:	150215	59 ms
Fast 4:	150215	55 ms
Fast 3:	150215	55 ms
Fast 2:	150215	73 ms
Fast 1:	150215	73 ms
Fast 0:	150215	52 ms
Tests run: 3, Failures: 0, Errors: 0, Skipped: 0, Time elapsed: 4.759 sec - in org.asteriskjava.util.internal.streamreader.FastScannerSpeedTest
Running org.asteriskjava.util.DateUtilTest
Tests run: 2, Failures: 0, Errors: 0, Skipped: 0, Time elapsed: 0.008 sec - in org.asteriskjava.util.DateUtilTest
Running org.asteriskjava.util.AstUtilTest
Tests run: 7, Failures: 0, Errors: 0, Skipped: 0, Time elapsed: 0.014 sec - in org.asteriskjava.util.AstUtilTest
Running org.asteriskjava.manager.internal.ResponseBuilderImplTest
Tests run: 9, Failures: 0, Errors: 0, Skipped: 0, Time elapsed: 0.036 sec - in org.asteriskjava.manager.internal.ResponseBuilderImplTest
Running org.asteriskjava.manager.internal.ActionBuilderImplTest
Tests run: 16, Failures: 0, Errors: 0, Skipped: 0, Time elapsed: 0.017 sec - in org.asteriskjava.manager.internal.ActionBuilderImplTest
Running org.asteriskjava.manager.internal.backwardsCompatibility.bridge.BridgeEnterEventComparatorTest
Tests run: 17, Failures: 0, Errors: 0, Skipped: 0, Time elapsed: 0.011 sec - in org.asteriskjava.manager.internal.backwardsCompatibility.bridge.BridgeEnterEventComparatorTest
Running org.asteriskjava.manager.internal.EventBuilderImplTest
18:22:02.489 [main] INFO  org.asteriskjava.util.ReflectionUtil - Loaded 185
18:22:02.504 [main] ERROR o.a.m.internal.EventBuilderImpl - No event type in properties
18:22:02.536 [main] INFO  o.a.m.internal.EventBuilderImpl - No event class registered for event type 'nonexisting', attributes: {event=Nonexisting}. Please report at https://github.com/asterisk-java/asterisk-java/issues
Tests run: 35, Failures: 0, Errors: 0, Skipped: 0, Time elapsed: 0.092 sec - in org.asteriskjava.manager.internal.EventBuilderImplTest
Running org.asteriskjava.manager.internal.ManagerWriterImplTest
Tests run: 2, Failures: 0, Errors: 0, Skipped: 0, Time elapsed: 0.015 sec - in org.asteriskjava.manager.internal.ManagerWriterImplTest
Running org.asteriskjava.manager.internal.ManagerConnectionImplTest
18:22:02.616 [Asterisk-Java ManagerConnection-0-Reconnect-0] INFO  o.a.m.i.ManagerConnectionImplTest$MockedManagerConnectionImpl - Connecting to localhost:5038
18:22:02.618 [Asterisk-Java ManagerConnection-0-Reconnect-0] INFO  o.a.m.i.ManagerConnectionImplTest$MockedManagerConnectionImpl - Closing socket.
18:22:02.618 [Asterisk-Java ManagerConnection-0-Reconnect-0] ERROR o.a.m.i.ManagerConnectionImplTest$MockedManagerConnectionImpl - TimeoutException while trying to log in after reconnect.
18:22:02.668 [Thread-4] INFO  o.a.m.i.ManagerConnectionImplTest$MockedManagerConnectionImpl - Connected via Asterisk Call Manager/1.0
18:22:02.668 [Asterisk-Java ManagerConnection-0-Reconnect-0] INFO  o.a.m.i.ManagerConnectionImplTest$MockedManagerConnectionImpl - Connecting to localhost:5038
18:22:02.668 [Thread-4] WARN  o.a.m.i.ManagerConnectionImplTest$MockedManagerConnectionImpl - Unsupported protocol version 'Asterisk Call Manager/1.0'. Use at your own risk.
18:22:02.716 [Asterisk-Java ManagerConnection-0-Reconnect-0] INFO  o.a.m.i.ManagerConnectionImplTest$MockedManagerConnectionImpl - Successfully logged in
18:22:02.716 [Asterisk-Java ManagerConnection-0-Reconnect-0] INFO  o.a.m.i.ManagerConnectionImplTest$MockedManagerConnectionImpl - Determined Asterisk version: null
18:22:02.717 [Asterisk-Java ManagerConnection-0-Reconnect-0] INFO  o.a.m.i.ManagerConnectionImplTest$MockedManagerConnectionImpl - Successfully reconnected.
18:22:02.719 [Thread-6] INFO  o.a.m.i.ManagerConnectionImplTest$MockedManagerConnectionImpl - Connected via Asterisk Call Manager/1.0
18:22:02.719 [Thread-6] WARN  o.a.m.i.ManagerConnectionImplTest$MockedManagerConnectionImpl - Unsupported protocol version 'Asterisk Call Manager/1.0'. Use at your own risk.
18:22:03.567 [main] INFO  o.a.m.i.ManagerConnectionImplTest$MockedManagerConnectionImpl - Connecting to localhost:5038
18:22:03.618 [Thread-10] INFO  o.a.m.i.ManagerConnectionImplTest$MockedManagerConnectionImpl - Connected via Asterisk Call Manager/1.0
18:22:03.618 [Thread-10] WARN  o.a.m.i.ManagerConnectionImplTest$MockedManagerConnectionImpl - Unsupported protocol version 'Asterisk Call Manager/1.0'. Use at your own risk.
18:22:03.660 [main] INFO  o.a.m.i.ManagerConnectionImplTest$MockedManagerConnectionImpl - Successfully logged in
18:22:03.660 [main] INFO  o.a.m.i.ManagerConnectionImplTest$MockedManagerConnectionImpl - Determined Asterisk version: null
18:22:03.762 [main] INFO  o.a.m.i.ManagerConnectionImplTest$MockedManagerConnectionImpl - Connecting to localhost:5038
18:22:03.813 [Thread-14] INFO  o.a.m.i.ManagerConnectionImplTest$MockedManagerConnectionImpl - Connected via Asterisk Call Manager/1.0
18:22:03.813 [Thread-14] WARN  o.a.m.i.ManagerConnectionImplTest$MockedManagerConnectionImpl - Unsupported protocol version 'Asterisk Call Manager/1.0'. Use at your own risk.
18:22:03.972 [main] INFO  o.a.m.i.ManagerConnectionImplTest$MockedManagerConnectionImpl - Connecting to localhost:5038
18:22:04.023 [Thread-16] INFO  o.a.m.i.ManagerConnectionImplTest$MockedManagerConnectionImpl - Connected via Asterisk Call Manager/1.0
18:22:04.023 [Thread-16] WARN  o.a.m.i.ManagerConnectionImplTest$MockedManagerConnectionImpl - Unsupported protocol version 'Asterisk Call Manager/1.0'. Use at your own risk.
18:22:04.045 [Asterisk-Java ManagerConnection-7-Reconnect-0] INFO  o.a.m.i.ManagerConnectionImplTest$MockedManagerConnectionImpl - Connecting to localhost:5038
18:22:04.045 [Asterisk-Java ManagerConnection-7-Reconnect-0] WARN  o.a.m.i.ManagerConnectionImplTest$MockedManagerConnectionImpl - Exception while trying to reconnect: IOException
18:22:04.095 [Asterisk-Java ManagerConnection-7-Reconnect-0] INFO  o.a.m.i.ManagerConnectionImplTest$MockedManagerConnectionImpl - Connecting to localhost:5038
18:22:04.146 [Thread-20] INFO  o.a.m.i.ManagerConnectionImplTest$MockedManagerConnectionImpl - Connected via Asterisk Call Manager/1.0
18:22:04.146 [Thread-20] WARN  o.a.m.i.ManagerConnectionImplTest$MockedManagerConnectionImpl - Unsupported protocol version 'Asterisk Call Manager/1.0'. Use at your own risk.
18:22:04.188 [Asterisk-Java ManagerConnection-7-Reconnect-0] INFO  o.a.m.i.ManagerConnectionImplTest$MockedManagerConnectionImpl - Successfully logged in
18:22:04.188 [Asterisk-Java ManagerConnection-7-Reconnect-0] INFO  o.a.m.i.ManagerConnectionImplTest$MockedManagerConnectionImpl - Determined Asterisk version: null
18:22:04.188 [Asterisk-Java ManagerConnection-7-Reconnect-0] INFO  o.a.m.i.ManagerConnectionImplTest$MockedManagerConnectionImpl - Successfully reconnected.
18:22:04.995 [main] INFO  o.a.m.i.ManagerConnectionImplTest$MockedManagerConnectionImpl - Connecting to localhost:5038
18:22:04.995 [main] INFO  o.a.m.i.ManagerConnectionImplTest$MockedManagerConnectionImpl - Connecting to localhost:5038
18:22:05.017 [main] INFO  o.a.m.i.ManagerConnectionImplTest$MockedManagerConnectionImpl - Closing socket.
18:22:05.018 [main] ERROR o.a.m.i.ManagerConnectionImplTest$MockedManagerConnectionImpl - Unable to retrieve internalActionId from response: actionId 'null':
org.asteriskjava.manager.response.ManagerResponse: actionId='null'; message='null'; response='Success'; uniqueId='null'; systemHashcode=1225197672
18:22:05.019 [main] INFO  o.a.m.i.ManagerConnectionImplTest$MockedManagerConnectionImpl - Connecting to localhost:5038
18:22:05.046 [Thread-24] INFO  o.a.m.i.ManagerConnectionImplTest$MockedManagerConnectionImpl - Connected via Asterisk Call Manager/1.0
18:22:05.047 [Thread-24] WARN  o.a.m.i.ManagerConnectionImplTest$MockedManagerConnectionImpl - Unsupported protocol version 'Asterisk Call Manager/1.0'. Use at your own risk.
18:22:05.069 [Thread-27] INFO  o.a.m.i.ManagerConnectionImplTest$MockedManagerConnectionImpl - Connected via Asterisk Call Manager/1.0
18:22:05.070 [Thread-27] WARN  o.a.m.i.ManagerConnectionImplTest$MockedManagerConnectionImpl - Unsupported protocol version 'Asterisk Call Manager/1.0'. Use at your own risk.
18:22:05.112 [main] INFO  o.a.m.i.ManagerConnectionImplTest$MockedManagerConnectionImpl - Closing socket.
18:22:05.213 [main] INFO  o.a.m.i.ManagerConnectionImplTest$MockedManagerConnectionImpl - Connecting to localhost:5038
18:22:05.263 [main] INFO  o.a.m.i.ManagerConnectionImplTest$MockedManagerConnectionImpl - Closing socket.
18:22:05.276 [main] ERROR o.a.m.i.ManagerConnectionImplTest$MockedManagerConnectionImpl - Unable to dispatch null response. This should never happen. Please file a bug.
18:22:05.278 [main] ERROR o.a.m.i.ManagerConnectionImplTest$MockedManagerConnectionImpl - Unable to retrieve internalActionId from response: actionId '123_0-abc':
org.asteriskjava.manager.response.ManagerResponse: actionId='null'; message='null'; response='Success'; uniqueId='null'; systemHashcode=341853399
18:22:05.278 [main] INFO  o.a.m.i.ManagerConnectionImplTest$MockedManagerConnectionImpl - Connecting to localhost:5038
18:22:05.329 [Thread-32] INFO  o.a.m.i.ManagerConnectionImplTest$MockedManagerConnectionImpl - Connected via Asterisk Call Manager/1.0
18:22:05.329 [Thread-32] WARN  o.a.m.i.ManagerConnectionImplTest$MockedManagerConnectionImpl - Unsupported protocol version 'Asterisk Call Manager/1.0'. Use at your own risk.
18:22:05.530 [main] INFO  o.a.m.i.ManagerConnectionImplTest$MockedManagerConnectionImpl - Closing socket.
18:22:05.591 [Asterisk-Java ManagerConnection-17-Reconnect-0] INFO  o.a.m.i.ManagerConnectionImplTest$MockedManagerConnectionImpl - Connecting to localhost:5038
18:22:05.642 [Thread-35] INFO  o.a.m.i.ManagerConnectionImplTest$MockedManagerConnectionImpl - Connected via Asterisk Call Manager/1.0
18:22:05.643 [Thread-35] WARN  o.a.m.i.ManagerConnectionImplTest$MockedManagerConnectionImpl - Unsupported protocol version 'Asterisk Call Manager/1.0'. Use at your own risk.
18:22:05.685 [Asterisk-Java ManagerConnection-17-Reconnect-0] INFO  o.a.m.i.ManagerConnectionImplTest$MockedManagerConnectionImpl - Successfully logged in
18:22:05.685 [Asterisk-Java ManagerConnection-17-Reconnect-0] INFO  o.a.m.i.ManagerConnectionImplTest$MockedManagerConnectionImpl - Determined Asterisk version: null
18:22:05.685 [Asterisk-Java ManagerConnection-17-Reconnect-0] INFO  o.a.m.i.ManagerConnectionImplTest$MockedManagerConnectionImpl - Successfully reconnected.
18:22:06.541 [main] INFO  o.a.m.i.ManagerConnectionImplTest$MockedManagerConnectionImpl - Connecting to localhost:5038
18:22:06.542 [main] ERROR o.a.m.i.ManagerConnectionImplTest$MockedManagerConnectionImpl - Unable to retrieve internalActionId from response: actionId 'abc':
org.asteriskjava.manager.response.ManagerResponse: actionId='null'; message='null'; response='Success'; uniqueId='null'; systemHashcode=366590980
Tests run: 22, Failures: 0, Errors: 0, Skipped: 0, Time elapsed: 3.986 sec - in org.asteriskjava.manager.internal.ManagerConnectionImplTest
Running org.asteriskjava.manager.internal.ManagerReaderImplTest
18:22:06.555 [main] INFO  o.a.m.internal.ManagerReaderImpl - Terminating reader thread: Something happened to the network...
Tests run: 9, Failures: 0, Errors: 0, Skipped: 0, Time elapsed: 0.014 sec - in org.asteriskjava.manager.internal.ManagerReaderImplTest
Running org.asteriskjava.manager.response.SipShowPeerResponseTest
Tests run: 4, Failures: 0, Errors: 0, Skipped: 0, Time elapsed: 0.003 sec - in org.asteriskjava.manager.response.SipShowPeerResponseTest
Running org.asteriskjava.manager.response.CoreStatusResponseTest
Tests run: 2, Failures: 0, Errors: 0, Skipped: 0, Time elapsed: 0.003 sec - in org.asteriskjava.manager.response.CoreStatusResponseTest
Running org.asteriskjava.manager.event.AsyncAgiEventTest
Tests run: 2, Failures: 0, Errors: 0, Skipped: 0, Time elapsed: 0 sec - in org.asteriskjava.manager.event.AsyncAgiEventTest
Running org.asteriskjava.manager.event.ChannelReloadEventTest
Tests run: 3, Failures: 0, Errors: 0, Skipped: 0, Time elapsed: 0.001 sec - in org.asteriskjava.manager.event.ChannelReloadEventTest
Running org.asteriskjava.manager.event.RtcpReceivedEventTest
Tests run: 5, Failures: 0, Errors: 0, Skipped: 0, Time elapsed: 0 sec - in org.asteriskjava.manager.event.RtcpReceivedEventTest
Running org.asteriskjava.manager.event.T38FaxStatusEventTest
Tests run: 2, Failures: 0, Errors: 0, Skipped: 0, Time elapsed: 0 sec - in org.asteriskjava.manager.event.T38FaxStatusEventTest
Running org.asteriskjava.manager.event.NewStateEventTest
Tests run: 2, Failures: 0, Errors: 0, Skipped: 0, Time elapsed: 0.001 sec - in org.asteriskjava.manager.event.NewStateEventTest
Running org.asteriskjava.manager.event.SkypeBuddyStatusEventTest
Tests run: 2, Failures: 0, Errors: 0, Skipped: 0, Time elapsed: 0.001 sec - in org.asteriskjava.manager.event.SkypeBuddyStatusEventTest
Running org.asteriskjava.manager.event.SkypeChatMessageEventTest
Tests run: 1, Failures: 0, Errors: 0, Skipped: 0, Time elapsed: 0 sec - in org.asteriskjava.manager.event.SkypeChatMessageEventTest
Running org.asteriskjava.manager.event.CdrEventTest
Tests run: 3, Failures: 0, Errors: 0, Skipped: 0, Time elapsed: 0.002 sec - in org.asteriskjava.manager.event.CdrEventTest
Running org.asteriskjava.manager.AbstractManagerEventListenerTest
Tests run: 2, Failures: 0, Errors: 0, Skipped: 0, Time elapsed: 0.002 sec - in org.asteriskjava.manager.AbstractManagerEventListenerTest
Running org.asteriskjava.fastagi.ResourceBundleMappingStrategyTest
18:22:06.592 [Thread-39] INFO  o.a.m.i.ManagerConnectionImplTest$MockedManagerConnectionImpl - Connected via Asterisk Call Manager/1.0
18:22:06.592 [Thread-39] WARN  o.a.m.i.ManagerConnectionImplTest$MockedManagerConnectionImpl - Unsupported protocol version 'Asterisk Call Manager/1.0'. Use at your own risk.
18:22:06.595 [main] INFO  o.a.f.ResourceBundleMappingStrategy - Added mapping for 'hello.agi' to class org.asteriskjava.fastagi.HelloAgiScript
18:22:06.596 [main] INFO  o.a.f.ResourceBundleMappingStrategy - Added mapping for 'string.agi' to class java.lang.String
18:22:06.596 [main] INFO  o.a.f.ResourceBundleMappingStrategy - Added mapping for 'nonexisting.agi' to class org.asteriskjava.fastagi.NonExistingAgiScript
18:22:06.597 [main] INFO  o.a.f.ResourceBundleMappingStrategy - Resource bundle 'net.sf.asterisk.fastagi.unavailable' not found.
18:22:06.598 [main] INFO  o.a.f.ResourceBundleMappingStrategy - Added mapping for 'hello.agi' to class org.asteriskjava.fastagi.HelloAgiScript
18:22:06.598 [main] WARN  o.a.f.ResourceBundleMappingStrategy - Unable to create AgiScript instance of type java.lang.String: Class does not implement the AgiScript interface
Tests run: 3, Failures: 0, Errors: 0, Skipped: 0, Time elapsed: 0.006 sec - in org.asteriskjava.fastagi.ResourceBundleMappingStrategyTest
Running org.asteriskjava.fastagi.command.ExecCommandTest
Tests run: 5, Failures: 0, Errors: 0, Skipped: 0, Time elapsed: 0.002 sec - in org.asteriskjava.fastagi.command.ExecCommandTest
Running org.asteriskjava.fastagi.command.GetDataCommandTest
Tests run: 4, Failures: 0, Errors: 0, Skipped: 0, Time elapsed: 0.001 sec - in org.asteriskjava.fastagi.command.GetDataCommandTest
Running org.asteriskjava.fastagi.command.AbstractAgiCommandTest
Tests run: 6, Failures: 0, Errors: 0, Skipped: 0, Time elapsed: 0.002 sec - in org.asteriskjava.fastagi.command.AbstractAgiCommandTest
Running org.asteriskjava.fastagi.internal.AgiReplyImplTest
Tests run: 12, Failures: 0, Errors: 0, Skipped: 0, Time elapsed: 0.004 sec - in org.asteriskjava.fastagi.internal.AgiReplyImplTest
Running org.asteriskjava.fastagi.internal.AgiWriterImplTest
Tests run: 1, Failures: 0, Errors: 0, Skipped: 0, Time elapsed: 0 sec - in org.asteriskjava.fastagi.internal.AgiWriterImplTest
Running org.asteriskjava.fastagi.internal.AgiReaderImplTest
Tests run: 5, Failures: 0, Errors: 0, Skipped: 0, Time elapsed: 0.003 sec - in org.asteriskjava.fastagi.internal.AgiReaderImplTest
Running org.asteriskjava.fastagi.internal.AgiChannelImplTest
18:22:06.623 [main] WARN  o.a.fastagi.internal.AgiChannelImpl - Request is null, I assume you're testing...
18:22:06.624 [main] WARN  o.a.fastagi.internal.AgiChannelImpl - Request is null, I assume you're testing...
18:22:06.624 [main] WARN  o.a.fastagi.internal.AgiChannelImpl - Request is null, I assume you're testing...
Tests run: 3, Failures: 0, Errors: 0, Skipped: 0, Time elapsed: 0.006 sec - in org.asteriskjava.fastagi.internal.AgiChannelImplTest
Running org.asteriskjava.fastagi.internal.AgiRequestImplTest
Tests run: 24, Failures: 0, Errors: 0, Skipped: 0, Time elapsed: 0.005 sec - in org.asteriskjava.fastagi.internal.AgiRequestImplTest
Running org.asteriskjava.fastagi.ScriptEngineMappingStrategyTest
Tests run: 3, Failures: 0, Errors: 0, Skipped: 0, Time elapsed: 0.002 sec - in org.asteriskjava.fastagi.ScriptEngineMappingStrategyTest
Running org.asteriskjava.fastagi.CompositeMappingStrategyTest
18:22:06.635 [main] INFO  o.a.f.ResourceBundleMappingStrategy - Added mapping for 'hello.agi' to class org.asteriskjava.fastagi.HelloAgiScript
18:22:06.636 [main] WARN  o.a.f.ResourceBundleMappingStrategy - Unable to create AgiScript instance of type java.lang.String: Class does not implement the AgiScript interface
18:22:06.636 [main] INFO  o.a.f.ResourceBundleMappingStrategy - Added mapping for 'hello.agi' to class org.asteriskjava.fastagi.HelloAgiScript
18:22:06.636 [main] WARN  o.a.f.ResourceBundleMappingStrategy - Unable to create AgiScript instance of type java.lang.String: Class does not implement the AgiScript interface
Tests run: 2, Failures: 0, Errors: 0, Skipped: 0, Time elapsed: 0.002 sec - in org.asteriskjava.fastagi.CompositeMappingStrategyTest
Running org.asteriskjava.fastagi.DefaultAgiServerTest
Tests run: 4, Failures: 0, Errors: 0, Skipped: 0, Time elapsed: 0.005 sec - in org.asteriskjava.fastagi.DefaultAgiServerTest
Running org.asteriskjava.fastagi.ClassNameMappingStrategyTest
Tests run: 2, Failures: 0, Errors: 0, Skipped: 0, Time elapsed: 0 sec - in org.asteriskjava.fastagi.ClassNameMappingStrategyTest
Running org.asteriskjava.pbx.agi.RateLimiterTest
1586481726645
1586481726745
1586481726845
1586481727645
1586481727745
1586481727845
1586481728646
1586481728746
1586481728846
1586481729645
1586481729746
1586481729846
1586481730645
1586481730746
1586481730846
Tests run: 1, Failures: 0, Errors: 0, Skipped: 0, Time elapsed: 4.302 sec - in org.asteriskjava.pbx.agi.RateLimiterTest
Running org.asteriskjava.pbx.internal.core.ListenerManagerTest
18:22:10.969 [main] INFO  org.asteriskjava.util.ReflectionUtil - Loaded 35
18:22:10.970 [main] INFO  o.a.p.i.core.CoherentEventFactory - Manager Event Added class org.asteriskjava.manager.event.LinkEvent --> class org.asteriskjava.pbx.asterisk.wrap.events.LinkEvent
18:22:10.971 [main] INFO  o.a.p.i.core.CoherentEventFactory - Manager Event Added class org.asteriskjava.manager.event.NewStateEvent --> class org.asteriskjava.pbx.asterisk.wrap.events.NewStateEvent
18:22:10.971 [main] INFO  o.a.p.i.core.CoherentEventFactory - Manager Event Added class org.asteriskjava.manager.event.DndStateEvent --> class org.asteriskjava.pbx.asterisk.wrap.events.DndStateEvent
18:22:10.971 [main] INFO  o.a.p.i.core.CoherentEventFactory - Manager Event Added class org.asteriskjava.manager.event.NewChannelEvent --> class org.asteriskjava.pbx.asterisk.wrap.events.NewChannelEvent
18:22:10.971 [main] INFO  o.a.p.i.core.CoherentEventFactory - Skipping abstract class class org.asteriskjava.manager.event.AbstractMeetMeEvent
18:22:10.971 [main] INFO  o.a.p.i.core.CoherentEventFactory - Manager Event Added class org.asteriskjava.manager.event.PeerStatusEvent --> class org.asteriskjava.pbx.asterisk.wrap.events.PeerStatusEvent
18:22:10.972 [main] INFO  o.a.p.i.core.CoherentEventFactory - Manager Event Added class org.asteriskjava.manager.event.HangupEvent --> class org.asteriskjava.pbx.asterisk.wrap.events.HangupEvent
18:22:10.972 [main] INFO  o.a.p.i.core.CoherentEventFactory - Manager Event Added class org.asteriskjava.manager.event.ParkedCallEvent --> class org.asteriskjava.pbx.asterisk.wrap.events.ParkedCallEvent
18:22:10.972 [main] INFO  o.a.p.i.core.CoherentEventFactory - Manager Event Added class org.asteriskjava.manager.event.DialEvent --> class org.asteriskjava.pbx.asterisk.wrap.events.DialEvent
18:22:10.972 [main] INFO  o.a.p.i.core.CoherentEventFactory - Manager Event Added class org.asteriskjava.manager.event.MasqueradeEvent --> class org.asteriskjava.pbx.asterisk.wrap.events.MasqueradeEvent
18:22:10.972 [main] INFO  o.a.p.i.core.CoherentEventFactory - Response Event Added class org.asteriskjava.manager.event.PeerEntryEvent --> class org.asteriskjava.pbx.asterisk.wrap.events.PeerEntryEvent
18:22:10.973 [main] INFO  o.a.p.i.core.CoherentEventFactory - Skipping abstract class class org.asteriskjava.manager.event.ManagerEvent
18:22:10.973 [main] INFO  o.a.p.i.core.CoherentEventFactory - Manager Event Added class org.asteriskjava.manager.event.AgentConnectEvent --> class org.asteriskjava.pbx.asterisk.wrap.events.AgentConnectEvent
18:22:10.973 [main] INFO  o.a.p.i.core.CoherentEventFactory - Manager Event Added class org.asteriskjava.manager.event.RenameEvent --> class org.asteriskjava.pbx.asterisk.wrap.events.RenameEvent
18:22:10.973 [main] INFO  o.a.p.i.core.CoherentEventFactory - Manager Event Added class org.asteriskjava.manager.event.ConfbridgeListCompleteEvent --> class org.asteriskjava.pbx.asterisk.wrap.events.ConfbridgeListCompleteEvent
18:22:10.973 [main] INFO  o.a.p.i.core.CoherentEventFactory - Manager Event Added class org.asteriskjava.manager.event.QueueCallerLeaveEvent --> class org.asteriskjava.pbx.asterisk.wrap.events.QueueCallerLeaveEvent
18:22:10.974 [main] INFO  o.a.p.i.core.CoherentEventFactory - Manager Event Added class org.asteriskjava.manager.event.UnparkedCallEvent --> class org.asteriskjava.pbx.asterisk.wrap.events.UnparkedCallEvent
18:22:10.974 [main] INFO  o.a.p.i.core.CoherentEventFactory - Response Event Added class org.asteriskjava.manager.event.StatusCompleteEvent --> class org.asteriskjava.pbx.asterisk.wrap.events.StatusCompleteEvent
18:22:10.974 [main] INFO  o.a.p.i.core.CoherentEventFactory - Manager Event Added class org.asteriskjava.manager.event.NewExtenEvent --> class org.asteriskjava.pbx.asterisk.wrap.events.NewExtenEvent
18:22:10.974 [main] INFO  o.a.p.i.core.CoherentEventFactory - Response Event Added class org.asteriskjava.manager.event.OriginateResponseEvent --> class org.asteriskjava.pbx.asterisk.wrap.events.OriginateResponseEvent
18:22:10.974 [main] INFO  o.a.p.i.core.CoherentEventFactory - Manager Event Added class org.asteriskjava.manager.event.DbGetResponseEvent --> class org.asteriskjava.pbx.asterisk.wrap.events.DbGetResponseEvent
18:22:10.975 [main] INFO  o.a.p.i.core.CoherentEventFactory - Manager Event Added class org.asteriskjava.manager.event.ExtensionStatusEvent --> class org.asteriskjava.pbx.asterisk.wrap.events.ExtensionStatusEvent
18:22:10.975 [main] INFO  o.a.p.i.core.CoherentEventFactory - Manager Event Added class org.asteriskjava.manager.event.AgentCalledEvent --> class org.asteriskjava.pbx.asterisk.wrap.events.AgentCalledEvent
18:22:10.975 [main] INFO  o.a.p.i.core.CoherentEventFactory - Response Event Added class org.asteriskjava.manager.event.StatusEvent --> class org.asteriskjava.pbx.asterisk.wrap.events.StatusEvent
18:22:10.975 [main] INFO  o.a.p.i.core.CoherentEventFactory - Manager Event Added class org.asteriskjava.manager.event.DisconnectEvent --> class org.asteriskjava.pbx.asterisk.wrap.events.DisconnectEvent
18:22:10.975 [main] INFO  o.a.p.i.core.CoherentEventFactory - Response Event Added class org.asteriskjava.manager.event.PeerlistCompleteEvent --> class org.asteriskjava.pbx.asterisk.wrap.events.PeerlistCompleteEvent
18:22:10.976 [main] INFO  o.a.p.i.core.CoherentEventFactory - Manager Event Added class org.asteriskjava.manager.event.MeetMeLeaveEvent --> class org.asteriskjava.pbx.asterisk.wrap.events.MeetMeLeaveEvent
18:22:10.976 [main] INFO  o.a.p.i.core.CoherentEventFactory - Manager Event Added class org.asteriskjava.manager.event.BridgeEvent --> class org.asteriskjava.pbx.asterisk.wrap.events.BridgeEvent
18:22:10.976 [main] INFO  o.a.p.i.core.CoherentEventFactory - Manager Event Added class org.asteriskjava.manager.event.VarSetEvent --> class org.asteriskjava.pbx.asterisk.wrap.events.VarSetEvent
18:22:10.976 [main] INFO  o.a.p.i.core.CoherentEventFactory - Skipping abstract class class org.asteriskjava.manager.event.ResponseEvent
18:22:10.976 [main] INFO  o.a.p.i.core.CoherentEventFactory - Manager Event Added class org.asteriskjava.manager.event.MeetMeJoinEvent --> class org.asteriskjava.pbx.asterisk.wrap.events.MeetMeJoinEvent
18:22:10.976 [main] INFO  o.a.p.i.core.CoherentEventFactory - Response Event Added class org.asteriskjava.manager.event.ConfbridgeListEvent --> class org.asteriskjava.pbx.asterisk.wrap.events.ConfbridgeListEvent
18:22:10.976 [main] INFO  o.a.p.i.core.CoherentEventFactory - Manager Event Added class org.asteriskjava.manager.event.UnlinkEvent --> class org.asteriskjava.pbx.asterisk.wrap.events.UnlinkEvent
18:22:10.977 [main] INFO  o.a.p.i.core.CoherentEventFactory - Manager Event Added class org.asteriskjava.manager.event.ConnectEvent --> class org.asteriskjava.pbx.asterisk.wrap.events.ConnectEvent
18:22:10.977 [main] INFO  o.a.p.i.core.CoherentEventFactory - Skipping abstract class class org.asteriskjava.manager.event.AbstractParkedCallEvent
Tests run: 1, Failures: 0, Errors: 0, Skipped: 0, Time elapsed: 0.059 sec - in org.asteriskjava.pbx.internal.core.ListenerManagerTest
Running org.asteriskjava.config.ConfigFileParserTest
Tests run: 4, Failures: 0, Errors: 0, Skipped: 0, Time elapsed: 0.004 sec - in org.asteriskjava.config.ConfigFileParserTest
Running org.asteriskjava.live.internal.AsteriskChannelImplTest
Tests run: 1, Failures: 0, Errors: 0, Skipped: 0, Time elapsed: 0.012 sec - in org.asteriskjava.live.internal.AsteriskChannelImplTest
Running org.asteriskjava.live.internal.AsteriskAgentImplTest
Tests run: 1, Failures: 0, Errors: 0, Skipped: 0, Time elapsed: 0 sec - in org.asteriskjava.live.internal.AsteriskAgentImplTest
Running org.asteriskjava.live.internal.AsteriskQueueMemberImplTest
Tests run: 1, Failures: 0, Errors: 0, Skipped: 0, Time elapsed: 0.003 sec - in org.asteriskjava.live.internal.AsteriskQueueMemberImplTest
Running org.asteriskjava.live.CallerIdTest
Tests run: 7, Failures: 0, Errors: 0, Skipped: 0, Time elapsed: 0 sec - in org.asteriskjava.live.CallerIdTest
Running org.asteriskjava.live.HangupCauseTest
Tests run: 1, Failures: 0, Errors: 0, Skipped: 0, Time elapsed: 0 sec - in org.asteriskjava.live.HangupCauseTest
Running org.asteriskjava.live.QueueMemberStateTest
Tests run: 2, Failures: 0, Errors: 0, Skipped: 0, Time elapsed: 0 sec - in org.asteriskjava.live.QueueMemberStateTest
Running org.asteriskjava.AsteriskVersionTest
Tests run: 4, Failures: 0, Errors: 0, Skipped: 0, Time elapsed: 0 sec - in org.asteriskjava.AsteriskVersionTest

Results :

Tests run: 252, Failures: 0, Errors: 0, Skipped: 0

[INFO] 
[INFO] --- maven-surefire-plugin:2.19.1:test (default-test-rerunfailures) @ asterisk-java ---

-------------------------------------------------------
 T E S T S
-------------------------------------------------------

Results :

Tests run: 0, Failures: 0, Errors: 0, Skipped: 0

[INFO] 
[INFO] --- deflaker-maven-plugin:1.5-SNAPSHOT:report (deflaker-report-tests) @ asterisk-java ---
[INFO] ------------------------------------------------------------------------
[INFO] TEST DIFFCOV ANALYSIS
[INFO] Asterisk-Javaasterisk-java
[INFO] ------------------------------------------------------------------------
[INFO] Using covFile: /lv_scratch/scratch/mondego/local/Maruf/ASE/projects/asterisk-java/target/diffcov.log
[INFO] Using difFile: /lv_scratch/scratch/mondego/local/Maruf/ASE/projects/asterisk-java/.diffCache
[WARNING] Diff has gone untested: org/asteriskjava/manager/internal/EventBuilderImpl has uncovered changes [54, 55]
[WARNING] Diff has gone untested: org/asteriskjava/pbx/asterisk/wrap/events/DbGetResponseEvent has uncovered changes [11]
[WARNING] Diff has gone untested: org/asteriskjava/util/ReflectionUtil has uncovered changes [238, 239, 266, 279, 283, 284, 285, 289, 290, 292, 295, 297, 298, 300, 301, 303, 305, 306, 308, 322, 324, 326, 327, 329, 331, 332, 340, 341, 342, 343, 345, 346, 348, 349, 351, 352, 355, 358, 361, 362, 365, 367, 369, 370, 371, 374, 377, 378, 380, 381, 383, 385, 387]
[WARNING] Diff has gone untested: org/asteriskjava/pbx/internal/core/CoherentEventFactory has uncovered changes [31, 40, 43, 44, 46, 49, 51, 53, 55, 57, 60, 65, 67, 72, 78, 81, 83, 84, 86, 88, 90, 92, 93, 94]
[WARNING] Diff has gone untested: org/asteriskjava/manager/internal/AbstractBuilder has uncovered changes [82]
[INFO] 
[INFO] --- maven-jar-plugin:2.5:jar (default-jar) @ asterisk-java ---
[INFO] Adding existing MANIFEST to archive. Found under: /lv_scratch/scratch/mondego/local/Maruf/ASE/projects/asterisk-java/target/classes/META-INF/MANIFEST.MF
[INFO] Building jar: /lv_scratch/scratch/mondego/local/Maruf/ASE/projects/asterisk-java/target/asterisk-java.jar
[INFO] 
[INFO] --- maven-assembly-plugin:2.5.3:attached (make-assembly) @ asterisk-java ---
[INFO] Reading assembly descriptor: /lv_scratch/scratch/mondego/local/Maruf/ASE/projects/asterisk-java/src/main/assembly/bin.xml
[INFO] Building zip: /lv_scratch/scratch/mondego/local/Maruf/ASE/projects/asterisk-java/target/asterisk-java-bin.zip
[INFO] ------------------------------------------------------------------------
[INFO] BUILD SUCCESS
[INFO] ------------------------------------------------------------------------
[INFO] Total time: 35.158 s
[INFO] Finished at: 2020-04-09T18:22:13-07:00
[INFO] Final Memory: 52M/2061M
[INFO] ------------------------------------------------------------------------
