[INFO] Scanning for projects...
[WARNING] The POM for commons-io:commons-io:jar:1.4 is invalid, transitive dependencies (if any) will not be available, enable debug logging for more details
Deflaker, version 1.5-SNAPSHOT loading...
[INFO]                                                                         
[INFO] ------------------------------------------------------------------------
[INFO] Building Asterisk-Java 2.0.4-SNAP-SHOT
[INFO] ------------------------------------------------------------------------
[INFO] 
[INFO] --- maven-resources-plugin:2.6:resources (default-resources) @ asterisk-java ---
[INFO] Using 'UTF-8' encoding to copy filtered resources.
[INFO] skip non existing resourceDirectory /lv_scratch/scratch/mondego/local/Maruf/ASE/projects/asterisk-java/src/main/resources
[INFO] 
[INFO] --- maven-compiler-plugin:3.2:compile (default-compile) @ asterisk-java ---
[INFO] Nothing to compile - all classes are up to date
[INFO] 
[INFO] --- bnd-maven-plugin:3.2.0:bnd-process (default) @ asterisk-java ---
[INFO] 
[INFO] --- maven-resources-plugin:2.6:testResources (default-testResources) @ asterisk-java ---
[INFO] Using 'UTF-8' encoding to copy filtered resources.
[INFO] Copying 5 resources
[INFO] 
[INFO] --- deflaker-maven-plugin:1.5-SNAPSHOT:diff (deflaker-diff) @ asterisk-java ---
Downloading: https://oss.sonatype.org/content/repositories/snapshots/org/eclipse/osgi/maven-metadata.xml
Downloading: https://oss.sonatype.org/content/repositories/snapshots/org/eclipse/equinox/common/maven-metadata.xml
Downloading: https://oss.sonatype.org/content/repositories/snapshots/org/eclipse/core/jobs/maven-metadata.xml
Downloading: https://oss.sonatype.org/content/repositories/snapshots/org/eclipse/equinox/registry/maven-metadata.xml
Downloading: https://oss.sonatype.org/content/repositories/snapshots/org/eclipse/equinox/preferences/maven-metadata.xml
Downloading: https://oss.sonatype.org/content/repositories/snapshots/org/eclipse/core/contenttype/maven-metadata.xml
Downloading: https://oss.sonatype.org/content/repositories/snapshots/org/eclipse/equinox/app/maven-metadata.xml
/lv_scratch/scratch/mondego/local/Maruf/ASE/projects/asterisk-java/.git DIFF'ing to HEAD
[ERROR] fatal: Invalid path '/pkg/git/2.13.1/etc': No such file or directory

Diff'ing 8860425bfc043e48be6932bc2a97628f2ece502e against: 0e3baa2ed0f9fc85e08de8fd2af24a99d8af5ed7
org/asteriskjava/pbx/internal/managerAPI/OriginateBaseClass$2 Structural diff: [Edit [start=531, end=531], Edit [start=533, end=533], Edit [start=535, end=535]]
org/asteriskjava/pbx/internal/managerAPI/OriginateBaseClass : [Edit [start=7, end=9], Edit [start=40, end=39], Edit [start=427, end=427], Edit [start=451, end=451], Edit [start=458, end=474], Edit [start=476, end=477], Edit [start=479, end=526], Edit [start=538, end=538], Edit [start=541, end=628], Edit [start=631, end=638], Edit [start=640, end=641], Edit [start=643, end=644], Edit [start=646, end=647], Edit [start=650, end=649], Edit [start=681, end=680]]
	 Methods to watch:[]
org/asteriskjava/pbx/internal/managerAPI/OriginateBaseClass$Worker Structural diff: []
org/asteriskjava/pbx/internal/managerAPI/OriginateBaseClass$1 : []
	 Methods to watch:[]
org/asteriskjava/pbx/internal/managerAPI/OriginateBaseClass$Worker$1 Structural diff: []
org/asteriskjava/pbx/internal/managerAPI/OriginateBaseClass$WorkerCallback Structural diff: []
[INFO] 
[INFO] --- maven-compiler-plugin:3.2:testCompile (default-testCompile) @ asterisk-java ---
[INFO] Changes detected - recompiling the module!
[INFO] Compiling 58 source files to /lv_scratch/scratch/mondego/local/Maruf/ASE/projects/asterisk-java/target/test-classes
[INFO] 
[INFO] --- maven-surefire-plugin:2.19.1:test (default-test) @ asterisk-java ---

-------------------------------------------------------
 T E S T S
-------------------------------------------------------
Running org.asteriskjava.util.internal.streamreader.FastScannerRandomTest
CR NL Completed 1MB
CR NL Completed 2MB
CR NL Completed 3MB
CR NL Completed 4MB
CR NL Completed 5MB
CR NL Completed 6MB
CR NL Completed 7MB
CR NL Completed 8MB
CR NL Completed 9MB
CR NL Completed 10MB
CR NL Completed 11MB
CR NL Completed 12MB
CR NL Completed 13MB
CR NL Completed 14MB
CR NL Completed 15MB
CR NL Completed 16MB
CR NL Completed 17MB
CR NL Completed 18MB
CR NL Completed 19MB
CR NL Completed 20MB
CR NL Completed 21MB
CR NL Completed 22MB
CR NL Completed 23MB
CR NL Completed 24MB
CR NL Completed 25MB
CR NL Completed 26MB
CR NL Completed 27MB
CR NL Completed 28MB
CR NL Completed 29MB
CR NL Completed 30MB
CR NL Completed 31MB
CR NL Completed 32MB
CR NL Completed 33MB
CR NL Completed 34MB
CR NL Completed 35MB
CR NL Completed 36MB
CR NL Completed 37MB
CR NL Completed 38MB
CR NL Completed 39MB
CR NL Completed 40MB
CR NL Completed 41MB
CR NL Completed 42MB
CR NL Completed 43MB
CR NL Completed 44MB
CR NL Completed 45MB
CR NL Completed 46MB
CR NL Completed 47MB
CR NL Completed 48MB
CR NL Completed 49MB
CR NL Completed 50MB
NL Completed 1MB
NL Completed 2MB
NL Completed 3MB
NL Completed 4MB
NL Completed 5MB
NL Completed 6MB
NL Completed 7MB
NL Completed 8MB
NL Completed 9MB
NL Completed 10MB
NL Completed 11MB
NL Completed 12MB
NL Completed 13MB
NL Completed 14MB
NL Completed 15MB
NL Completed 16MB
NL Completed 17MB
NL Completed 18MB
NL Completed 19MB
NL Completed 20MB
NL Completed 21MB
NL Completed 22MB
NL Completed 23MB
NL Completed 24MB
NL Completed 25MB
NL Completed 26MB
NL Completed 27MB
NL Completed 28MB
NL Completed 29MB
NL Completed 30MB
NL Completed 31MB
NL Completed 32MB
NL Completed 33MB
NL Completed 34MB
NL Completed 35MB
NL Completed 36MB
NL Completed 37MB
NL Completed 38MB
NL Completed 39MB
NL Completed 40MB
NL Completed 41MB
NL Completed 42MB
NL Completed 43MB
NL Completed 44MB
NL Completed 45MB
NL Completed 46MB
NL Completed 47MB
NL Completed 48MB
NL Completed 49MB
NL Completed 50MB
Tests run: 2, Failures: 0, Errors: 0, Skipped: 0, Time elapsed: 10.427 sec - in org.asteriskjava.util.internal.streamreader.FastScannerRandomTest
Running org.asteriskjava.util.internal.streamreader.FastScannerDeterministicTest

Testing scanner class: class org.asteriskjava.util.internal.streamreader.FastScannerCrNl
Done

L: agi_network: yes 16
L: agi_network_script: route?targ=7601&ctx=Pre-Handset 51
L: agi_request: agi://10.10.0.41/route?targ=7601&ctx=Pre-Handset 61
L: agi_channel: Local/7610@default-2df1,1 38
L: agi_language: en 16
L: agi_type: Local 15
L: agi_uniqueid: 1530169476.16133 30
L: agi_callerid: unknown 21
L: agi_calleridname: unknown 25
L: agi_callingpres: 0 18
L: agi_callingani2: 0 18
L: agi_callington: 0 17
L: agi_callingtns: 0 17
L: agi_dnid: unknown 17
L: agi_rdnis: unknown 18
L: agi_context: routesv2-handset 29
L: agi_extension: 7601 19
L: agi_priority: 1 15
L: agi_enhanced: 0.0 17
L: agi_accountcode:  17
L:  0
L: 200 result=0 12
L: 200 result=1 () 15
L: 200 result=0 12
L: 200 result=1 12
L: 200 result=0 12
L: 200 result=0 12
L: 200 result=0 12
L: 200 result=0 12
L: 200 result=1 () 15
L: 200 result=1 12

Testing scanner class: class org.asteriskjava.util.internal.streamreader.FastScannerNl
Done

Tests run: 3, Failures: 0, Errors: 0, Skipped: 0, Time elapsed: 0.027 sec - in org.asteriskjava.util.internal.streamreader.FastScannerDeterministicTest
Running org.asteriskjava.util.internal.streamreader.FastScannerSpeedTest
Scanner 9:	50936	234 ms
Scanner 8:	50936	211 ms
Scanner 7:	50936	214 ms
Scanner 6:	50936	210 ms
Scanner 5:	50936	247 ms
Scanner 4:	50936	207 ms
Scanner 3:	50936	206 ms
Scanner 2:	50936	210 ms
Scanner 1:	50936	241 ms
Scanner 0:	50936	236 ms

Testing fast CrNlStream
Fast 9:	51058	38 ms
Fast 8:	51058	61 ms
Fast 7:	51058	39 ms
Fast 6:	51058	40 ms
Fast 5:	51058	42 ms
Fast 4:	51058	41 ms
Fast 3:	51058	39 ms
Fast 2:	51058	38 ms
Fast 1:	51058	39 ms
Fast 0:	51058	40 ms

Testing fast NlStream
Fast 9:	150465	42 ms
Fast 8:	150465	42 ms
Fast 7:	150465	44 ms
Fast 6:	150465	40 ms
Fast 5:	150465	36 ms
Fast 4:	150465	36 ms
Fast 3:	150465	37 ms
Fast 2:	150465	36 ms
Fast 1:	150465	55 ms
Fast 0:	150465	39 ms
Tests run: 3, Failures: 0, Errors: 0, Skipped: 0, Time elapsed: 5.161 sec - in org.asteriskjava.util.internal.streamreader.FastScannerSpeedTest
Running org.asteriskjava.util.DateUtilTest
Tests run: 2, Failures: 0, Errors: 0, Skipped: 0, Time elapsed: 0.009 sec - in org.asteriskjava.util.DateUtilTest
Running org.asteriskjava.util.AstUtilTest
Tests run: 7, Failures: 0, Errors: 0, Skipped: 0, Time elapsed: 0.002 sec - in org.asteriskjava.util.AstUtilTest
Running org.asteriskjava.manager.internal.ResponseBuilderImplTest
Tests run: 9, Failures: 0, Errors: 0, Skipped: 0, Time elapsed: 0.006 sec - in org.asteriskjava.manager.internal.ResponseBuilderImplTest
Running org.asteriskjava.manager.internal.ActionBuilderImplTest
Tests run: 16, Failures: 0, Errors: 0, Skipped: 0, Time elapsed: 0.022 sec - in org.asteriskjava.manager.internal.ActionBuilderImplTest
Running org.asteriskjava.manager.internal.backwardsCompatibility.bridge.BridgeEnterEventComparatorTest
Tests run: 17, Failures: 0, Errors: 0, Skipped: 0, Time elapsed: 0.006 sec - in org.asteriskjava.manager.internal.backwardsCompatibility.bridge.BridgeEnterEventComparatorTest
Running org.asteriskjava.manager.internal.EventBuilderImplTest
18:09:58.523 [main] ERROR o.a.m.internal.EventBuilderImpl - No event type in properties
18:09:58.556 [main] INFO  o.a.m.internal.EventBuilderImpl - No event class registered for event type 'nonexisting', attributes: {event=Nonexisting}. Please report at https://github.com/asterisk-java/asterisk-java/issues
Tests run: 35, Failures: 0, Errors: 0, Skipped: 0, Time elapsed: 0.091 sec - in org.asteriskjava.manager.internal.EventBuilderImplTest
Running org.asteriskjava.manager.internal.ManagerWriterImplTest
Tests run: 2, Failures: 0, Errors: 0, Skipped: 0, Time elapsed: 0.018 sec - in org.asteriskjava.manager.internal.ManagerWriterImplTest
Running org.asteriskjava.manager.internal.ManagerConnectionImplTest
18:09:58.638 [Asterisk-Java ManagerConnection-0-Reconnect-0] INFO  o.a.m.i.ManagerConnectionImplTest$MockedManagerConnectionImpl - Connecting to localhost:5038
18:09:58.640 [Asterisk-Java ManagerConnection-0-Reconnect-0] INFO  o.a.m.i.ManagerConnectionImplTest$MockedManagerConnectionImpl - Closing socket.
18:09:58.640 [Asterisk-Java ManagerConnection-0-Reconnect-0] ERROR o.a.m.i.ManagerConnectionImplTest$MockedManagerConnectionImpl - TimeoutException while trying to log in after reconnect.
18:09:58.690 [Thread-4] INFO  o.a.m.i.ManagerConnectionImplTest$MockedManagerConnectionImpl - Connected via Asterisk Call Manager/1.0
18:09:58.690 [Asterisk-Java ManagerConnection-0-Reconnect-0] INFO  o.a.m.i.ManagerConnectionImplTest$MockedManagerConnectionImpl - Connecting to localhost:5038
18:09:58.739 [Asterisk-Java ManagerConnection-0-Reconnect-0] INFO  o.a.m.i.ManagerConnectionImplTest$MockedManagerConnectionImpl - Successfully logged in
18:09:58.739 [Asterisk-Java ManagerConnection-0-Reconnect-0] INFO  o.a.m.i.ManagerConnectionImplTest$MockedManagerConnectionImpl - Determined Asterisk version: null
18:09:58.740 [Asterisk-Java ManagerConnection-0-Reconnect-0] INFO  o.a.m.i.ManagerConnectionImplTest$MockedManagerConnectionImpl - Successfully reconnected.
18:09:58.742 [Thread-6] INFO  o.a.m.i.ManagerConnectionImplTest$MockedManagerConnectionImpl - Connected via Asterisk Call Manager/1.0
18:09:59.589 [main] INFO  o.a.m.i.ManagerConnectionImplTest$MockedManagerConnectionImpl - Connecting to localhost:5038
18:09:59.640 [Thread-10] INFO  o.a.m.i.ManagerConnectionImplTest$MockedManagerConnectionImpl - Connected via Asterisk Call Manager/1.0
18:09:59.682 [main] INFO  o.a.m.i.ManagerConnectionImplTest$MockedManagerConnectionImpl - Successfully logged in
18:09:59.683 [main] INFO  o.a.m.i.ManagerConnectionImplTest$MockedManagerConnectionImpl - Determined Asterisk version: null
18:09:59.784 [main] INFO  o.a.m.i.ManagerConnectionImplTest$MockedManagerConnectionImpl - Connecting to localhost:5038
18:09:59.835 [Thread-14] INFO  o.a.m.i.ManagerConnectionImplTest$MockedManagerConnectionImpl - Connected via Asterisk Call Manager/1.0
18:09:59.996 [main] INFO  o.a.m.i.ManagerConnectionImplTest$MockedManagerConnectionImpl - Connecting to localhost:5038
18:10:00.047 [Thread-16] INFO  o.a.m.i.ManagerConnectionImplTest$MockedManagerConnectionImpl - Connected via Asterisk Call Manager/1.0
18:10:00.069 [Asterisk-Java ManagerConnection-7-Reconnect-0] INFO  o.a.m.i.ManagerConnectionImplTest$MockedManagerConnectionImpl - Connecting to localhost:5038
18:10:00.069 [Asterisk-Java ManagerConnection-7-Reconnect-0] WARN  o.a.m.i.ManagerConnectionImplTest$MockedManagerConnectionImpl - Exception while trying to reconnect: IOException
18:10:00.119 [Asterisk-Java ManagerConnection-7-Reconnect-0] INFO  o.a.m.i.ManagerConnectionImplTest$MockedManagerConnectionImpl - Connecting to localhost:5038
18:10:00.170 [Thread-20] INFO  o.a.m.i.ManagerConnectionImplTest$MockedManagerConnectionImpl - Connected via Asterisk Call Manager/1.0
18:10:00.213 [Asterisk-Java ManagerConnection-7-Reconnect-0] INFO  o.a.m.i.ManagerConnectionImplTest$MockedManagerConnectionImpl - Successfully logged in
18:10:00.213 [Asterisk-Java ManagerConnection-7-Reconnect-0] INFO  o.a.m.i.ManagerConnectionImplTest$MockedManagerConnectionImpl - Determined Asterisk version: null
18:10:00.213 [Asterisk-Java ManagerConnection-7-Reconnect-0] INFO  o.a.m.i.ManagerConnectionImplTest$MockedManagerConnectionImpl - Successfully reconnected.
18:10:01.019 [main] INFO  o.a.m.i.ManagerConnectionImplTest$MockedManagerConnectionImpl - Connecting to localhost:5038
18:10:01.020 [main] INFO  o.a.m.i.ManagerConnectionImplTest$MockedManagerConnectionImpl - Connecting to localhost:5038
18:10:01.041 [main] INFO  o.a.m.i.ManagerConnectionImplTest$MockedManagerConnectionImpl - Closing socket.
18:10:01.042 [main] ERROR o.a.m.i.ManagerConnectionImplTest$MockedManagerConnectionImpl - Unable to retrieve internalActionId from response: actionId 'null':
org.asteriskjava.manager.response.ManagerResponse: actionId='null'; message='null'; response='Success'; uniqueId='null'; systemHashcode=1858609436
18:10:01.043 [main] INFO  o.a.m.i.ManagerConnectionImplTest$MockedManagerConnectionImpl - Connecting to localhost:5038
18:10:01.071 [Thread-24] INFO  o.a.m.i.ManagerConnectionImplTest$MockedManagerConnectionImpl - Connected via Asterisk Call Manager/1.0
18:10:01.094 [Thread-27] INFO  o.a.m.i.ManagerConnectionImplTest$MockedManagerConnectionImpl - Connected via Asterisk Call Manager/1.0
18:10:01.136 [main] INFO  o.a.m.i.ManagerConnectionImplTest$MockedManagerConnectionImpl - Closing socket.
18:10:01.238 [main] INFO  o.a.m.i.ManagerConnectionImplTest$MockedManagerConnectionImpl - Connecting to localhost:5038
18:10:01.289 [main] INFO  o.a.m.i.ManagerConnectionImplTest$MockedManagerConnectionImpl - Closing socket.
18:10:01.302 [main] ERROR o.a.m.i.ManagerConnectionImplTest$MockedManagerConnectionImpl - Unable to dispatch null response. This should never happen. Please file a bug.
18:10:01.304 [main] ERROR o.a.m.i.ManagerConnectionImplTest$MockedManagerConnectionImpl - Unable to retrieve internalActionId from response: actionId '123_0-abc':
org.asteriskjava.manager.response.ManagerResponse: actionId='null'; message='null'; response='Success'; uniqueId='null'; systemHashcode=1160003871
18:10:01.304 [main] INFO  o.a.m.i.ManagerConnectionImplTest$MockedManagerConnectionImpl - Connecting to localhost:5038
18:10:01.355 [Thread-32] INFO  o.a.m.i.ManagerConnectionImplTest$MockedManagerConnectionImpl - Connected via Asterisk Call Manager/1.0
18:10:01.556 [main] INFO  o.a.m.i.ManagerConnectionImplTest$MockedManagerConnectionImpl - Closing socket.
18:10:01.618 [Asterisk-Java ManagerConnection-17-Reconnect-0] INFO  o.a.m.i.ManagerConnectionImplTest$MockedManagerConnectionImpl - Connecting to localhost:5038
18:10:01.669 [Thread-35] INFO  o.a.m.i.ManagerConnectionImplTest$MockedManagerConnectionImpl - Connected via Asterisk Call Manager/1.0
18:10:01.711 [Asterisk-Java ManagerConnection-17-Reconnect-0] INFO  o.a.m.i.ManagerConnectionImplTest$MockedManagerConnectionImpl - Successfully logged in
18:10:01.711 [Asterisk-Java ManagerConnection-17-Reconnect-0] INFO  o.a.m.i.ManagerConnectionImplTest$MockedManagerConnectionImpl - Determined Asterisk version: null
18:10:01.711 [Asterisk-Java ManagerConnection-17-Reconnect-0] INFO  o.a.m.i.ManagerConnectionImplTest$MockedManagerConnectionImpl - Successfully reconnected.
18:10:02.569 [main] INFO  o.a.m.i.ManagerConnectionImplTest$MockedManagerConnectionImpl - Connecting to localhost:5038
18:10:02.570 [main] ERROR o.a.m.i.ManagerConnectionImplTest$MockedManagerConnectionImpl - Unable to retrieve internalActionId from response: actionId 'abc':
org.asteriskjava.manager.response.ManagerResponse: actionId='null'; message='null'; response='Success'; uniqueId='null'; systemHashcode=282828951
Tests run: 22, Failures: 0, Errors: 0, Skipped: 0, Time elapsed: 3.993 sec - in org.asteriskjava.manager.internal.ManagerConnectionImplTest
Running org.asteriskjava.manager.internal.ManagerReaderImplTest
18:10:02.583 [main] INFO  o.a.m.internal.ManagerReaderImpl - Terminating reader thread: Something happened to the network...
Tests run: 9, Failures: 0, Errors: 0, Skipped: 0, Time elapsed: 0.016 sec - in org.asteriskjava.manager.internal.ManagerReaderImplTest
Running org.asteriskjava.manager.response.SipShowPeerResponseTest
Tests run: 4, Failures: 0, Errors: 0, Skipped: 0, Time elapsed: 0 sec - in org.asteriskjava.manager.response.SipShowPeerResponseTest
Running org.asteriskjava.manager.response.CoreStatusResponseTest
Tests run: 2, Failures: 0, Errors: 0, Skipped: 0, Time elapsed: 0 sec - in org.asteriskjava.manager.response.CoreStatusResponseTest
Running org.asteriskjava.manager.event.AsyncAgiEventTest
Tests run: 2, Failures: 0, Errors: 0, Skipped: 0, Time elapsed: 0 sec - in org.asteriskjava.manager.event.AsyncAgiEventTest
Running org.asteriskjava.manager.event.ChannelReloadEventTest
Tests run: 3, Failures: 0, Errors: 0, Skipped: 0, Time elapsed: 0 sec - in org.asteriskjava.manager.event.ChannelReloadEventTest
Running org.asteriskjava.manager.event.RtcpReceivedEventTest
Tests run: 5, Failures: 0, Errors: 0, Skipped: 0, Time elapsed: 0.001 sec - in org.asteriskjava.manager.event.RtcpReceivedEventTest
Running org.asteriskjava.manager.event.T38FaxStatusEventTest
Tests run: 2, Failures: 0, Errors: 0, Skipped: 0, Time elapsed: 0 sec - in org.asteriskjava.manager.event.T38FaxStatusEventTest
Running org.asteriskjava.manager.event.NewStateEventTest
Tests run: 2, Failures: 0, Errors: 0, Skipped: 0, Time elapsed: 0 sec - in org.asteriskjava.manager.event.NewStateEventTest
Running org.asteriskjava.manager.event.SkypeBuddyStatusEventTest
Tests run: 2, Failures: 0, Errors: 0, Skipped: 0, Time elapsed: 0 sec - in org.asteriskjava.manager.event.SkypeBuddyStatusEventTest
Running org.asteriskjava.manager.event.SkypeChatMessageEventTest
Tests run: 1, Failures: 0, Errors: 0, Skipped: 0, Time elapsed: 0 sec - in org.asteriskjava.manager.event.SkypeChatMessageEventTest
Running org.asteriskjava.manager.event.CdrEventTest
Tests run: 3, Failures: 0, Errors: 0, Skipped: 0, Time elapsed: 0 sec - in org.asteriskjava.manager.event.CdrEventTest
Running org.asteriskjava.manager.AbstractManagerEventListenerTest
Tests run: 2, Failures: 0, Errors: 0, Skipped: 0, Time elapsed: 0 sec - in org.asteriskjava.manager.AbstractManagerEventListenerTest
Running org.asteriskjava.fastagi.ResourceBundleMappingStrategyTest
18:10:02.620 [Thread-39] INFO  o.a.m.i.ManagerConnectionImplTest$MockedManagerConnectionImpl - Connected via Asterisk Call Manager/1.0
18:10:02.622 [main] INFO  o.a.f.ResourceBundleMappingStrategy - Added mapping for 'hello.agi' to class org.asteriskjava.fastagi.HelloAgiScript
18:10:02.622 [main] INFO  o.a.f.ResourceBundleMappingStrategy - Added mapping for 'string.agi' to class java.lang.String
18:10:02.622 [main] INFO  o.a.f.ResourceBundleMappingStrategy - Added mapping for 'nonexisting.agi' to class org.asteriskjava.fastagi.NonExistingAgiScript
18:10:02.624 [main] INFO  o.a.f.ResourceBundleMappingStrategy - Resource bundle 'net.sf.asterisk.fastagi.unavailable' not found.
18:10:02.624 [main] INFO  o.a.f.ResourceBundleMappingStrategy - Added mapping for 'hello.agi' to class org.asteriskjava.fastagi.HelloAgiScript
18:10:02.625 [main] WARN  o.a.f.ResourceBundleMappingStrategy - Unable to create AgiScript instance of type java.lang.String: Class does not implement the AgiScript interface
Tests run: 3, Failures: 0, Errors: 0, Skipped: 0, Time elapsed: 0.006 sec - in org.asteriskjava.fastagi.ResourceBundleMappingStrategyTest
Running org.asteriskjava.fastagi.command.ExecCommandTest
Tests run: 5, Failures: 0, Errors: 0, Skipped: 0, Time elapsed: 0.002 sec - in org.asteriskjava.fastagi.command.ExecCommandTest
Running org.asteriskjava.fastagi.command.GetDataCommandTest
Tests run: 4, Failures: 0, Errors: 0, Skipped: 0, Time elapsed: 0.001 sec - in org.asteriskjava.fastagi.command.GetDataCommandTest
Running org.asteriskjava.fastagi.command.AbstractAgiCommandTest
Tests run: 6, Failures: 0, Errors: 0, Skipped: 0, Time elapsed: 0.001 sec - in org.asteriskjava.fastagi.command.AbstractAgiCommandTest
Running org.asteriskjava.fastagi.internal.AgiReplyImplTest
Tests run: 12, Failures: 0, Errors: 0, Skipped: 0, Time elapsed: 0.004 sec - in org.asteriskjava.fastagi.internal.AgiReplyImplTest
Running org.asteriskjava.fastagi.internal.AgiWriterImplTest
Tests run: 1, Failures: 0, Errors: 0, Skipped: 0, Time elapsed: 0.001 sec - in org.asteriskjava.fastagi.internal.AgiWriterImplTest
Running org.asteriskjava.fastagi.internal.AgiReaderImplTest
Tests run: 5, Failures: 0, Errors: 0, Skipped: 0, Time elapsed: 0.003 sec - in org.asteriskjava.fastagi.internal.AgiReaderImplTest
Running org.asteriskjava.fastagi.internal.AgiChannelImplTest
18:10:02.650 [main] WARN  o.a.fastagi.internal.AgiChannelImpl - Request is null, I assume you're testing... returning AsteriskVersion 1.4
18:10:02.651 [main] WARN  o.a.fastagi.internal.AgiChannelImpl - Request is null, I assume you're testing... returning AsteriskVersion 1.4
18:10:02.651 [main] WARN  o.a.fastagi.internal.AgiChannelImpl - Request is null, I assume you're testing... returning AsteriskVersion 1.4
Tests run: 3, Failures: 0, Errors: 0, Skipped: 0, Time elapsed: 0.006 sec - in org.asteriskjava.fastagi.internal.AgiChannelImplTest
Running org.asteriskjava.fastagi.internal.AgiRequestImplTest
Tests run: 24, Failures: 0, Errors: 0, Skipped: 0, Time elapsed: 0.005 sec - in org.asteriskjava.fastagi.internal.AgiRequestImplTest
Running org.asteriskjava.fastagi.ScriptEngineMappingStrategyTest
Tests run: 3, Failures: 0, Errors: 0, Skipped: 0, Time elapsed: 0 sec - in org.asteriskjava.fastagi.ScriptEngineMappingStrategyTest
Running org.asteriskjava.fastagi.CompositeMappingStrategyTest
18:10:02.662 [main] INFO  o.a.f.ResourceBundleMappingStrategy - Added mapping for 'hello.agi' to class org.asteriskjava.fastagi.HelloAgiScript
18:10:02.662 [main] WARN  o.a.f.ResourceBundleMappingStrategy - Unable to create AgiScript instance of type java.lang.String: Class does not implement the AgiScript interface
18:10:02.663 [main] INFO  o.a.f.ResourceBundleMappingStrategy - Added mapping for 'hello.agi' to class org.asteriskjava.fastagi.HelloAgiScript
18:10:02.663 [main] WARN  o.a.f.ResourceBundleMappingStrategy - Unable to create AgiScript instance of type java.lang.String: Class does not implement the AgiScript interface
Tests run: 2, Failures: 0, Errors: 0, Skipped: 0, Time elapsed: 0.002 sec - in org.asteriskjava.fastagi.CompositeMappingStrategyTest
Running org.asteriskjava.fastagi.DefaultAgiServerTest
Tests run: 4, Failures: 0, Errors: 0, Skipped: 0, Time elapsed: 0.005 sec - in org.asteriskjava.fastagi.DefaultAgiServerTest
Running org.asteriskjava.fastagi.ClassNameMappingStrategyTest
Tests run: 2, Failures: 0, Errors: 0, Skipped: 0, Time elapsed: 0.001 sec - in org.asteriskjava.fastagi.ClassNameMappingStrategyTest
Running org.asteriskjava.pbx.agi.RateLimiterTest
1586481002672
1586481002772
1586481002872
1586481003672
1586481003772
1586481003873
1586481004672
1586481004772
1586481004873
1586481005672
1586481005772
1586481005873
1586481006672
1586481006772
1586481006873
Tests run: 1, Failures: 0, Errors: 0, Skipped: 0, Time elapsed: 4.302 sec - in org.asteriskjava.pbx.agi.RateLimiterTest
Running org.asteriskjava.pbx.internal.core.ListenerManagerTest
Tests run: 1, Failures: 0, Errors: 0, Skipped: 0, Time elapsed: 0.053 sec - in org.asteriskjava.pbx.internal.core.ListenerManagerTest
Running org.asteriskjava.config.ConfigFileParserTest
Tests run: 4, Failures: 0, Errors: 0, Skipped: 0, Time elapsed: 0.005 sec - in org.asteriskjava.config.ConfigFileParserTest
Running org.asteriskjava.live.internal.AsteriskChannelImplTest
Tests run: 1, Failures: 0, Errors: 0, Skipped: 0, Time elapsed: 0.017 sec - in org.asteriskjava.live.internal.AsteriskChannelImplTest
Running org.asteriskjava.live.internal.AsteriskAgentImplTest
Tests run: 1, Failures: 0, Errors: 0, Skipped: 0, Time elapsed: 0.001 sec - in org.asteriskjava.live.internal.AsteriskAgentImplTest
Running org.asteriskjava.live.internal.AsteriskQueueMemberImplTest
Tests run: 1, Failures: 0, Errors: 0, Skipped: 0, Time elapsed: 0.006 sec - in org.asteriskjava.live.internal.AsteriskQueueMemberImplTest
Running org.asteriskjava.live.CallerIdTest
Tests run: 7, Failures: 0, Errors: 0, Skipped: 0, Time elapsed: 0.002 sec - in org.asteriskjava.live.CallerIdTest
Running org.asteriskjava.live.HangupCauseTest
Tests run: 1, Failures: 0, Errors: 0, Skipped: 0, Time elapsed: 0.001 sec - in org.asteriskjava.live.HangupCauseTest
Running org.asteriskjava.live.QueueMemberStateTest
Tests run: 2, Failures: 0, Errors: 0, Skipped: 0, Time elapsed: 0 sec - in org.asteriskjava.live.QueueMemberStateTest
Running org.asteriskjava.AsteriskVersionTest
Tests run: 9, Failures: 0, Errors: 0, Skipped: 0, Time elapsed: 0.001 sec - in org.asteriskjava.AsteriskVersionTest

Results :

Tests run: 257, Failures: 0, Errors: 0, Skipped: 0

[INFO] 
[INFO] --- maven-surefire-plugin:2.19.1:test (default-test-rerunfailures) @ asterisk-java ---

-------------------------------------------------------
 T E S T S
-------------------------------------------------------

Results :

Tests run: 0, Failures: 0, Errors: 0, Skipped: 0

[INFO] 
[INFO] --- deflaker-maven-plugin:1.5-SNAPSHOT:report (deflaker-report-tests) @ asterisk-java ---
[INFO] ------------------------------------------------------------------------
[INFO] TEST DIFFCOV ANALYSIS
[INFO] Asterisk-Javaasterisk-java
[INFO] ------------------------------------------------------------------------
[INFO] Using covFile: /lv_scratch/scratch/mondego/local/Maruf/ASE/projects/asterisk-java/target/diffcov.log
[INFO] Using difFile: /lv_scratch/scratch/mondego/local/Maruf/ASE/projects/asterisk-java/.diffCache
[WARNING] Diff has gone untested: org/asteriskjava/pbx/internal/managerAPI/OriginateBaseClass$2 has structural changes!
[WARNING] Diff has gone untested: org/asteriskjava/pbx/internal/managerAPI/OriginateBaseClass has uncovered changes [7, 8, 9, 427, 451, 458, 459, 460, 461, 462, 463, 464, 465, 466, 467, 468, 469, 470, 471, 472, 473, 474, 476, 477, 479, 480, 481, 482, 483, 484, 485, 486, 487, 488, 489, 490, 491, 492, 493, 494, 495, 496, 497, 498, 499, 500, 501, 502, 503, 504, 505, 506, 507, 508, 509, 510, 511, 512, 513, 514, 515, 516, 517, 518, 519, 520, 521, 522, 523, 524, 525, 526, 538, 541, 542, 543, 544, 545, 546, 547, 548, 549, 550, 551, 552, 553, 554, 555, 556, 557, 558, 559, 560, 561, 562, 563, 564, 565, 566, 567, 568, 569, 570, 571, 572, 573, 574, 575, 576, 577, 578, 579, 580, 581, 582, 583, 584, 585, 586, 587, 588, 589, 590, 591, 592, 593, 594, 595, 596, 597, 598, 599, 600, 601, 602, 603, 604, 605, 606, 607, 608, 609, 610, 611, 612, 613, 614, 615, 616, 617, 618, 619, 620, 621, 622, 623, 624, 625, 626, 627, 628, 631, 632, 633, 634, 635, 636, 637, 638, 640, 641, 643, 644, 646, 647]
[WARNING] Diff has gone untested: org/asteriskjava/pbx/internal/managerAPI/OriginateBaseClass$Worker has structural changes!
[WARNING] Diff has gone untested: org/asteriskjava/pbx/internal/managerAPI/OriginateBaseClass$Worker$1 has structural changes!
[WARNING] Diff has gone untested: org/asteriskjava/pbx/internal/managerAPI/OriginateBaseClass$WorkerCallback has structural changes!
[INFO] 
[INFO] --- maven-jar-plugin:2.5:jar (default-jar) @ asterisk-java ---
[INFO] Adding existing MANIFEST to archive. Found under: /lv_scratch/scratch/mondego/local/Maruf/ASE/projects/asterisk-java/target/classes/META-INF/MANIFEST.MF
[INFO] Building jar: /lv_scratch/scratch/mondego/local/Maruf/ASE/projects/asterisk-java/target/asterisk-java.jar
[INFO] 
[INFO] --- maven-assembly-plugin:2.5.3:attached (make-assembly) @ asterisk-java ---
Downloading: https://repo.maven.apache.org/maven2/org/apache/maven/shared/maven-filtering/1.3/maven-filtering-1.3.pom
2/7 KB   3/7 KB   5/7 KB   6/7 KB   7/7 KB            Downloaded: https://repo.maven.apache.org/maven2/org/apache/maven/shared/maven-filtering/1.3/maven-filtering-1.3.pom (7 KB at 61.8 KB/sec)
Downloading: https://repo.maven.apache.org/maven2/org/codehaus/plexus/plexus-utils/3.0.18/plexus-utils-3.0.18.pom
2/4 KB   3/4 KB   4/4 KB            Downloaded: https://repo.maven.apache.org/maven2/org/codehaus/plexus/plexus-utils/3.0.18/plexus-utils-3.0.18.pom (4 KB at 138.1 KB/sec)
Downloading: https://repo.maven.apache.org/maven2/org/apache/maven/shared/maven-repository-builder/1.0/maven-repository-builder-1.0.pom
2/5 KB   3/5 KB   5/5 KB   5/5 KB            Downloaded: https://repo.maven.apache.org/maven2/org/apache/maven/shared/maven-repository-builder/1.0/maven-repository-builder-1.0.pom (5 KB at 153.4 KB/sec)
Downloading: https://repo.maven.apache.org/maven2/org/apache/maven/shared/maven-filtering/1.3/maven-filtering-1.3.jar
Downloading: https://repo.maven.apache.org/maven2/org/apache/maven/shared/maven-repository-builder/1.0/maven-repository-builder-1.0.jar
2/50 KB   3/50 KB   5/50 KB   6/50 KB   7/50 KB   9/50 KB   10/50 KB   11/50 KB   13/50 KB   14/50 KB   15/50 KB   17/50 KB   18/50 KB   19/50 KB   21/50 KB   22/50 KB   23/50 KB   25/50 KB   26/50 KB   27/50 KB   29/50 KB   30/50 KB   31/50 KB   33/50 KB   34/50 KB   35/50 KB   37/50 KB   38/50 KB   39/50 KB   41/50 KB   42/50 KB   43/50 KB   45/50 KB   46/50 KB   47/50 KB   49/50 KB   49/50 KB   2/22 KB   50/50 KB   2/22 KB   50/50 KB   2/22 KB   50/50 KB   3/22 KB   50/50 KB   5/22 KB   50/50 KB   6/22 KB   50/50 KB   7/22 KB   50/50 KB   9/22 KB   50/50 KB   10/22 KB   50/50 KB   11/22 KB   50/50 KB   13/22 KB   50/50 KB   14/22 KB   50/50 KB   15/22 KB   50/50 KB   17/22 KB   50/50 KB   18/22 KB   50/50 KB   19/22 KB   50/50 KB   21/22 KB   50/50 KB   22/22 KB   50/50 KB   22/22 KB                         Downloaded: https://repo.maven.apache.org/maven2/org/apache/maven/shared/maven-filtering/1.3/maven-filtering-1.3.jar (50 KB at 1162.4 KB/sec)
                      Downloaded: https://repo.maven.apache.org/maven2/org/apache/maven/shared/maven-repository-builder/1.0/maven-repository-builder-1.0.jar (22 KB at 449.6 KB/sec)
[INFO] Reading assembly descriptor: /lv_scratch/scratch/mondego/local/Maruf/ASE/projects/asterisk-java/src/main/assembly/bin.xml
[INFO] Building zip: /lv_scratch/scratch/mondego/local/Maruf/ASE/projects/asterisk-java/target/asterisk-java-bin.zip
[INFO] ------------------------------------------------------------------------
[INFO] BUILD SUCCESS
[INFO] ------------------------------------------------------------------------
[INFO] Total time: 40.708 s
[INFO] Finished at: 2020-04-09T18:10:10-07:00
[INFO] Final Memory: 54M/2181M
[INFO] ------------------------------------------------------------------------
