[INFO] Scanning for projects...
[WARNING] The POM for commons-io:commons-io:jar:1.4 is invalid, transitive dependencies (if any) will not be available, enable debug logging for more details
Deflaker, version 1.5-SNAPSHOT loading...
[INFO]                                                                         
[INFO] ------------------------------------------------------------------------
[INFO] Building Asterisk-Java 3.0.0-SNAP-SHOT
[INFO] ------------------------------------------------------------------------
[INFO] 
[INFO] --- maven-resources-plugin:2.6:resources (default-resources) @ asterisk-java ---
[WARNING] Using platform encoding (UTF-8 actually) to copy filtered resources, i.e. build is platform dependent!
[INFO] skip non existing resourceDirectory /lv_scratch/scratch/mondego/local/Maruf/ASE/projects/asterisk-java/src/main/resources
[INFO] 
[INFO] --- maven-compiler-plugin:3.2:compile (default-compile) @ asterisk-java ---
[INFO] Nothing to compile - all classes are up to date
[INFO] 
[INFO] --- bnd-maven-plugin:3.2.0:bnd-process (default) @ asterisk-java ---
[INFO] 
[INFO] --- maven-resources-plugin:2.6:testResources (default-testResources) @ asterisk-java ---
[WARNING] Using platform encoding (UTF-8 actually) to copy filtered resources, i.e. build is platform dependent!
[INFO] Copying 5 resources
[INFO] 
[INFO] --- deflaker-maven-plugin:1.5-SNAPSHOT:diff (deflaker-diff) @ asterisk-java ---
/lv_scratch/scratch/mondego/local/Maruf/ASE/projects/asterisk-java/.git DIFF'ing to HEAD
[ERROR] fatal: Invalid path '/pkg/git/2.13.1/etc': No such file or directory

Diff'ing ab2d296e64b78b4d7cb9458943dbf038244dbed6 against: e7a0239571226eae2d0089e7141473e616e1e3cf
org/asteriskjava/manager/event/BridgeLeaveEvent : [Edit [start=8, end=15], Edit [start=17, end=20], Edit [start=22, end=25], Edit [start=27, end=30], Edit [start=32, end=35], Edit [start=37, end=40], Edit [start=42, end=50], Edit [start=62, end=61]]
	 Methods to watch:[]
org/asteriskjava/fastagi/internal/AgiRequestImpl : [Edit [start=34, end=33]]
	 Methods to watch:[]
org/asteriskjava/manager/event/AbstractBridgeEvent : [Edit [start=19, end=19], Edit [start=95, end=104]]
	 Methods to watch:[]
[INFO] 
[INFO] --- maven-compiler-plugin:3.2:testCompile (default-testCompile) @ asterisk-java ---
[INFO] Changes detected - recompiling the module!
[WARNING] File encoding has not been set, using platform encoding UTF-8, i.e. build is platform dependent!
[INFO] Compiling 58 source files to /lv_scratch/scratch/mondego/local/Maruf/ASE/projects/asterisk-java/target/test-classes
[INFO] 
[INFO] --- maven-surefire-plugin:2.19.1:test (default-test) @ asterisk-java ---

-------------------------------------------------------
 T E S T S
-------------------------------------------------------
Running org.asteriskjava.util.internal.streamreader.FastScannerRandomTest
CR NL Completed 1MB
CR NL Completed 2MB
CR NL Completed 3MB
CR NL Completed 4MB
CR NL Completed 5MB
CR NL Completed 6MB
CR NL Completed 7MB
CR NL Completed 8MB
CR NL Completed 9MB
CR NL Completed 10MB
CR NL Completed 11MB
CR NL Completed 12MB
CR NL Completed 13MB
CR NL Completed 14MB
CR NL Completed 15MB
CR NL Completed 16MB
CR NL Completed 17MB
CR NL Completed 18MB
CR NL Completed 19MB
CR NL Completed 20MB
CR NL Completed 21MB
CR NL Completed 22MB
CR NL Completed 23MB
CR NL Completed 24MB
CR NL Completed 25MB
CR NL Completed 26MB
CR NL Completed 27MB
CR NL Completed 28MB
CR NL Completed 29MB
CR NL Completed 30MB
CR NL Completed 31MB
CR NL Completed 32MB
CR NL Completed 33MB
CR NL Completed 34MB
CR NL Completed 35MB
CR NL Completed 36MB
CR NL Completed 37MB
CR NL Completed 38MB
CR NL Completed 39MB
CR NL Completed 40MB
CR NL Completed 41MB
CR NL Completed 42MB
CR NL Completed 43MB
CR NL Completed 44MB
CR NL Completed 45MB
CR NL Completed 46MB
CR NL Completed 47MB
CR NL Completed 48MB
CR NL Completed 49MB
CR NL Completed 50MB
NL Completed 1MB
NL Completed 2MB
NL Completed 3MB
NL Completed 4MB
NL Completed 5MB
NL Completed 6MB
NL Completed 7MB
NL Completed 8MB
NL Completed 9MB
NL Completed 10MB
NL Completed 11MB
NL Completed 12MB
NL Completed 13MB
NL Completed 14MB
NL Completed 15MB
NL Completed 16MB
NL Completed 17MB
NL Completed 18MB
NL Completed 19MB
NL Completed 20MB
NL Completed 21MB
NL Completed 22MB
NL Completed 23MB
NL Completed 24MB
NL Completed 25MB
NL Completed 26MB
NL Completed 27MB
NL Completed 28MB
NL Completed 29MB
NL Completed 30MB
NL Completed 31MB
NL Completed 32MB
NL Completed 33MB
NL Completed 34MB
NL Completed 35MB
NL Completed 36MB
NL Completed 37MB
NL Completed 38MB
NL Completed 39MB
NL Completed 40MB
NL Completed 41MB
NL Completed 42MB
NL Completed 43MB
NL Completed 44MB
NL Completed 45MB
NL Completed 46MB
NL Completed 47MB
NL Completed 48MB
NL Completed 49MB
NL Completed 50MB
Tests run: 2, Failures: 0, Errors: 0, Skipped: 0, Time elapsed: 9.322 sec - in org.asteriskjava.util.internal.streamreader.FastScannerRandomTest
Running org.asteriskjava.util.internal.streamreader.FastScannerDeterministicTest

Testing scanner class: class org.asteriskjava.util.internal.streamreader.FastScannerCrNl
Done

L: agi_network: yes 16
L: agi_network_script: route?targ=7601&ctx=Pre-Handset 51
L: agi_request: agi://10.10.0.41/route?targ=7601&ctx=Pre-Handset 61
L: agi_channel: Local/7610@default-2df1,1 38
L: agi_language: en 16
L: agi_type: Local 15
L: agi_uniqueid: 1530169476.16133 30
L: agi_callerid: unknown 21
L: agi_calleridname: unknown 25
L: agi_callingpres: 0 18
L: agi_callingani2: 0 18
L: agi_callington: 0 17
L: agi_callingtns: 0 17
L: agi_dnid: unknown 17
L: agi_rdnis: unknown 18
L: agi_context: routesv2-handset 29
L: agi_extension: 7601 19
L: agi_priority: 1 15
L: agi_enhanced: 0.0 17
L: agi_accountcode:  17
L:  0
L: 200 result=0 12
L: 200 result=1 () 15
L: 200 result=0 12
L: 200 result=1 12
L: 200 result=0 12
L: 200 result=0 12
L: 200 result=0 12
L: 200 result=0 12
L: 200 result=1 () 15
L: 200 result=1 12

Testing scanner class: class org.asteriskjava.util.internal.streamreader.FastScannerNl
Done

Tests run: 3, Failures: 0, Errors: 0, Skipped: 0, Time elapsed: 0.009 sec - in org.asteriskjava.util.internal.streamreader.FastScannerDeterministicTest
Running org.asteriskjava.util.internal.streamreader.FastScannerSpeedTest
Scanner 9:	51132	203 ms
Scanner 8:	51132	237 ms
Scanner 7:	51132	229 ms
Scanner 6:	51132	217 ms
Scanner 5:	51132	198 ms
Scanner 4:	51132	184 ms
Scanner 3:	51132	183 ms
Scanner 2:	51132	185 ms
Scanner 1:	51132	184 ms
Scanner 0:	51132	182 ms

Testing fast CrNlStream
Fast 9:	51045	35 ms
Fast 8:	51045	34 ms
Fast 7:	51045	34 ms
Fast 6:	51045	35 ms
Fast 5:	51045	58 ms
Fast 4:	51045	36 ms
Fast 3:	51045	35 ms
Fast 2:	51045	35 ms
Fast 1:	51045	35 ms
Fast 0:	51045	35 ms

Testing fast NlStream
Fast 9:	149615	58 ms
Fast 8:	149615	36 ms
Fast 7:	149615	35 ms
Fast 6:	149615	35 ms
Fast 5:	149615	35 ms
Fast 4:	149615	48 ms
Fast 3:	149615	42 ms
Fast 2:	149615	35 ms
Fast 1:	149615	34 ms
Fast 0:	149615	34 ms
Tests run: 3, Failures: 0, Errors: 0, Skipped: 0, Time elapsed: 4.791 sec - in org.asteriskjava.util.internal.streamreader.FastScannerSpeedTest
Running org.asteriskjava.util.DateUtilTest
Tests run: 2, Failures: 0, Errors: 0, Skipped: 0, Time elapsed: 0.007 sec - in org.asteriskjava.util.DateUtilTest
Running org.asteriskjava.util.AstUtilTest
Tests run: 7, Failures: 0, Errors: 0, Skipped: 0, Time elapsed: 0.002 sec - in org.asteriskjava.util.AstUtilTest
Running org.asteriskjava.manager.internal.ResponseBuilderImplTest
Tests run: 9, Failures: 0, Errors: 0, Skipped: 0, Time elapsed: 0.008 sec - in org.asteriskjava.manager.internal.ResponseBuilderImplTest
Running org.asteriskjava.manager.internal.ActionBuilderImplTest
Tests run: 16, Failures: 0, Errors: 0, Skipped: 0, Time elapsed: 0.016 sec - in org.asteriskjava.manager.internal.ActionBuilderImplTest
Running org.asteriskjava.manager.internal.backwardsCompatibility.bridge.BridgeEnterEventComparatorTest
Tests run: 17, Failures: 0, Errors: 0, Skipped: 0, Time elapsed: 0.016 sec - in org.asteriskjava.manager.internal.backwardsCompatibility.bridge.BridgeEnterEventComparatorTest
Running org.asteriskjava.manager.internal.EventBuilderImplTest
18:11:35.325 [main] ERROR o.a.m.internal.EventBuilderImpl - Loaded 184
18:11:35.338 [main] ERROR o.a.m.internal.EventBuilderImpl - No event type in properties
18:11:35.367 [main] INFO  o.a.m.internal.EventBuilderImpl - No event class registered for event type 'nonexisting', attributes: {event=Nonexisting}. Please report at https://github.com/asterisk-java/asterisk-java/issues
Tests run: 35, Failures: 0, Errors: 0, Skipped: 0, Time elapsed: 0.085 sec - in org.asteriskjava.manager.internal.EventBuilderImplTest
Running org.asteriskjava.manager.internal.ManagerWriterImplTest
Tests run: 2, Failures: 0, Errors: 0, Skipped: 0, Time elapsed: 0.016 sec - in org.asteriskjava.manager.internal.ManagerWriterImplTest
Running org.asteriskjava.manager.internal.ManagerConnectionImplTest
18:11:35.447 [Asterisk-Java ManagerConnection-0-Reconnect-0] INFO  o.a.m.i.ManagerConnectionImplTest$MockedManagerConnectionImpl - Connecting to localhost:5038
18:11:35.448 [Asterisk-Java ManagerConnection-0-Reconnect-0] INFO  o.a.m.i.ManagerConnectionImplTest$MockedManagerConnectionImpl - Closing socket.
18:11:35.448 [Asterisk-Java ManagerConnection-0-Reconnect-0] ERROR o.a.m.i.ManagerConnectionImplTest$MockedManagerConnectionImpl - TimeoutException while trying to log in after reconnect.
18:11:35.499 [Asterisk-Java ManagerConnection-0-Reconnect-0] INFO  o.a.m.i.ManagerConnectionImplTest$MockedManagerConnectionImpl - Connecting to localhost:5038
18:11:35.499 [Thread-4] INFO  o.a.m.i.ManagerConnectionImplTest$MockedManagerConnectionImpl - Connected via Asterisk Call Manager/1.0
18:11:35.499 [Thread-4] WARN  o.a.m.i.ManagerConnectionImplTest$MockedManagerConnectionImpl - Unsupported protocol version 'Asterisk Call Manager/1.0'. Use at your own risk.
18:11:35.553 [Asterisk-Java ManagerConnection-0-Reconnect-0] INFO  o.a.m.i.ManagerConnectionImplTest$MockedManagerConnectionImpl - Successfully logged in
18:11:35.553 [Thread-6] INFO  o.a.m.i.ManagerConnectionImplTest$MockedManagerConnectionImpl - Connected via Asterisk Call Manager/1.0
18:11:35.555 [Asterisk-Java ManagerConnection-0-Reconnect-0] INFO  o.a.m.i.ManagerConnectionImplTest$MockedManagerConnectionImpl - Determined Asterisk version: null
18:11:35.556 [Thread-6] WARN  o.a.m.i.ManagerConnectionImplTest$MockedManagerConnectionImpl - Unsupported protocol version 'Asterisk Call Manager/1.0'. Use at your own risk.
18:11:35.557 [Asterisk-Java ManagerConnection-0-Reconnect-0] INFO  o.a.m.i.ManagerConnectionImplTest$MockedManagerConnectionImpl - Successfully reconnected.
18:11:36.398 [main] INFO  o.a.m.i.ManagerConnectionImplTest$MockedManagerConnectionImpl - Connecting to localhost:5038
18:11:36.449 [Thread-10] INFO  o.a.m.i.ManagerConnectionImplTest$MockedManagerConnectionImpl - Connected via Asterisk Call Manager/1.0
18:11:36.449 [Thread-10] WARN  o.a.m.i.ManagerConnectionImplTest$MockedManagerConnectionImpl - Unsupported protocol version 'Asterisk Call Manager/1.0'. Use at your own risk.
18:11:36.491 [main] INFO  o.a.m.i.ManagerConnectionImplTest$MockedManagerConnectionImpl - Successfully logged in
18:11:36.491 [main] INFO  o.a.m.i.ManagerConnectionImplTest$MockedManagerConnectionImpl - Determined Asterisk version: null
18:11:36.593 [main] INFO  o.a.m.i.ManagerConnectionImplTest$MockedManagerConnectionImpl - Connecting to localhost:5038
18:11:36.644 [Thread-14] INFO  o.a.m.i.ManagerConnectionImplTest$MockedManagerConnectionImpl - Connected via Asterisk Call Manager/1.0
18:11:36.644 [Thread-14] WARN  o.a.m.i.ManagerConnectionImplTest$MockedManagerConnectionImpl - Unsupported protocol version 'Asterisk Call Manager/1.0'. Use at your own risk.
18:11:36.805 [main] INFO  o.a.m.i.ManagerConnectionImplTest$MockedManagerConnectionImpl - Connecting to localhost:5038
18:11:36.857 [Thread-16] INFO  o.a.m.i.ManagerConnectionImplTest$MockedManagerConnectionImpl - Connected via Asterisk Call Manager/1.0
18:11:36.857 [Thread-16] WARN  o.a.m.i.ManagerConnectionImplTest$MockedManagerConnectionImpl - Unsupported protocol version 'Asterisk Call Manager/1.0'. Use at your own risk.
18:11:36.878 [Asterisk-Java ManagerConnection-7-Reconnect-0] INFO  o.a.m.i.ManagerConnectionImplTest$MockedManagerConnectionImpl - Connecting to localhost:5038
18:11:36.879 [Asterisk-Java ManagerConnection-7-Reconnect-0] WARN  o.a.m.i.ManagerConnectionImplTest$MockedManagerConnectionImpl - Exception while trying to reconnect: IOException
18:11:36.929 [Asterisk-Java ManagerConnection-7-Reconnect-0] INFO  o.a.m.i.ManagerConnectionImplTest$MockedManagerConnectionImpl - Connecting to localhost:5038
18:11:36.980 [Thread-20] INFO  o.a.m.i.ManagerConnectionImplTest$MockedManagerConnectionImpl - Connected via Asterisk Call Manager/1.0
18:11:36.980 [Thread-20] WARN  o.a.m.i.ManagerConnectionImplTest$MockedManagerConnectionImpl - Unsupported protocol version 'Asterisk Call Manager/1.0'. Use at your own risk.
18:11:37.022 [Asterisk-Java ManagerConnection-7-Reconnect-0] INFO  o.a.m.i.ManagerConnectionImplTest$MockedManagerConnectionImpl - Successfully logged in
18:11:37.022 [Asterisk-Java ManagerConnection-7-Reconnect-0] INFO  o.a.m.i.ManagerConnectionImplTest$MockedManagerConnectionImpl - Determined Asterisk version: null
18:11:37.022 [Asterisk-Java ManagerConnection-7-Reconnect-0] INFO  o.a.m.i.ManagerConnectionImplTest$MockedManagerConnectionImpl - Successfully reconnected.
18:11:37.828 [main] INFO  o.a.m.i.ManagerConnectionImplTest$MockedManagerConnectionImpl - Connecting to localhost:5038
18:11:37.829 [main] INFO  o.a.m.i.ManagerConnectionImplTest$MockedManagerConnectionImpl - Connecting to localhost:5038
18:11:37.851 [main] INFO  o.a.m.i.ManagerConnectionImplTest$MockedManagerConnectionImpl - Closing socket.
18:11:37.852 [main] ERROR o.a.m.i.ManagerConnectionImplTest$MockedManagerConnectionImpl - Unable to retrieve internalActionId from response: actionId 'null':
org.asteriskjava.manager.response.ManagerResponse: actionId='null'; message='null'; response='Success'; uniqueId='null'; systemHashcode=1239548589
18:11:37.852 [main] INFO  o.a.m.i.ManagerConnectionImplTest$MockedManagerConnectionImpl - Connecting to localhost:5038
18:11:37.880 [Thread-24] INFO  o.a.m.i.ManagerConnectionImplTest$MockedManagerConnectionImpl - Connected via Asterisk Call Manager/1.0
18:11:37.881 [Thread-24] WARN  o.a.m.i.ManagerConnectionImplTest$MockedManagerConnectionImpl - Unsupported protocol version 'Asterisk Call Manager/1.0'. Use at your own risk.
18:11:37.903 [Thread-27] INFO  o.a.m.i.ManagerConnectionImplTest$MockedManagerConnectionImpl - Connected via Asterisk Call Manager/1.0
18:11:37.903 [Thread-27] WARN  o.a.m.i.ManagerConnectionImplTest$MockedManagerConnectionImpl - Unsupported protocol version 'Asterisk Call Manager/1.0'. Use at your own risk.
18:11:37.945 [main] INFO  o.a.m.i.ManagerConnectionImplTest$MockedManagerConnectionImpl - Closing socket.
18:11:38.046 [main] INFO  o.a.m.i.ManagerConnectionImplTest$MockedManagerConnectionImpl - Connecting to localhost:5038
18:11:38.096 [main] INFO  o.a.m.i.ManagerConnectionImplTest$MockedManagerConnectionImpl - Closing socket.
18:11:38.109 [main] ERROR o.a.m.i.ManagerConnectionImplTest$MockedManagerConnectionImpl - Unable to dispatch null response. This should never happen. Please file a bug.
18:11:38.110 [main] ERROR o.a.m.i.ManagerConnectionImplTest$MockedManagerConnectionImpl - Unable to retrieve internalActionId from response: actionId '123_0-abc':
org.asteriskjava.manager.response.ManagerResponse: actionId='null'; message='null'; response='Success'; uniqueId='null'; systemHashcode=1849201180
18:11:38.111 [main] INFO  o.a.m.i.ManagerConnectionImplTest$MockedManagerConnectionImpl - Connecting to localhost:5038
18:11:38.162 [Thread-32] INFO  o.a.m.i.ManagerConnectionImplTest$MockedManagerConnectionImpl - Connected via Asterisk Call Manager/1.0
18:11:38.162 [Thread-32] WARN  o.a.m.i.ManagerConnectionImplTest$MockedManagerConnectionImpl - Unsupported protocol version 'Asterisk Call Manager/1.0'. Use at your own risk.
18:11:38.363 [main] INFO  o.a.m.i.ManagerConnectionImplTest$MockedManagerConnectionImpl - Closing socket.
18:11:38.425 [Asterisk-Java ManagerConnection-17-Reconnect-0] INFO  o.a.m.i.ManagerConnectionImplTest$MockedManagerConnectionImpl - Connecting to localhost:5038
18:11:38.476 [Thread-35] INFO  o.a.m.i.ManagerConnectionImplTest$MockedManagerConnectionImpl - Connected via Asterisk Call Manager/1.0
18:11:38.476 [Thread-35] WARN  o.a.m.i.ManagerConnectionImplTest$MockedManagerConnectionImpl - Unsupported protocol version 'Asterisk Call Manager/1.0'. Use at your own risk.
18:11:38.518 [Asterisk-Java ManagerConnection-17-Reconnect-0] INFO  o.a.m.i.ManagerConnectionImplTest$MockedManagerConnectionImpl - Successfully logged in
18:11:38.519 [Asterisk-Java ManagerConnection-17-Reconnect-0] INFO  o.a.m.i.ManagerConnectionImplTest$MockedManagerConnectionImpl - Determined Asterisk version: null
18:11:38.519 [Asterisk-Java ManagerConnection-17-Reconnect-0] INFO  o.a.m.i.ManagerConnectionImplTest$MockedManagerConnectionImpl - Successfully reconnected.
18:11:39.375 [main] INFO  o.a.m.i.ManagerConnectionImplTest$MockedManagerConnectionImpl - Connecting to localhost:5038
18:11:39.376 [main] ERROR o.a.m.i.ManagerConnectionImplTest$MockedManagerConnectionImpl - Unable to retrieve internalActionId from response: actionId 'abc':
org.asteriskjava.manager.response.ManagerResponse: actionId='null'; message='null'; response='Success'; uniqueId='null'; systemHashcode=667346055
Tests run: 22, Failures: 0, Errors: 0, Skipped: 0, Time elapsed: 3.989 sec - in org.asteriskjava.manager.internal.ManagerConnectionImplTest
Running org.asteriskjava.manager.internal.ManagerReaderImplTest
18:11:39.388 [main] INFO  o.a.m.internal.ManagerReaderImpl - Terminating reader thread: Something happened to the network...
Tests run: 9, Failures: 0, Errors: 0, Skipped: 0, Time elapsed: 0.018 sec - in org.asteriskjava.manager.internal.ManagerReaderImplTest
Running org.asteriskjava.manager.response.SipShowPeerResponseTest
Tests run: 4, Failures: 0, Errors: 0, Skipped: 0, Time elapsed: 0.002 sec - in org.asteriskjava.manager.response.SipShowPeerResponseTest
Running org.asteriskjava.manager.response.CoreStatusResponseTest
Tests run: 2, Failures: 0, Errors: 0, Skipped: 0, Time elapsed: 0.002 sec - in org.asteriskjava.manager.response.CoreStatusResponseTest
Running org.asteriskjava.manager.event.AsyncAgiEventTest
Tests run: 2, Failures: 0, Errors: 0, Skipped: 0, Time elapsed: 0.001 sec - in org.asteriskjava.manager.event.AsyncAgiEventTest
Running org.asteriskjava.manager.event.ChannelReloadEventTest
Tests run: 3, Failures: 0, Errors: 0, Skipped: 0, Time elapsed: 0 sec - in org.asteriskjava.manager.event.ChannelReloadEventTest
Running org.asteriskjava.manager.event.RtcpReceivedEventTest
Tests run: 5, Failures: 0, Errors: 0, Skipped: 0, Time elapsed: 0.002 sec - in org.asteriskjava.manager.event.RtcpReceivedEventTest
Running org.asteriskjava.manager.event.T38FaxStatusEventTest
Tests run: 2, Failures: 0, Errors: 0, Skipped: 0, Time elapsed: 0 sec - in org.asteriskjava.manager.event.T38FaxStatusEventTest
Running org.asteriskjava.manager.event.NewStateEventTest
Tests run: 2, Failures: 0, Errors: 0, Skipped: 0, Time elapsed: 0 sec - in org.asteriskjava.manager.event.NewStateEventTest
Running org.asteriskjava.manager.event.SkypeBuddyStatusEventTest
Tests run: 2, Failures: 0, Errors: 0, Skipped: 0, Time elapsed: 0 sec - in org.asteriskjava.manager.event.SkypeBuddyStatusEventTest
Running org.asteriskjava.manager.event.SkypeChatMessageEventTest
Tests run: 1, Failures: 0, Errors: 0, Skipped: 0, Time elapsed: 0 sec - in org.asteriskjava.manager.event.SkypeChatMessageEventTest
Running org.asteriskjava.manager.event.CdrEventTest
Tests run: 3, Failures: 0, Errors: 0, Skipped: 0, Time elapsed: 0.002 sec - in org.asteriskjava.manager.event.CdrEventTest
Running org.asteriskjava.manager.AbstractManagerEventListenerTest
Tests run: 2, Failures: 0, Errors: 0, Skipped: 0, Time elapsed: 0.001 sec - in org.asteriskjava.manager.AbstractManagerEventListenerTest
Running org.asteriskjava.fastagi.ResourceBundleMappingStrategyTest
18:11:39.425 [Thread-39] INFO  o.a.m.i.ManagerConnectionImplTest$MockedManagerConnectionImpl - Connected via Asterisk Call Manager/1.0
18:11:39.426 [Thread-39] WARN  o.a.m.i.ManagerConnectionImplTest$MockedManagerConnectionImpl - Unsupported protocol version 'Asterisk Call Manager/1.0'. Use at your own risk.
18:11:39.430 [main] INFO  o.a.f.ResourceBundleMappingStrategy - Added mapping for 'hello.agi' to class org.asteriskjava.fastagi.HelloAgiScript
18:11:39.430 [main] INFO  o.a.f.ResourceBundleMappingStrategy - Added mapping for 'string.agi' to class java.lang.String
18:11:39.430 [main] INFO  o.a.f.ResourceBundleMappingStrategy - Added mapping for 'nonexisting.agi' to class org.asteriskjava.fastagi.NonExistingAgiScript
18:11:39.432 [main] INFO  o.a.f.ResourceBundleMappingStrategy - Resource bundle 'net.sf.asterisk.fastagi.unavailable' not found.
18:11:39.432 [main] INFO  o.a.f.ResourceBundleMappingStrategy - Added mapping for 'hello.agi' to class org.asteriskjava.fastagi.HelloAgiScript
18:11:39.432 [main] WARN  o.a.f.ResourceBundleMappingStrategy - Unable to create AgiScript instance of type java.lang.String: Class does not implement the AgiScript interface
Tests run: 3, Failures: 0, Errors: 0, Skipped: 0, Time elapsed: 0.007 sec - in org.asteriskjava.fastagi.ResourceBundleMappingStrategyTest
Running org.asteriskjava.fastagi.command.ExecCommandTest
Tests run: 5, Failures: 0, Errors: 0, Skipped: 0, Time elapsed: 0.001 sec - in org.asteriskjava.fastagi.command.ExecCommandTest
Running org.asteriskjava.fastagi.command.GetDataCommandTest
Tests run: 4, Failures: 0, Errors: 0, Skipped: 0, Time elapsed: 0.001 sec - in org.asteriskjava.fastagi.command.GetDataCommandTest
Running org.asteriskjava.fastagi.command.AbstractAgiCommandTest
Tests run: 6, Failures: 0, Errors: 0, Skipped: 0, Time elapsed: 0.001 sec - in org.asteriskjava.fastagi.command.AbstractAgiCommandTest
Running org.asteriskjava.fastagi.internal.AgiReplyImplTest
Tests run: 12, Failures: 0, Errors: 0, Skipped: 0, Time elapsed: 0.003 sec - in org.asteriskjava.fastagi.internal.AgiReplyImplTest
Running org.asteriskjava.fastagi.internal.AgiWriterImplTest
Tests run: 1, Failures: 0, Errors: 0, Skipped: 0, Time elapsed: 0 sec - in org.asteriskjava.fastagi.internal.AgiWriterImplTest
Running org.asteriskjava.fastagi.internal.AgiReaderImplTest
Tests run: 5, Failures: 0, Errors: 0, Skipped: 0, Time elapsed: 0.009 sec - in org.asteriskjava.fastagi.internal.AgiReaderImplTest
Running org.asteriskjava.fastagi.internal.AgiChannelImplTest
18:11:39.464 [main] WARN  o.a.fastagi.internal.AgiChannelImpl - Request is null, I assume you're testing...
18:11:39.465 [main] WARN  o.a.fastagi.internal.AgiChannelImpl - Request is null, I assume you're testing...
18:11:39.465 [main] WARN  o.a.fastagi.internal.AgiChannelImpl - Request is null, I assume you're testing...
Tests run: 3, Failures: 0, Errors: 0, Skipped: 0, Time elapsed: 0.005 sec - in org.asteriskjava.fastagi.internal.AgiChannelImplTest
Running org.asteriskjava.fastagi.internal.AgiRequestImplTest
Tests run: 24, Failures: 0, Errors: 0, Skipped: 0, Time elapsed: 0.008 sec - in org.asteriskjava.fastagi.internal.AgiRequestImplTest
Running org.asteriskjava.fastagi.ScriptEngineMappingStrategyTest
Tests run: 3, Failures: 0, Errors: 0, Skipped: 0, Time elapsed: 0 sec - in org.asteriskjava.fastagi.ScriptEngineMappingStrategyTest
Running org.asteriskjava.fastagi.CompositeMappingStrategyTest
18:11:39.478 [main] INFO  o.a.f.ResourceBundleMappingStrategy - Added mapping for 'hello.agi' to class org.asteriskjava.fastagi.HelloAgiScript
18:11:39.478 [main] WARN  o.a.f.ResourceBundleMappingStrategy - Unable to create AgiScript instance of type java.lang.String: Class does not implement the AgiScript interface
18:11:39.479 [main] INFO  o.a.f.ResourceBundleMappingStrategy - Added mapping for 'hello.agi' to class org.asteriskjava.fastagi.HelloAgiScript
18:11:39.479 [main] WARN  o.a.f.ResourceBundleMappingStrategy - Unable to create AgiScript instance of type java.lang.String: Class does not implement the AgiScript interface
Tests run: 2, Failures: 0, Errors: 0, Skipped: 0, Time elapsed: 0.002 sec - in org.asteriskjava.fastagi.CompositeMappingStrategyTest
Running org.asteriskjava.fastagi.DefaultAgiServerTest
Tests run: 4, Failures: 0, Errors: 0, Skipped: 0, Time elapsed: 0.005 sec - in org.asteriskjava.fastagi.DefaultAgiServerTest
Running org.asteriskjava.fastagi.ClassNameMappingStrategyTest
Tests run: 2, Failures: 0, Errors: 0, Skipped: 0, Time elapsed: 0 sec - in org.asteriskjava.fastagi.ClassNameMappingStrategyTest
Running org.asteriskjava.pbx.agi.RateLimiterTest
1586481099486
1586481099587
1586481099687
1586481100486
1586481100587
1586481100688
1586481101486
1586481101587
1586481101689
1586481102486
1586481102587
1586481102689
1586481103486
1586481103587
1586481103689
Tests run: 1, Failures: 0, Errors: 0, Skipped: 0, Time elapsed: 4.303 sec - in org.asteriskjava.pbx.agi.RateLimiterTest
Running org.asteriskjava.pbx.internal.core.ListenerManagerTest
Tests run: 1, Failures: 0, Errors: 0, Skipped: 0, Time elapsed: 0.044 sec - in org.asteriskjava.pbx.internal.core.ListenerManagerTest
Running org.asteriskjava.config.ConfigFileParserTest
Tests run: 4, Failures: 0, Errors: 0, Skipped: 0, Time elapsed: 0.004 sec - in org.asteriskjava.config.ConfigFileParserTest
Running org.asteriskjava.live.internal.AsteriskChannelImplTest
Tests run: 1, Failures: 0, Errors: 0, Skipped: 0, Time elapsed: 0.017 sec - in org.asteriskjava.live.internal.AsteriskChannelImplTest
Running org.asteriskjava.live.internal.AsteriskAgentImplTest
Tests run: 1, Failures: 0, Errors: 0, Skipped: 0, Time elapsed: 0.002 sec - in org.asteriskjava.live.internal.AsteriskAgentImplTest
Running org.asteriskjava.live.internal.AsteriskQueueMemberImplTest
Tests run: 1, Failures: 0, Errors: 0, Skipped: 0, Time elapsed: 0.003 sec - in org.asteriskjava.live.internal.AsteriskQueueMemberImplTest
Running org.asteriskjava.live.CallerIdTest
Tests run: 7, Failures: 0, Errors: 0, Skipped: 0, Time elapsed: 0.001 sec - in org.asteriskjava.live.CallerIdTest
Running org.asteriskjava.live.HangupCauseTest
Tests run: 1, Failures: 0, Errors: 0, Skipped: 0, Time elapsed: 0 sec - in org.asteriskjava.live.HangupCauseTest
Running org.asteriskjava.live.QueueMemberStateTest
Tests run: 2, Failures: 0, Errors: 0, Skipped: 0, Time elapsed: 0 sec - in org.asteriskjava.live.QueueMemberStateTest
Running org.asteriskjava.AsteriskVersionTest
Tests run: 4, Failures: 0, Errors: 0, Skipped: 0, Time elapsed: 0 sec - in org.asteriskjava.AsteriskVersionTest

Results :

Tests run: 252, Failures: 0, Errors: 0, Skipped: 0

[INFO] 
[INFO] --- maven-surefire-plugin:2.19.1:test (default-test-rerunfailures) @ asterisk-java ---

-------------------------------------------------------
 T E S T S
-------------------------------------------------------

Results :

Tests run: 0, Failures: 0, Errors: 0, Skipped: 0

[INFO] 
[INFO] --- deflaker-maven-plugin:1.5-SNAPSHOT:report (deflaker-report-tests) @ asterisk-java ---
[INFO] ------------------------------------------------------------------------
[INFO] TEST DIFFCOV ANALYSIS
[INFO] Asterisk-Javaasterisk-java
[INFO] ------------------------------------------------------------------------
[INFO] Using covFile: /lv_scratch/scratch/mondego/local/Maruf/ASE/projects/asterisk-java/target/diffcov.log
[INFO] Using difFile: /lv_scratch/scratch/mondego/local/Maruf/ASE/projects/asterisk-java/.diffCache
[WARNING] Diff has gone untested: org/asteriskjava/manager/event/BridgeLeaveEvent has uncovered changes [19, 20, 24, 29, 30, 34, 39, 40, 44, 49, 50]
[WARNING] Diff has gone untested: org/asteriskjava/manager/event/AbstractBridgeEvent has uncovered changes [98, 103, 104]
[INFO] 
[INFO] --- maven-jar-plugin:2.5:jar (default-jar) @ asterisk-java ---
[INFO] Adding existing MANIFEST to archive. Found under: /lv_scratch/scratch/mondego/local/Maruf/ASE/projects/asterisk-java/target/classes/META-INF/MANIFEST.MF
[INFO] Building jar: /lv_scratch/scratch/mondego/local/Maruf/ASE/projects/asterisk-java/target/asterisk-java.jar
[INFO] 
[INFO] --- maven-assembly-plugin:2.5.3:attached (make-assembly) @ asterisk-java ---
[INFO] Reading assembly descriptor: /lv_scratch/scratch/mondego/local/Maruf/ASE/projects/asterisk-java/src/main/assembly/bin.xml
[INFO] Building zip: /lv_scratch/scratch/mondego/local/Maruf/ASE/projects/asterisk-java/target/asterisk-java-bin.zip
[INFO] ------------------------------------------------------------------------
[INFO] BUILD SUCCESS
[INFO] ------------------------------------------------------------------------
[INFO] Total time: 35.667 s
[INFO] Finished at: 2020-04-09T18:11:46-07:00
[INFO] Final Memory: 52M/2198M
[INFO] ------------------------------------------------------------------------
