
real	1m29.964s
user	1m1.847s
sys	0m7.458s
=========================================================
=========================================================
[INFO] Scanning for projects... [WARNING] [WARNING] Some problems were encountered while building the effective model for commons-io:commons-io:jar:2.1-SNAPSHOT [WARNING] 'build.plugins.plugin.version' for org.apache.maven.plugins:maven-idea-plugin is missing. @ org.apache.commons:commons-parent:21, /Users/demigorgan/.m2/repository/org/apache/commons/commons-parent/21/commons-parent-21.pom, line 325, column 15 [WARNING] [WARNING] It is highly recommended to fix these problems because they threaten the stability of your build. [WARNING] [WARNING] For this reason, future Maven versions might no longer support building such malformed projects. [WARNING] [INFO] [INFO] ------------------------------------------------------------------------ [INFO] Building Commons IO 2.1-SNAPSHOT [INFO] ------------------------------------------------------------------------ [INFO] [INFO] >>> starts-maven-plugin:1.4-SNAPSHOT:starts (default-cli) > [starts]test @ commons-io >>> [INFO] [INFO] --- maven-antrun-plugin:1.5:run (javadoc.resources) @ commons-io --- [INFO] Executing tasks main: [INFO] Executed tasks [INFO] [INFO] --- maven-remote-resources-plugin:1.1:process (default) @ commons-io --- [INFO] Setting property: classpath.resource.loader.class => 'org.codehaus.plexus.velocity.ContextClassLoaderResourceLoader'. [INFO] Setting property: velocimacro.messages.on => 'false'. [INFO] Setting property: resource.loader => 'classpath'. [INFO] Setting property: resource.manager.logwhenfound => 'false'. [INFO] [INFO] --- maven-resources-plugin:2.4.1:resources (default-resources) @ commons-io --- [INFO] Using 'iso-8859-1' encoding to copy filtered resources. [INFO] Copying 2 resources to META-INF [INFO] [INFO] --- maven-compiler-plugin:2.1:compile (default-compile) @ commons-io --- [INFO] Nothing to compile - all classes are up to date [INFO] [INFO] --- maven-bundle-plugin:1.4.3:manifest (bundle-manifest) @ commons-io --- [INFO] [INFO] --- maven-resources-plugin:2.4.1:testResources (default-testResources) @ commons-io --- [INFO] Using 'iso-8859-1' encoding to copy filtered resources. [INFO] Copying 2 resources to META-INF [INFO] [INFO] --- maven-compiler-plugin:2.1:testCompile (default-testCompile) @ commons-io --- [INFO] Compiling 88 source files to /Users/demigorgan/TLDR_EXP/projects/commons-io/target/test-classes [INFO] [INFO] >>> starts-maven-plugin:1.4-SNAPSHOT:run (default-cli) > test-compile @ commons-io >>> [INFO] [INFO] --- maven-antrun-plugin:1.5:run (javadoc.resources) @ commons-io --- [INFO] Executing tasks main: [INFO] Executed tasks [INFO] [INFO] --- maven-remote-resources-plugin:1.1:process (default) @ commons-io --- [INFO] [INFO] --- maven-resources-plugin:2.4.1:resources (default-resources) @ commons-io --- [INFO] Using 'iso-8859-1' encoding to copy filtered resources. [INFO] Copying 2 resources to META-INF [INFO] [INFO] --- maven-compiler-plugin:2.1:compile (default-compile) @ commons-io --- [INFO] Nothing to compile - all classes are up to date [INFO] [INFO] --- maven-bundle-plugin:1.4.3:manifest (bundle-manifest) @ commons-io --- [INFO] [INFO] --- maven-resources-plugin:2.4.1:testResources (default-testResources) @ commons-io --- [INFO] Using 'iso-8859-1' encoding to copy filtered resources. [INFO] Copying 2 resources to META-INF [INFO] [INFO] --- maven-compiler-plugin:2.1:testCompile (default-testCompile) @ commons-io --- [INFO] Nothing to compile - all classes are up to date [INFO] [INFO] <<< starts-maven-plugin:1.4-SNAPSHOT:run (default-cli) < test-compile @ commons-io <<< [INFO] [INFO] --- starts-maven-plugin:1.4-SNAPSHOT:run (default-cli) @ commons-io --- INFO: ALL(count): 197 INFO: UNREACHED(count): 1 INFO: STARTS:Nodes: 234 INFO: STARTS:Edges: 606 INFO: STARTS:AffectedTests: 79 INFO: STARTS:TotalTests: 79 [INFO] [INFO] --- maven-surefire-plugin:2.8.1:test (default-test) @ commons-io --- [INFO] Surefire report directory: /Users/demigorgan/TLDR_EXP/projects/commons-io/target/surefire-reports ------------------------------------------------------- T E S T S ------------------------------------------------------- Running org.apache.commons.io.FileCleaningTrackerTestCase Tests run: 9, Failures: 0, Errors: 0, Skipped: 0, Time elapsed: 4.152 sec Running org.apache.commons.io.CopyUtilsTest Tests run: 11, Failures: 0, Errors: 0, Skipped: 0, Time elapsed: 0.039 sec Running org.apache.commons.io.comparator.SizeFileComparatorTest Tests run: 9, Failures: 0, Errors: 0, Skipped: 0, Time elapsed: 0.157 sec Running org.apache.commons.io.comparator.DefaultFileComparatorTest Tests run: 7, Failures: 0, Errors: 0, Skipped: 0, Time elapsed: 0.047 sec Running org.apache.commons.io.comparator.CompositeFileComparatorTest Tests run: 10, Failures: 0, Errors: 0, Skipped: 0, Time elapsed: 0.074 sec Running org.apache.commons.io.comparator.LastModifiedFileComparatorTest Tests run: 7, Failures: 0, Errors: 0, Skipped: 0, Time elapsed: 13.431 sec Running org.apache.commons.io.comparator.ExtensionFileComparatorTest Tests run: 8, Failures: 0, Errors: 0, Skipped: 0, Time elapsed: 0.103 sec Running org.apache.commons.io.comparator.PathFileComparatorTest Tests run: 8, Failures: 0, Errors: 0, Skipped: 0, Time elapsed: 0.086 sec Running org.apache.commons.io.comparator.DirectoryFileComparatorTest Tests run: 7, Failures: 0, Errors: 0, Skipped: 0, Time elapsed: 0.275 sec Running org.apache.commons.io.comparator.NameFileComparatorTest Tests run: 8, Failures: 0, Errors: 0, Skipped: 0, Time elapsed: 0.136 sec Running org.apache.commons.io.FileUtilsCleanSymlinksTestCase Tests run: 7, Failures: 0, Errors: 0, Skipped: 0, Time elapsed: 0.698 sec Running org.apache.commons.io.monitor.FileAlterationMonitorTestCase Tests run: 4, Failures: 0, Errors: 0, Skipped: 0, Time elapsed: 1.667 sec Running org.apache.commons.io.monitor.FileAlterationObserverTestCase Tests run: 7, Failures: 0, Errors: 0, Skipped: 0, Time elapsed: 14.905 sec Running org.apache.commons.io.filefilter.AndFileFilterTestCase Tests run: 5, Failures: 0, Errors: 0, Skipped: 0, Time elapsed: 0.033 sec Running org.apache.commons.io.filefilter.RegexFileFilterTestCase Tests run: 1, Failures: 0, Errors: 0, Skipped: 0, Time elapsed: 0.038 sec Running org.apache.commons.io.filefilter.OrFileFilterTestCase Tests run: 5, Failures: 0, Errors: 0, Skipped: 0, Time elapsed: 0.04 sec Running org.apache.commons.io.filefilter.FileFilterTestCase Tests run: 43, Failures: 0, Errors: 0, Skipped: 0, Time elapsed: 2.152 sec Running org.apache.commons.io.IOUtilsCopyTestCase Tests run: 22, Failures: 0, Errors: 0, Skipped: 0, Time elapsed: 0.086 sec Running org.apache.commons.io.FileUtilsWaitForTestCase Tests run: 1, Failures: 0, Errors: 0, Skipped: 0, Time elapsed: 5.498 sec Running org.apache.commons.io.input.compatibility.XmlStreamReaderUtilitiesCompatibilityTest Tests run: 8, Failures: 0, Errors: 0, Skipped: 0, Time elapsed: 0.041 sec Running org.apache.commons.io.input.ClassLoaderObjectInputStreamTest Tests run: 2, Failures: 0, Errors: 0, Skipped: 0, Time elapsed: 0.086 sec Running org.apache.commons.io.input.AutoCloseInputStreamTest Tests run: 4, Failures: 0, Errors: 0, Skipped: 0, Time elapsed: 0.065 sec Running org.apache.commons.io.input.BOMInputStreamTest Tests run: 27, Failures: 0, Errors: 0, Skipped: 0, Time elapsed: 0.035 sec Running org.apache.commons.io.input.NullInputStreamTest Tests run: 6, Failures: 0, Errors: 0, Skipped: 0, Time elapsed: 0.03 sec Running org.apache.commons.io.input.TaggedInputStreamTest Tests run: 4, Failures: 0, Errors: 0, Skipped: 0, Time elapsed: 0.04 sec Running org.apache.commons.io.input.ClosedInputStreamTest Tests run: 1, Failures: 0, Errors: 0, Skipped: 0, Time elapsed: 0.032 sec Running org.apache.commons.io.input.TeeInputStreamTest Tests run: 7, Failures: 0, Errors: 0, Skipped: 0, Time elapsed: 0.035 sec Running org.apache.commons.io.input.TailerTest Tests run: 4, Failures: 0, Errors: 0, Skipped: 0, Time elapsed: 1.901 sec Running org.apache.commons.io.input.NullReaderTest Tests run: 6, Failures: 0, Errors: 0, Skipped: 0, Time elapsed: 0.034 sec Running org.apache.commons.io.input.CloseShieldInputStreamTest Tests run: 1, Failures: 0, Errors: 0, Skipped: 0, Time elapsed: 0.034 sec Running org.apache.commons.io.input.XmlStreamReaderUtilitiesTest Tests run: 8, Failures: 0, Errors: 0, Skipped: 0, Time elapsed: 0.049 sec Running org.apache.commons.io.input.BrokenInputStreamTest Tests run: 5, Failures: 0, Errors: 0, Skipped: 0, Time elapsed: 0.025 sec Running org.apache.commons.io.input.BoundedInputStreamTest Tests run: 2, Failures: 0, Errors: 0, Skipped: 0, Time elapsed: 0.03 sec Running org.apache.commons.io.input.SwappedDataInputStreamTest Tests run: 14, Failures: 0, Errors: 0, Skipped: 0, Time elapsed: 0.042 sec Running org.apache.commons.io.input.CountingInputStreamTest Tests run: 10, Failures: 0, Errors: 0, Skipped: 0, Time elapsed: 0.069 sec Running org.apache.commons.io.input.ProxyReaderTest Tests run: 2, Failures: 0, Errors: 0, Skipped: 0, Time elapsed: 0.031 sec Running org.apache.commons.io.input.ReaderInputStreamTest Tests run: 7, Failures: 0, Errors: 0, Skipped: 0, Time elapsed: 0.058 sec Running org.apache.commons.io.input.XmlStreamReaderTest Tests run: 6, Failures: 0, Errors: 0, Skipped: 0, Time elapsed: 0.268 sec Running org.apache.commons.io.input.CharSequenceReaderTest Tests run: 7, Failures: 0, Errors: 0, Skipped: 0, Time elapsed: 0.028 sec Running org.apache.commons.io.IOCaseTestCase Tests run: 17, Failures: 0, Errors: 0, Skipped: 0, Time elapsed: 0.092 sec Running org.apache.commons.io.DemuxTestCase Tests run: 2, Failures: 0, Errors: 0, Skipped: 0, Time elapsed: 0.228 sec Running org.apache.commons.io.FileCleanerTestCase Tests run: 9, Failures: 0, Errors: 0, Skipped: 0, Time elapsed: 4.125 sec Running org.apache.commons.io.output.NullWriterTest Tests run: 1, Failures: 0, Errors: 0, Skipped: 0, Time elapsed: 0.073 sec Running org.apache.commons.io.output.ClosedOutputStreamTest Tests run: 1, Failures: 0, Errors: 0, Skipped: 0, Time elapsed: 0.05 sec Running org.apache.commons.io.output.LockableFileWriterTest Tests run: 7, Failures: 0, Errors: 0, Skipped: 0, Time elapsed: 0.073 sec Running org.apache.commons.io.output.ProxyOutputStreamTest Tests run: 2, Failures: 0, Errors: 0, Skipped: 0, Time elapsed: 0.042 sec Running org.apache.commons.io.output.ByteArrayOutputStreamTestCase Tests run: 1, Failures: 0, Errors: 0, Skipped: 0, Time elapsed: 0.033 sec Running org.apache.commons.io.output.CountingOutputStreamTest Tests run: 2, Failures: 0, Errors: 0, Skipped: 0, Time elapsed: 0.074 sec Running org.apache.commons.io.output.StringBuilderWriterTest Tests run: 12, Failures: 0, Errors: 0, Skipped: 0, Time elapsed: 0.032 sec Running org.apache.commons.io.output.XmlStreamWriterTest Tests run: 12, Failures: 0, Errors: 0, Skipped: 0, Time elapsed: 0.228 sec Running org.apache.commons.io.output.TeeOutputStreamTest Tests run: 1, Failures: 0, Errors: 0, Skipped: 0, Time elapsed: 0.032 sec Running org.apache.commons.io.output.NullOutputStreamTest Tests run: 1, Failures: 0, Errors: 0, Skipped: 0, Time elapsed: 0.031 sec Running org.apache.commons.io.output.WriterOutputStreamTest Tests run: 12, Failures: 0, Errors: 0, Skipped: 0, Time elapsed: 0.048 sec Running org.apache.commons.io.output.ProxyWriterTest Tests run: 8, Failures: 0, Errors: 0, Skipped: 0, Time elapsed: 0.034 sec Running org.apache.commons.io.output.BrokenOutputStreamTest Tests run: 3, Failures: 0, Errors: 0, Skipped: 0, Time elapsed: 0.045 sec Running org.apache.commons.io.output.TaggedOutputStreamTest Tests run: 3, Failures: 0, Errors: 0, Skipped: 0, Time elapsed: 0.047 sec Running org.apache.commons.io.output.FileWriterWithEncodingTest Tests run: 6, Failures: 0, Errors: 0, Skipped: 0, Time elapsed: 0.062 sec Running org.apache.commons.io.output.DeferredFileOutputStreamTest Tests run: 10, Failures: 0, Errors: 0, Skipped: 0, Time elapsed: 0.052 sec Running org.apache.commons.io.output.CloseShieldOutputStreamTest Tests run: 1, Failures: 0, Errors: 0, Skipped: 0, Time elapsed: 0.035 sec Running org.apache.commons.io.FileUtilsListFilesTestCase Tests run: 3, Failures: 0, Errors: 0, Skipped: 0, Time elapsed: 0.07 sec Running org.apache.commons.io.ThreadMonitorTestCase Tests run: 3, Failures: 0, Errors: 0, Skipped: 0, Time elapsed: 0.439 sec Running org.apache.commons.io.FileUtilsCleanDirectoryTestCase Tests run: 5, Failures: 0, Errors: 0, Skipped: 0, Time elapsed: 0.148 sec Running org.apache.commons.io.HexDumpTest Tests run: 1, Failures: 0, Errors: 0, Skipped: 0, Time elapsed: 0.042 sec Running org.apache.commons.io.FilenameUtilsTestCase Tests run: 30, Failures: 0, Errors: 0, Skipped: 0, Time elapsed: 0.128 sec Running org.apache.commons.io.ByteOrderMarkTestCase Tests run: 8, Failures: 0, Errors: 0, Skipped: 0, Time elapsed: 0.036 sec Running org.apache.commons.io.DirectoryWalkerTestCase Tests run: 15, Failures: 0, Errors: 0, Skipped: 0, Time elapsed: 0.078 sec Running org.apache.commons.io.EndianUtilsTest Tests run: 22, Failures: 0, Errors: 0, Skipped: 0, Time elapsed: 0.036 sec Running org.apache.commons.io.IOExceptionWithCauseTestCase Tests run: 2, Failures: 0, Errors: 0, Skipped: 0, Time elapsed: 0.037 sec Running org.apache.commons.io.IOUtilsTestCase Tests run: 34, Failures: 0, Errors: 0, Skipped: 0, Time elapsed: 0.188 sec Running org.apache.commons.io.LineIteratorTestCase Tests run: 16, Failures: 0, Errors: 0, Skipped: 0, Time elapsed: 0.092 sec Running org.apache.commons.io.TaggedIOExceptionTest Tests run: 1, Failures: 0, Errors: 0, Skipped: 0, Time elapsed: 0.063 sec Running org.apache.commons.io.FilenameUtilsWildcardTestCase Tests run: 7, Failures: 0, Errors: 0, Skipped: 0, Time elapsed: 0.102 sec Running org.apache.commons.io.FileDeleteStrategyTestCase Tests run: 5, Failures: 0, Errors: 0, Skipped: 0, Time elapsed: 0.063 sec Running org.apache.commons.io.FileUtilsTestCase Tests run: 116, Failures: 0, Errors: 0, Skipped: 0, Time elapsed: 2.671 sec Running org.apache.commons.io.IOUtilsWriteTestCase Tests run: 53, Failures: 0, Errors: 0, Skipped: 0, Time elapsed: 0.097 sec Running org.apache.commons.io.FileUtilsFileNewerTestCase Tests run: 5, Failures: 0, Errors: 0, Skipped: 0, Time elapsed: 0.072 sec Running org.apache.commons.io.FileSystemUtilsTestCase Tests run: 28, Failures: 0, Errors: 0, Skipped: 0, Time elapsed: 0.21 sec Running org.apache.commons.io.DirectoryWalkerTestCaseJava4 Tests run: 14, Failures: 0, Errors: 0, Skipped: 0, Time elapsed: 0.219 sec Results : Tests run: 789, Failures: 0, Errors: 0, Skipped: 0 [INFO] [INFO] <<< starts-maven-plugin:1.4-SNAPSHOT:starts (default-cli) < [starts]test @ commons-io <<< [INFO] [INFO] --- starts-maven-plugin:1.4-SNAPSHOT:starts (default-cli) @ commons-io --- [INFO] ------------------------------------------------------------------------ [INFO] BUILD SUCCESS [INFO] ------------------------------------------------------------------------ [INFO] Total time: 01:27 min [INFO] Finished at: 2019-04-25T18:33:27-07:00 [INFO] Final Memory: 24M/304M [INFO] ------------------------------------------------------------------------
=========================================================
=========================================================
SIZE : 
136K	.starts/
