
real	1m11.332s
user	0m49.969s
sys	0m4.645s
=========================================================
=========================================================
[INFO] Scanning for projects... [WARNING] [WARNING] Some problems were encountered while building the effective model for commons-io:commons-io:jar:2.1-SNAPSHOT [WARNING] 'build.plugins.plugin.version' for org.apache.maven.plugins:maven-idea-plugin is missing. @ org.apache.commons:commons-parent:15, /Users/demigorgan/.m2/repository/org/apache/commons/commons-parent/15/commons-parent-15.pom, line 329, column 15 [WARNING] [WARNING] It is highly recommended to fix these problems because they threaten the stability of your build. [WARNING] [WARNING] For this reason, future Maven versions might no longer support building such malformed projects. [WARNING] [INFO] [INFO] ------------------------------------------------------------------------ [INFO] Building Commons IO 2.1-SNAPSHOT [INFO] ------------------------------------------------------------------------ [INFO] [INFO] >>> starts-maven-plugin:1.4-SNAPSHOT:starts (default-cli) > [starts]test @ commons-io >>> [INFO] [INFO] --- maven-antrun-plugin:1.3:run (javadoc.resources) @ commons-io --- [INFO] Executing tasks [INFO] Executed tasks [INFO] [INFO] --- maven-remote-resources-plugin:1.0:process (default) @ commons-io --- [INFO] Setting property: classpath.resource.loader.class => 'org.codehaus.plexus.velocity.ContextClassLoaderResourceLoader'. [INFO] Setting property: velocimacro.messages.on => 'false'. [INFO] Setting property: resource.loader => 'classpath'. [INFO] Setting property: resource.manager.logwhenfound => 'false'. [INFO] [INFO] --- maven-resources-plugin:2.4.1:resources (default-resources) @ commons-io --- [INFO] Using 'iso-8859-1' encoding to copy filtered resources. [INFO] Copying 2 resources to META-INF [INFO] [INFO] --- maven-compiler-plugin:2.1:compile (default-compile) @ commons-io --- [INFO] Nothing to compile - all classes are up to date [INFO] [INFO] --- maven-bundle-plugin:1.4.3:manifest (bundle-manifest) @ commons-io --- [INFO] [INFO] --- maven-resources-plugin:2.4.1:testResources (default-testResources) @ commons-io --- [INFO] Using 'iso-8859-1' encoding to copy filtered resources. [INFO] skip non existing resourceDirectory /Users/demigorgan/TLDR_EXP/projects/commons-io/src/test/resources [INFO] [INFO] --- maven-compiler-plugin:2.1:testCompile (default-testCompile) @ commons-io --- [INFO] Compiling 88 source files to /Users/demigorgan/TLDR_EXP/projects/commons-io/target/test-classes [INFO] [INFO] >>> starts-maven-plugin:1.4-SNAPSHOT:run (default-cli) > test-compile @ commons-io >>> [INFO] [INFO] --- maven-antrun-plugin:1.3:run (javadoc.resources) @ commons-io --- [INFO] Executing tasks [INFO] Executed tasks [INFO] [INFO] --- maven-remote-resources-plugin:1.0:process (default) @ commons-io --- [INFO] [INFO] --- maven-resources-plugin:2.4.1:resources (default-resources) @ commons-io --- [INFO] Using 'iso-8859-1' encoding to copy filtered resources. [INFO] Copying 2 resources to META-INF [INFO] [INFO] --- maven-compiler-plugin:2.1:compile (default-compile) @ commons-io --- [INFO] Nothing to compile - all classes are up to date [INFO] [INFO] --- maven-bundle-plugin:1.4.3:manifest (bundle-manifest) @ commons-io --- [INFO] [INFO] --- maven-resources-plugin:2.4.1:testResources (default-testResources) @ commons-io --- [INFO] Using 'iso-8859-1' encoding to copy filtered resources. [INFO] skip non existing resourceDirectory /Users/demigorgan/TLDR_EXP/projects/commons-io/src/test/resources [INFO] [INFO] --- maven-compiler-plugin:2.1:testCompile (default-testCompile) @ commons-io --- [INFO] Nothing to compile - all classes are up to date [INFO] [INFO] <<< starts-maven-plugin:1.4-SNAPSHOT:run (default-cli) < test-compile @ commons-io <<< [INFO] [INFO] --- starts-maven-plugin:1.4-SNAPSHOT:run (default-cli) @ commons-io --- INFO: ALL(count): 197 INFO: UNREACHED(count): 1 INFO: STARTS:Nodes: 235 INFO: STARTS:Edges: 606 INFO: STARTS:AffectedTests: 36 INFO: STARTS:TotalTests: 79 [INFO] [INFO] --- maven-surefire-plugin:2.5:test (default-test) @ commons-io --- [INFO] Surefire report directory: /Users/demigorgan/TLDR_EXP/projects/commons-io/target/surefire-reports ------------------------------------------------------- T E S T S ------------------------------------------------------- Running org.apache.commons.io.FileUtilsCleanSymlinksTestCase Tests run: 7, Failures: 0, Errors: 0, Skipped: 0, Time elapsed: 0.298 sec Running org.apache.commons.io.LineIteratorTestCase Tests run: 16, Failures: 0, Errors: 0, Skipped: 0, Time elapsed: 0.145 sec Running org.apache.commons.io.IOUtilsCopyTestCase Tests run: 22, Failures: 0, Errors: 0, Skipped: 0, Time elapsed: 0.131 sec Running org.apache.commons.io.DirectoryWalkerTestCase Tests run: 15, Failures: 0, Errors: 0, Skipped: 0, Time elapsed: 0.093 sec Running org.apache.commons.io.FileUtilsFileNewerTestCase Tests run: 5, Failures: 0, Errors: 0, Skipped: 0, Time elapsed: 0.067 sec Running org.apache.commons.io.filefilter.FileFilterTestCase Tests run: 43, Failures: 0, Errors: 0, Skipped: 0, Time elapsed: 2.151 sec Running org.apache.commons.io.FileUtilsListFilesTestCase Tests run: 3, Failures: 0, Errors: 0, Skipped: 0, Time elapsed: 0.078 sec Running org.apache.commons.io.output.LockableFileWriterTest Tests run: 7, Failures: 0, Errors: 0, Skipped: 0, Time elapsed: 0.079 sec Running org.apache.commons.io.FileUtilsTestCase Tests run: 115, Failures: 0, Errors: 0, Skipped: 0, Time elapsed: 2.54 sec Running org.apache.commons.io.comparator.SizeFileComparatorTest Tests run: 9, Failures: 0, Errors: 0, Skipped: 0, Time elapsed: 0.083 sec Running org.apache.commons.io.comparator.PathFileComparatorTest Tests run: 8, Failures: 0, Errors: 0, Skipped: 0, Time elapsed: 0.071 sec Running org.apache.commons.io.FileSystemUtilsTestCase Tests run: 28, Failures: 0, Errors: 0, Skipped: 0, Time elapsed: 0.192 sec Running org.apache.commons.io.IOUtilsWriteTestCase Tests run: 53, Failures: 0, Errors: 0, Skipped: 0, Time elapsed: 0.103 sec Running org.apache.commons.io.filefilter.RegexFileFilterTestCase Tests run: 1, Failures: 0, Errors: 0, Skipped: 0, Time elapsed: 0.063 sec Running org.apache.commons.io.comparator.CompositeFileComparatorTest Tests run: 10, Failures: 0, Errors: 0, Skipped: 0, Time elapsed: 0.077 sec Running org.apache.commons.io.comparator.NameFileComparatorTest Tests run: 8, Failures: 0, Errors: 0, Skipped: 0, Time elapsed: 0.06 sec Running org.apache.commons.io.FileCleanerTestCase Tests run: 9, Failures: 0, Errors: 0, Skipped: 0, Time elapsed: 4.16 sec Running org.apache.commons.io.monitor.FileAlterationMonitorTestCase Tests run: 4, Failures: 0, Errors: 0, Skipped: 0, Time elapsed: 1.128 sec Running org.apache.commons.io.input.TailerTest Tests run: 4, Failures: 0, Errors: 0, Skipped: 0, Time elapsed: 1.91 sec Running org.apache.commons.io.DirectoryWalkerTestCaseJava4 Tests run: 14, Failures: 0, Errors: 0, Skipped: 0, Time elapsed: 0.071 sec Running org.apache.commons.io.FileUtilsCleanDirectoryTestCase Tests run: 5, Failures: 0, Errors: 0, Skipped: 0, Time elapsed: 0.149 sec Running org.apache.commons.io.FileCleaningTrackerTestCase Tests run: 9, Failures: 0, Errors: 0, Skipped: 0, Time elapsed: 4.165 sec Running org.apache.commons.io.output.FileWriterWithEncodingTest Tests run: 6, Failures: 0, Errors: 0, Skipped: 0, Time elapsed: 0.065 sec Running org.apache.commons.io.comparator.ExtensionFileComparatorTest Tests run: 8, Failures: 0, Errors: 0, Skipped: 0, Time elapsed: 0.052 sec Running org.apache.commons.io.IOUtilsTestCase Tests run: 34, Failures: 0, Errors: 0, Skipped: 0, Time elapsed: 0.153 sec Running org.apache.commons.io.FileDeleteStrategyTestCase Tests run: 5, Failures: 0, Errors: 0, Skipped: 0, Time elapsed: 0.075 sec Running org.apache.commons.io.CopyUtilsTest Tests run: 11, Failures: 0, Errors: 0, Skipped: 0, Time elapsed: 0.055 sec Running org.apache.commons.io.IOCaseTestCase Tests run: 17, Failures: 0, Errors: 0, Skipped: 0, Time elapsed: 0.113 sec Running org.apache.commons.io.monitor.FileAlterationObserverTestCase Tests run: 7, Failures: 0, Errors: 0, Skipped: 0, Time elapsed: 13.967 sec Running org.apache.commons.io.FilenameUtilsTestCase Tests run: 30, Failures: 0, Errors: 0, Skipped: 0, Time elapsed: 0.118 sec Running org.apache.commons.io.ByteOrderMarkTestCase Tests run: 8, Failures: 0, Errors: 0, Skipped: 0, Time elapsed: 0.046 sec Running org.apache.commons.io.comparator.DirectoryFileComparatorTest Tests run: 7, Failures: 0, Errors: 0, Skipped: 0, Time elapsed: 0.06 sec Running org.apache.commons.io.comparator.LastModifiedFileComparatorTest Tests run: 7, Failures: 0, Errors: 0, Skipped: 0, Time elapsed: 13.421 sec Running org.apache.commons.io.FileUtilsWaitForTestCase Tests run: 1, Failures: 0, Errors: 0, Skipped: 0, Time elapsed: 5.523 sec Running org.apache.commons.io.comparator.DefaultFileComparatorTest Tests run: 7, Failures: 0, Errors: 0, Skipped: 0, Time elapsed: 0.05 sec Results : Tests run: 543, Failures: 0, Errors: 0, Skipped: 0 [INFO] [INFO] <<< starts-maven-plugin:1.4-SNAPSHOT:starts (default-cli) < [starts]test @ commons-io <<< [INFO] [INFO] --- starts-maven-plugin:1.4-SNAPSHOT:starts (default-cli) @ commons-io --- [INFO] ------------------------------------------------------------------------ [INFO] BUILD SUCCESS [INFO] ------------------------------------------------------------------------ [INFO] Total time: 01:09 min [INFO] Finished at: 2019-04-25T18:14:02-07:00 [INFO] Final Memory: 24M/392M [INFO] ------------------------------------------------------------------------
=========================================================
=========================================================
SIZE : 
136K	.starts/
