[INFO] Scanning for projects...
[WARNING] The POM for commons-io:commons-io:jar:1.4 is invalid, transitive dependencies (if any) will not be available, enable debug logging for more details
Deflaker, version 1.5-SNAPSHOT loading...
Warning: Deflaker disabling incompatible org.apache.maven.plugins:maven-enforcer-plugin from commons-imaging
Warning: Deflaker disabling incompatible org.apache.rat:apache-rat-plugin from commons-imaging
Warning: Deflaker disabling incompatible org.jacoco:jacoco-maven-plugin from commons-imaging
[INFO]                                                                         
[INFO] ------------------------------------------------------------------------
[INFO] Building Apache Commons Imaging 1.0-alpha2-SNAPSHOT
[INFO] ------------------------------------------------------------------------
[INFO] 
[INFO] --- build-helper-maven-plugin:3.0.0:parse-version (parse-version) @ commons-imaging ---
[INFO] 
[INFO] --- maven-antrun-plugin:1.8:run (javadoc.resources) @ commons-imaging ---
[INFO] Executing tasks

main:
[INFO] Executed tasks
[INFO] 
[INFO] --- maven-remote-resources-plugin:1.5:process (process-resource-bundles) @ commons-imaging ---
[INFO] 
[INFO] --- buildnumber-maven-plugin:1.4:create (default) @ commons-imaging ---
[INFO] Executing: /bin/sh -c cd '/lv_scratch/scratch/mondego/local/Maruf/ASE/projects/commons-imaging' && 'git' 'rev-parse' '--verify' 'HEAD'
[INFO] Working directory: /lv_scratch/scratch/mondego/local/Maruf/ASE/projects/commons-imaging
[INFO] Storing buildNumber: 284bd3061ed43c5c91033d49cd5b4ecbb400aae9 at timestamp: 1586494868916
[INFO] Storing buildScmBranch: master
[INFO] 
[INFO] --- maven-resources-plugin:3.1.0:resources (default-resources) @ commons-imaging ---
[INFO] Using 'UTF-8' encoding to copy filtered resources.
[INFO] Copying 1 resource
[INFO] Copying 2 resources to META-INF
[INFO] 
[INFO] --- maven-compiler-plugin:3.8.0:compile (default-compile) @ commons-imaging ---
[INFO] Changes detected - recompiling the module!
[INFO] Compiling 360 source files to /lv_scratch/scratch/mondego/local/Maruf/ASE/projects/commons-imaging/target/classes
[INFO] 
[INFO] --- maven-bundle-plugin:4.1.0:manifest (bundle-manifest) @ commons-imaging ---
[INFO] 
[INFO] --- animal-sniffer-maven-plugin:1.17:check (checkAPIcompatibility) @ commons-imaging ---
[INFO] Checking unresolved references to org.codehaus.mojo.signature:java17:1.0
[INFO] 
[INFO] --- maven-resources-plugin:3.1.0:testResources (default-testResources) @ commons-imaging ---
[INFO] Using 'UTF-8' encoding to copy filtered resources.
[INFO] Copying 6 resources
[INFO] Copying 2 resources to META-INF
[INFO] 
[INFO] --- deflaker-maven-plugin:1.5-SNAPSHOT:diff (deflaker-diff) @ commons-imaging ---
/lv_scratch/scratch/mondego/local/Maruf/ASE/projects/commons-imaging/.git DIFF'ing to HEAD
[ERROR] fatal: Invalid path '/pkg/git/2.13.1/etc': No such file or directory

Diff'ing 284bd3061ed43c5c91033d49cd5b4ecbb400aae9 against: da148a621c510668ff6c96d3e23a125c3e073af8
org/apache/commons/imaging/formats/png/PngWriter : [Edit [start=444, end=444]]
	 Methods to watch:[]
org/apache/commons/imaging/formats/png/PngWriter$ImageHeader : []
	 Methods to watch:[]
[INFO] 
[INFO] --- maven-compiler-plugin:3.8.0:testCompile (default-testCompile) @ commons-imaging ---
[INFO] Changes detected - recompiling the module!
[INFO] Compiling 162 source files to /lv_scratch/scratch/mondego/local/Maruf/ASE/projects/commons-imaging/target/test-classes
[INFO] 
[INFO] --- maven-surefire-plugin:2.19.1:test (default-test) @ commons-imaging ---

-------------------------------------------------------
 T E S T S
-------------------------------------------------------
Running org.apache.commons.imaging.roundtrip.LimitedColorRoundtripTest
Tests run: 1, Failures: 0, Errors: 0, Skipped: 0, Time elapsed: 2.938 sec - in org.apache.commons.imaging.roundtrip.LimitedColorRoundtripTest
Running org.apache.commons.imaging.roundtrip.BitmapRoundtripTest
Tests run: 1, Failures: 0, Errors: 0, Skipped: 0, Time elapsed: 3.981 sec - in org.apache.commons.imaging.roundtrip.BitmapRoundtripTest
Running org.apache.commons.imaging.roundtrip.GrayscaleRountripTest
Tests run: 1, Failures: 0, Errors: 0, Skipped: 0, Time elapsed: 5.485 sec - in org.apache.commons.imaging.roundtrip.GrayscaleRountripTest

Results :

Tests run: 3, Failures: 0, Errors: 0, Skipped: 0

[INFO] 
[INFO] --- maven-surefire-plugin:2.19.1:test (default-test-rerunfailures) @ commons-imaging ---

-------------------------------------------------------
 T E S T S
-------------------------------------------------------

Results :

Tests run: 0, Failures: 0, Errors: 0, Skipped: 0

[INFO] 
[INFO] --- animal-sniffer-maven-plugin:1.17:check (check-java-api) @ commons-imaging ---
[INFO] Checking unresolved references to org.codehaus.mojo.signature:java17:1.0
[INFO] 
[INFO] --- deflaker-maven-plugin:1.5-SNAPSHOT:report (deflaker-report-tests) @ commons-imaging ---
[INFO] ------------------------------------------------------------------------
[INFO] TEST DIFFCOV ANALYSIS
[INFO] Apache Commons Imagingcommons-imaging
[INFO] ------------------------------------------------------------------------
[INFO] Using covFile: /lv_scratch/scratch/mondego/local/Maruf/ASE/projects/commons-imaging/target/diffcov.log
[INFO] Using difFile: /lv_scratch/scratch/mondego/local/Maruf/ASE/projects/commons-imaging/.diffCache
[WARNING] Diff has gone untested: org/apache/commons/imaging/formats/png/PngWriter has uncovered changes [444]
[INFO] 
[INFO] --- maven-jar-plugin:3.1.1:jar (default-jar) @ commons-imaging ---
[INFO] Building jar: /lv_scratch/scratch/mondego/local/Maruf/ASE/projects/commons-imaging/target/commons-imaging-1.0-alpha2-SNAPSHOT.jar
[INFO] 
[INFO] --- maven-site-plugin:3.7.1:attach-descriptor (attach-descriptor) @ commons-imaging ---
[INFO] Skipping because packaging 'jar' is not pom.
[INFO] 
[INFO] --- maven-jar-plugin:3.1.1:test-jar (default) @ commons-imaging ---
[INFO] Building jar: /lv_scratch/scratch/mondego/local/Maruf/ASE/projects/commons-imaging/target/commons-imaging-1.0-alpha2-SNAPSHOT-tests.jar
[INFO] 
[INFO] --- maven-source-plugin:3.0.1:jar-no-fork (create-source-jar) @ commons-imaging ---
[INFO] Building jar: /lv_scratch/scratch/mondego/local/Maruf/ASE/projects/commons-imaging/target/commons-imaging-1.0-alpha2-SNAPSHOT-sources.jar
[INFO] 
[INFO] --- maven-source-plugin:3.0.1:test-jar-no-fork (create-source-jar) @ commons-imaging ---
[INFO] Building jar: /lv_scratch/scratch/mondego/local/Maruf/ASE/projects/commons-imaging/target/commons-imaging-1.0-alpha2-SNAPSHOT-test-sources.jar
[INFO] ------------------------------------------------------------------------
[INFO] BUILD SUCCESS
[INFO] ------------------------------------------------------------------------
[INFO] Total time: 27.412 s
[INFO] Finished at: 2020-04-09T22:01:33-07:00
[INFO] Final Memory: 62M/2343M
[INFO] ------------------------------------------------------------------------
