[INFO] Scanning for projects...
[WARNING] The POM for commons-io:commons-io:jar:1.4 is invalid, transitive dependencies (if any) will not be available, enable debug logging for more details
Deflaker, version 1.5-SNAPSHOT loading...
Warning: Deflaker disabling incompatible org.apache.maven.plugins:maven-enforcer-plugin from commons-codec
Warning: Deflaker disabling incompatible org.apache.rat:apache-rat-plugin from commons-codec
Warning: Deflaker disabling incompatible org.jacoco:jacoco-maven-plugin from commons-codec
[INFO]                                                                         
[INFO] ------------------------------------------------------------------------
[INFO] Building Apache Commons Codec 1.14-SNAPSHOT
[INFO] ------------------------------------------------------------------------
[INFO] 
[INFO] --- build-helper-maven-plugin:3.0.0:parse-version (parse-version) @ commons-codec ---
[INFO] 
[INFO] --- maven-antrun-plugin:1.8:run (javadoc.resources) @ commons-codec ---
[INFO] Executing tasks

main:
[INFO] Executed tasks
[INFO] 
[INFO] --- maven-remote-resources-plugin:1.5:process (process-resource-bundles) @ commons-codec ---
[INFO] 
[INFO] --- buildnumber-maven-plugin:1.4:create (default) @ commons-codec ---
[INFO] Executing: /bin/sh -c cd '/lv_scratch/scratch/mondego/local/Maruf/ASE/projects/commons-codec' && 'git' 'rev-parse' '--verify' 'HEAD'
[INFO] Working directory: /lv_scratch/scratch/mondego/local/Maruf/ASE/projects/commons-codec
[INFO] Storing buildNumber: 95212bededf8fbe748d67716928d21c5000982a0 at timestamp: 1586489899358
[INFO] Storing buildScmBranch: master
[INFO] 
[INFO] --- maven-resources-plugin:3.1.0:resources (default-resources) @ commons-codec ---
[INFO] Using 'UTF-8' encoding to copy filtered resources.
[INFO] Copying 128 resources
[INFO] Copying 2 resources to META-INF
[INFO] 
[INFO] --- maven-compiler-plugin:3.8.1:compile (default-compile) @ commons-codec ---
[INFO] Nothing to compile - all classes are up to date
[INFO] 
[INFO] --- maven-bundle-plugin:3.5.1:manifest (bundle-manifest) @ commons-codec ---
[INFO] 
[INFO] --- animal-sniffer-maven-plugin:1.18:check (checkAPIcompatibility) @ commons-codec ---
[INFO] Checking unresolved references to org.codehaus.mojo.signature:java17:1.0
[INFO] 
[INFO] --- maven-resources-plugin:3.1.0:testResources (default-testResources) @ commons-codec ---
[INFO] Using 'UTF-8' encoding to copy filtered resources.
[INFO] Copying 3 resources
[INFO] Copying 2 resources to META-INF
[INFO] 
[INFO] --- deflaker-maven-plugin:1.5-SNAPSHOT:diff (deflaker-diff) @ commons-codec ---
/lv_scratch/scratch/mondego/local/Maruf/ASE/projects/commons-codec/.git DIFF'ing to HEAD
[ERROR] fatal: Invalid path '/pkg/git/2.13.1/etc': No such file or directory

Diff'ing 95212bededf8fbe748d67716928d21c5000982a0 against: 01b69110b181aa30406d18f1a689d07780c3b4a8
org/apache/commons/codec/digest/DigestUtilsTest : [Edit [start=21, end=20], Edit [start=22, end=24], Edit [start=28, end=28], Edit [start=33, end=33], Edit [start=196, end=196], Edit [start=198, end=204], Edit [start=315, end=338]]
	 Methods to watch:[]
[INFO] 
[INFO] --- maven-compiler-plugin:3.8.1:testCompile (default-testCompile) @ commons-codec ---
[INFO] Changes detected - recompiling the module!
[INFO] Compiling 64 source files to /lv_scratch/scratch/mondego/local/Maruf/ASE/projects/commons-codec/target/test-classes
[INFO] /lv_scratch/scratch/mondego/local/Maruf/ASE/projects/commons-codec/src/test/java/org/apache/commons/codec/digest/MurmurHash3Test.java: /lv_scratch/scratch/mondego/local/Maruf/ASE/projects/commons-codec/src/test/java/org/apache/commons/codec/digest/MurmurHash3Test.java uses or overrides a deprecated API.
[INFO] /lv_scratch/scratch/mondego/local/Maruf/ASE/projects/commons-codec/src/test/java/org/apache/commons/codec/digest/MurmurHash3Test.java: Recompile with -Xlint:deprecation for details.
[INFO] 
[INFO] --- maven-surefire-plugin:2.19.1:test (default-test) @ commons-codec ---

-------------------------------------------------------
 T E S T S
-------------------------------------------------------
Running org.apache.commons.codec.binary.AllocateDirectHexTest
Tests run: 53, Failures: 0, Errors: 0, Skipped: 0, Time elapsed: 0.565 sec - in org.apache.commons.codec.binary.AllocateDirectHexTest
Running org.apache.commons.codec.binary.HexTest
Tests run: 53, Failures: 0, Errors: 0, Skipped: 0, Time elapsed: 0.011 sec - in org.apache.commons.codec.binary.HexTest
Running org.apache.commons.codec.binary.Base64OutputStreamTest
Tests run: 7, Failures: 0, Errors: 0, Skipped: 0, Time elapsed: 0.509 sec - in org.apache.commons.codec.binary.Base64OutputStreamTest
Running org.apache.commons.codec.binary.Base64Codec13Test
Tests run: 8, Failures: 0, Errors: 0, Skipped: 0, Time elapsed: 0.003 sec - in org.apache.commons.codec.binary.Base64Codec13Test
Running org.apache.commons.codec.binary.Base32InputStreamTest
Tests run: 16, Failures: 0, Errors: 0, Skipped: 0, Time elapsed: 0.146 sec - in org.apache.commons.codec.binary.Base32InputStreamTest
Running org.apache.commons.codec.binary.Base32Test
Tests run: 25, Failures: 0, Errors: 0, Skipped: 0, Time elapsed: 0.008 sec - in org.apache.commons.codec.binary.Base32Test
Running org.apache.commons.codec.binary.Base32OutputStreamTest
Tests run: 6, Failures: 0, Errors: 0, Skipped: 0, Time elapsed: 0.236 sec - in org.apache.commons.codec.binary.Base32OutputStreamTest
Running org.apache.commons.codec.binary.Base64InputStreamTest
Tests run: 19, Failures: 0, Errors: 0, Skipped: 0, Time elapsed: 0.154 sec - in org.apache.commons.codec.binary.Base64InputStreamTest
Running org.apache.commons.codec.binary.BinaryCodecTest
Tests run: 13, Failures: 0, Errors: 0, Skipped: 0, Time elapsed: 0.004 sec - in org.apache.commons.codec.binary.BinaryCodecTest
Running org.apache.commons.codec.binary.BaseNCodecTest
Tests run: 11, Failures: 0, Errors: 0, Skipped: 2, Time elapsed: 0.133 sec - in org.apache.commons.codec.binary.BaseNCodecTest
Running org.apache.commons.codec.binary.Base64Test
Tests run: 60, Failures: 0, Errors: 0, Skipped: 1, Time elapsed: 0.075 sec - in org.apache.commons.codec.binary.Base64Test
Running org.apache.commons.codec.binary.StringUtilsTest
Tests run: 22, Failures: 0, Errors: 0, Skipped: 0, Time elapsed: 0.003 sec - in org.apache.commons.codec.binary.StringUtilsTest
Running org.apache.commons.codec.digest.Apr1CryptTest
Tests run: 9, Failures: 0, Errors: 0, Skipped: 0, Time elapsed: 0.056 sec - in org.apache.commons.codec.digest.Apr1CryptTest
Running org.apache.commons.codec.digest.HmacUtilsTest
Tests run: 23, Failures: 0, Errors: 0, Skipped: 0, Time elapsed: 0.2 sec - in org.apache.commons.codec.digest.HmacUtilsTest
Running org.apache.commons.codec.digest.CryptTest
Tests run: 4, Failures: 0, Errors: 0, Skipped: 0, Time elapsed: 0.064 sec - in org.apache.commons.codec.digest.CryptTest
Running org.apache.commons.codec.digest.PureJavaCrc32CTest
Tests run: 4, Failures: 0, Errors: 0, Skipped: 0, Time elapsed: 0 sec - in org.apache.commons.codec.digest.PureJavaCrc32CTest
Running org.apache.commons.codec.digest.Sha2CryptTest
Tests run: 1, Failures: 0, Errors: 0, Skipped: 0, Time elapsed: 0 sec - in org.apache.commons.codec.digest.Sha2CryptTest
Running org.apache.commons.codec.digest.Md5CryptTest
Tests run: 8, Failures: 0, Errors: 0, Skipped: 0, Time elapsed: 0.014 sec - in org.apache.commons.codec.digest.Md5CryptTest
Running org.apache.commons.codec.digest.MurmurHash2Test
Tests run: 8, Failures: 0, Errors: 0, Skipped: 0, Time elapsed: 0 sec - in org.apache.commons.codec.digest.MurmurHash2Test
Running org.apache.commons.codec.digest.UnixCryptTest
Tests run: 9, Failures: 0, Errors: 0, Skipped: 0, Time elapsed: 0.001 sec - in org.apache.commons.codec.digest.UnixCryptTest
Running org.apache.commons.codec.digest.Sha256CryptTest
Tests run: 8, Failures: 0, Errors: 0, Skipped: 0, Time elapsed: 0.123 sec - in org.apache.commons.codec.digest.Sha256CryptTest
Running org.apache.commons.codec.digest.HmacAlgorithmsTest
Tests run: 96, Failures: 0, Errors: 0, Skipped: 0, Time elapsed: 0.737 sec - in org.apache.commons.codec.digest.HmacAlgorithmsTest
Running org.apache.commons.codec.digest.DigestUtilsTest
Tests run: 35, Failures: 0, Errors: 0, Skipped: 10, Time elapsed: 0.653 sec - in org.apache.commons.codec.digest.DigestUtilsTest
Running org.apache.commons.codec.digest.MurmurHash3Test
Tests run: 25, Failures: 0, Errors: 0, Skipped: 0, Time elapsed: 0.029 sec - in org.apache.commons.codec.digest.MurmurHash3Test
Running org.apache.commons.codec.digest.MessageDigestAlgorithmsTest
Tests run: 117, Failures: 0, Errors: 0, Skipped: 54, Time elapsed: 5.832 sec - in org.apache.commons.codec.digest.MessageDigestAlgorithmsTest
Running org.apache.commons.codec.digest.B64Test
Tests run: 2, Failures: 0, Errors: 0, Skipped: 0, Time elapsed: 0 sec - in org.apache.commons.codec.digest.B64Test
Running org.apache.commons.codec.digest.XXHash32Test
Tests run: 2, Failures: 0, Errors: 0, Skipped: 0, Time elapsed: 0 sec - in org.apache.commons.codec.digest.XXHash32Test
Running org.apache.commons.codec.digest.Sha512CryptTest
Tests run: 9, Failures: 0, Errors: 0, Skipped: 0, Time elapsed: 0.159 sec - in org.apache.commons.codec.digest.Sha512CryptTest
Running org.apache.commons.codec.digest.PureJavaCrc32Test
Tests run: 1, Failures: 0, Errors: 0, Skipped: 0, Time elapsed: 0.143 sec - in org.apache.commons.codec.digest.PureJavaCrc32Test
Running org.apache.commons.codec.language.Caverphone1Test
Tests run: 9, Failures: 0, Errors: 0, Skipped: 0, Time elapsed: 0.007 sec - in org.apache.commons.codec.language.Caverphone1Test
Running org.apache.commons.codec.language.DoubleMetaphone2Test
Tests run: 6, Failures: 0, Errors: 0, Skipped: 0, Time elapsed: 0.017 sec - in org.apache.commons.codec.language.DoubleMetaphone2Test
Running org.apache.commons.codec.language.MatchRatingApproachEncoderTest
Tests run: 96, Failures: 0, Errors: 0, Skipped: 0, Time elapsed: 0.012 sec - in org.apache.commons.codec.language.MatchRatingApproachEncoderTest
Running org.apache.commons.codec.language.RefinedSoundexTest
Tests run: 10, Failures: 0, Errors: 0, Skipped: 0, Time elapsed: 0 sec - in org.apache.commons.codec.language.RefinedSoundexTest
Running org.apache.commons.codec.language.SoundexTest
Tests run: 31, Failures: 0, Errors: 0, Skipped: 0, Time elapsed: 0.001 sec - in org.apache.commons.codec.language.SoundexTest
Running org.apache.commons.codec.language.DaitchMokotoffSoundexTest
Tests run: 13, Failures: 0, Errors: 0, Skipped: 0, Time elapsed: 0.029 sec - in org.apache.commons.codec.language.DaitchMokotoffSoundexTest
Running org.apache.commons.codec.language.bm.PhoneticEngineRegressionTest
Tests run: 4, Failures: 0, Errors: 0, Skipped: 0, Time elapsed: 0.165 sec - in org.apache.commons.codec.language.bm.PhoneticEngineRegressionTest
Running org.apache.commons.codec.language.bm.PhoneticEngineTest
Tests run: 8, Failures: 0, Errors: 0, Skipped: 0, Time elapsed: 0.01 sec - in org.apache.commons.codec.language.bm.PhoneticEngineTest
Running org.apache.commons.codec.language.bm.RuleTest
Tests run: 3, Failures: 0, Errors: 0, Skipped: 0, Time elapsed: 0 sec - in org.apache.commons.codec.language.bm.RuleTest
Running org.apache.commons.codec.language.bm.LanguageGuessingTest
Tests run: 18, Failures: 0, Errors: 0, Skipped: 0, Time elapsed: 0.006 sec - in org.apache.commons.codec.language.bm.LanguageGuessingTest
Running org.apache.commons.codec.language.bm.BeiderMorseEncoderTest
Tests run: 22, Failures: 0, Errors: 0, Skipped: 0, Time elapsed: 2.554 sec - in org.apache.commons.codec.language.bm.BeiderMorseEncoderTest
Running org.apache.commons.codec.language.ColognePhoneticTest
Tests run: 15, Failures: 0, Errors: 0, Skipped: 0, Time elapsed: 0.002 sec - in org.apache.commons.codec.language.ColognePhoneticTest
Running org.apache.commons.codec.language.Caverphone2Test
Tests run: 13, Failures: 0, Errors: 0, Skipped: 0, Time elapsed: 0.007 sec - in org.apache.commons.codec.language.Caverphone2Test
Running org.apache.commons.codec.language.MetaphoneTest
Tests run: 34, Failures: 0, Errors: 0, Skipped: 0, Time elapsed: 0.025 sec - in org.apache.commons.codec.language.MetaphoneTest
Running org.apache.commons.codec.language.NysiisTest
Tests run: 23, Failures: 0, Errors: 0, Skipped: 0, Time elapsed: 0.002 sec - in org.apache.commons.codec.language.NysiisTest
Running org.apache.commons.codec.language.DoubleMetaphoneTest
Tests run: 16, Failures: 0, Errors: 0, Skipped: 0, Time elapsed: 0.009 sec - in org.apache.commons.codec.language.DoubleMetaphoneTest
Running org.apache.commons.codec.net.RFC1522CodecTest
Tests run: 2, Failures: 0, Errors: 0, Skipped: 0, Time elapsed: 0 sec - in org.apache.commons.codec.net.RFC1522CodecTest
Running org.apache.commons.codec.net.PercentCodecTest
Tests run: 12, Failures: 0, Errors: 0, Skipped: 1, Time elapsed: 0.002 sec - in org.apache.commons.codec.net.PercentCodecTest
Running org.apache.commons.codec.net.URLCodecTest
Tests run: 16, Failures: 0, Errors: 0, Skipped: 0, Time elapsed: 0.002 sec - in org.apache.commons.codec.net.URLCodecTest
Running org.apache.commons.codec.net.UtilsTest
Tests run: 1, Failures: 0, Errors: 0, Skipped: 0, Time elapsed: 0 sec - in org.apache.commons.codec.net.UtilsTest
Running org.apache.commons.codec.net.QCodecTest
Tests run: 12, Failures: 0, Errors: 0, Skipped: 0, Time elapsed: 0 sec - in org.apache.commons.codec.net.QCodecTest
Running org.apache.commons.codec.net.BCodecTest
Tests run: 10, Failures: 0, Errors: 0, Skipped: 0, Time elapsed: 0 sec - in org.apache.commons.codec.net.BCodecTest
Running org.apache.commons.codec.net.QuotedPrintableCodecTest
Tests run: 21, Failures: 0, Errors: 0, Skipped: 0, Time elapsed: 0.001 sec - in org.apache.commons.codec.net.QuotedPrintableCodecTest
Running org.apache.commons.codec.StringEncoderComparatorTest
Tests run: 3, Failures: 0, Errors: 0, Skipped: 0, Time elapsed: 0 sec - in org.apache.commons.codec.StringEncoderComparatorTest
Running org.apache.commons.codec.DecoderExceptionTest
Tests run: 4, Failures: 0, Errors: 0, Skipped: 0, Time elapsed: 0 sec - in org.apache.commons.codec.DecoderExceptionTest
Running org.apache.commons.codec.EncoderExceptionTest
Tests run: 4, Failures: 0, Errors: 0, Skipped: 0, Time elapsed: 0 sec - in org.apache.commons.codec.EncoderExceptionTest
Running org.apache.commons.codec.CharsetsTest
Tests run: 7, Failures: 0, Errors: 0, Skipped: 0, Time elapsed: 0 sec - in org.apache.commons.codec.CharsetsTest
Running org.apache.commons.codec.CharEncodingTest
Tests run: 7, Failures: 0, Errors: 0, Skipped: 0, Time elapsed: 0 sec - in org.apache.commons.codec.CharEncodingTest

Results :

Tests run: 1074, Failures: 0, Errors: 0, Skipped: 68

[INFO] 
[INFO] --- maven-surefire-plugin:2.19.1:test (default-test-rerunfailures) @ commons-codec ---

-------------------------------------------------------
 T E S T S
-------------------------------------------------------

Results :

Tests run: 0, Failures: 0, Errors: 0, Skipped: 0

[INFO] 
[INFO] --- deflaker-maven-plugin:1.5-SNAPSHOT:report (deflaker-report-tests) @ commons-codec ---
[INFO] ------------------------------------------------------------------------
[INFO] TEST DIFFCOV ANALYSIS
[INFO] Apache Commons Codeccommons-codec
[INFO] ------------------------------------------------------------------------
[INFO] Using covFile: /lv_scratch/scratch/mondego/local/Maruf/ASE/projects/commons-codec/target/diffcov.log
[INFO] Using difFile: /lv_scratch/scratch/mondego/local/Maruf/ASE/projects/commons-codec/.diffCache
[WARNING] Diff has gone untested: org/apache/commons/codec/digest/DigestUtilsTest has uncovered changes [196, 200, 201, 202, 203, 315, 316, 317, 318, 319, 320, 321, 322, 323, 324, 325, 329, 330, 331, 332, 333, 334, 335, 336, 337, 338]
[INFO] 
[INFO] --- maven-jar-plugin:3.2.0:jar (default-jar) @ commons-codec ---
Downloading: https://repo.maven.apache.org/maven2/org/apache/maven/maven-archiver/3.5.0/maven-archiver-3.5.0.pom
2/5 KB   3/5 KB   5/5 KB   5/5 KB            Downloaded: https://repo.maven.apache.org/maven2/org/apache/maven/maven-archiver/3.5.0/maven-archiver-3.5.0.pom (5 KB at 18.1 KB/sec)
Downloading: https://repo.maven.apache.org/maven2/org/codehaus/plexus/plexus-archiver/4.2.0/plexus-archiver-4.2.0.pom
2/5 KB   3/5 KB   5/5 KB   5/5 KB            Downloaded: https://repo.maven.apache.org/maven2/org/codehaus/plexus/plexus-archiver/4.2.0/plexus-archiver-4.2.0.pom (5 KB at 196.8 KB/sec)
Downloading: https://repo.maven.apache.org/maven2/org/codehaus/plexus/plexus-io/3.2.0/plexus-io-3.2.0.pom
2/5 KB   3/5 KB   5/5 KB   5/5 KB            Downloaded: https://repo.maven.apache.org/maven2/org/codehaus/plexus/plexus-io/3.2.0/plexus-io-3.2.0.pom (5 KB at 50.4 KB/sec)
Downloading: https://repo.maven.apache.org/maven2/org/apache/commons/commons-compress/1.19/commons-compress-1.19.pom
2/18 KB   3/18 KB   5/18 KB   6/18 KB   7/18 KB   9/18 KB   10/18 KB   11/18 KB   13/18 KB   14/18 KB   15/18 KB   17/18 KB   18/18 KB   18/18 KB              Downloaded: https://repo.maven.apache.org/maven2/org/apache/commons/commons-compress/1.19/commons-compress-1.19.pom (18 KB at 363.3 KB/sec)
Downloading: https://repo.maven.apache.org/maven2/org/codehaus/plexus/plexus-archiver/4.2.1/plexus-archiver-4.2.1.pom
2/5 KB     3/5 KB   5/5 KB   5/5 KB            Downloaded: https://repo.maven.apache.org/maven2/org/codehaus/plexus/plexus-archiver/4.2.1/plexus-archiver-4.2.1.pom (5 KB at 77.4 KB/sec)
Downloading: https://repo.maven.apache.org/maven2/org/apache/maven/maven-archiver/3.5.0/maven-archiver-3.5.0.jar
Downloading: https://repo.maven.apache.org/maven2/org/codehaus/plexus/plexus-archiver/4.2.1/plexus-archiver-4.2.1.jar
Downloading: https://repo.maven.apache.org/maven2/org/codehaus/plexus/plexus-io/3.2.0/plexus-io-3.2.0.jar
Downloading: https://repo.maven.apache.org/maven2/org/apache/commons/commons-compress/1.19/commons-compress-1.19.jar
2/25 KB   3/25 KB   5/25 KB   6/25 KB   7/25 KB   9/25 KB   10/25 KB   11/25 KB   13/25 KB   14/25 KB   15/25 KB   17/25 KB   18/25 KB   19/25 KB   21/25 KB   22/25 KB   23/25 KB   25/25 KB   25/25 KB   25/25 KB   2/74 KB   2/192 KB   25/25 KB   2/74 KB   2/192 KB   25/25 KB   3/74 KB   2/192 KB   25/25 KB   5/74 KB   3/192 KB   25/25 KB   5/74 KB   3/192 KB   25/25 KB   6/74 KB   5/192 KB   25/25 KB   6/74 KB   5/192 KB   25/25 KB   7/74 KB   6/192 KB   25/25 KB   7/74 KB   6/192 KB   25/25 KB   9/74 KB   7/192 KB   25/25 KB   9/74 KB   7/192 KB   25/25 KB   10/74 KB   9/192 KB   25/25 KB   10/74 KB   9/192 KB   25/25 KB   11/74 KB   9/192 KB   25/25 KB   2/601 KB   11/74 KB   10/192 KB   25/25 KB   2/601 KB   11/74 KB   10/192 KB   25/25 KB   2/601 KB   13/74 KB   10/192 KB   25/25 KB   2/601 KB   14/74 KB   11/192 KB   25/25 KB   2/601 KB   14/74 KB   11/192 KB   25/25 KB   2/601 KB   15/74 KB   13/192 KB   25/25 KB   2/601 KB   15/74 KB   13/192 KB   25/25 KB   3/601 KB   15/74 KB   13/192 KB   25/25 KB   3/601 KB   17/74 KB   14/192 KB   25/25 KB   3/601 KB   17/74 KB   14/192 KB   25/25 KB   5/601 KB   17/74 KB   14/192 KB   25/25 KB   5/601 KB   18/74 KB   15/192 KB   25/25 KB   5/601 KB   18/74 KB   15/192 KB   25/25 KB   6/601 KB   18/74 KB   15/192 KB   25/25 KB   6/601 KB   19/74 KB   17/192 KB   25/25 KB   6/601 KB   19/74 KB   17/192 KB   25/25 KB   7/601 KB   19/74 KB   18/192 KB   25/25 KB   7/601 KB   21/74 KB   18/192 KB   25/25 KB   9/601 KB   21/74 KB   18/192 KB   25/25 KB   9/601 KB   21/74 KB   18/192 KB   25/25 KB   10/601 KB   21/74 KB   19/192 KB   25/25 KB   10/601 KB   21/74 KB                                                 19/192 KB   10/601 KB   22/74 KB              19/192 KB   11/601 KB   22/74 KB   21/192 KB   11/601 KB   22/74 KB   Downloaded: https://repo.maven.apache.org/maven2/org/apache/maven/maven-archiver/3.5.0/maven-archiver-3.5.0.jar (25 KB at 711.5 KB/sec)
21/192 KB   11/601 KB   23/74 KB   22/192 KB   13/601 KB   23/74 KB   22/192 KB   13/601 KB   23/74 KB   22/192 KB   13/601 KB   25/74 KB   23/192 KB   13/601 KB   25/74 KB   23/192 KB   14/601 KB   25/74 KB   23/192 KB   14/601 KB   26/74 KB   25/192 KB   14/601 KB   26/74 KB   25/192 KB   15/601 KB   26/74 KB   25/192 KB   15/601 KB   27/74 KB   26/192 KB   15/601 KB   27/74 KB   26/192 KB   17/601 KB   27/74 KB   27/192 KB   17/601 KB   29/74 KB   27/192 KB   17/601 KB   29/74 KB   27/192 KB   18/601 KB   29/74 KB   27/192 KB   18/601 KB   30/74 KB   29/192 KB   19/601 KB   30/74 KB   29/192 KB   19/601 KB   30/74 KB   29/192 KB   19/601 KB   31/74 KB   30/192 KB   19/601 KB   31/74 KB   30/192 KB   21/601 KB   31/74 KB   30/192 KB   21/601 KB   33/74 KB   31/192 KB   21/601 KB   33/74 KB   31/192 KB   22/601 KB   33/74 KB   31/192 KB   22/601 KB   34/74 KB   33/192 KB   22/601 KB   34/74 KB   33/192 KB   23/601 KB   34/74 KB   33/192 KB   23/601 KB   35/74 KB   34/192 KB   23/601 KB   35/74 KB   34/192 KB   25/601 KB   35/74 KB   34/192 KB   25/601 KB   37/74 KB   35/192 KB   25/601 KB   37/74 KB   35/192 KB   26/601 KB   37/74 KB   37/192 KB   26/601 KB   38/74 KB   37/192 KB   26/601 KB   38/74 KB   37/192 KB   27/601 KB   38/74 KB   37/192 KB   27/601 KB   39/74 KB   38/192 KB   27/601 KB   39/74 KB   38/192 KB   29/601 KB   39/74 KB   39/192 KB   29/601 KB   41/74 KB   39/192 KB   30/601 KB   41/74 KB   39/192 KB   29/601 KB   41/74 KB   39/192 KB   31/601 KB   42/74 KB   41/192 KB   31/601 KB   42/74 KB   41/192 KB   31/601 KB   42/74 KB   41/192 KB   31/601 KB   43/74 KB   42/192 KB   31/601 KB   43/74 KB   42/192 KB   33/601 KB   43/74 KB   42/192 KB   33/601 KB   45/74 KB   43/192 KB   33/601 KB   45/74 KB   43/192 KB   34/601 KB   45/74 KB   43/192 KB   34/601 KB   46/74 KB   45/192 KB   34/601 KB   46/74 KB   45/192 KB   35/601 KB   46/74 KB   45/192 KB   35/601 KB   47/74 KB   46/192 KB   35/601 KB   47/74 KB   46/192 KB   37/601 KB   47/74 KB   46/192 KB   37/601 KB   49/74 KB   47/192 KB   37/601 KB   49/74 KB   47/192 KB   38/601 KB   49/74 KB   47/192 KB   38/601 KB   50/74 KB   49/192 KB   39/601 KB   50/74 KB   49/192 KB   39/601 KB   50/74 KB   49/192 KB   39/601 KB   51/74 KB   50/192 KB   39/601 KB   51/74 KB   50/192 KB   41/601 KB   51/74 KB   50/192 KB   41/601 KB   53/74 KB   51/192 KB   41/601 KB   53/74 KB   51/192 KB   42/601 KB   53/74 KB   51/192 KB   42/601 KB   54/74 KB   53/192 KB   42/601 KB   54/74 KB   53/192 KB   43/601 KB   54/74 KB   53/192 KB   43/601 KB   55/74 KB   54/192 KB   43/601 KB   55/74 KB   54/192 KB   45/601 KB   55/74 KB   54/192 KB   45/601 KB   57/74 KB   55/192 KB   45/601 KB   57/74 KB   55/192 KB   46/601 KB   57/74 KB   55/192 KB   46/601 KB   58/74 KB   57/192 KB   46/601 KB   58/74 KB   57/192 KB   47/601 KB   58/74 KB   57/192 KB   47/601 KB   59/74 KB   58/192 KB   47/601 KB   59/74 KB   58/192 KB   49/601 KB   59/74 KB   58/192 KB   49/601 KB   61/74 KB   59/192 KB   49/601 KB   61/74 KB   59/192 KB   50/601 KB   61/74 KB   59/192 KB   50/601 KB   62/74 KB   61/192 KB   50/601 KB   62/74 KB   61/192 KB   51/601 KB   62/74 KB   61/192 KB   51/601 KB   63/74 KB   62/192 KB   51/601 KB   63/74 KB   62/192 KB   53/601 KB   63/74 KB   62/192 KB   53/601 KB   65/74 KB   63/192 KB   53/601 KB   65/74 KB   63/192 KB   54/601 KB   65/74 KB   65/192 KB   54/601 KB   66/74 KB   65/192 KB   55/601 KB   66/74 KB   65/192 KB   54/601 KB   66/74 KB   66/192 KB   55/601 KB   66/74 KB   66/192 KB   55/601 KB   67/74 KB   67/192 KB   55/601 KB   67/74 KB   67/192 KB   57/601 KB   67/74 KB   67/192 KB   57/601 KB   69/74 KB   69/192 KB   57/601 KB   69/74 KB   69/192 KB   58/601 KB   69/74 KB   69/192 KB   58/601 KB   70/74 KB   70/192 KB   58/601 KB   70/74 KB   70/192 KB   59/601 KB   70/74 KB   70/192 KB   59/601 KB   71/74 KB   71/192 KB   59/601 KB   71/74 KB   71/192 KB   61/601 KB   71/74 KB   71/192 KB   61/601 KB   73/74 KB   73/192 KB   61/601 KB   73/74 KB   73/192 KB   62/601 KB   73/74 KB   74/192 KB   62/601 KB   73/74 KB   74/192 KB   62/601 KB   74/74 KB   74/192 KB   63/601 KB   74/74 KB   74/192 KB   63/601 KB   74/74 KB   75/192 KB   63/601 KB   74/74 KB   77/192 KB   65/601 KB   74/74 KB   77/192 KB   65/601 KB   74/74 KB   78/192 KB   66/601 KB   74/74 KB   78/192 KB   66/601 KB   74/74 KB   78/192 KB   67/601 KB   74/74 KB   78/192 KB   69/601 KB   74/74 KB   79/192 KB   69/601 KB   74/74 KB   79/192 KB   70/601 KB   74/74 KB   81/192 KB   70/601 KB   74/74 KB   81/192 KB   71/601 KB   74/74 KB   82/192 KB   71/601 KB   74/74 KB   82/192 KB   73/601 KB   74/74 KB   82/192 KB   74/601 KB   74/74 KB   84/192 KB   74/601 KB   74/74 KB   84/192 KB   75/601 KB   74/74 KB   85/192 KB   75/601 KB   74/74 KB   85/192 KB   77/601 KB   74/74 KB   86/192 KB   77/601 KB   74/74 KB   88/192 KB   77/601 KB   74/74 KB   89/192 KB   77/601 KB   74/74 KB   89/192 KB   78/601 KB   74/74 KB   90/192 KB   78/601 KB   74/74 KB   90/192 KB   79/601 KB   74/74 KB   92/192 KB   79/601 KB   74/74 KB   93/192 KB   79/601 KB   74/74 KB   93/192 KB   81/601 KB   74/74 KB   93/192 KB   82/601 KB   74/74 KB   94/192 KB   82/601 KB   74/74 KB   96/192 KB   82/601 KB   74/74 KB   96/192 KB   84/601 KB   74/74 KB   96/192 KB   85/601 KB   74/74 KB   97/192 KB   85/601 KB   74/74 KB   97/192 KB   86/601 KB   74/74 KB   98/192 KB   86/601 KB   74/74 KB   98/192 KB   88/601 KB   74/74 KB   100/192 KB   88/601 KB   74/74 KB   101/192 KB   88/601 KB   74/74 KB   101/192 KB   89/601 KB   74/74 KB   102/192 KB   89/601 KB   74/74 KB   104/192 KB   89/601 KB   74/74 KB   104/192 KB   90/601 KB   74/74 KB   104/192 KB   92/601 KB   74/74 KB   105/192 KB   92/601 KB   74/74 KB   106/192 KB   92/601 KB   74/74 KB   106/192 KB   93/601 KB   74/74 KB   108/192 KB   93/601 KB   74/74 KB   108/192 KB   94/601 KB   74/74 KB   108/192 KB   96/601 KB   74/74 KB   109/192 KB   96/601 KB   74/74 KB   109/192 KB   97/601 KB   74/74 KB   110/192 KB   97/601 KB   74/74 KB   110/192 KB   98/601 KB   74/74 KB   112/192 KB   98/601 KB   74/74 KB   112/192 KB   100/601 KB   74/74 KB   113/192 KB   100/601 KB   74/74 KB   114/192 KB   100/601 KB   74/74 KB   114/192 KB   101/601 KB   74/74 KB   116/192 KB   101/601 KB   74/74 KB   116/192 KB   102/601 KB   74/74 KB   117/192 KB   102/601 KB   74/74 KB   118/192 KB   102/601 KB   74/74 KB   118/192 KB   104/601 KB   74/74 KB   120/192 KB   104/601 KB   74/74 KB   121/192 KB   104/601 KB   74/74 KB   121/192 KB   105/601 KB   74/74 KB   122/192 KB   105/601 KB   74/74 KB   124/192 KB   106/601 KB   74/74 KB   124/192 KB   106/601 KB   74/74 KB   125/192 KB   106/601 KB   74/74 KB   125/192 KB   108/601 KB   74/74 KB   126/192 KB   108/601 KB   74/74 KB   128/192 KB   108/601 KB   74/74 KB   128/192 KB   109/601 KB   74/74 KB   129/192 KB   109/601 KB   74/74 KB   130/192 KB   109/601 KB   74/74 KB   130/192 KB   110/601 KB   74/74 KB   132/192 KB   110/601 KB   74/74 KB   133/192 KB   110/601 KB   74/74 KB   133/192 KB   112/601 KB   74/74 KB   134/192 KB   112/601 KB   74/74 KB   136/192 KB   112/601 KB   74/74 KB   137/192 KB   112/601 KB   74/74 KB   137/192 KB   113/601 KB   74/74 KB   138/192 KB   113/601 KB   74/74 KB                                        138/192 KB   114/601 KB              140/192 KB   114/601 KB   Downloaded: https://repo.maven.apache.org/maven2/org/codehaus/plexus/plexus-io/3.2.0/plexus-io-3.2.0.jar (74 KB at 1171.2 KB/sec)
141/192 KB   114/601 KB   141/192 KB   116/601 KB   142/192 KB   116/601 KB   144/192 KB   116/601 KB   144/192 KB   117/601 KB   145/192 KB   117/601 KB   146/192 KB   117/601 KB   146/192 KB   118/601 KB   148/192 KB   118/601 KB   148/192 KB   120/601 KB   149/192 KB   120/601 KB   149/192 KB   121/601 KB   150/192 KB   121/601 KB   150/192 KB   122/601 KB   152/192 KB   122/601 KB   152/192 KB   124/601 KB   153/192 KB   124/601 KB   153/192 KB   125/601 KB   154/192 KB   125/601 KB   154/192 KB   126/601 KB   156/192 KB   126/601 KB   156/192 KB   128/601 KB   157/192 KB   128/601 KB   157/192 KB   129/601 KB   158/192 KB   129/601 KB   160/192 KB   130/601 KB   160/192 KB   130/601 KB   161/192 KB   130/601 KB   161/192 KB   132/601 KB   163/192 KB   132/601 KB   163/192 KB   133/601 KB   164/192 KB   133/601 KB   164/192 KB   134/601 KB   165/192 KB   134/601 KB   165/192 KB   136/601 KB   167/192 KB   136/601 KB   167/192 KB   137/601 KB   168/192 KB   137/601 KB   168/192 KB   138/601 KB   169/192 KB   138/601 KB   169/192 KB   140/601 KB   171/192 KB   140/601 KB   171/192 KB   141/601 KB   172/192 KB   141/601 KB   172/192 KB   142/601 KB   173/192 KB   142/601 KB   173/192 KB   144/601 KB   175/192 KB   144/601 KB   175/192 KB   145/601 KB   176/192 KB   145/601 KB   177/192 KB   146/601 KB   177/192 KB   146/601 KB   179/192 KB   146/601 KB   179/192 KB   148/601 KB   180/192 KB   148/601 KB   180/192 KB   149/601 KB   181/192 KB   149/601 KB   181/192 KB   150/601 KB   183/192 KB   150/601 KB   183/192 KB   152/601 KB   184/192 KB   152/601 KB   184/192 KB   153/601 KB   185/192 KB   153/601 KB   185/192 KB   154/601 KB   187/192 KB   154/601 KB   187/192 KB   156/601 KB   188/192 KB   156/601 KB   188/192 KB   157/601 KB   189/192 KB   157/601 KB   191/192 KB   158/601 KB   191/192 KB   158/601 KB   191/192 KB   160/601 KB   191/192 KB   161/601 KB   191/192 KB   163/601 KB   191/192 KB   164/601 KB   191/192 KB   165/601 KB   192/192 KB   165/601 KB   192/192 KB   165/601 KB   192/192 KB   167/601 KB   192/192 KB   168/601 KB   192/192 KB   169/601 KB   192/192 KB   171/601 KB   192/192 KB   172/601 KB   192/192 KB   173/601 KB   192/192 KB   175/601 KB   192/192 KB   176/601 KB   192/192 KB   177/601 KB   192/192 KB   179/601 KB   192/192 KB   180/601 KB   192/192 KB   181/601 KB   192/192 KB   183/601 KB   192/192 KB   184/601 KB   192/192 KB   185/601 KB   192/192 KB   187/601 KB   192/192 KB   188/601 KB   192/192 KB   189/601 KB   192/192 KB   191/601 KB   192/192 KB   192/601 KB   192/192 KB   193/601 KB   192/192 KB   195/601 KB   192/192 KB   196/601 KB   192/192 KB   197/601 KB   192/192 KB   199/601 KB   192/192 KB   200/601 KB   192/192 KB   201/601 KB   192/192 KB   203/601 KB   192/192 KB   204/601 KB   192/192 KB   205/601 KB   192/192 KB   207/601 KB   192/192 KB   208/601 KB   192/192 KB   209/601 KB   192/192 KB   211/601 KB   192/192 KB   212/601 KB   192/192 KB   213/601 KB   192/192 KB   214/601 KB   192/192 KB   218/601 KB   192/192 KB   222/601 KB   192/192 KB   226/601 KB   192/192 KB   230/601 KB   192/192 KB   234/601 KB   192/192 KB   238/601 KB   192/192 KB   242/601 KB   192/192 KB   246/601 KB   192/192 KB   250/601 KB   192/192 KB   254/601 KB   192/192 KB   258/601 KB   192/192 KB   262/601 KB   192/192 KB   266/601 KB   192/192 KB   270/601 KB   192/192 KB   274/601 KB   192/192 KB   278/601 KB   192/192 KB   282/601 KB   192/192 KB   286/601 KB   192/192 KB   290/601 KB   192/192 KB   294/601 KB   192/192 KB   298/601 KB   192/192 KB   302/601 KB   192/192 KB   306/601 KB   192/192 KB   310/601 KB                             Downloaded: https://repo.maven.apache.org/maven2/org/codehaus/plexus/plexus-archiver/4.2.1/plexus-archiver-4.2.1.jar (192 KB at 2256.8 KB/sec)
314/601 KB                318/601 KB   322/601 KB   326/601 KB   330/601 KB   334/601 KB   338/601 KB   342/601 KB   346/601 KB   350/601 KB   354/601 KB   358/601 KB   362/601 KB   366/601 KB   370/601 KB   374/601 KB   378/601 KB   382/601 KB   386/601 KB   390/601 KB   394/601 KB   398/601 KB   402/601 KB   406/601 KB   410/601 KB   414/601 KB   418/601 KB   422/601 KB   426/601 KB   430/601 KB   434/601 KB   438/601 KB   442/601 KB   446/601 KB   450/601 KB   454/601 KB   458/601 KB   462/601 KB   464/601 KB   468/601 KB   472/601 KB   476/601 KB   480/601 KB   484/601 KB   488/601 KB   492/601 KB   496/601 KB   500/601 KB   504/601 KB   508/601 KB   512/601 KB   516/601 KB   520/601 KB   524/601 KB   528/601 KB   532/601 KB   536/601 KB   540/601 KB   544/601 KB   548/601 KB   552/601 KB   556/601 KB   560/601 KB   564/601 KB   568/601 KB   572/601 KB   576/601 KB   580/601 KB   584/601 KB   588/601 KB   592/601 KB   596/601 KB   600/601 KB   601/601 KB                Downloaded: https://repo.maven.apache.org/maven2/org/apache/commons/commons-compress/1.19/commons-compress-1.19.jar (601 KB at 4767.1 KB/sec)
[INFO] Building jar: /lv_scratch/scratch/mondego/local/Maruf/ASE/projects/commons-codec/target/commons-codec-1.14-SNAPSHOT.jar
[INFO] 
[INFO] --- maven-site-plugin:3.8.2:attach-descriptor (attach-descriptor) @ commons-codec ---
Downloading: https://repo.maven.apache.org/maven2/org/apache/maven/wagon/wagon-ssh/3.3.4/wagon-ssh-3.3.4.pom
4/7 KB       7/7 KB            Downloaded: https://repo.maven.apache.org/maven2/org/apache/maven/wagon/wagon-ssh/3.3.4/wagon-ssh-3.3.4.pom (7 KB at 227.8 KB/sec)
Downloading: https://repo.maven.apache.org/maven2/org/apache/maven/wagon/wagon-providers/3.3.4/wagon-providers-3.3.4.pom
3/3 KB            Downloaded: https://repo.maven.apache.org/maven2/org/apache/maven/wagon/wagon-providers/3.3.4/wagon-providers-3.3.4.pom (3 KB at 121.2 KB/sec)
Downloading: https://repo.maven.apache.org/maven2/org/apache/maven/wagon/wagon/3.3.4/wagon-3.3.4.pom
4/21 KB   8/21 KB   12/21 KB   16/21 KB   20/21 KB   21/21 KB              Downloaded: https://repo.maven.apache.org/maven2/org/apache/maven/wagon/wagon/3.3.4/wagon-3.3.4.pom (21 KB at 609.6 KB/sec)
Downloading: https://repo.maven.apache.org/maven2/com/jcraft/jsch.agentproxy.connector-factory/0.0.9/jsch.agentproxy.connector-factory-0.0.9.pom
2/2 KB              Downloaded: https://repo.maven.apache.org/maven2/com/jcraft/jsch.agentproxy.connector-factory/0.0.9/jsch.agentproxy.connector-factory-0.0.9.pom (2 KB at 70.6 KB/sec)
Downloading: https://repo.maven.apache.org/maven2/com/jcraft/jsch.agentproxy/0.0.9/jsch.agentproxy-0.0.9.pom
4/5 KB   5/5 KB            Downloaded: https://repo.maven.apache.org/maven2/com/jcraft/jsch.agentproxy/0.0.9/jsch.agentproxy-0.0.9.pom (5 KB at 184.6 KB/sec)
Downloading: https://repo.maven.apache.org/maven2/com/jcraft/jsch.agentproxy.core/0.0.9/jsch.agentproxy.core-0.0.9.pom
804/804 B               Downloaded: https://repo.maven.apache.org/maven2/com/jcraft/jsch.agentproxy.core/0.0.9/jsch.agentproxy.core-0.0.9.pom (804 B at 10.3 KB/sec)
Downloading: https://repo.maven.apache.org/maven2/com/jcraft/jsch.agentproxy.usocket-jna/0.0.9/jsch.agentproxy.usocket-jna-0.0.9.pom
2/2 KB               Downloaded: https://repo.maven.apache.org/maven2/com/jcraft/jsch.agentproxy.usocket-jna/0.0.9/jsch.agentproxy.usocket-jna-0.0.9.pom (2 KB at 60.8 KB/sec)
Downloading: https://repo.maven.apache.org/maven2/com/jcraft/jsch.agentproxy.usocket-nc/0.0.9/jsch.agentproxy.usocket-nc-0.0.9.pom
996/996 B               Downloaded: https://repo.maven.apache.org/maven2/com/jcraft/jsch.agentproxy.usocket-nc/0.0.9/jsch.agentproxy.usocket-nc-0.0.9.pom (996 B at 44.2 KB/sec)
Downloading: https://repo.maven.apache.org/maven2/com/jcraft/jsch.agentproxy.sshagent/0.0.9/jsch.agentproxy.sshagent-0.0.9.pom
971/971 B               Downloaded: https://repo.maven.apache.org/maven2/com/jcraft/jsch.agentproxy.sshagent/0.0.9/jsch.agentproxy.sshagent-0.0.9.pom (971 B at 20.2 KB/sec)
Downloading: https://repo.maven.apache.org/maven2/com/jcraft/jsch.agentproxy.pageant/0.0.9/jsch.agentproxy.pageant-0.0.9.pom
2/2 KB               Downloaded: https://repo.maven.apache.org/maven2/com/jcraft/jsch.agentproxy.pageant/0.0.9/jsch.agentproxy.pageant-0.0.9.pom (2 KB at 54.8 KB/sec)
Downloading: https://repo.maven.apache.org/maven2/com/jcraft/jsch.agentproxy.jsch/0.0.9/jsch.agentproxy.jsch-0.0.9.pom
2/2 KB            Downloaded: https://repo.maven.apache.org/maven2/com/jcraft/jsch.agentproxy.jsch/0.0.9/jsch.agentproxy.jsch-0.0.9.pom (2 KB at 13.4 KB/sec)
Downloading: https://repo.maven.apache.org/maven2/org/codehaus/plexus/plexus-interactivity-api/1.0/plexus-interactivity-api-1.0.pom
823/823 B               Downloaded: https://repo.maven.apache.org/maven2/org/codehaus/plexus/plexus-interactivity-api/1.0/plexus-interactivity-api-1.0.pom (823 B at 23.6 KB/sec)
Downloading: https://repo.maven.apache.org/maven2/org/codehaus/plexus/plexus-interactivity/1.0/plexus-interactivity-1.0.pom
2/2 KB               Downloaded: https://repo.maven.apache.org/maven2/org/codehaus/plexus/plexus-interactivity/1.0/plexus-interactivity-1.0.pom (2 KB at 23.6 KB/sec)
Downloading: https://repo.maven.apache.org/maven2/org/apache/maven/wagon/wagon-ssh-common/3.3.4/wagon-ssh-common-3.3.4.pom
2/2 KB            Downloaded: https://repo.maven.apache.org/maven2/org/apache/maven/wagon/wagon-ssh-common/3.3.4/wagon-ssh-common-3.3.4.pom (2 KB at 29.6 KB/sec)
Downloading: https://repo.maven.apache.org/maven2/org/apache/maven/wagon/wagon-provider-api/3.3.4/wagon-provider-api-3.3.4.pom
2/2 KB            Downloaded: https://repo.maven.apache.org/maven2/org/apache/maven/wagon/wagon-provider-api/3.3.4/wagon-provider-api-3.3.4.pom (2 KB at 24.2 KB/sec)
Downloading: https://repo.maven.apache.org/maven2/org/apache/maven/reporting/maven-reporting-exec/1.4/maven-reporting-exec-1.4.pom
4/12 KB   8/12 KB   12/12 KB              Downloaded: https://repo.maven.apache.org/maven2/org/apache/maven/reporting/maven-reporting-exec/1.4/maven-reporting-exec-1.4.pom (12 KB at 355.2 KB/sec)
Downloading: https://repo.maven.apache.org/maven2/org/apache/maven/doxia/doxia-module-apt/1.9/doxia-module-apt-1.9.pom
3/3 KB              Downloaded: https://repo.maven.apache.org/maven2/org/apache/maven/doxia/doxia-module-apt/1.9/doxia-module-apt-1.9.pom (3 KB at 65.1 KB/sec)
Downloading: https://repo.maven.apache.org/maven2/org/apache/maven/doxia/doxia-module-xdoc/1.9/doxia-module-xdoc-1.9.pom
4/5 KB   5/5 KB            Downloaded: https://repo.maven.apache.org/maven2/org/apache/maven/doxia/doxia-module-xdoc/1.9/doxia-module-xdoc-1.9.pom (5 KB at 95.2 KB/sec)
Downloading: https://repo.maven.apache.org/maven2/org/apache/maven/doxia/doxia-module-fml/1.9/doxia-module-fml-1.9.pom
4/5 KB   5/5 KB            Downloaded: https://repo.maven.apache.org/maven2/org/apache/maven/doxia/doxia-module-fml/1.9/doxia-module-fml-1.9.pom (5 KB at 194.4 KB/sec)
Downloading: https://repo.maven.apache.org/maven2/org/apache/maven/doxia/doxia-module-markdown/1.9/doxia-module-markdown-1.9.pom
3/3 KB            Downloaded: https://repo.maven.apache.org/maven2/org/apache/maven/doxia/doxia-module-markdown/1.9/doxia-module-markdown-1.9.pom (3 KB at 135.4 KB/sec)
Downloading: https://repo.maven.apache.org/maven2/com/vladsch/flexmark/flexmark-all/0.42.8/flexmark-all-0.42.8.pom
4/9 KB   8/9 KB   9/9 KB            Downloaded: https://repo.maven.apache.org/maven2/com/vladsch/flexmark/flexmark-all/0.42.8/flexmark-all-0.42.8.pom (9 KB at 164.4 KB/sec)
Downloading: https://repo.maven.apache.org/maven2/com/vladsch/flexmark/flexmark-java/0.42.8/flexmark-java-0.42.8.pom
4/20 KB   8/20 KB   12/20 KB   16/20 KB   20/20 KB              Downloaded: https://repo.maven.apache.org/maven2/com/vladsch/flexmark/flexmark-java/0.42.8/flexmark-java-0.42.8.pom (20 KB at 512.4 KB/sec)
Downloading: https://repo.maven.apache.org/maven2/com/vladsch/flexmark/flexmark/0.42.8/flexmark-0.42.8.pom
3/3 KB              Downloaded: https://repo.maven.apache.org/maven2/com/vladsch/flexmark/flexmark/0.42.8/flexmark-0.42.8.pom (3 KB at 118.1 KB/sec)
Downloading: https://repo.maven.apache.org/maven2/com/vladsch/flexmark/flexmark-util/0.42.8/flexmark-util-0.42.8.pom
791/791 B               Downloaded: https://repo.maven.apache.org/maven2/com/vladsch/flexmark/flexmark-util/0.42.8/flexmark-util-0.42.8.pom (791 B at 12.3 KB/sec)
Downloading: https://repo.maven.apache.org/maven2/com/vladsch/flexmark/flexmark-ext-abbreviation/0.42.8/flexmark-ext-abbreviation-0.42.8.pom
3/3 KB               Downloaded: https://repo.maven.apache.org/maven2/com/vladsch/flexmark/flexmark-ext-abbreviation/0.42.8/flexmark-ext-abbreviation-0.42.8.pom (3 KB at 46.0 KB/sec)
Downloading: https://repo.maven.apache.org/maven2/com/vladsch/flexmark/flexmark-ext-autolink/0.42.8/flexmark-ext-autolink-0.42.8.pom
2/2 KB            Downloaded: https://repo.maven.apache.org/maven2/com/vladsch/flexmark/flexmark-ext-autolink/0.42.8/flexmark-ext-autolink-0.42.8.pom (2 KB at 48.2 KB/sec)
Downloading: https://repo.maven.apache.org/maven2/com/vladsch/flexmark/flexmark-formatter/0.42.8/flexmark-formatter-0.42.8.pom
2/2 KB            Downloaded: https://repo.maven.apache.org/maven2/com/vladsch/flexmark/flexmark-formatter/0.42.8/flexmark-formatter-0.42.8.pom (2 KB at 46.1 KB/sec)
Downloading: https://repo.maven.apache.org/maven2/com/vladsch/flexmark/flexmark-ext-admonition/0.42.8/flexmark-ext-admonition-0.42.8.pom
2/2 KB            Downloaded: https://repo.maven.apache.org/maven2/com/vladsch/flexmark/flexmark-ext-admonition/0.42.8/flexmark-ext-admonition-0.42.8.pom (2 KB at 41.5 KB/sec)
Downloading: https://repo.maven.apache.org/maven2/com/vladsch/flexmark/flexmark-ext-anchorlink/0.42.8/flexmark-ext-anchorlink-0.42.8.pom
2/2 KB            Downloaded: https://repo.maven.apache.org/maven2/com/vladsch/flexmark/flexmark-ext-anchorlink/0.42.8/flexmark-ext-anchorlink-0.42.8.pom (2 KB at 33.2 KB/sec)
Downloading: https://repo.maven.apache.org/maven2/com/vladsch/flexmark/flexmark-ext-aside/0.42.8/flexmark-ext-aside-0.42.8.pom
2/2 KB            Downloaded: https://repo.maven.apache.org/maven2/com/vladsch/flexmark/flexmark-ext-aside/0.42.8/flexmark-ext-aside-0.42.8.pom (2 KB at 37.9 KB/sec)
Downloading: https://repo.maven.apache.org/maven2/com/vladsch/flexmark/flexmark-jira-converter/0.42.8/flexmark-jira-converter-0.42.8.pom
3/3 KB            Downloaded: https://repo.maven.apache.org/maven2/com/vladsch/flexmark/flexmark-jira-converter/0.42.8/flexmark-jira-converter-0.42.8.pom (3 KB at 58.8 KB/sec)
Downloading: https://repo.maven.apache.org/maven2/com/vladsch/flexmark/flexmark-ext-gfm-strikethrough/0.42.8/flexmark-ext-gfm-strikethrough-0.42.8.pom
2/2 KB            Downloaded: https://repo.maven.apache.org/maven2/com/vladsch/flexmark/flexmark-ext-gfm-strikethrough/0.42.8/flexmark-ext-gfm-strikethrough-0.42.8.pom (2 KB at 35.5 KB/sec)
Downloading: https://repo.maven.apache.org/maven2/com/vladsch/flexmark/flexmark-ext-tables/0.42.8/flexmark-ext-tables-0.42.8.pom
2/2 KB            Downloaded: https://repo.maven.apache.org/maven2/com/vladsch/flexmark/flexmark-ext-tables/0.42.8/flexmark-ext-tables-0.42.8.pom (2 KB at 75.1 KB/sec)
Downloading: https://repo.maven.apache.org/maven2/com/vladsch/flexmark/flexmark-ext-wikilink/0.42.8/flexmark-ext-wikilink-0.42.8.pom
2/2 KB            Downloaded: https://repo.maven.apache.org/maven2/com/vladsch/flexmark/flexmark-ext-wikilink/0.42.8/flexmark-ext-wikilink-0.42.8.pom (2 KB at 21.9 KB/sec)
Downloading: https://repo.maven.apache.org/maven2/com/vladsch/flexmark/flexmark-ext-ins/0.42.8/flexmark-ext-ins-0.42.8.pom
2/2 KB            Downloaded: https://repo.maven.apache.org/maven2/com/vladsch/flexmark/flexmark-ext-ins/0.42.8/flexmark-ext-ins-0.42.8.pom (2 KB at 35.4 KB/sec)
Downloading: https://repo.maven.apache.org/maven2/com/vladsch/flexmark/flexmark-ext-superscript/0.42.8/flexmark-ext-superscript-0.42.8.pom
2/2 KB            Downloaded: https://repo.maven.apache.org/maven2/com/vladsch/flexmark/flexmark-ext-superscript/0.42.8/flexmark-ext-superscript-0.42.8.pom (2 KB at 54.9 KB/sec)
Downloading: https://repo.maven.apache.org/maven2/com/vladsch/flexmark/flexmark-ext-attributes/0.42.8/flexmark-ext-attributes-0.42.8.pom
3/3 KB            Downloaded: https://repo.maven.apache.org/maven2/com/vladsch/flexmark/flexmark-ext-attributes/0.42.8/flexmark-ext-attributes-0.42.8.pom (3 KB at 81.9 KB/sec)
Downloading: https://repo.maven.apache.org/maven2/com/vladsch/flexmark/flexmark-ext-definition/0.42.8/flexmark-ext-definition-0.42.8.pom
2/2 KB            Downloaded: https://repo.maven.apache.org/maven2/com/vladsch/flexmark/flexmark-ext-definition/0.42.8/flexmark-ext-definition-0.42.8.pom (2 KB at 22.9 KB/sec)
Downloading: https://repo.maven.apache.org/maven2/com/vladsch/flexmark/flexmark-ext-emoji/0.42.8/flexmark-ext-emoji-0.42.8.pom
2/2 KB            Downloaded: https://repo.maven.apache.org/maven2/com/vladsch/flexmark/flexmark-ext-emoji/0.42.8/flexmark-ext-emoji-0.42.8.pom (2 KB at 21.4 KB/sec)
Downloading: https://repo.maven.apache.org/maven2/com/vladsch/flexmark/flexmark-ext-enumerated-reference/0.42.8/flexmark-ext-enumerated-reference-0.42.8.pom
2/2 KB            Downloaded: https://repo.maven.apache.org/maven2/com/vladsch/flexmark/flexmark-ext-enumerated-reference/0.42.8/flexmark-ext-enumerated-reference-0.42.8.pom (2 KB at 26.8 KB/sec)
Downloading: https://repo.maven.apache.org/maven2/com/vladsch/flexmark/flexmark-ext-escaped-character/0.42.8/flexmark-ext-escaped-character-0.42.8.pom
2/2 KB            Downloaded: https://repo.maven.apache.org/maven2/com/vladsch/flexmark/flexmark-ext-escaped-character/0.42.8/flexmark-ext-escaped-character-0.42.8.pom (2 KB at 40.0 KB/sec)
Downloading: https://repo.maven.apache.org/maven2/com/vladsch/flexmark/flexmark-ext-footnotes/0.42.8/flexmark-ext-footnotes-0.42.8.pom
2/2 KB            Downloaded: https://repo.maven.apache.org/maven2/com/vladsch/flexmark/flexmark-ext-footnotes/0.42.8/flexmark-ext-footnotes-0.42.8.pom (2 KB at 28.8 KB/sec)
Downloading: https://repo.maven.apache.org/maven2/com/vladsch/flexmark/flexmark-ext-gfm-issues/0.42.8/flexmark-ext-gfm-issues-0.42.8.pom
2/2 KB            Downloaded: https://repo.maven.apache.org/maven2/com/vladsch/flexmark/flexmark-ext-gfm-issues/0.42.8/flexmark-ext-gfm-issues-0.42.8.pom (2 KB at 37.6 KB/sec)
Downloading: https://repo.maven.apache.org/maven2/com/vladsch/flexmark/flexmark-ext-gfm-tables/0.42.8/flexmark-ext-gfm-tables-0.42.8.pom
2/2 KB            Downloaded: https://repo.maven.apache.org/maven2/com/vladsch/flexmark/flexmark-ext-gfm-tables/0.42.8/flexmark-ext-gfm-tables-0.42.8.pom (2 KB at 54.2 KB/sec)
Downloading: https://repo.maven.apache.org/maven2/com/vladsch/flexmark/flexmark-ext-gfm-tasklist/0.42.8/flexmark-ext-gfm-tasklist-0.42.8.pom
2/2 KB            Downloaded: https://repo.maven.apache.org/maven2/com/vladsch/flexmark/flexmark-ext-gfm-tasklist/0.42.8/flexmark-ext-gfm-tasklist-0.42.8.pom (2 KB at 36.4 KB/sec)
Downloading: https://repo.maven.apache.org/maven2/com/vladsch/flexmark/flexmark-ext-gfm-users/0.42.8/flexmark-ext-gfm-users-0.42.8.pom
2/2 KB            Downloaded: https://repo.maven.apache.org/maven2/com/vladsch/flexmark/flexmark-ext-gfm-users/0.42.8/flexmark-ext-gfm-users-0.42.8.pom (2 KB at 58.0 KB/sec)
Downloading: https://repo.maven.apache.org/maven2/com/vladsch/flexmark/flexmark-ext-gitlab/0.42.8/flexmark-ext-gitlab-0.42.8.pom
2/2 KB            Downloaded: https://repo.maven.apache.org/maven2/com/vladsch/flexmark/flexmark-ext-gitlab/0.42.8/flexmark-ext-gitlab-0.42.8.pom (2 KB at 64.3 KB/sec)
Downloading: https://repo.maven.apache.org/maven2/com/vladsch/flexmark/flexmark-ext-jekyll-front-matter/0.42.8/flexmark-ext-jekyll-front-matter-0.42.8.pom
2/2 KB            Downloaded: https://repo.maven.apache.org/maven2/com/vladsch/flexmark/flexmark-ext-jekyll-front-matter/0.42.8/flexmark-ext-jekyll-front-matter-0.42.8.pom (2 KB at 18.8 KB/sec)
Downloading: https://repo.maven.apache.org/maven2/com/vladsch/flexmark/flexmark-ext-yaml-front-matter/0.42.8/flexmark-ext-yaml-front-matter-0.42.8.pom
2/2 KB            Downloaded: https://repo.maven.apache.org/maven2/com/vladsch/flexmark/flexmark-ext-yaml-front-matter/0.42.8/flexmark-ext-yaml-front-matter-0.42.8.pom (2 KB at 32.1 KB/sec)
Downloading: https://repo.maven.apache.org/maven2/com/vladsch/flexmark/flexmark-ext-jekyll-tag/0.42.8/flexmark-ext-jekyll-tag-0.42.8.pom
2/2 KB            Downloaded: https://repo.maven.apache.org/maven2/com/vladsch/flexmark/flexmark-ext-jekyll-tag/0.42.8/flexmark-ext-jekyll-tag-0.42.8.pom (2 KB at 58.0 KB/sec)
Downloading: https://repo.maven.apache.org/maven2/com/vladsch/flexmark/flexmark-ext-media-tags/0.42.8/flexmark-ext-media-tags-0.42.8.pom
1/1 KB            Downloaded: https://repo.maven.apache.org/maven2/com/vladsch/flexmark/flexmark-ext-media-tags/0.42.8/flexmark-ext-media-tags-0.42.8.pom (1 KB at 26.3 KB/sec)
Downloading: https://repo.maven.apache.org/maven2/com/vladsch/flexmark/flexmark-ext-macros/0.42.8/flexmark-ext-macros-0.42.8.pom
2/2 KB            Downloaded: https://repo.maven.apache.org/maven2/com/vladsch/flexmark/flexmark-ext-macros/0.42.8/flexmark-ext-macros-0.42.8.pom (2 KB at 48.4 KB/sec)
Downloading: https://repo.maven.apache.org/maven2/com/vladsch/flexmark/flexmark-ext-xwiki-macros/0.42.8/flexmark-ext-xwiki-macros-0.42.8.pom
2/2 KB            Downloaded: https://repo.maven.apache.org/maven2/com/vladsch/flexmark/flexmark-ext-xwiki-macros/0.42.8/flexmark-ext-xwiki-macros-0.42.8.pom (2 KB at 54.5 KB/sec)
Downloading: https://repo.maven.apache.org/maven2/com/vladsch/flexmark/flexmark-ext-toc/0.42.8/flexmark-ext-toc-0.42.8.pom
2/2 KB            Downloaded: https://repo.maven.apache.org/maven2/com/vladsch/flexmark/flexmark-ext-toc/0.42.8/flexmark-ext-toc-0.42.8.pom (2 KB at 67.8 KB/sec)
Downloading: https://repo.maven.apache.org/maven2/com/vladsch/flexmark/flexmark-ext-typographic/0.42.8/flexmark-ext-typographic-0.42.8.pom
2/2 KB            Downloaded: https://repo.maven.apache.org/maven2/com/vladsch/flexmark/flexmark-ext-typographic/0.42.8/flexmark-ext-typographic-0.42.8.pom (2 KB at 45.1 KB/sec)
Downloading: https://repo.maven.apache.org/maven2/com/vladsch/flexmark/flexmark-ext-youtube-embedded/0.42.8/flexmark-ext-youtube-embedded-0.42.8.pom
882/882 B               Downloaded: https://repo.maven.apache.org/maven2/com/vladsch/flexmark/flexmark-ext-youtube-embedded/0.42.8/flexmark-ext-youtube-embedded-0.42.8.pom (882 B at 35.9 KB/sec)
Downloading: https://repo.maven.apache.org/maven2/com/vladsch/flexmark/flexmark-html-parser/0.42.8/flexmark-html-parser-0.42.8.pom
2/2 KB               Downloaded: https://repo.maven.apache.org/maven2/com/vladsch/flexmark/flexmark-html-parser/0.42.8/flexmark-html-parser-0.42.8.pom (2 KB at 57.0 KB/sec)
Downloading: https://repo.maven.apache.org/maven2/org/jsoup/jsoup/1.10.2/jsoup-1.10.2.pom
4/8 KB   8/8 KB            Downloaded: https://repo.maven.apache.org/maven2/org/jsoup/jsoup/1.10.2/jsoup-1.10.2.pom (8 KB at 169.5 KB/sec)
Downloading: https://repo.maven.apache.org/maven2/com/vladsch/flexmark/flexmark-profile-pegdown/0.42.8/flexmark-profile-pegdown-0.42.8.pom
4/4 KB            Downloaded: https://repo.maven.apache.org/maven2/com/vladsch/flexmark/flexmark-profile-pegdown/0.42.8/flexmark-profile-pegdown-0.42.8.pom (4 KB at 178.8 KB/sec)
Downloading: https://repo.maven.apache.org/maven2/com/vladsch/flexmark/flexmark-youtrack-converter/0.42.8/flexmark-youtrack-converter-0.42.8.pom
2/2 KB            Downloaded: https://repo.maven.apache.org/maven2/com/vladsch/flexmark/flexmark-youtrack-converter/0.42.8/flexmark-youtrack-converter-0.42.8.pom (2 KB at 52.3 KB/sec)
Downloading: https://repo.maven.apache.org/maven2/org/apache/maven/doxia/doxia-module-confluence/1.9/doxia-module-confluence-1.9.pom
3/3 KB            Downloaded: https://repo.maven.apache.org/maven2/org/apache/maven/doxia/doxia-module-confluence/1.9/doxia-module-confluence-1.9.pom (3 KB at 82.0 KB/sec)
Downloading: https://repo.maven.apache.org/maven2/org/apache/maven/doxia/doxia-module-docbook-simple/1.9/doxia-module-docbook-simple-1.9.pom
2/2 KB            Downloaded: https://repo.maven.apache.org/maven2/org/apache/maven/doxia/doxia-module-docbook-simple/1.9/doxia-module-docbook-simple-1.9.pom (2 KB at 47.8 KB/sec)
Downloading: https://repo.maven.apache.org/maven2/org/apache/maven/doxia/doxia-module-twiki/1.9/doxia-module-twiki-1.9.pom
3/3 KB            Downloaded: https://repo.maven.apache.org/maven2/org/apache/maven/doxia/doxia-module-twiki/1.9/doxia-module-twiki-1.9.pom (3 KB at 40.5 KB/sec)
Downloading: https://repo.maven.apache.org/maven2/org/apache/maven/doxia/doxia-integration-tools/1.9.1/doxia-integration-tools-1.9.1.pom
4/6 KB   6/6 KB            Downloaded: https://repo.maven.apache.org/maven2/org/apache/maven/doxia/doxia-integration-tools/1.9.1/doxia-integration-tools-1.9.1.pom (6 KB at 163.8 KB/sec)
Downloading: https://repo.maven.apache.org/maven2/org/apache/maven/wagon/wagon-provider-api/3.3.1/wagon-provider-api-3.3.1.pom
2/2 KB            Downloaded: https://repo.maven.apache.org/maven2/org/apache/maven/wagon/wagon-provider-api/3.3.1/wagon-provider-api-3.3.1.pom (2 KB at 93.3 KB/sec)
Downloading: https://repo.maven.apache.org/maven2/org/apache/maven/wagon/wagon/3.3.1/wagon-3.3.1.pom
4/21 KB   8/21 KB   12/21 KB   16/21 KB   20/21 KB   21/21 KB              Downloaded: https://repo.maven.apache.org/maven2/org/apache/maven/wagon/wagon/3.3.1/wagon-3.3.1.pom (21 KB at 938.8 KB/sec)
Downloading: https://repo.maven.apache.org/maven2/org/eclipse/jetty/jetty-webapp/9.2.28.v20190418/jetty-webapp-9.2.28.v20190418.pom
4/4 KB              Downloaded: https://repo.maven.apache.org/maven2/org/eclipse/jetty/jetty-webapp/9.2.28.v20190418/jetty-webapp-9.2.28.v20190418.pom (4 KB at 143.9 KB/sec)
Downloading: https://repo.maven.apache.org/maven2/org/eclipse/jetty/jetty-xml/9.2.28.v20190418/jetty-xml-9.2.28.v20190418.pom
2/2 KB            Downloaded: https://repo.maven.apache.org/maven2/org/eclipse/jetty/jetty-xml/9.2.28.v20190418/jetty-xml-9.2.28.v20190418.pom (2 KB at 32.9 KB/sec)
Downloading: https://repo.maven.apache.org/maven2/org/apache/maven/wagon/wagon-ssh/3.3.4/wagon-ssh-3.3.4.jar
Downloading: https://repo.maven.apache.org/maven2/com/jcraft/jsch.agentproxy.connector-factory/0.0.9/jsch.agentproxy.connector-factory-0.0.9.jar
Downloading: https://repo.maven.apache.org/maven2/com/jcraft/jsch.agentproxy.core/0.0.9/jsch.agentproxy.core-0.0.9.jar
Downloading: https://repo.maven.apache.org/maven2/com/jcraft/jsch.agentproxy.usocket-jna/0.0.9/jsch.agentproxy.usocket-jna-0.0.9.jar
Downloading: https://repo.maven.apache.org/maven2/com/jcraft/jsch.agentproxy.usocket-nc/0.0.9/jsch.agentproxy.usocket-nc-0.0.9.jar
2/6 KB   2/10 KB   2/6 KB   2/10 KB   3/6 KB   2/10 KB   5/6 KB   2/10 KB   5/6 KB   2/7 KB   2/10 KB   6/6 KB   2/7 KB   3/10 KB   6/6 KB   2/7 KB   5/10 KB   6/6 KB   2/7 KB   6/10 KB   6/6 KB   2/7 KB   7/10 KB   6/6 KB   2/7 KB   9/10 KB   6/6 KB   2/7 KB   10/10 KB   6/6 KB   2/7 KB   10/10 KB   6/6 KB   3/7 KB   10/10 KB   6/6 KB   5/7 KB   10/10 KB   6/6 KB   6/7 KB   10/10 KB   6/6 KB   7/7 KB   10/10 KB   4/32 KB   6/6 KB   7/7 KB   10/10 KB   8/32 KB   6/6 KB   7/7 KB   10/10 KB   12/32 KB   6/6 KB   7/7 KB   10/10 KB   16/32 KB   6/6 KB   7/7 KB   10/10 KB   20/32 KB   6/6 KB   7/7 KB   10/10 KB   24/32 KB   6/6 KB   7/7 KB   10/10 KB   28/32 KB   6/6 KB   7/7 KB   10/10 KB   32/32 KB   6/6 KB   7/7 KB   10/10 KB   32/32 KB   2/12 KB   6/6 KB   7/7 KB   10/10 KB   32/32 KB   3/12 KB   6/6 KB   7/7 KB   10/10 KB   32/32 KB   5/12 KB   6/6 KB   7/7 KB   10/10 KB   32/32 KB   6/12 KB   6/6 KB   7/7 KB   10/10 KB   32/32 KB   7/12 KB   6/6 KB   7/7 KB   10/10 KB   32/32 KB   9/12 KB   6/6 KB   7/7 KB   10/10 KB   32/32 KB   10/12 KB   6/6 KB   7/7 KB   10/10 KB   32/32 KB   11/12 KB   6/6 KB   7/7 KB   10/10 KB   32/32 KB   12/12 KB   6/6 KB   7/7 KB                                                      Downloaded: https://repo.maven.apache.org/maven2/com/jcraft/jsch.agentproxy.usocket-nc/0.0.9/jsch.agentproxy.usocket-nc-0.0.9.jar (6 KB at 208.0 KB/sec)
Downloading: https://repo.maven.apache.org/maven2/com/jcraft/jsch.agentproxy.sshagent/0.0.9/jsch.agentproxy.sshagent-0.0.9.jar
                                                   Downloaded: https://repo.maven.apache.org/maven2/com/jcraft/jsch.agentproxy.usocket-jna/0.0.9/jsch.agentproxy.usocket-jna-0.0.9.jar (7 KB at 238.6 KB/sec)
Downloading: https://repo.maven.apache.org/maven2/com/jcraft/jsch.agentproxy.pageant/0.0.9/jsch.agentproxy.pageant-0.0.9.jar
                                                   Downloaded: https://repo.maven.apache.org/maven2/com/jcraft/jsch.agentproxy.core/0.0.9/jsch.agentproxy.core-0.0.9.jar (10 KB at 334.5 KB/sec)
Downloading: https://repo.maven.apache.org/maven2/com/jcraft/jsch.agentproxy.jsch/0.0.9/jsch.agentproxy.jsch-0.0.9.jar
                                                   Downloaded: https://repo.maven.apache.org/maven2/org/apache/maven/wagon/wagon-ssh/3.3.4/wagon-ssh-3.3.4.jar (32 KB at 970.9 KB/sec)
Downloading: https://repo.maven.apache.org/maven2/org/codehaus/plexus/plexus-interactivity-api/1.0/plexus-interactivity-api-1.0.jar
12/12 KB   4/5 KB                                  12/12 KB   5/5 KB                       Downloaded: https://repo.maven.apache.org/maven2/com/jcraft/jsch.agentproxy.connector-factory/0.0.9/jsch.agentproxy.connector-factory-0.0.9.jar (12 KB at 330.0 KB/sec)
Downloading: https://repo.maven.apache.org/maven2/org/apache/maven/wagon/wagon-ssh-common/3.3.4/wagon-ssh-common-3.3.4.jar
5/5 KB   2/8 KB     5/5 KB   2/5 KB   2/8 KB   5/5 KB   3/5 KB   3/8 KB   5/5 KB   3/5 KB   3/8 KB   5/5 KB   3/5 KB   5/8 KB   5/5 KB   5/5 KB   5/8 KB   5/5 KB   5/5 KB   5/8 KB   5/5 KB   5/5 KB   6/8 KB   5/5 KB   5/5 KB   7/8 KB   5/5 KB   5/5 KB   8/8 KB   2/10 KB   5/5 KB   5/5 KB   8/8 KB   3/10 KB   5/5 KB   5/5 KB   8/8 KB   5/10 KB   5/5 KB   5/5 KB   8/8 KB   6/10 KB   5/5 KB   5/5 KB   8/8 KB   7/10 KB   5/5 KB   5/5 KB   8/8 KB   9/10 KB   5/5 KB   5/5 KB   8/8 KB   10/10 KB   5/5 KB   5/5 KB   8/8 KB   10/10 KB   5/5 KB   5/5 KB   8/8 KB   10/10 KB   5/5 KB   4/27 KB   5/5 KB   8/8 KB   10/10 KB   5/5 KB   8/27 KB   5/5 KB   8/8 KB   10/10 KB   5/5 KB   12/27 KB   5/5 KB   8/8 KB   10/10 KB   5/5 KB   16/27 KB   5/5 KB   8/8 KB   10/10 KB   5/5 KB   20/27 KB   5/5 KB   8/8 KB   10/10 KB   5/5 KB   24/27 KB   5/5 KB   8/8 KB   10/10 KB   5/5 KB   27/27 KB   5/5 KB   8/8 KB                                                    Downloaded: https://repo.maven.apache.org/maven2/com/jcraft/jsch.agentproxy.sshagent/0.0.9/jsch.agentproxy.sshagent-0.0.9.jar (5 KB at 89.9 KB/sec)
Downloading: https://repo.maven.apache.org/maven2/org/apache/maven/reporting/maven-reporting-exec/1.4/maven-reporting-exec-1.4.jar
                                                 Downloaded: https://repo.maven.apache.org/maven2/com/jcraft/jsch.agentproxy.pageant/0.0.9/jsch.agentproxy.pageant-0.0.9.jar (8 KB at 156.4 KB/sec)
Downloading: https://repo.maven.apache.org/maven2/org/apache/maven/doxia/doxia-module-apt/1.9/doxia-module-apt-1.9.jar
                                                 Downloaded: https://repo.maven.apache.org/maven2/com/jcraft/jsch.agentproxy.jsch/0.0.9/jsch.agentproxy.jsch-0.0.9.jar (5 KB at 85.4 KB/sec)
Downloading: https://repo.maven.apache.org/maven2/org/apache/maven/doxia/doxia-module-xdoc/1.9/doxia-module-xdoc-1.9.jar
                                                 Downloaded: https://repo.maven.apache.org/maven2/org/codehaus/plexus/plexus-interactivity-api/1.0/plexus-interactivity-api-1.0.jar (10 KB at 187.0 KB/sec)
Downloading: https://repo.maven.apache.org/maven2/org/apache/maven/doxia/doxia-module-fml/1.9/doxia-module-fml-1.9.jar
27/27 KB   2/29 KB                               27/27 KB   3/29 KB   27/27 KB   5/29 KB   27/27 KB   6/29 KB   27/27 KB   7/29 KB   2/37 KB   27/27 KB   7/29 KB   2/37 KB   27/27 KB   9/29 KB   2/37 KB   27/27 KB   10/29 KB                                   2/37 KB   11/29 KB              Downloaded: https://repo.maven.apache.org/maven2/org/apache/maven/wagon/wagon-ssh-common/3.3.4/wagon-ssh-common-3.3.4.jar (27 KB at 465.0 KB/sec)
2/37 KB   13/29 KB   Downloading: https://repo.maven.apache.org/maven2/org/apache/maven/doxia/doxia-module-markdown/1.9/doxia-module-markdown-1.9.jar
2/37 KB   14/29 KB   2/37 KB   15/29 KB   2/37 KB   17/29 KB   2/37 KB   18/29 KB   3/37 KB   18/29 KB   3/37 KB   19/29 KB   3/37 KB   21/29 KB   5/37 KB   21/29 KB   5/37 KB   22/29 KB   6/37 KB   22/29 KB   6/37 KB   23/29 KB   7/37 KB   23/29 KB   7/37 KB   25/29 KB   9/37 KB   25/29 KB   9/37 KB   26/29 KB   9/37 KB   27/29 KB   10/37 KB   27/29 KB   2/54 KB   10/37 KB   27/29 KB   2/54 KB   10/37 KB   29/29 KB   2/54 KB   11/37 KB   29/29 KB   2/54 KB   11/37 KB   29/29 KB   2/54 KB   13/37 KB   29/29 KB   2/54 KB   14/37 KB   29/29 KB   2/54 KB   15/37 KB   29/29 KB   2/54 KB   17/37 KB   29/29 KB   2/54 KB   18/37 KB   29/29 KB   2/54 KB   19/37 KB   29/29 KB   2/54 KB   21/37 KB   29/29 KB   2/54 KB   22/37 KB   29/29 KB   2/54 KB   23/37 KB   29/29 KB   3/54 KB   23/37 KB   29/29 KB   3/54 KB   25/37 KB   29/29 KB   5/54 KB   25/37 KB   29/29 KB   5/54 KB   26/37 KB   29/29 KB   6/54 KB   26/37 KB   29/29 KB   6/54 KB   27/37 KB   29/29 KB   7/54 KB   27/37 KB   29/29 KB   7/54 KB   29/37 KB   29/29 KB   9/54 KB   29/37 KB   29/29 KB   9/54 KB   30/37 KB   29/29 KB   10/54 KB   30/37 KB   29/29 KB   10/54 KB   31/37 KB   29/29 KB   10/54 KB   33/37 KB   29/29 KB   11/54 KB   33/37 KB   29/29 KB   11/54 KB   34/37 KB   29/29 KB   13/54 KB   34/37 KB   29/29 KB   13/54 KB   35/37 KB   29/29 KB   14/54 KB   35/37 KB   29/29 KB   14/54 KB   37/37 KB   29/29 KB   15/54 KB   37/37 KB   29/29 KB   15/54 KB   37/37 KB   29/29 KB   17/54 KB   37/37 KB   29/29 KB   18/54 KB   37/37 KB   29/29 KB   19/54 KB   37/37 KB   29/29 KB   21/54 KB   37/37 KB   29/29 KB   22/54 KB   37/37 KB   29/29 KB   23/54 KB   37/37 KB   29/29 KB   25/54 KB   37/37 KB   29/29 KB   26/54 KB   37/37 KB   29/29 KB   27/54 KB   37/37 KB   29/29 KB   29/54 KB   37/37 KB   29/29 KB   29/54 KB   37/37 KB   4/38 KB   29/29 KB   30/54 KB   37/37 KB   4/38 KB   29/29 KB   31/54 KB   37/37 KB   4/38 KB   29/29 KB   33/54 KB   37/37 KB   4/38 KB   29/29 KB   34/54 KB   37/37 KB   4/38 KB   29/29 KB   35/54 KB   37/37 KB   4/38 KB   29/29 KB   37/54 KB   37/37 KB   4/38 KB   29/29 KB   37/54 KB   37/37 KB   8/38 KB   29/29 KB   38/54 KB   37/37 KB   8/38 KB   29/29 KB   38/54 KB   37/37 KB   12/38 KB   29/29 KB   38/54 KB   37/37 KB   16/38 KB   29/29 KB   39/54 KB   37/37 KB   16/38 KB   29/29 KB   41/54 KB   37/37 KB   16/38 KB   29/29 KB   42/54 KB   37/37 KB   16/38 KB   29/29 KB   43/54 KB   37/37 KB   16/38 KB   29/29 KB   45/54 KB   37/37 KB   16/38 KB   29/29 KB   46/54 KB   37/37 KB   16/38 KB   29/29 KB   47/54 KB   37/37 KB   16/38 KB   29/29 KB   49/54 KB   37/37 KB   16/38 KB   29/29 KB   50/54 KB   37/37 KB   16/38 KB   29/29 KB   51/54 KB   37/37 KB   16/38 KB   29/29 KB   51/54 KB   37/37 KB   20/38 KB   29/29 KB   53/54 KB   37/37 KB   20/38 KB   29/29 KB   53/54 KB   37/37 KB   24/38 KB   29/29 KB   54/54 KB   37/37 KB   28/38 KB   29/29 KB   54/54 KB   37/37 KB   28/38 KB   29/29 KB   54/54 KB   37/37 KB   32/38 KB   29/29 KB   54/54 KB   37/37 KB   32/38 KB   29/29 KB   54/54 KB   37/37 KB   36/38 KB   29/29 KB   54/54 KB   37/37 KB   38/38 KB   29/29 KB   2/23 KB   54/54 KB   37/37 KB   38/38 KB   29/29 KB   3/23 KB   54/54 KB   37/37 KB   38/38 KB   29/29 KB   5/23 KB   54/54 KB   37/37 KB   38/38 KB   29/29 KB   6/23 KB   54/54 KB   37/37 KB   38/38 KB   29/29 KB   7/23 KB   54/54 KB   37/37 KB   38/38 KB   29/29 KB   9/23 KB   54/54 KB   37/37 KB   38/38 KB   29/29 KB   10/23 KB   54/54 KB   37/37 KB   38/38 KB   29/29 KB   11/23 KB   54/54 KB   37/37 KB   38/38 KB   29/29 KB   13/23 KB   54/54 KB   37/37 KB   38/38 KB   29/29 KB   14/23 KB   54/54 KB   37/37 KB   38/38 KB   29/29 KB   15/23 KB   54/54 KB   37/37 KB   38/38 KB   29/29 KB   17/23 KB   54/54 KB   37/37 KB   38/38 KB   29/29 KB   18/23 KB   54/54 KB   37/37 KB   38/38 KB   29/29 KB   19/23 KB   54/54 KB   37/37 KB   38/38 KB   29/29 KB   21/23 KB   54/54 KB   37/37 KB   38/38 KB   29/29 KB   22/23 KB   54/54 KB   37/37 KB   38/38 KB   29/29 KB   23/23 KB   54/54 KB   37/37 KB   38/38 KB   29/29 KB                                                          Downloaded: https://repo.maven.apache.org/maven2/org/apache/maven/reporting/maven-reporting-exec/1.4/maven-reporting-exec-1.4.jar (29 KB at 407.9 KB/sec)
Downloading: https://repo.maven.apache.org/maven2/com/vladsch/flexmark/flexmark-all/0.42.8/flexmark-all-0.42.8.jar
                                                       Downloaded: https://repo.maven.apache.org/maven2/org/apache/maven/doxia/doxia-module-xdoc/1.9/doxia-module-xdoc-1.9.jar (37 KB at 508.6 KB/sec)
Downloading: https://repo.maven.apache.org/maven2/com/vladsch/flexmark/flexmark/0.42.8/flexmark-0.42.8.jar
                                                       Downloaded: https://repo.maven.apache.org/maven2/org/apache/maven/doxia/doxia-module-fml/1.9/doxia-module-fml-1.9.jar (38 KB at 499.7 KB/sec)
Downloading: https://repo.maven.apache.org/maven2/com/vladsch/flexmark/flexmark-ext-abbreviation/0.42.8/flexmark-ext-abbreviation-0.42.8.jar
                                                       Downloaded: https://repo.maven.apache.org/maven2/org/apache/maven/doxia/doxia-module-apt/1.9/doxia-module-apt-1.9.jar (54 KB at 698.9 KB/sec)
Downloading: https://repo.maven.apache.org/maven2/com/vladsch/flexmark/flexmark-ext-admonition/0.42.8/flexmark-ext-admonition-0.42.8.jar
23/23 KB   2/3 KB                                      23/23 KB   3/3 KB   23/23 KB   3/3 KB   4/380 KB   23/23 KB   3/3 KB   8/380 KB   23/23 KB   3/3 KB   12/380 KB   23/23 KB   3/3 KB   16/380 KB   23/23 KB   3/3 KB   20/380 KB   23/23 KB   3/3 KB   24/380 KB   23/23 KB   3/3 KB   28/380 KB   23/23 KB   3/3 KB   32/380 KB   2/35 KB   23/23 KB   3/3 KB   32/380 KB   3/35 KB   23/23 KB   3/3 KB   32/380 KB   5/35 KB   23/23 KB   3/3 KB   32/380 KB   6/35 KB   23/23 KB   3/3 KB   32/380 KB   7/35 KB   23/23 KB   3/3 KB   32/380 KB   9/35 KB   23/23 KB   3/3 KB   32/380 KB   10/35 KB   23/23 KB   3/3 KB   32/380 KB   10/35 KB   23/23 KB   3/3 KB   36/380 KB   11/35 KB   23/23 KB   3/3 KB   36/380 KB   11/35 KB   23/23 KB   3/3 KB   40/380 KB   13/35 KB   23/23 KB   3/3 KB   40/380 KB   13/35 KB   23/23 KB   3/3 KB   44/380 KB   13/35 KB   23/23 KB   3/3 KB   48/380 KB   14/35 KB   23/23 KB   3/3 KB   48/380 KB   15/35 KB   23/23 KB   3/3 KB   48/380 KB   17/35 KB   23/23 KB   3/3 KB   48/380 KB   18/35 KB   23/23 KB   3/3 KB   48/380 KB   19/35 KB   23/23 KB   3/3 KB   48/380 KB   21/35 KB   23/23 KB   3/3 KB   48/380 KB   22/35 KB   23/23 KB   3/3 KB   48/380 KB   23/35 KB   23/23 KB   3/3 KB   48/380 KB   23/35 KB   23/23 KB   3/3 KB   52/380 KB   25/35 KB   23/23 KB   3/3 KB   52/380 KB   25/35 KB   23/23 KB   3/3 KB   56/380 KB   26/35 KB   23/23 KB   3/3 KB   56/380 KB   26/35 KB   23/23 KB   3/3 KB   60/380 KB   27/35 KB   23/23 KB   3/3 KB   60/380 KB   27/35 KB   23/23 KB   3/3 KB   64/380 KB   29/35 KB   23/23 KB   3/3 KB   64/380 KB   30/35 KB   23/23 KB   3/3 KB   64/380 KB   31/35 KB   23/23 KB   3/3 KB   64/380 KB   33/35 KB   23/23 KB   3/3 KB   64/380 KB   34/35 KB   23/23 KB   3/3 KB   64/380 KB   35/35 KB   23/23 KB   3/3 KB   64/380 KB   35/35 KB   23/23 KB   3/3 KB   68/380 KB   35/35 KB   23/23 KB   3/3 KB   72/380 KB   35/35 KB   23/23 KB   3/3 KB   76/380 KB   35/35 KB   23/23 KB   3/3 KB   80/380 KB   35/35 KB   23/23 KB   3/3 KB   84/380 KB   35/35 KB   23/23 KB   3/3 KB   88/380 KB   35/35 KB   23/23 KB   3/3 KB   92/380 KB   35/35 KB   23/23 KB   3/3 KB   96/380 KB   35/35 KB   23/23 KB   3/3 KB   100/380 KB   35/35 KB   23/23 KB   3/3 KB   104/380 KB   35/35 KB   23/23 KB   3/3 KB   108/380 KB   35/35 KB   23/23 KB   3/3 KB   112/380 KB   35/35 KB   23/23 KB   3/3 KB   116/380 KB   35/35 KB   23/23 KB   3/3 KB   120/380 KB   35/35 KB   23/23 KB   3/3 KB   124/380 KB   35/35 KB   23/23 KB   3/3 KB   128/380 KB   35/35 KB   23/23 KB   3/3 KB   132/380 KB   35/35 KB   23/23 KB   3/3 KB   136/380 KB   35/35 KB   23/23 KB   3/3 KB   140/380 KB   35/35 KB   23/23 KB   3/3 KB   144/380 KB   35/35 KB   23/23 KB   3/3 KB   148/380 KB   35/35 KB   23/23 KB   3/3 KB   152/380 KB   35/35 KB   23/23 KB   3/3 KB   156/380 KB   35/35 KB   23/23 KB   3/3 KB   160/380 KB   35/35 KB   23/23 KB   3/3 KB   164/380 KB   35/35 KB   23/23 KB   3/3 KB   168/380 KB   35/35 KB   23/23 KB   3/3 KB   172/380 KB   35/35 KB   23/23 KB   3/3 KB   176/380 KB   35/35 KB   23/23 KB   3/3 KB   180/380 KB                                               35/35 KB   23/23 KB   184/380 KB            Downloaded: https://repo.maven.apache.org/maven2/com/vladsch/flexmark/flexmark-all/0.42.8/flexmark-all-0.42.8.jar (3 KB at 22.1 KB/sec)
35/35 KB   23/23 KB   188/380 KB   Downloading: https://repo.maven.apache.org/maven2/com/vladsch/flexmark/flexmark-ext-anchorlink/0.42.8/flexmark-ext-anchorlink-0.42.8.jar
35/35 KB   23/23 KB   192/380 KB   35/35 KB   23/23 KB   196/380 KB   35/35 KB   23/23 KB   200/380 KB   35/35 KB   23/23 KB   204/380 KB   35/35 KB   23/23 KB   208/380 KB                                      23/23 KB   212/380 KB              23/23 KB   216/380 KB   Downloaded: https://repo.maven.apache.org/maven2/com/vladsch/flexmark/flexmark-ext-abbreviation/0.42.8/flexmark-ext-abbreviation-0.42.8.jar (35 KB at 355.0 KB/sec)
Downloading: https://repo.maven.apache.org/maven2/com/vladsch/flexmark/flexmark-ext-aside/0.42.8/flexmark-ext-aside-0.42.8.jar
23/23 KB   220/380 KB   23/23 KB   224/380 KB                           Downloaded: https://repo.maven.apache.org/maven2/org/apache/maven/doxia/doxia-module-markdown/1.9/doxia-module-markdown-1.9.jar (23 KB at 231.1 KB/sec)
Downloading: https://repo.maven.apache.org/maven2/com/vladsch/flexmark/flexmark-ext-attributes/0.42.8/flexmark-ext-attributes-0.42.8.jar
228/380 KB              232/380 KB   236/380 KB   240/380 KB   2/34 KB   240/380 KB   2/34 KB   244/380 KB   2/34 KB   248/380 KB   2/34 KB   252/380 KB   2/34 KB   256/380 KB   3/34 KB   256/380 KB   5/34 KB   256/380 KB   6/34 KB   256/380 KB   6/34 KB   260/380 KB   7/34 KB   264/380 KB   7/34 KB   264/380 KB   7/34 KB   268/380 KB   9/34 KB   268/380 KB   9/34 KB   272/380 KB   10/34 KB   272/380 KB   11/34 KB   272/380 KB   13/34 KB   272/380 KB   14/34 KB   272/380 KB   15/34 KB   272/380 KB   17/34 KB   272/380 KB   17/34 KB   276/380 KB   18/34 KB   276/380 KB   18/34 KB   280/380 KB   19/34 KB   280/380 KB   19/34 KB   284/380 KB   19/34 KB   288/380 KB   21/34 KB   288/380 KB   22/34 KB   288/380 KB   23/34 KB   288/380 KB   25/34 KB   288/380 KB   26/34 KB   288/380 KB   27/34 KB   288/380 KB   29/34 KB   288/380 KB   29/34 KB   292/380 KB   30/34 KB   292/380 KB   30/34 KB   296/380 KB   31/34 KB   296/380 KB   31/34 KB   300/380 KB   33/34 KB   300/380 KB   33/34 KB   304/380 KB   34/34 KB   304/380 KB   34/34 KB   304/380 KB   34/34 KB   308/380 KB   34/34 KB   312/380 KB   34/34 KB   316/380 KB   34/34 KB   320/380 KB   34/34 KB   321/380 KB   34/34 KB   325/380 KB   34/34 KB   329/380 KB   34/34 KB   333/380 KB   34/34 KB   337/380 KB   34/34 KB   341/380 KB   34/34 KB   345/380 KB   34/34 KB   349/380 KB   34/34 KB   353/380 KB   2/16 KB   34/34 KB   353/380 KB   2/16 KB   34/34 KB   357/380 KB   2/16 KB   34/34 KB   361/380 KB   2/16 KB   34/34 KB   365/380 KB   2/16 KB   34/34 KB   369/380 KB   3/16 KB   34/34 KB   369/380 KB   5/16 KB   34/34 KB   369/380 KB   6/16 KB   34/34 KB   369/380 KB   6/16 KB   34/34 KB   373/380 KB   7/16 KB   34/34 KB   377/380 KB   7/16 KB   34/34 KB   377/380 KB   7/16 KB   34/34 KB   380/380 KB   9/16 KB   34/34 KB   380/380 KB   10/16 KB   34/34 KB   380/380 KB   11/16 KB   34/34 KB   380/380 KB   13/16 KB   34/34 KB   380/380 KB   14/16 KB   34/34 KB   380/380 KB   15/16 KB   34/34 KB   380/380 KB   16/16 KB   34/34 KB   380/380 KB   16/16 KB   4/35 KB   34/34 KB   380/380 KB   16/16 KB   4/35 KB   2/17 KB   34/34 KB   380/380 KB   16/16 KB   8/35 KB   2/17 KB   34/34 KB   380/380 KB   16/16 KB   12/35 KB   2/17 KB   34/34 KB   380/380 KB   16/16 KB   12/35 KB   3/17 KB   34/34 KB   380/380 KB   16/16 KB   16/35 KB   3/17 KB   34/34 KB   380/380 KB   16/16 KB   16/35 KB   5/17 KB   34/34 KB   380/380 KB   16/16 KB   16/35 KB   6/17 KB   34/34 KB   380/380 KB   16/16 KB   16/35 KB   7/17 KB   34/34 KB   380/380 KB   16/16 KB   16/35 KB   9/17 KB   34/34 KB   380/380 KB   16/16 KB   16/35 KB   10/17 KB   34/34 KB   380/380 KB   16/16 KB   16/35 KB   11/17 KB   34/34 KB   380/380 KB   16/16 KB   16/35 KB   13/17 KB   34/34 KB   380/380 KB   16/16 KB   16/35 KB   14/17 KB   34/34 KB   380/380 KB   16/16 KB   20/35 KB   14/17 KB   34/34 KB   380/380 KB   16/16 KB   20/35 KB   15/17 KB   34/34 KB   380/380 KB   16/16 KB   24/35 KB   15/17 KB   34/34 KB   380/380 KB   16/16 KB   24/35 KB   17/17 KB   34/34 KB   380/380 KB   16/16 KB   28/35 KB   17/17 KB   34/34 KB   380/380 KB   16/16 KB   28/35 KB   17/17 KB   34/34 KB   380/380 KB   16/16 KB   32/35 KB   17/17 KB   34/34 KB   380/380 KB   16/16 KB   35/35 KB   17/17 KB   34/34 KB   380/380 KB                                                            Downloaded: https://repo.maven.apache.org/maven2/com/vladsch/flexmark/flexmark-ext-admonition/0.42.8/flexmark-ext-admonition-0.42.8.jar (34 KB at 292.7 KB/sec)
Downloading: https://repo.maven.apache.org/maven2/com/vladsch/flexmark/flexmark-ext-autolink/0.42.8/flexmark-ext-autolink-0.42.8.jar
                                                         Downloaded: https://repo.maven.apache.org/maven2/com/vladsch/flexmark/flexmark-ext-aside/0.42.8/flexmark-ext-aside-0.42.8.jar (16 KB at 131.7 KB/sec)
Downloading: https://repo.maven.apache.org/maven2/com/vladsch/flexmark/flexmark-ext-definition/0.42.8/flexmark-ext-definition-0.42.8.jar
                                                         Downloaded: https://repo.maven.apache.org/maven2/com/vladsch/flexmark/flexmark/0.42.8/flexmark-0.42.8.jar (380 KB at 3134.6 KB/sec)
Downloading: https://repo.maven.apache.org/maven2/com/vladsch/flexmark/flexmark-ext-emoji/0.42.8/flexmark-ext-emoji-0.42.8.jar
4/10 KB   35/35 KB   17/17 KB                            8/10 KB   35/35 KB   17/17 KB   10/10 KB   35/35 KB   17/17 KB                                    Downloaded: https://repo.maven.apache.org/maven2/com/vladsch/flexmark/flexmark-ext-anchorlink/0.42.8/flexmark-ext-anchorlink-0.42.8.jar (17 KB at 130.5 KB/sec)
Downloading: https://repo.maven.apache.org/maven2/com/vladsch/flexmark/flexmark-ext-enumerated-reference/0.42.8/flexmark-ext-enumerated-reference-0.42.8.jar
                                 Downloaded: https://repo.maven.apache.org/maven2/com/vladsch/flexmark/flexmark-ext-attributes/0.42.8/flexmark-ext-attributes-0.42.8.jar (35 KB at 279.1 KB/sec)
Downloading: https://repo.maven.apache.org/maven2/com/vladsch/flexmark/flexmark-ext-escaped-character/0.42.8/flexmark-ext-escaped-character-0.42.8.jar
10/10 KB   4/39 KB               10/10 KB   8/39 KB   10/10 KB   12/39 KB   10/10 KB   16/39 KB   10/10 KB   4/72 KB   16/39 KB   10/10 KB   4/72 KB   16/39 KB   2/65 KB   10/10 KB   8/72 KB   16/39 KB   2/65 KB   10/10 KB   12/72 KB   16/39 KB   2/65 KB   10/10 KB   16/72 KB   16/39 KB   2/65 KB   10/10 KB   16/72 KB   16/39 KB   3/65 KB   10/10 KB   16/72 KB   20/39 KB   5/65 KB   10/10 KB   16/72 KB   20/39 KB   5/65 KB   10/10 KB   16/72 KB   24/39 KB   5/65 KB   10/10 KB   16/72 KB   28/39 KB   5/65 KB   10/10 KB   16/72 KB   28/39 KB   6/65 KB   10/10 KB   16/72 KB   32/39 KB   6/65 KB   10/10 KB   16/72 KB   32/39 KB   7/65 KB   10/10 KB   16/72 KB   32/39 KB   9/65 KB   10/10 KB   16/72 KB   32/39 KB   10/65 KB   10/10 KB   20/72 KB   32/39 KB   10/65 KB   10/10 KB   20/72 KB   36/39 KB   10/65 KB   10/10 KB   20/72 KB   36/39 KB   11/65 KB   10/10 KB   24/72 KB   39/39 KB   11/65 KB   10/10 KB   20/72 KB   39/39 KB   11/65 KB   10/10 KB   28/72 KB   39/39 KB   11/65 KB   10/10 KB   28/72 KB   39/39 KB   13/65 KB   10/10 KB   32/72 KB   39/39 KB   13/65 KB   10/10 KB   32/72 KB   39/39 KB   14/65 KB   10/10 KB   2/13 KB   32/72 KB   39/39 KB   15/65 KB   10/10 KB   2/13 KB   32/72 KB   39/39 KB   15/65 KB   10/10 KB   2/13 KB   32/72 KB   39/39 KB   17/65 KB   10/10 KB   2/13 KB   32/72 KB   39/39 KB   18/65 KB   10/10 KB   2/13 KB   32/72 KB   39/39 KB   19/65 KB   10/10 KB   2/13 KB   36/72 KB   39/39 KB   21/65 KB   10/10 KB   2/13 KB   36/72 KB   39/39 KB   21/65 KB   10/10 KB   2/13 KB   40/72 KB   39/39 KB   21/65 KB   10/10 KB   2/13 KB   40/72 KB   39/39 KB   22/65 KB   10/10 KB   2/13 KB   44/72 KB   39/39 KB   22/65 KB   10/10 KB   2/13 KB   48/72 KB   39/39 KB   22/65 KB   10/10 KB   2/13 KB   48/72 KB   39/39 KB   23/65 KB   10/10 KB   2/13 KB   48/72 KB   39/39 KB   25/65 KB   10/10 KB   2/13 KB   48/72 KB   39/39 KB   26/65 KB   10/10 KB   2/13 KB   48/72 KB   39/39 KB   27/65 KB   10/10 KB   2/13 KB   48/72 KB   39/39 KB   29/65 KB   10/10 KB   2/13 KB   48/72 KB   39/39 KB   30/65 KB   10/10 KB   2/13 KB   52/72 KB   39/39 KB   30/65 KB   10/10 KB   2/13 KB   52/72 KB   39/39 KB   31/65 KB   10/10 KB   3/13 KB   52/72 KB   39/39 KB   31/65 KB   10/10 KB   3/13 KB   56/72 KB   39/39 KB   31/65 KB   10/10 KB   3/13 KB   56/72 KB   39/39 KB   33/65 KB   10/10 KB   3/13 KB   60/72 KB   39/39 KB   33/65 KB   10/10 KB   3/13 KB   60/72 KB   39/39 KB   34/65 KB   10/10 KB   5/13 KB   60/72 KB   39/39 KB   34/65 KB   10/10 KB   5/13 KB   64/72 KB   39/39 KB   34/65 KB   10/10 KB   5/13 KB   64/72 KB   39/39 KB   35/65 KB   10/10 KB   6/13 KB   64/72 KB   39/39 KB   35/65 KB   10/10 KB   6/13 KB   64/72 KB   39/39 KB   37/65 KB   10/10 KB   6/13 KB   64/72 KB   39/39 KB   38/65 KB   10/10 KB   7/13 KB   64/72 KB   39/39 KB   38/65 KB   10/10 KB   7/13 KB   68/72 KB   39/39 KB   38/65 KB                                                         10/10 KB   7/13 KB   68/72 KB   39/39 KB   39/65 KB   7/13 KB   72/72 KB   39/39 KB   39/65 KB              9/13 KB   72/72 KB   39/39 KB   39/65 KB   Downloaded: https://repo.maven.apache.org/maven2/com/vladsch/flexmark/flexmark-ext-autolink/0.42.8/flexmark-ext-autolink-0.42.8.jar (10 KB at 67.7 KB/sec)
9/13 KB   72/72 KB   39/39 KB   41/65 KB   Downloading: https://repo.maven.apache.org/maven2/com/vladsch/flexmark/flexmark-ext-footnotes/0.42.8/flexmark-ext-footnotes-0.42.8.jar
10/13 KB   72/72 KB   39/39 KB   42/65 KB   10/13 KB   72/72 KB   39/39 KB   42/65 KB   10/13 KB   72/72 KB   39/39 KB   43/65 KB   11/13 KB   72/72 KB   39/39 KB   43/65 KB   11/13 KB   72/72 KB   39/39 KB   45/65 KB   13/13 KB   72/72 KB   39/39 KB   45/65 KB   13/13 KB   72/72 KB   39/39 KB   46/65 KB   13/13 KB   72/72 KB   39/39 KB   46/65 KB   13/13 KB   72/72 KB   39/39 KB   47/65 KB   13/13 KB   72/72 KB   39/39 KB   49/65 KB   13/13 KB   72/72 KB   39/39 KB   50/65 KB   13/13 KB   72/72 KB   39/39 KB   51/65 KB   13/13 KB   72/72 KB   39/39 KB   53/65 KB   13/13 KB   72/72 KB   39/39 KB   54/65 KB   13/13 KB   72/72 KB   39/39 KB   55/65 KB   13/13 KB   72/72 KB   39/39 KB   57/65 KB   13/13 KB   72/72 KB   39/39 KB   58/65 KB   13/13 KB   72/72 KB   39/39 KB   59/65 KB   13/13 KB   72/72 KB   39/39 KB   61/65 KB   13/13 KB   72/72 KB   39/39 KB   62/65 KB   13/13 KB   72/72 KB   39/39 KB   63/65 KB   13/13 KB   72/72 KB   39/39 KB   65/65 KB   13/13 KB   72/72 KB   39/39 KB   65/65 KB                                               Downloaded: https://repo.maven.apache.org/maven2/com/vladsch/flexmark/flexmark-ext-definition/0.42.8/flexmark-ext-definition-0.42.8.jar (39 KB at 268.4 KB/sec)
Downloading: https://repo.maven.apache.org/maven2/com/vladsch/flexmark/flexmark-ext-gfm-issues/0.42.8/flexmark-ext-gfm-issues-0.42.8.jar
                                            Downloaded: https://repo.maven.apache.org/maven2/com/vladsch/flexmark/flexmark-ext-escaped-character/0.42.8/flexmark-ext-escaped-character-0.42.8.jar (13 KB at 85.0 KB/sec)
Downloading: https://repo.maven.apache.org/maven2/com/vladsch/flexmark/flexmark-ext-gfm-strikethrough/0.42.8/flexmark-ext-gfm-strikethrough-0.42.8.jar
72/72 KB   65/65 KB   4/41 KB                                               Downloaded: https://repo.maven.apache.org/maven2/com/vladsch/flexmark/flexmark-ext-enumerated-reference/0.42.8/flexmark-ext-enumerated-reference-0.42.8.jar (65 KB at 438.2 KB/sec)
Downloading: https://repo.maven.apache.org/maven2/com/vladsch/flexmark/flexmark-ext-gfm-tables/0.42.8/flexmark-ext-gfm-tables-0.42.8.jar
72/72 KB   8/41 KB              72/72 KB   12/41 KB   72/72 KB   16/41 KB   72/72 KB   20/41 KB   72/72 KB   24/41 KB   72/72 KB   28/41 KB   72/72 KB   32/41 KB   72/72 KB   36/41 KB   72/72 KB   40/41 KB   72/72 KB   41/41 KB   72/72 KB   2/16 KB   41/41 KB                                   Downloaded: https://repo.maven.apache.org/maven2/com/vladsch/flexmark/flexmark-ext-emoji/0.42.8/flexmark-ext-emoji-0.42.8.jar (72 KB at 471.4 KB/sec)
Downloading: https://repo.maven.apache.org/maven2/com/vladsch/flexmark/flexmark-ext-gfm-tasklist/0.42.8/flexmark-ext-gfm-tasklist-0.42.8.jar
3/16 KB   41/41 KB              5/16 KB   41/41 KB   6/16 KB   41/41 KB   7/16 KB   41/41 KB   9/16 KB   41/41 KB   10/16 KB   41/41 KB   11/16 KB   41/41 KB   13/16 KB   41/41 KB   14/16 KB   41/41 KB   15/16 KB   41/41 KB   16/16 KB   41/41 KB   4/28 KB   16/16 KB   41/41 KB   8/28 KB   16/16 KB   41/41 KB   12/28 KB   16/16 KB   41/41 KB   16/28 KB   16/16 KB   41/41 KB   20/28 KB   16/16 KB   41/41 KB   24/28 KB   16/16 KB   41/41 KB   28/28 KB   16/16 KB   41/41 KB   28/28 KB   16/16 KB   41/41 KB   2/28 KB   4/33 KB   28/28 KB   16/16 KB   41/41 KB   2/28 KB   4/33 KB   28/28 KB   16/16 KB   41/41 KB   3/28 KB   4/33 KB   28/28 KB   16/16 KB   41/41 KB   5/28 KB   4/33 KB   28/28 KB   16/16 KB   41/41 KB   6/28 KB   4/33 KB   28/28 KB   16/16 KB   41/41 KB   7/28 KB                                                        4/33 KB   28/28 KB   16/16 KB   9/28 KB              Downloaded: https://repo.maven.apache.org/maven2/com/vladsch/flexmark/flexmark-ext-footnotes/0.42.8/flexmark-ext-footnotes-0.42.8.jar (41 KB at 249.0 KB/sec)
Downloading: https://repo.maven.apache.org/maven2/com/vladsch/flexmark/flexmark-ext-gfm-users/0.42.8/flexmark-ext-gfm-users-0.42.8.jar
8/33 KB   28/28 KB   16/16 KB   9/28 KB   12/33 KB   28/28 KB   16/16 KB   9/28 KB   12/33 KB   28/28 KB   16/16 KB   10/28 KB   16/33 KB   28/28 KB   16/16 KB   10/28 KB   16/33 KB   28/28 KB   16/16 KB   11/28 KB   16/33 KB   28/28 KB   16/16 KB   13/28 KB   16/33 KB   28/28 KB   16/16 KB   14/28 KB   16/33 KB   28/28 KB   16/16 KB   15/28 KB   20/33 KB   28/28 KB   16/16 KB   15/28 KB   20/33 KB   28/28 KB   16/16 KB   17/28 KB   24/33 KB   28/28 KB   16/16 KB   17/28 KB   28/33 KB   28/28 KB   16/16 KB   17/28 KB   28/33 KB   28/28 KB   16/16 KB   18/28 KB   32/33 KB   28/28 KB   16/16 KB   18/28 KB   33/33 KB   28/28 KB   16/16 KB   18/28 KB   33/33 KB   28/28 KB   16/16 KB   19/28 KB   33/33 KB   28/28 KB   16/16 KB   21/28 KB   33/33 KB   28/28 KB   16/16 KB   22/28 KB   33/33 KB   28/28 KB   16/16 KB   23/28 KB   33/33 KB   28/28 KB   16/16 KB   25/28 KB   33/33 KB   28/28 KB   16/16 KB   26/28 KB   33/33 KB   28/28 KB   16/16 KB   27/28 KB   33/33 KB   28/28 KB   16/16 KB   28/28 KB                                               Downloaded: https://repo.maven.apache.org/maven2/com/vladsch/flexmark/flexmark-ext-gfm-issues/0.42.8/flexmark-ext-gfm-issues-0.42.8.jar (16 KB at 91.4 KB/sec)
Downloading: https://repo.maven.apache.org/maven2/com/vladsch/flexmark/flexmark-ext-gitlab/0.42.8/flexmark-ext-gitlab-0.42.8.jar
                                            Downloaded: https://repo.maven.apache.org/maven2/com/vladsch/flexmark/flexmark-ext-gfm-strikethrough/0.42.8/flexmark-ext-gfm-strikethrough-0.42.8.jar (28 KB at 163.0 KB/sec)
Downloading: https://repo.maven.apache.org/maven2/com/vladsch/flexmark/flexmark-ext-jekyll-front-matter/0.42.8/flexmark-ext-jekyll-front-matter-0.42.8.jar
                                            Downloaded: https://repo.maven.apache.org/maven2/com/vladsch/flexmark/flexmark-ext-gfm-tasklist/0.42.8/flexmark-ext-gfm-tasklist-0.42.8.jar (28 KB at 154.8 KB/sec)
Downloading: https://repo.maven.apache.org/maven2/com/vladsch/flexmark/flexmark-ext-jekyll-tag/0.42.8/flexmark-ext-jekyll-tag-0.42.8.jar
33/33 KB   4/18 KB                          33/33 KB   8/18 KB   33/33 KB   8/18 KB   4/16 KB   33/33 KB   12/18 KB   4/16 KB   33/33 KB   16/18 KB   4/16 KB   33/33 KB   18/18 KB   4/16 KB   33/33 KB   18/18 KB   8/16 KB   33/33 KB   18/18 KB   12/16 KB   33/33 KB   18/18 KB   16/16 KB                                    Downloaded: https://repo.maven.apache.org/maven2/com/vladsch/flexmark/flexmark-ext-gfm-tables/0.42.8/flexmark-ext-gfm-tables-0.42.8.jar (33 KB at 174.0 KB/sec)
Downloading: https://repo.maven.apache.org/maven2/com/vladsch/flexmark/flexmark-ext-media-tags/0.42.8/flexmark-ext-media-tags-0.42.8.jar
18/18 KB   4/25 KB   16/16 KB    18/18 KB   8/25 KB   16/16 KB   18/18 KB   12/25 KB   16/16 KB   18/18 KB   16/25 KB   16/16 KB   18/18 KB   20/25 KB   16/16 KB   18/18 KB   24/25 KB   16/16 KB   18/18 KB   25/25 KB   16/16 KB                                    Downloaded: https://repo.maven.apache.org/maven2/com/vladsch/flexmark/flexmark-ext-media-tags/0.42.8/flexmark-ext-media-tags-0.42.8.jar (25 KB at 118.8 KB/sec)
Downloading: https://repo.maven.apache.org/maven2/com/vladsch/flexmark/flexmark-ext-macros/0.42.8/flexmark-ext-macros-0.42.8.jar
                                 Downloaded: https://repo.maven.apache.org/maven2/com/vladsch/flexmark/flexmark-ext-gfm-users/0.42.8/flexmark-ext-gfm-users-0.42.8.jar (16 KB at 71.8 KB/sec)
Downloading: https://repo.maven.apache.org/maven2/com/vladsch/flexmark/flexmark-ext-ins/0.42.8/flexmark-ext-ins-0.42.8.jar
                                 Downloaded: https://repo.maven.apache.org/maven2/com/vladsch/flexmark/flexmark-ext-jekyll-front-matter/0.42.8/flexmark-ext-jekyll-front-matter-0.42.8.jar (18 KB at 81.3 KB/sec)
Downloading: https://repo.maven.apache.org/maven2/com/vladsch/flexmark/flexmark-ext-xwiki-macros/0.42.8/flexmark-ext-xwiki-macros-0.42.8.jar
4/21 KB                          8/21 KB   12/21 KB   16/21 KB   20/21 KB   21/21 KB   21/21 KB   4/13 KB   21/21 KB   8/13 KB   21/21 KB   12/13 KB   21/21 KB   13/13 KB                         Downloaded: https://repo.maven.apache.org/maven2/com/vladsch/flexmark/flexmark-ext-jekyll-tag/0.42.8/flexmark-ext-jekyll-tag-0.42.8.jar (21 KB at 88.2 KB/sec)
Downloading: https://repo.maven.apache.org/maven2/com/vladsch/flexmark/flexmark-ext-superscript/0.42.8/flexmark-ext-superscript-0.42.8.jar
                      Downloaded: https://repo.maven.apache.org/maven2/com/vladsch/flexmark/flexmark-ext-ins/0.42.8/flexmark-ext-ins-0.42.8.jar (13 KB at 54.2 KB/sec)
Downloading: https://repo.maven.apache.org/maven2/com/vladsch/flexmark/flexmark-ext-tables/0.42.8/flexmark-ext-tables-0.42.8.jar
4/35 KB               8/35 KB   12/35 KB   16/35 KB   20/35 KB   24/35 KB   28/35 KB   32/35 KB   35/35 KB   35/35 KB   4/31 KB   35/35 KB   8/31 KB   35/35 KB   12/31 KB   35/35 KB   16/31 KB   35/35 KB   20/31 KB   35/35 KB   24/31 KB   35/35 KB   28/31 KB   35/35 KB   31/31 KB   4/14 KB   35/35 KB   31/31 KB   2/75 KB   4/14 KB   35/35 KB   31/31 KB   2/75 KB   8/14 KB   35/35 KB   31/31 KB   2/75 KB   12/14 KB   35/35 KB   31/31 KB   2/75 KB   14/14 KB   35/35 KB   31/31 KB   3/75 KB   14/14 KB   35/35 KB   31/31 KB   5/75 KB   14/14 KB   35/35 KB   31/31 KB   6/75 KB   14/14 KB   35/35 KB   31/31 KB   7/75 KB   14/14 KB   35/35 KB   31/31 KB   9/75 KB   14/14 KB   35/35 KB   31/31 KB   10/75 KB   14/14 KB   35/35 KB   31/31 KB   11/75 KB   14/14 KB   35/35 KB   31/31 KB   13/75 KB   14/14 KB   35/35 KB   31/31 KB   14/75 KB   14/14 KB   35/35 KB   31/31 KB   15/75 KB   14/14 KB   35/35 KB   31/31 KB   17/75 KB   14/14 KB   35/35 KB   31/31 KB   18/75 KB   14/14 KB   35/35 KB   31/31 KB   19/75 KB   14/14 KB   35/35 KB   31/31 KB   21/75 KB   14/14 KB   35/35 KB   31/31 KB   22/75 KB   14/14 KB   35/35 KB   31/31 KB   23/75 KB   14/14 KB   35/35 KB   31/31 KB   25/75 KB   14/14 KB   35/35 KB   31/31 KB   26/75 KB   14/14 KB   35/35 KB   31/31 KB   27/75 KB   14/14 KB   35/35 KB   31/31 KB   29/75 KB   14/14 KB   35/35 KB   31/31 KB   30/75 KB   14/14 KB   35/35 KB   31/31 KB   31/75 KB   14/14 KB   35/35 KB   31/31 KB   33/75 KB   14/14 KB   35/35 KB   31/31 KB   34/75 KB   14/14 KB   35/35 KB   31/31 KB   35/75 KB   14/14 KB   35/35 KB   31/31 KB   37/75 KB   14/14 KB   35/35 KB   31/31 KB   38/75 KB   14/14 KB   35/35 KB   31/31 KB   39/75 KB   14/14 KB   35/35 KB   31/31 KB   41/75 KB   14/14 KB   35/35 KB   31/31 KB   42/75 KB   14/14 KB   35/35 KB   31/31 KB   43/75 KB   14/14 KB   35/35 KB   31/31 KB   45/75 KB   14/14 KB   35/35 KB   31/31 KB   46/75 KB   14/14 KB   35/35 KB   31/31 KB   47/75 KB   14/14 KB   35/35 KB   31/31 KB   49/75 KB   14/14 KB   35/35 KB   31/31 KB   50/75 KB   14/14 KB   35/35 KB   31/31 KB   51/75 KB   14/14 KB   35/35 KB   31/31 KB   53/75 KB   14/14 KB   35/35 KB   31/31 KB   54/75 KB   14/14 KB   35/35 KB   31/31 KB   55/75 KB   14/14 KB   35/35 KB   31/31 KB   57/75 KB   14/14 KB   35/35 KB   31/31 KB   58/75 KB   14/14 KB   35/35 KB   31/31 KB   59/75 KB   14/14 KB   35/35 KB   31/31 KB   61/75 KB   14/14 KB   35/35 KB   31/31 KB   62/75 KB   14/14 KB   35/35 KB   31/31 KB   63/75 KB   14/14 KB   35/35 KB   31/31 KB   65/75 KB   14/14 KB   35/35 KB   31/31 KB   66/75 KB   14/14 KB   35/35 KB   31/31 KB   67/75 KB   14/14 KB   35/35 KB   31/31 KB   69/75 KB   14/14 KB   35/35 KB   31/31 KB   4/42 KB   69/75 KB   14/14 KB   35/35 KB   31/31 KB   4/42 KB   70/75 KB   14/14 KB   35/35 KB   31/31 KB   4/42 KB   71/75 KB   14/14 KB   35/35 KB   31/31 KB   4/42 KB   73/75 KB   14/14 KB   35/35 KB   31/31 KB   4/42 KB   74/75 KB   14/14 KB   35/35 KB   31/31 KB   8/42 KB   75/75 KB   14/14 KB   35/35 KB   31/31 KB   8/42 KB   75/75 KB   14/14 KB   35/35 KB   31/31 KB   12/42 KB   75/75 KB   14/14 KB   35/35 KB   31/31 KB   16/42 KB   75/75 KB   14/14 KB   35/35 KB   31/31 KB   20/42 KB   75/75 KB   14/14 KB   35/35 KB   31/31 KB   24/42 KB   75/75 KB   14/14 KB   35/35 KB   31/31 KB   28/42 KB   75/75 KB   14/14 KB   35/35 KB   31/31 KB   32/42 KB   75/75 KB   14/14 KB   35/35 KB   31/31 KB   36/42 KB   75/75 KB   14/14 KB   35/35 KB   31/31 KB   40/42 KB   75/75 KB   14/14 KB   35/35 KB   31/31 KB   42/42 KB   75/75 KB   14/14 KB   35/35 KB   31/31 KB                                                          Downloaded: https://repo.maven.apache.org/maven2/com/vladsch/flexmark/flexmark-ext-superscript/0.42.8/flexmark-ext-superscript-0.42.8.jar (14 KB at 50.8 KB/sec)
Downloading: https://repo.maven.apache.org/maven2/com/vladsch/flexmark/flexmark-ext-toc/0.42.8/flexmark-ext-toc-0.42.8.jar
                                                       Downloaded: https://repo.maven.apache.org/maven2/com/vladsch/flexmark/flexmark-ext-macros/0.42.8/flexmark-ext-macros-0.42.8.jar (35 KB at 130.6 KB/sec)
Downloading: https://repo.maven.apache.org/maven2/com/vladsch/flexmark/flexmark-ext-typographic/0.42.8/flexmark-ext-typographic-0.42.8.jar
42/42 KB   4/89 KB   75/75 KB   31/31 KB               42/42 KB   8/89 KB   75/75 KB   31/31 KB   42/42 KB   12/89 KB   75/75 KB   31/31 KB   42/42 KB   16/89 KB   75/75 KB   31/31 KB                                                                                           Downloaded: https://repo.maven.apache.org/maven2/com/vladsch/flexmark/flexmark-ext-gitlab/0.42.8/flexmark-ext-gitlab-0.42.8.jar (42 KB at 155.2 KB/sec)
Downloading: https://repo.maven.apache.org/maven2/com/vladsch/flexmark/flexmark-ext-wikilink/0.42.8/flexmark-ext-wikilink-0.42.8.jar
Downloaded: https://repo.maven.apache.org/maven2/com/vladsch/flexmark/flexmark-ext-tables/0.42.8/flexmark-ext-tables-0.42.8.jar (75 KB at 280.1 KB/sec)
Downloading: https://repo.maven.apache.org/maven2/com/vladsch/flexmark/flexmark-ext-yaml-front-matter/0.42.8/flexmark-ext-yaml-front-matter-0.42.8.jar
20/89 KB   31/31 KB                         24/89 KB   31/31 KB   28/89 KB   31/31 KB   32/89 KB   31/31 KB   36/89 KB   31/31 KB   40/89 KB   31/31 KB   44/89 KB   31/31 KB   48/89 KB   31/31 KB   52/89 KB   31/31 KB   56/89 KB   31/31 KB   60/89 KB   31/31 KB   64/89 KB   31/31 KB   64/89 KB   4/22 KB   31/31 KB   64/89 KB   8/22 KB   31/31 KB   64/89 KB   12/22 KB   31/31 KB   64/89 KB   16/22 KB   31/31 KB   64/89 KB   20/22 KB   31/31 KB   68/89 KB   22/22 KB   31/31 KB   68/89 KB   22/22 KB   31/31 KB   72/89 KB   22/22 KB   31/31 KB   76/89 KB   22/22 KB   31/31 KB   80/89 KB   22/22 KB   31/31 KB   84/89 KB   22/22 KB   31/31 KB   88/89 KB   22/22 KB   31/31 KB   89/89 KB   22/22 KB   31/31 KB                                    Downloaded: https://repo.maven.apache.org/maven2/com/vladsch/flexmark/flexmark-ext-xwiki-macros/0.42.8/flexmark-ext-xwiki-macros-0.42.8.jar (31 KB at 111.0 KB/sec)
Downloading: https://repo.maven.apache.org/maven2/com/vladsch/flexmark/flexmark-ext-youtube-embedded/0.42.8/flexmark-ext-youtube-embedded-0.42.8.jar
4/25 KB   89/89 KB   22/22 KB   4/18 KB   4/25 KB   89/89 KB   22/22 KB   4/18 KB   8/25 KB   89/89 KB   22/22 KB   4/18 KB   12/25 KB   89/89 KB   22/22 KB   4/18 KB   12/25 KB   89/89 KB   22/22 KB   8/18 KB   16/25 KB   89/89 KB   22/22 KB   8/18 KB   16/25 KB   89/89 KB   22/22 KB   12/18 KB   16/25 KB   89/89 KB   22/22 KB   16/18 KB   20/25 KB   89/89 KB   22/22 KB   16/18 KB   20/25 KB   89/89 KB   22/22 KB   18/18 KB   24/25 KB   89/89 KB   22/22 KB   18/18 KB   25/25 KB   89/89 KB   22/22 KB   18/18 KB                                               Downloaded: https://repo.maven.apache.org/maven2/com/vladsch/flexmark/flexmark-ext-typographic/0.42.8/flexmark-ext-typographic-0.42.8.jar (22 KB at 76.1 KB/sec)
Downloading: https://repo.maven.apache.org/maven2/com/vladsch/flexmark/flexmark-formatter/0.42.8/flexmark-formatter-0.42.8.jar
                                            Downloaded: https://repo.maven.apache.org/maven2/com/vladsch/flexmark/flexmark-ext-wikilink/0.42.8/flexmark-ext-wikilink-0.42.8.jar (25 KB at 86.3 KB/sec)
Downloading: https://repo.maven.apache.org/maven2/com/vladsch/flexmark/flexmark-html-parser/0.42.8/flexmark-html-parser-0.42.8.jar
                                            Downloaded: https://repo.maven.apache.org/maven2/com/vladsch/flexmark/flexmark-ext-yaml-front-matter/0.42.8/flexmark-ext-yaml-front-matter-0.42.8.jar (18 KB at 61.8 KB/sec)
Downloading: https://repo.maven.apache.org/maven2/org/jsoup/jsoup/1.10.2/jsoup-1.10.2.jar
4/96 KB   89/89 KB                          4/96 KB   4/13 KB   89/89 KB   8/96 KB   4/13 KB   89/89 KB   12/96 KB   4/13 KB   89/89 KB   16/96 KB   4/13 KB   89/89 KB   16/96 KB   8/13 KB   89/89 KB   16/96 KB   12/13 KB   89/89 KB   16/96 KB   13/13 KB   89/89 KB   20/96 KB   13/13 KB   89/89 KB   24/96 KB   13/13 KB   89/89 KB   28/96 KB   13/13 KB   89/89 KB   32/96 KB   13/13 KB   89/89 KB   36/96 KB   13/13 KB   89/89 KB   40/96 KB   13/13 KB   89/89 KB   44/96 KB   13/13 KB   89/89 KB   48/96 KB   13/13 KB   89/89 KB   52/96 KB   13/13 KB   89/89 KB   56/96 KB   13/13 KB   89/89 KB   60/96 KB   13/13 KB   89/89 KB   64/96 KB   13/13 KB   89/89 KB   68/96 KB   13/13 KB   89/89 KB   72/96 KB   13/13 KB   89/89 KB   76/96 KB   13/13 KB   89/89 KB   80/96 KB   13/13 KB   89/89 KB   84/96 KB   13/13 KB   89/89 KB   88/96 KB   13/13 KB   89/89 KB   92/96 KB   13/13 KB   89/89 KB   96/96 KB   13/13 KB   89/89 KB                                    Downloaded: https://repo.maven.apache.org/maven2/com/vladsch/flexmark/flexmark-ext-toc/0.42.8/flexmark-ext-toc-0.42.8.jar (89 KB at 292.0 KB/sec)
Downloading: https://repo.maven.apache.org/maven2/com/vladsch/flexmark/flexmark-jira-converter/0.42.8/flexmark-jira-converter-0.42.8.jar
96/96 KB   4/343 KB   13/13 KB   96/96 KB   8/343 KB   13/13 KB   96/96 KB   12/343 KB   13/13 KB   96/96 KB   16/343 KB   13/13 KB                                     Downloaded: https://repo.maven.apache.org/maven2/com/vladsch/flexmark/flexmark-ext-youtube-embedded/0.42.8/flexmark-ext-youtube-embedded-0.42.8.jar (13 KB at 40.2 KB/sec)
Downloading: https://repo.maven.apache.org/maven2/com/vladsch/flexmark/flexmark-profile-pegdown/0.42.8/flexmark-profile-pegdown-0.42.8.jar
96/96 KB   20/343 KB              96/96 KB   24/343 KB   96/96 KB   28/343 KB   96/96 KB   32/343 KB   96/96 KB   36/343 KB   96/96 KB   40/343 KB   96/96 KB   44/343 KB   96/96 KB   48/343 KB   96/96 KB   52/343 KB   96/96 KB   56/343 KB   96/96 KB   60/343 KB   96/96 KB   64/343 KB   96/96 KB   68/343 KB   96/96 KB   72/343 KB   96/96 KB   76/343 KB   96/96 KB   80/343 KB   96/96 KB   84/343 KB   96/96 KB   88/343 KB   96/96 KB   92/343 KB   96/96 KB   92/343 KB   4/39 KB   96/96 KB   96/343 KB   4/39 KB   96/96 KB   96/343 KB   8/39 KB   96/96 KB   100/343 KB   12/39 KB   96/96 KB   100/343 KB   12/39 KB   96/96 KB   100/343 KB   16/39 KB   96/96 KB   4/7 KB   100/343 KB   16/39 KB   96/96 KB   4/7 KB   104/343 KB   16/39 KB   96/96 KB   4/7 KB   108/343 KB   16/39 KB   96/96 KB   4/7 KB   112/343 KB   16/39 KB   96/96 KB   7/7 KB   112/343 KB   16/39 KB   96/96 KB   7/7 KB   112/343 KB   20/39 KB   96/96 KB   7/7 KB   112/343 KB   24/39 KB   96/96 KB   7/7 KB   112/343 KB   28/39 KB   96/96 KB   7/7 KB   112/343 KB   32/39 KB   96/96 KB   7/7 KB   116/343 KB   32/39 KB   96/96 KB   7/7 KB   120/343 KB   32/39 KB   96/96 KB   7/7 KB   120/343 KB   36/39 KB   96/96 KB   7/7 KB   124/343 KB   39/39 KB   96/96 KB   7/7 KB   124/343 KB   39/39 KB   96/96 KB   7/7 KB   128/343 KB   39/39 KB   96/96 KB   7/7 KB   132/343 KB   39/39 KB   96/96 KB   7/7 KB   136/343 KB   39/39 KB   96/96 KB   7/7 KB   140/343 KB   39/39 KB   96/96 KB   7/7 KB   144/343 KB   39/39 KB   96/96 KB   7/7 KB   148/343 KB   39/39 KB   96/96 KB   7/7 KB   152/343 KB   39/39 KB   96/96 KB   7/7 KB   156/343 KB   39/39 KB   96/96 KB   7/7 KB   160/343 KB   39/39 KB   96/96 KB   7/7 KB   164/343 KB   39/39 KB   96/96 KB   7/7 KB   168/343 KB   39/39 KB   96/96 KB   7/7 KB   172/343 KB   39/39 KB   96/96 KB   7/7 KB   176/343 KB   39/39 KB                                               Downloaded: https://repo.maven.apache.org/maven2/com/vladsch/flexmark/flexmark-formatter/0.42.8/flexmark-formatter-0.42.8.jar (96 KB at 299.0 KB/sec)
Downloading: https://repo.maven.apache.org/maven2/com/vladsch/flexmark/flexmark-util/0.42.8/flexmark-util-0.42.8.jar
7/7 KB   180/343 KB   39/39 KB              7/7 KB   184/343 KB   39/39 KB   7/7 KB   188/343 KB   39/39 KB   7/7 KB   192/343 KB   39/39 KB   7/7 KB   196/343 KB   39/39 KB   7/7 KB   200/343 KB   39/39 KB   7/7 KB   204/343 KB   39/39 KB   7/7 KB   208/343 KB   39/39 KB   7/7 KB   212/343 KB   39/39 KB   7/7 KB   216/343 KB   39/39 KB   7/7 KB   220/343 KB   39/39 KB   7/7 KB   224/343 KB   39/39 KB   7/7 KB   224/343 KB   4/44 KB   39/39 KB   7/7 KB   228/343 KB   4/44 KB   39/39 KB   7/7 KB   232/343 KB   4/44 KB   39/39 KB   7/7 KB   236/343 KB   4/44 KB   39/39 KB   7/7 KB   236/343 KB   8/44 KB   39/39 KB   7/7 KB   240/343 KB   8/44 KB   39/39 KB   7/7 KB   240/343 KB   12/44 KB   39/39 KB   7/7 KB   240/343 KB   16/44 KB   39/39 KB   7/7 KB   244/343 KB   16/44 KB   39/39 KB   7/7 KB   248/343 KB   16/44 KB   39/39 KB   7/7 KB   250/343 KB   16/44 KB   39/39 KB   7/7 KB   250/343 KB   20/44 KB   39/39 KB   7/7 KB   250/343 KB   24/44 KB   39/39 KB   7/7 KB   250/343 KB   28/44 KB   39/39 KB   7/7 KB   250/343 KB   32/44 KB   39/39 KB   7/7 KB   254/343 KB   32/44 KB   39/39 KB   7/7 KB   258/343 KB   32/44 KB   39/39 KB   7/7 KB   262/343 KB   32/44 KB   39/39 KB   7/7 KB   266/343 KB   32/44 KB   39/39 KB   7/7 KB   266/343 KB   36/44 KB   39/39 KB   7/7 KB   266/343 KB   40/44 KB   39/39 KB   7/7 KB   270/343 KB   40/44 KB   39/39 KB   7/7 KB   270/343 KB   44/44 KB   39/39 KB                                               274/343 KB   44/44 KB   39/39 KB            Downloaded: https://repo.maven.apache.org/maven2/com/vladsch/flexmark/flexmark-profile-pegdown/0.42.8/flexmark-profile-pegdown-0.42.8.jar (7 KB at 19.0 KB/sec)
278/343 KB   44/44 KB   39/39 KB   Downloading: https://repo.maven.apache.org/maven2/com/vladsch/flexmark/flexmark-youtrack-converter/0.42.8/flexmark-youtrack-converter-0.42.8.jar
282/343 KB   44/44 KB   39/39 KB   286/343 KB   44/44 KB   39/39 KB   290/343 KB   44/44 KB   39/39 KB   294/343 KB   44/44 KB   39/39 KB   298/343 KB   44/44 KB   39/39 KB                                      Downloaded: https://repo.maven.apache.org/maven2/com/vladsch/flexmark/flexmark-jira-converter/0.42.8/flexmark-jira-converter-0.42.8.jar (39 KB at 119.2 KB/sec)
Downloading: https://repo.maven.apache.org/maven2/org/apache/maven/doxia/doxia-module-confluence/1.9/doxia-module-confluence-1.9.jar
302/343 KB   44/44 KB              306/343 KB   44/44 KB   310/343 KB   44/44 KB   314/343 KB   44/44 KB   318/343 KB   44/44 KB   322/343 KB   44/44 KB   326/343 KB   44/44 KB   330/343 KB   44/44 KB   4/377 KB   330/343 KB   44/44 KB   4/377 KB   334/343 KB   44/44 KB   4/377 KB   338/343 KB   44/44 KB   4/377 KB   342/343 KB   44/44 KB   4/377 KB   343/343 KB   44/44 KB   8/377 KB   343/343 KB   44/44 KB   12/377 KB   343/343 KB   44/44 KB   16/377 KB   343/343 KB   44/44 KB   20/377 KB   343/343 KB   44/44 KB   24/377 KB   343/343 KB   44/44 KB   28/377 KB   343/343 KB   44/44 KB   32/377 KB   343/343 KB   44/44 KB   36/377 KB   343/343 KB   44/44 KB   40/377 KB   343/343 KB   44/44 KB   44/377 KB   343/343 KB   44/44 KB   48/377 KB   343/343 KB   44/44 KB   52/377 KB   343/343 KB   44/44 KB   56/377 KB   343/343 KB   44/44 KB   60/377 KB   343/343 KB   44/44 KB   64/377 KB   343/343 KB   44/44 KB   68/377 KB   343/343 KB   44/44 KB   72/377 KB   343/343 KB   44/44 KB   76/377 KB   343/343 KB   44/44 KB   80/377 KB   343/343 KB   44/44 KB   4/40 KB   80/377 KB   343/343 KB   44/44 KB   4/40 KB   84/377 KB   343/343 KB   44/44 KB   4/40 KB   88/377 KB   343/343 KB   44/44 KB   4/40 KB   92/377 KB   343/343 KB   44/44 KB   4/40 KB   96/377 KB   343/343 KB   44/44 KB   8/40 KB   96/377 KB   343/343 KB   44/44 KB   12/40 KB   96/377 KB   343/343 KB   44/44 KB   16/40 KB   96/377 KB   343/343 KB   44/44 KB   20/40 KB   96/377 KB   343/343 KB   44/44 KB   20/40 KB   100/377 KB   343/343 KB   44/44 KB   24/40 KB   100/377 KB   343/343 KB   44/44 KB   28/40 KB   100/377 KB   343/343 KB   44/44 KB   28/40 KB   104/377 KB   343/343 KB   44/44 KB   32/40 KB   104/377 KB   343/343 KB   44/44 KB   32/40 KB   108/377 KB   343/343 KB   44/44 KB   32/40 KB   112/377 KB   343/343 KB   44/44 KB   36/40 KB   112/377 KB   343/343 KB   44/44 KB   40/40 KB   112/377 KB   343/343 KB   44/44 KB   40/40 KB   112/377 KB   343/343 KB   44/44 KB   4/58 KB   40/40 KB   116/377 KB   343/343 KB   44/44 KB   4/58 KB   40/40 KB   120/377 KB   343/343 KB   44/44 KB   4/58 KB   40/40 KB   124/377 KB   343/343 KB   44/44 KB   4/58 KB   40/40 KB   128/377 KB   343/343 KB   44/44 KB   4/58 KB   40/40 KB   132/377 KB   343/343 KB   44/44 KB   4/58 KB   40/40 KB   136/377 KB   343/343 KB   44/44 KB   4/58 KB   40/40 KB   136/377 KB   343/343 KB   44/44 KB   8/58 KB   40/40 KB   140/377 KB   343/343 KB   44/44 KB   8/58 KB   40/40 KB   140/377 KB   343/343 KB   44/44 KB   12/58 KB   40/40 KB   144/377 KB   343/343 KB   44/44 KB   12/58 KB   40/40 KB   144/377 KB   343/343 KB   44/44 KB   16/58 KB   40/40 KB   148/377 KB   343/343 KB   44/44 KB   16/58 KB   40/40 KB   148/377 KB   343/343 KB   44/44 KB   20/58 KB   40/40 KB   152/377 KB   343/343 KB   44/44 KB   20/58 KB   40/40 KB   152/377 KB   343/343 KB   44/44 KB   24/58 KB   40/40 KB   156/377 KB   343/343 KB   44/44 KB   24/58 KB   40/40 KB   156/377 KB   343/343 KB   44/44 KB   28/58 KB   40/40 KB   160/377 KB   343/343 KB   44/44 KB   28/58 KB   40/40 KB   160/377 KB   343/343 KB   44/44 KB   32/58 KB                                                              Downloaded: https://repo.maven.apache.org/maven2/com/vladsch/flexmark/flexmark-html-parser/0.42.8/flexmark-html-parser-0.42.8.jar (44 KB at 128.4 KB/sec)
Downloading: https://repo.maven.apache.org/maven2/org/apache/maven/doxia/doxia-module-docbook-simple/1.9/doxia-module-docbook-simple-1.9.jar
40/40 KB   164/377 KB   343/343 KB   32/58 KB              40/40 KB   168/377 KB   343/343 KB   32/58 KB   40/40 KB   172/377 KB   343/343 KB   32/58 KB   40/40 KB   172/377 KB   343/343 KB   36/58 KB   40/40 KB   176/377 KB   343/343 KB   36/58 KB   40/40 KB   176/377 KB   343/343 KB   40/58 KB   40/40 KB   176/377 KB   343/343 KB   44/58 KB   40/40 KB   176/377 KB   343/343 KB   48/58 KB   40/40 KB   176/377 KB   343/343 KB   52/58 KB   40/40 KB   176/377 KB   343/343 KB   56/58 KB   40/40 KB   176/377 KB   343/343 KB   58/58 KB   40/40 KB   180/377 KB   343/343 KB   58/58 KB   40/40 KB   184/377 KB   343/343 KB   58/58 KB   40/40 KB   188/377 KB   343/343 KB   58/58 KB   40/40 KB   192/377 KB   343/343 KB   58/58 KB   40/40 KB   196/377 KB   343/343 KB   58/58 KB   40/40 KB   200/377 KB   343/343 KB   58/58 KB   40/40 KB   204/377 KB   343/343 KB   58/58 KB   40/40 KB   208/377 KB   343/343 KB   58/58 KB   40/40 KB   212/377 KB   343/343 KB   58/58 KB   40/40 KB   214/377 KB   343/343 KB   58/58 KB   40/40 KB   218/377 KB   343/343 KB   58/58 KB   40/40 KB   222/377 KB   343/343 KB   58/58 KB   40/40 KB   226/377 KB   343/343 KB   58/58 KB   40/40 KB   230/377 KB   343/343 KB   58/58 KB   40/40 KB   234/377 KB   343/343 KB   58/58 KB   40/40 KB   238/377 KB   343/343 KB   58/58 KB   40/40 KB   242/377 KB   343/343 KB   58/58 KB   40/40 KB   246/377 KB   343/343 KB   58/58 KB   40/40 KB   250/377 KB   343/343 KB   58/58 KB   40/40 KB   254/377 KB   343/343 KB   58/58 KB   40/40 KB   258/377 KB   343/343 KB   58/58 KB   40/40 KB   262/377 KB   343/343 KB   58/58 KB   40/40 KB   266/377 KB   343/343 KB   58/58 KB   40/40 KB   270/377 KB   343/343 KB   58/58 KB   40/40 KB   274/377 KB   343/343 KB   58/58 KB   40/40 KB   278/377 KB   343/343 KB   58/58 KB   40/40 KB   278/377 KB   343/343 KB   4/129 KB   58/58 KB   40/40 KB   282/377 KB   343/343 KB   4/129 KB   58/58 KB   40/40 KB   286/377 KB   343/343 KB   4/129 KB   58/58 KB   40/40 KB   290/377 KB   343/343 KB   4/129 KB   58/58 KB   40/40 KB   294/377 KB   343/343 KB   4/129 KB   58/58 KB   40/40 KB   298/377 KB   343/343 KB   4/129 KB   58/58 KB   40/40 KB   298/377 KB   343/343 KB   8/129 KB   58/58 KB   40/40 KB   302/377 KB   343/343 KB   8/129 KB   58/58 KB   40/40 KB   302/377 KB   343/343 KB   12/129 KB   58/58 KB   40/40 KB   306/377 KB   343/343 KB   12/129 KB   58/58 KB   40/40 KB   306/377 KB   343/343 KB   16/129 KB   58/58 KB   40/40 KB   310/377 KB   343/343 KB   16/129 KB   58/58 KB                                                               Downloaded: https://repo.maven.apache.org/maven2/org/jsoup/jsoup/1.10.2/jsoup-1.10.2.jar (343 KB at 986.8 KB/sec)
Downloading: https://repo.maven.apache.org/maven2/org/apache/maven/doxia/doxia-module-twiki/1.9/doxia-module-twiki-1.9.jar
40/40 KB   310/377 KB   20/129 KB   58/58 KB                40/40 KB   314/377 KB   20/129 KB   58/58 KB   40/40 KB   314/377 KB   24/129 KB   58/58 KB   40/40 KB   318/377 KB   24/129 KB   58/58 KB   40/40 KB   318/377 KB   28/129 KB   58/58 KB   40/40 KB   322/377 KB   28/129 KB   58/58 KB   40/40 KB   322/377 KB   32/129 KB   58/58 KB   40/40 KB   326/377 KB   32/129 KB   58/58 KB   40/40 KB   330/377 KB   32/129 KB   58/58 KB   40/40 KB   334/377 KB   32/129 KB   58/58 KB   40/40 KB   338/377 KB   32/129 KB   58/58 KB   40/40 KB   342/377 KB   32/129 KB   58/58 KB   40/40 KB   346/377 KB   32/129 KB   58/58 KB   40/40 KB   346/377 KB   36/129 KB   58/58 KB   40/40 KB   350/377 KB   36/129 KB   58/58 KB   40/40 KB   350/377 KB   40/129 KB   58/58 KB   40/40 KB   354/377 KB   40/129 KB   58/58 KB   40/40 KB   354/377 KB   44/129 KB   58/58 KB   40/40 KB   358/377 KB   44/129 KB   58/58 KB   40/40 KB   358/377 KB   48/129 KB   58/58 KB   40/40 KB   358/377 KB   52/129 KB   58/58 KB   40/40 KB   358/377 KB   56/129 KB   58/58 KB   40/40 KB   358/377 KB   60/129 KB   58/58 KB   40/40 KB   358/377 KB   64/129 KB   58/58 KB   40/40 KB   362/377 KB   64/129 KB   58/58 KB   40/40 KB   366/377 KB   64/129 KB   58/58 KB   40/40 KB   370/377 KB   64/129 KB   58/58 KB   40/40 KB   374/377 KB   64/129 KB   58/58 KB   40/40 KB   377/377 KB   64/129 KB   58/58 KB   40/40 KB   377/377 KB   68/129 KB   58/58 KB   40/40 KB   377/377 KB   72/129 KB   58/58 KB   40/40 KB   377/377 KB   76/129 KB   58/58 KB   40/40 KB   377/377 KB   80/129 KB   58/58 KB   40/40 KB   377/377 KB   84/129 KB   58/58 KB   40/40 KB   377/377 KB   88/129 KB   58/58 KB   40/40 KB   377/377 KB   92/129 KB   58/58 KB   40/40 KB   377/377 KB   96/129 KB   58/58 KB   40/40 KB   377/377 KB   100/129 KB   58/58 KB   40/40 KB   377/377 KB   104/129 KB   58/58 KB   40/40 KB   377/377 KB   108/129 KB   58/58 KB   40/40 KB   377/377 KB   112/129 KB   58/58 KB   40/40 KB   377/377 KB   116/129 KB   58/58 KB   40/40 KB   377/377 KB   120/129 KB   58/58 KB   40/40 KB   377/377 KB   124/129 KB   58/58 KB   40/40 KB   377/377 KB   128/129 KB   58/58 KB   40/40 KB   377/377 KB   129/129 KB   58/58 KB                                                   Downloaded: https://repo.maven.apache.org/maven2/com/vladsch/flexmark/flexmark-youtrack-converter/0.42.8/flexmark-youtrack-converter-0.42.8.jar (40 KB at 111.9 KB/sec)
Downloading: https://repo.maven.apache.org/maven2/org/apache/maven/doxia/doxia-integration-tools/1.9.1/doxia-integration-tools-1.9.1.jar
                                                Downloaded: https://repo.maven.apache.org/maven2/org/apache/maven/doxia/doxia-module-confluence/1.9/doxia-module-confluence-1.9.jar (58 KB at 161.8 KB/sec)
Downloading: https://repo.maven.apache.org/maven2/org/apache/maven/wagon/wagon-provider-api/3.3.1/wagon-provider-api-3.3.1.jar
377/377 KB   4/72 KB   129/129 KB               377/377 KB   8/72 KB   129/129 KB   377/377 KB   12/72 KB   129/129 KB   377/377 KB   16/72 KB   129/129 KB   377/377 KB   20/72 KB   129/129 KB   377/377 KB   24/72 KB   129/129 KB   377/377 KB   28/72 KB   129/129 KB   377/377 KB   32/72 KB   129/129 KB   377/377 KB   36/72 KB   129/129 KB   377/377 KB   40/72 KB   129/129 KB   377/377 KB   44/72 KB   129/129 KB   377/377 KB   48/72 KB   129/129 KB   377/377 KB   52/72 KB   129/129 KB   377/377 KB   56/72 KB   129/129 KB   377/377 KB   60/72 KB   129/129 KB   377/377 KB   64/72 KB   129/129 KB   377/377 KB   68/72 KB   129/129 KB   377/377 KB   72/72 KB   129/129 KB   377/377 KB   72/72 KB   4/47 KB   129/129 KB   377/377 KB   4/55 KB   72/72 KB   4/47 KB   129/129 KB                                                            Downloaded: https://repo.maven.apache.org/maven2/com/vladsch/flexmark/flexmark-util/0.42.8/flexmark-util-0.42.8.jar (377 KB at 1027.4 KB/sec)
Downloading: https://repo.maven.apache.org/maven2/org/eclipse/jetty/jetty-webapp/9.2.28.v20190418/jetty-webapp-9.2.28.v20190418.jar
                                                         Downloaded: https://repo.maven.apache.org/maven2/org/apache/maven/doxia/doxia-module-docbook-simple/1.9/doxia-module-docbook-simple-1.9.jar (129 KB at 348.9 KB/sec)
Downloading: https://repo.maven.apache.org/maven2/org/eclipse/jetty/jetty-xml/9.2.28.v20190418/jetty-xml-9.2.28.v20190418.jar
4/55 KB   72/72 KB   8/47 KB                             8/55 KB   72/72 KB   8/47 KB   8/55 KB   72/72 KB   12/47 KB   12/55 KB   72/72 KB   12/47 KB   12/55 KB   72/72 KB   16/47 KB   16/55 KB   72/72 KB   16/47 KB   16/55 KB   72/72 KB   20/47 KB   20/55 KB   72/72 KB   20/47 KB   20/55 KB   72/72 KB   24/47 KB   24/55 KB   72/72 KB   24/47 KB   24/55 KB   72/72 KB   28/47 KB   28/55 KB   72/72 KB   28/47 KB   28/55 KB   72/72 KB   32/47 KB   32/55 KB   72/72 KB   32/47 KB   32/55 KB   72/72 KB   36/47 KB   32/55 KB   72/72 KB   40/47 KB   36/55 KB   72/72 KB   40/47 KB   36/55 KB   72/72 KB   44/47 KB   36/55 KB   72/72 KB   47/47 KB   40/55 KB   72/72 KB   47/47 KB   44/55 KB   72/72 KB   47/47 KB   48/55 KB   72/72 KB   47/47 KB   52/55 KB   72/72 KB   47/47 KB   55/55 KB   72/72 KB   47/47 KB   55/55 KB   72/72 KB   47/47 KB   4/44 KB   55/55 KB   72/72 KB   47/47 KB   8/44 KB   55/55 KB   72/72 KB   47/47 KB   12/44 KB   55/55 KB   72/72 KB   47/47 KB   16/44 KB   55/55 KB   72/72 KB   47/47 KB   20/44 KB   55/55 KB   72/72 KB   47/47 KB   24/44 KB   55/55 KB   72/72 KB   47/47 KB   28/44 KB                                               55/55 KB   47/47 KB   32/44 KB              Downloaded: https://repo.maven.apache.org/maven2/org/apache/maven/doxia/doxia-module-twiki/1.9/doxia-module-twiki-1.9.jar (72 KB at 191.8 KB/sec)
55/55 KB   47/47 KB   4/106 KB   32/44 KB   55/55 KB   47/47 KB   4/106 KB   36/44 KB   55/55 KB   47/47 KB   4/106 KB   40/44 KB   55/55 KB   47/47 KB   4/106 KB   44/44 KB   55/55 KB   47/47 KB   8/106 KB   44/44 KB   55/55 KB   47/47 KB   12/106 KB   44/44 KB   55/55 KB   47/47 KB   16/106 KB   44/44 KB   55/55 KB   47/47 KB   20/106 KB   44/44 KB   55/55 KB   47/47 KB   24/106 KB   44/44 KB   55/55 KB   47/47 KB   28/106 KB   44/44 KB   55/55 KB   47/47 KB   32/106 KB   44/44 KB   55/55 KB   47/47 KB   36/106 KB   44/44 KB   55/55 KB   47/47 KB   40/106 KB   44/44 KB   55/55 KB   47/47 KB   44/106 KB   44/44 KB   55/55 KB   47/47 KB   48/106 KB   44/44 KB                                                Downloaded: https://repo.maven.apache.org/maven2/org/apache/maven/wagon/wagon-provider-api/3.3.1/wagon-provider-api-3.3.1.jar (55 KB at 143.9 KB/sec)
47/47 KB   52/106 KB   44/44 KB              47/47 KB   56/106 KB   44/44 KB   47/47 KB   60/106 KB   44/44 KB   47/47 KB   64/106 KB   44/44 KB   47/47 KB   68/106 KB   44/44 KB   47/47 KB   72/106 KB   44/44 KB   47/47 KB   76/106 KB   44/44 KB   47/47 KB   80/106 KB   44/44 KB   47/47 KB   84/106 KB   44/44 KB   47/47 KB   88/106 KB   44/44 KB   47/47 KB   92/106 KB   44/44 KB   47/47 KB   96/106 KB   44/44 KB   47/47 KB   100/106 KB   44/44 KB   47/47 KB   104/106 KB   44/44 KB   47/47 KB   106/106 KB   44/44 KB                                      Downloaded: https://repo.maven.apache.org/maven2/org/apache/maven/doxia/doxia-integration-tools/1.9.1/doxia-integration-tools-1.9.1.jar (47 KB at 119.8 KB/sec)
                                   Downloaded: https://repo.maven.apache.org/maven2/org/eclipse/jetty/jetty-xml/9.2.28.v20190418/jetty-xml-9.2.28.v20190418.jar (44 KB at 111.7 KB/sec)
                                   Downloaded: https://repo.maven.apache.org/maven2/org/eclipse/jetty/jetty-webapp/9.2.28.v20190418/jetty-webapp-9.2.28.v20190418.jar (106 KB at 268.0 KB/sec)
[INFO] Skipping because packaging 'jar' is not pom.
[INFO] 
[INFO] --- maven-jar-plugin:3.2.0:test-jar (default) @ commons-codec ---
[INFO] Building jar: /lv_scratch/scratch/mondego/local/Maruf/ASE/projects/commons-codec/target/commons-codec-1.14-SNAPSHOT-tests.jar
[INFO] 
[INFO] --- maven-source-plugin:3.2.0:jar-no-fork (create-source-jar) @ commons-codec ---
[INFO] Building jar: /lv_scratch/scratch/mondego/local/Maruf/ASE/projects/commons-codec/target/commons-codec-1.14-SNAPSHOT-sources.jar
[INFO] 
[INFO] --- maven-source-plugin:3.2.0:test-jar-no-fork (create-source-jar) @ commons-codec ---
[INFO] Building jar: /lv_scratch/scratch/mondego/local/Maruf/ASE/projects/commons-codec/target/commons-codec-1.14-SNAPSHOT-test-sources.jar
[INFO] ------------------------------------------------------------------------
[INFO] BUILD SUCCESS
[INFO] ------------------------------------------------------------------------
[INFO] Total time: 32.833 s
[INFO] Finished at: 2020-04-09T20:38:48-07:00
[INFO] Final Memory: 60M/2826M
[INFO] ------------------------------------------------------------------------
