[INFO] Scanning for projects...
[WARNING] The POM for commons-io:commons-io:jar:1.4 is invalid, transitive dependencies (if any) will not be available, enable debug logging for more details
Deflaker, version 1.5-SNAPSHOT loading...
Warning: Deflaker disabling incompatible org.apache.maven.plugins:maven-enforcer-plugin from commons-codec
Warning: Deflaker disabling incompatible org.apache.rat:apache-rat-plugin from commons-codec
Warning: Deflaker disabling incompatible org.jacoco:jacoco-maven-plugin from commons-codec
[INFO]                                                                         
[INFO] ------------------------------------------------------------------------
[INFO] Building Apache Commons Codec 1.14-SNAPSHOT
[INFO] ------------------------------------------------------------------------
[INFO] 
[INFO] --- build-helper-maven-plugin:3.0.0:parse-version (parse-version) @ commons-codec ---
[INFO] 
[INFO] --- maven-antrun-plugin:1.8:run (javadoc.resources) @ commons-codec ---
[INFO] Executing tasks

main:
[INFO] Executed tasks
[INFO] 
[INFO] --- maven-remote-resources-plugin:1.5:process (process-resource-bundles) @ commons-codec ---
[INFO] 
[INFO] --- buildnumber-maven-plugin:1.4:create (default) @ commons-codec ---
[INFO] Executing: /bin/sh -c cd '/lv_scratch/scratch/mondego/local/Maruf/ASE/projects/commons-codec' && 'git' 'rev-parse' '--verify' 'HEAD'
[INFO] Working directory: /lv_scratch/scratch/mondego/local/Maruf/ASE/projects/commons-codec
[INFO] Storing buildNumber: 38a65bf7f78db7b120752000c0ccbdbd9d5314fb at timestamp: 1586490053848
[INFO] Storing buildScmBranch: master
[INFO] 
[INFO] --- maven-resources-plugin:3.1.0:resources (default-resources) @ commons-codec ---
[INFO] Using 'UTF-8' encoding to copy filtered resources.
[INFO] Copying 128 resources
[INFO] Copying 2 resources to META-INF
[INFO] 
[INFO] --- maven-compiler-plugin:3.8.1:compile (default-compile) @ commons-codec ---
[INFO] Nothing to compile - all classes are up to date
[INFO] 
[INFO] --- maven-bundle-plugin:3.5.1:manifest (bundle-manifest) @ commons-codec ---
[INFO] 
[INFO] --- animal-sniffer-maven-plugin:1.18:check (checkAPIcompatibility) @ commons-codec ---
[INFO] Checking unresolved references to org.codehaus.mojo.signature:java17:1.0
[INFO] 
[INFO] --- maven-resources-plugin:3.1.0:testResources (default-testResources) @ commons-codec ---
[INFO] Using 'UTF-8' encoding to copy filtered resources.
[INFO] Copying 3 resources
[INFO] Copying 2 resources to META-INF
[INFO] 
[INFO] --- deflaker-maven-plugin:1.5-SNAPSHOT:diff (deflaker-diff) @ commons-codec ---
/lv_scratch/scratch/mondego/local/Maruf/ASE/projects/commons-codec/.git DIFF'ing to HEAD
[ERROR] fatal: Invalid path '/pkg/git/2.13.1/etc': No such file or directory

Diff'ing 38a65bf7f78db7b120752000c0ccbdbd9d5314fb against: 8df3283fb569acca817e787ec20e4bcfa33b2dae
[INFO] 
[INFO] --- maven-compiler-plugin:3.8.1:testCompile (default-testCompile) @ commons-codec ---
[INFO] Changes detected - recompiling the module!
[INFO] Compiling 64 source files to /lv_scratch/scratch/mondego/local/Maruf/ASE/projects/commons-codec/target/test-classes
[INFO] /lv_scratch/scratch/mondego/local/Maruf/ASE/projects/commons-codec/src/test/java/org/apache/commons/codec/digest/MurmurHash3Test.java: /lv_scratch/scratch/mondego/local/Maruf/ASE/projects/commons-codec/src/test/java/org/apache/commons/codec/digest/MurmurHash3Test.java uses or overrides a deprecated API.
[INFO] /lv_scratch/scratch/mondego/local/Maruf/ASE/projects/commons-codec/src/test/java/org/apache/commons/codec/digest/MurmurHash3Test.java: Recompile with -Xlint:deprecation for details.
[INFO] 
[INFO] --- maven-surefire-plugin:2.19.1:test (default-test) @ commons-codec ---

-------------------------------------------------------
 T E S T S
-------------------------------------------------------
Running org.apache.commons.codec.binary.AllocateDirectHexTest
Tests run: 53, Failures: 0, Errors: 0, Skipped: 0, Time elapsed: 0.227 sec - in org.apache.commons.codec.binary.AllocateDirectHexTest
Running org.apache.commons.codec.binary.HexTest
Tests run: 53, Failures: 0, Errors: 0, Skipped: 0, Time elapsed: 0.016 sec - in org.apache.commons.codec.binary.HexTest
Running org.apache.commons.codec.binary.Base64OutputStreamTest
Tests run: 7, Failures: 0, Errors: 0, Skipped: 0, Time elapsed: 0.506 sec - in org.apache.commons.codec.binary.Base64OutputStreamTest
Running org.apache.commons.codec.binary.Base64Codec13Test
Tests run: 8, Failures: 0, Errors: 0, Skipped: 0, Time elapsed: 0.003 sec - in org.apache.commons.codec.binary.Base64Codec13Test
Running org.apache.commons.codec.binary.Base32InputStreamTest
Tests run: 16, Failures: 0, Errors: 0, Skipped: 0, Time elapsed: 0.142 sec - in org.apache.commons.codec.binary.Base32InputStreamTest
Running org.apache.commons.codec.binary.Base32Test
Tests run: 25, Failures: 0, Errors: 0, Skipped: 0, Time elapsed: 0.01 sec - in org.apache.commons.codec.binary.Base32Test
Running org.apache.commons.codec.binary.Base32OutputStreamTest
Tests run: 6, Failures: 0, Errors: 0, Skipped: 0, Time elapsed: 0.176 sec - in org.apache.commons.codec.binary.Base32OutputStreamTest
Running org.apache.commons.codec.binary.Base64InputStreamTest
Tests run: 19, Failures: 0, Errors: 0, Skipped: 0, Time elapsed: 0.182 sec - in org.apache.commons.codec.binary.Base64InputStreamTest
Running org.apache.commons.codec.binary.BinaryCodecTest
Tests run: 13, Failures: 0, Errors: 0, Skipped: 0, Time elapsed: 0.004 sec - in org.apache.commons.codec.binary.BinaryCodecTest
Running org.apache.commons.codec.binary.BaseNCodecTest
Tests run: 11, Failures: 0, Errors: 0, Skipped: 2, Time elapsed: 0.121 sec - in org.apache.commons.codec.binary.BaseNCodecTest
Running org.apache.commons.codec.binary.Base64Test
Tests run: 60, Failures: 0, Errors: 0, Skipped: 1, Time elapsed: 0.082 sec - in org.apache.commons.codec.binary.Base64Test
Running org.apache.commons.codec.binary.StringUtilsTest
Tests run: 22, Failures: 0, Errors: 0, Skipped: 0, Time elapsed: 0.001 sec - in org.apache.commons.codec.binary.StringUtilsTest
Running org.apache.commons.codec.digest.Apr1CryptTest
Tests run: 9, Failures: 0, Errors: 0, Skipped: 0, Time elapsed: 0.073 sec - in org.apache.commons.codec.digest.Apr1CryptTest
Running org.apache.commons.codec.digest.HmacUtilsTest
Tests run: 23, Failures: 0, Errors: 0, Skipped: 0, Time elapsed: 0.198 sec - in org.apache.commons.codec.digest.HmacUtilsTest
Running org.apache.commons.codec.digest.CryptTest
Tests run: 4, Failures: 0, Errors: 0, Skipped: 0, Time elapsed: 0.077 sec - in org.apache.commons.codec.digest.CryptTest
Running org.apache.commons.codec.digest.PureJavaCrc32CTest
Tests run: 4, Failures: 0, Errors: 0, Skipped: 0, Time elapsed: 0.001 sec - in org.apache.commons.codec.digest.PureJavaCrc32CTest
Running org.apache.commons.codec.digest.Sha2CryptTest
Tests run: 1, Failures: 0, Errors: 0, Skipped: 0, Time elapsed: 0 sec - in org.apache.commons.codec.digest.Sha2CryptTest
Running org.apache.commons.codec.digest.Md5CryptTest
Tests run: 8, Failures: 0, Errors: 0, Skipped: 0, Time elapsed: 0.015 sec - in org.apache.commons.codec.digest.Md5CryptTest
Running org.apache.commons.codec.digest.MurmurHash2Test
Tests run: 8, Failures: 0, Errors: 0, Skipped: 0, Time elapsed: 0.001 sec - in org.apache.commons.codec.digest.MurmurHash2Test
Running org.apache.commons.codec.digest.UnixCryptTest
Tests run: 9, Failures: 0, Errors: 0, Skipped: 0, Time elapsed: 0.001 sec - in org.apache.commons.codec.digest.UnixCryptTest
Running org.apache.commons.codec.digest.Sha256CryptTest
Tests run: 8, Failures: 0, Errors: 0, Skipped: 0, Time elapsed: 0.127 sec - in org.apache.commons.codec.digest.Sha256CryptTest
Running org.apache.commons.codec.digest.HmacAlgorithmsTest
Tests run: 96, Failures: 0, Errors: 0, Skipped: 0, Time elapsed: 0.759 sec - in org.apache.commons.codec.digest.HmacAlgorithmsTest
Running org.apache.commons.codec.digest.DigestUtilsTest
Tests run: 36, Failures: 0, Errors: 0, Skipped: 10, Time elapsed: 0.653 sec - in org.apache.commons.codec.digest.DigestUtilsTest
Running org.apache.commons.codec.digest.MurmurHash3Test
Tests run: 25, Failures: 0, Errors: 0, Skipped: 0, Time elapsed: 0.035 sec - in org.apache.commons.codec.digest.MurmurHash3Test
Running org.apache.commons.codec.digest.MessageDigestAlgorithmsTest
Tests run: 117, Failures: 0, Errors: 0, Skipped: 54, Time elapsed: 5.316 sec - in org.apache.commons.codec.digest.MessageDigestAlgorithmsTest
Running org.apache.commons.codec.digest.B64Test
Tests run: 2, Failures: 0, Errors: 0, Skipped: 0, Time elapsed: 0 sec - in org.apache.commons.codec.digest.B64Test
Running org.apache.commons.codec.digest.XXHash32Test
Tests run: 2, Failures: 0, Errors: 0, Skipped: 0, Time elapsed: 0 sec - in org.apache.commons.codec.digest.XXHash32Test
Running org.apache.commons.codec.digest.Sha512CryptTest
Tests run: 9, Failures: 0, Errors: 0, Skipped: 0, Time elapsed: 0.151 sec - in org.apache.commons.codec.digest.Sha512CryptTest
Running org.apache.commons.codec.digest.PureJavaCrc32Test
Tests run: 1, Failures: 0, Errors: 0, Skipped: 0, Time elapsed: 0.143 sec - in org.apache.commons.codec.digest.PureJavaCrc32Test
Running org.apache.commons.codec.language.Caverphone1Test
Tests run: 9, Failures: 0, Errors: 0, Skipped: 0, Time elapsed: 0.008 sec - in org.apache.commons.codec.language.Caverphone1Test
Running org.apache.commons.codec.language.DoubleMetaphone2Test
Tests run: 6, Failures: 0, Errors: 0, Skipped: 0, Time elapsed: 0.016 sec - in org.apache.commons.codec.language.DoubleMetaphone2Test
Running org.apache.commons.codec.language.MatchRatingApproachEncoderTest
Tests run: 96, Failures: 0, Errors: 0, Skipped: 0, Time elapsed: 0.01 sec - in org.apache.commons.codec.language.MatchRatingApproachEncoderTest
Running org.apache.commons.codec.language.RefinedSoundexTest
Tests run: 10, Failures: 0, Errors: 0, Skipped: 0, Time elapsed: 0 sec - in org.apache.commons.codec.language.RefinedSoundexTest
Running org.apache.commons.codec.language.SoundexTest
Tests run: 31, Failures: 0, Errors: 0, Skipped: 0, Time elapsed: 0.001 sec - in org.apache.commons.codec.language.SoundexTest
Running org.apache.commons.codec.language.DaitchMokotoffSoundexTest
Tests run: 13, Failures: 0, Errors: 0, Skipped: 0, Time elapsed: 0.026 sec - in org.apache.commons.codec.language.DaitchMokotoffSoundexTest
Running org.apache.commons.codec.language.bm.PhoneticEngineRegressionTest
Tests run: 4, Failures: 0, Errors: 0, Skipped: 0, Time elapsed: 0.152 sec - in org.apache.commons.codec.language.bm.PhoneticEngineRegressionTest
Running org.apache.commons.codec.language.bm.PhoneticEngineTest
Tests run: 8, Failures: 0, Errors: 0, Skipped: 0, Time elapsed: 0.016 sec - in org.apache.commons.codec.language.bm.PhoneticEngineTest
Running org.apache.commons.codec.language.bm.RuleTest
Tests run: 3, Failures: 0, Errors: 0, Skipped: 0, Time elapsed: 0 sec - in org.apache.commons.codec.language.bm.RuleTest
Running org.apache.commons.codec.language.bm.LanguageGuessingTest
Tests run: 18, Failures: 0, Errors: 0, Skipped: 0, Time elapsed: 0.006 sec - in org.apache.commons.codec.language.bm.LanguageGuessingTest
Running org.apache.commons.codec.language.bm.BeiderMorseEncoderTest
Tests run: 22, Failures: 0, Errors: 0, Skipped: 0, Time elapsed: 2.442 sec - in org.apache.commons.codec.language.bm.BeiderMorseEncoderTest
Running org.apache.commons.codec.language.ColognePhoneticTest
Tests run: 15, Failures: 0, Errors: 0, Skipped: 0, Time elapsed: 0.004 sec - in org.apache.commons.codec.language.ColognePhoneticTest
Running org.apache.commons.codec.language.Caverphone2Test
Tests run: 13, Failures: 0, Errors: 0, Skipped: 0, Time elapsed: 0.01 sec - in org.apache.commons.codec.language.Caverphone2Test
Running org.apache.commons.codec.language.MetaphoneTest
Tests run: 34, Failures: 0, Errors: 0, Skipped: 0, Time elapsed: 0.026 sec - in org.apache.commons.codec.language.MetaphoneTest
Running org.apache.commons.codec.language.NysiisTest
Tests run: 23, Failures: 0, Errors: 0, Skipped: 0, Time elapsed: 0.003 sec - in org.apache.commons.codec.language.NysiisTest
Running org.apache.commons.codec.language.DoubleMetaphoneTest
Tests run: 16, Failures: 0, Errors: 0, Skipped: 0, Time elapsed: 0.012 sec - in org.apache.commons.codec.language.DoubleMetaphoneTest
Running org.apache.commons.codec.net.RFC1522CodecTest
Tests run: 2, Failures: 0, Errors: 0, Skipped: 0, Time elapsed: 0 sec - in org.apache.commons.codec.net.RFC1522CodecTest
Running org.apache.commons.codec.net.PercentCodecTest
Tests run: 12, Failures: 0, Errors: 0, Skipped: 1, Time elapsed: 0.003 sec - in org.apache.commons.codec.net.PercentCodecTest
Running org.apache.commons.codec.net.URLCodecTest
Tests run: 16, Failures: 0, Errors: 0, Skipped: 0, Time elapsed: 0.002 sec - in org.apache.commons.codec.net.URLCodecTest
Running org.apache.commons.codec.net.UtilsTest
Tests run: 1, Failures: 0, Errors: 0, Skipped: 0, Time elapsed: 0 sec - in org.apache.commons.codec.net.UtilsTest
Running org.apache.commons.codec.net.QCodecTest
Tests run: 12, Failures: 0, Errors: 0, Skipped: 0, Time elapsed: 0.001 sec - in org.apache.commons.codec.net.QCodecTest
Running org.apache.commons.codec.net.BCodecTest
Tests run: 10, Failures: 0, Errors: 0, Skipped: 0, Time elapsed: 0.001 sec - in org.apache.commons.codec.net.BCodecTest
Running org.apache.commons.codec.net.QuotedPrintableCodecTest
Tests run: 21, Failures: 0, Errors: 0, Skipped: 0, Time elapsed: 0.003 sec - in org.apache.commons.codec.net.QuotedPrintableCodecTest
Running org.apache.commons.codec.StringEncoderComparatorTest
Tests run: 3, Failures: 0, Errors: 0, Skipped: 0, Time elapsed: 0 sec - in org.apache.commons.codec.StringEncoderComparatorTest
Running org.apache.commons.codec.DecoderExceptionTest
Tests run: 4, Failures: 0, Errors: 0, Skipped: 0, Time elapsed: 0 sec - in org.apache.commons.codec.DecoderExceptionTest
Running org.apache.commons.codec.EncoderExceptionTest
Tests run: 4, Failures: 0, Errors: 0, Skipped: 0, Time elapsed: 0 sec - in org.apache.commons.codec.EncoderExceptionTest
Running org.apache.commons.codec.CharsetsTest
Tests run: 7, Failures: 0, Errors: 0, Skipped: 0, Time elapsed: 0.001 sec - in org.apache.commons.codec.CharsetsTest
Running org.apache.commons.codec.CharEncodingTest
Tests run: 7, Failures: 0, Errors: 0, Skipped: 0, Time elapsed: 0 sec - in org.apache.commons.codec.CharEncodingTest

Results :

Tests run: 1075, Failures: 0, Errors: 0, Skipped: 68

[INFO] 
[INFO] --- maven-surefire-plugin:2.19.1:test (default-test-rerunfailures) @ commons-codec ---

-------------------------------------------------------
 T E S T S
-------------------------------------------------------

Results :

Tests run: 0, Failures: 0, Errors: 0, Skipped: 0

[INFO] 
[INFO] --- deflaker-maven-plugin:1.5-SNAPSHOT:report (deflaker-report-tests) @ commons-codec ---
[INFO] ------------------------------------------------------------------------
[INFO] TEST DIFFCOV ANALYSIS
[INFO] Apache Commons Codeccommons-codec
[INFO] ------------------------------------------------------------------------
[INFO] Using covFile: /lv_scratch/scratch/mondego/local/Maruf/ASE/projects/commons-codec/target/diffcov.log
[INFO] Using difFile: /lv_scratch/scratch/mondego/local/Maruf/ASE/projects/commons-codec/.diffCache
[INFO] 
[INFO] --- maven-jar-plugin:3.2.0:jar (default-jar) @ commons-codec ---
[INFO] Building jar: /lv_scratch/scratch/mondego/local/Maruf/ASE/projects/commons-codec/target/commons-codec-1.14-SNAPSHOT.jar
[INFO] 
[INFO] --- maven-site-plugin:3.8.2:attach-descriptor (attach-descriptor) @ commons-codec ---
[INFO] Skipping because packaging 'jar' is not pom.
[INFO] 
[INFO] --- maven-jar-plugin:3.2.0:test-jar (default) @ commons-codec ---
[INFO] Building jar: /lv_scratch/scratch/mondego/local/Maruf/ASE/projects/commons-codec/target/commons-codec-1.14-SNAPSHOT-tests.jar
[INFO] 
[INFO] --- maven-source-plugin:3.2.0:jar-no-fork (create-source-jar) @ commons-codec ---
[INFO] Building jar: /lv_scratch/scratch/mondego/local/Maruf/ASE/projects/commons-codec/target/commons-codec-1.14-SNAPSHOT-sources.jar
[INFO] 
[INFO] --- maven-source-plugin:3.2.0:test-jar-no-fork (create-source-jar) @ commons-codec ---
[INFO] Building jar: /lv_scratch/scratch/mondego/local/Maruf/ASE/projects/commons-codec/target/commons-codec-1.14-SNAPSHOT-test-sources.jar
[INFO] ------------------------------------------------------------------------
[INFO] BUILD SUCCESS
[INFO] ------------------------------------------------------------------------
[INFO] Total time: 23.390 s
[INFO] Finished at: 2020-04-09T20:41:14-07:00
[INFO] Final Memory: 55M/2312M
[INFO] ------------------------------------------------------------------------
