[INFO] Scanning for projects...
[WARNING] The POM for commons-io:commons-io:jar:1.4 is invalid, transitive dependencies (if any) will not be available, enable debug logging for more details
Deflaker, version 1.5-SNAPSHOT loading...
Warning: Deflaker disabling incompatible org.apache.maven.plugins:maven-enforcer-plugin from commons-email
Warning: Deflaker disabling incompatible org.apache.rat:apache-rat-plugin from commons-email
Warning: Deflaker disabling incompatible org.jacoco:jacoco-maven-plugin from commons-email
[INFO]                                                                         
[INFO] ------------------------------------------------------------------------
[INFO] Building Apache Commons Email 1.6-SNAPSHOT
[INFO] ------------------------------------------------------------------------
[WARNING] The POM for com.sun.mail:javax.mail:jar:1.5.6 is invalid, transitive dependencies (if any) will not be available, enable debug logging for more details
[INFO] 
[INFO] --- build-helper-maven-plugin:3.0.0:parse-version (parse-version) @ commons-email ---
[INFO] 
[INFO] --- maven-antrun-plugin:1.8:run (javadoc.resources) @ commons-email ---
[INFO] Executing tasks

main:
[INFO] Executed tasks
[INFO] 
[INFO] --- maven-remote-resources-plugin:1.5:process (process-resource-bundles) @ commons-email ---
[INFO] 
[INFO] --- buildnumber-maven-plugin:1.4:create (default) @ commons-email ---
[INFO] Executing: /bin/sh -c cd '/lv_scratch/scratch/mondego/local/Maruf/ASE/projects/commons-email' && 'svn' '--non-interactive' 'info'
[INFO] Working directory: /lv_scratch/scratch/mondego/local/Maruf/ASE/projects/commons-email
[INFO] Storing buildNumber: ?????? at timestamp: 1586493572208
[INFO] Executing: /bin/sh -c cd '/lv_scratch/scratch/mondego/local/Maruf/ASE/projects/commons-email' && 'svn' '--non-interactive' 'info'
[INFO] Working directory: /lv_scratch/scratch/mondego/local/Maruf/ASE/projects/commons-email
[INFO] Storing buildScmBranch: UNKNOWN_BRANCH
[INFO] 
[INFO] --- maven-resources-plugin:2.7:resources (default-resources) @ commons-email ---
[INFO] Using 'UTF-8' encoding to copy filtered resources.
[INFO] Copying 1 resource
[INFO] Copying 2 resources to META-INF
[INFO] 
[INFO] --- maven-compiler-plugin:3.7.0:compile (default-compile) @ commons-email ---
[INFO] Changes detected - recompiling the module!
[INFO] Compiling 23 source files to /lv_scratch/scratch/mondego/local/Maruf/ASE/projects/commons-email/target/classes
[INFO] 
[INFO] --- maven-bundle-plugin:3.4.0:manifest (bundle-manifest) @ commons-email ---
[INFO] 
[INFO] --- animal-sniffer-maven-plugin:1.16:check (checkAPIcompatibility) @ commons-email ---
[INFO] Checking unresolved references to org.codehaus.mojo.signature:java16:1.0
[INFO] 
[INFO] --- maven-resources-plugin:2.7:testResources (default-testResources) @ commons-email ---
[INFO] Using 'UTF-8' encoding to copy filtered resources.
[INFO] Copying 20 resources
[INFO] Copying 2 resources to META-INF
[INFO] 
[INFO] --- deflaker-maven-plugin:1.5-SNAPSHOT:diff (deflaker-diff) @ commons-email ---
/lv_scratch/scratch/mondego/local/Maruf/ASE/projects/commons-email/.git DIFF'ing to HEAD
[ERROR] fatal: Invalid path '/pkg/git/2.13.1/etc': No such file or directory

Diff'ing f37c98e5599fb20bce1ea5771764386a03ceaf13 against: d09fac66538969e245767b258c28676b2023d99b
[INFO] 
[INFO] --- maven-compiler-plugin:3.7.0:testCompile (default-testCompile) @ commons-email ---
[INFO] Changes detected - recompiling the module!
[INFO] Compiling 26 source files to /lv_scratch/scratch/mondego/local/Maruf/ASE/projects/commons-email/target/test-classes
[INFO] /lv_scratch/scratch/mondego/local/Maruf/ASE/projects/commons-email/src/test/java/org/apache/commons/mail/ImageHtmlEmailTest.java: /lv_scratch/scratch/mondego/local/Maruf/ASE/projects/commons-email/src/test/java/org/apache/commons/mail/ImageHtmlEmailTest.java uses or overrides a deprecated API.
[INFO] /lv_scratch/scratch/mondego/local/Maruf/ASE/projects/commons-email/src/test/java/org/apache/commons/mail/ImageHtmlEmailTest.java: Recompile with -Xlint:deprecation for details.
[INFO] 
[INFO] --- maven-surefire-plugin:2.19.1:test (default-test) @ commons-email ---

-------------------------------------------------------
 T E S T S
-------------------------------------------------------
Running org.apache.commons.mail.resolver.DataSourceFileResolverTest
Tests run: 2, Failures: 0, Errors: 0, Skipped: 0, Time elapsed: 0.044 sec - in org.apache.commons.mail.resolver.DataSourceFileResolverTest
Running org.apache.commons.mail.resolver.DataSourceCompositeResolverTest
Tests run: 3, Failures: 0, Errors: 0, Skipped: 0, Time elapsed: 1.278 sec - in org.apache.commons.mail.resolver.DataSourceCompositeResolverTest
Running org.apache.commons.mail.resolver.DataSourceClassPathResolverTest
Tests run: 2, Failures: 0, Errors: 0, Skipped: 0, Time elapsed: 0.002 sec - in org.apache.commons.mail.resolver.DataSourceClassPathResolverTest
Running org.apache.commons.mail.resolver.DataSourceUrlResolverTest
Tests run: 3, Failures: 0, Errors: 0, Skipped: 0, Time elapsed: 3.217 sec - in org.apache.commons.mail.resolver.DataSourceUrlResolverTest
Running org.apache.commons.mail.SendWithAttachmentsTest
Tests run: 2, Failures: 0, Errors: 0, Skipped: 0, Time elapsed: 0.218 sec - in org.apache.commons.mail.SendWithAttachmentsTest
Running org.apache.commons.mail.util.IDNEmailAddressConverterTest
Tests run: 6, Failures: 0, Errors: 0, Skipped: 0, Time elapsed: 0.267 sec - in org.apache.commons.mail.util.IDNEmailAddressConverterTest
Running org.apache.commons.mail.util.MimeMessageParserTest
Tests run: 14, Failures: 0, Errors: 0, Skipped: 0, Time elapsed: 0.047 sec - in org.apache.commons.mail.util.MimeMessageParserTest
Running org.apache.commons.mail.EmailLiveTest
Tests run: 9, Failures: 0, Errors: 0, Skipped: 0, Time elapsed: 0.046 sec - in org.apache.commons.mail.EmailLiveTest
Running org.apache.commons.mail.SimpleEmailTest
Tests run: 3, Failures: 0, Errors: 0, Skipped: 1, Time elapsed: 0.013 sec - in org.apache.commons.mail.SimpleEmailTest
Running org.apache.commons.mail.EmailAttachmentTest
Tests run: 5, Failures: 0, Errors: 0, Skipped: 0, Time elapsed: 0.005 sec - in org.apache.commons.mail.EmailAttachmentTest
Running org.apache.commons.mail.HtmlEmailTest
Tests run: 15, Failures: 0, Errors: 0, Skipped: 1, Time elapsed: 2.272 sec - in org.apache.commons.mail.HtmlEmailTest
Running org.apache.commons.mail.InvalidAddressTest
Tests run: 4, Failures: 0, Errors: 0, Skipped: 0, Time elapsed: 0.006 sec - in org.apache.commons.mail.InvalidAddressTest
Running org.apache.commons.mail.DefaultAuthenticatorTest
Tests run: 1, Failures: 0, Errors: 0, Skipped: 0, Time elapsed: 0 sec - in org.apache.commons.mail.DefaultAuthenticatorTest
Running org.apache.commons.mail.EmailTest
Tests run: 79, Failures: 0, Errors: 0, Skipped: 0, Time elapsed: 0.087 sec - in org.apache.commons.mail.EmailTest
Running org.apache.commons.mail.InvalidInternetAddressTest
Tests run: 3, Failures: 0, Errors: 0, Skipped: 0, Time elapsed: 0 sec - in org.apache.commons.mail.InvalidInternetAddressTest
Running org.apache.commons.mail.ImageHtmlEmailTest
Tests run: 26, Failures: 0, Errors: 0, Skipped: 1, Time elapsed: 6.752 sec - in org.apache.commons.mail.ImageHtmlEmailTest
Running org.apache.commons.mail.EmailUtilsTest
Tests run: 2, Failures: 0, Errors: 0, Skipped: 0, Time elapsed: 0 sec - in org.apache.commons.mail.EmailUtilsTest
Running org.apache.commons.mail.MultiPartEmailTest
Tests run: 11, Failures: 0, Errors: 0, Skipped: 0, Time elapsed: 0.862 sec - in org.apache.commons.mail.MultiPartEmailTest

Results :

Tests run: 190, Failures: 0, Errors: 0, Skipped: 3

[INFO] 
[INFO] --- maven-surefire-plugin:2.19.1:test (default-test-rerunfailures) @ commons-email ---

-------------------------------------------------------
 T E S T S
-------------------------------------------------------

Results :

Tests run: 0, Failures: 0, Errors: 0, Skipped: 0

[INFO] 
[INFO] --- deflaker-maven-plugin:1.5-SNAPSHOT:report (deflaker-report-tests) @ commons-email ---
[INFO] ------------------------------------------------------------------------
[INFO] TEST DIFFCOV ANALYSIS
[INFO] Apache Commons Emailcommons-email
[INFO] ------------------------------------------------------------------------
[INFO] Using covFile: /lv_scratch/scratch/mondego/local/Maruf/ASE/projects/commons-email/target/diffcov.log
[INFO] Using difFile: /lv_scratch/scratch/mondego/local/Maruf/ASE/projects/commons-email/.diffCache
[INFO] 
[INFO] --- maven-jar-plugin:3.0.0:jar (default-jar) @ commons-email ---
[INFO] Building jar: /lv_scratch/scratch/mondego/local/Maruf/ASE/projects/commons-email/target/commons-email-1.6-SNAPSHOT.jar
[INFO] 
[INFO] --- maven-site-plugin:3.7:attach-descriptor (attach-descriptor) @ commons-email ---
[INFO] Skipping because packaging 'jar' is not pom.
[INFO] 
[INFO] --- commons-release-plugin:1.0:detach-distributions (detatch-distributions) @ commons-email ---
Downloading: https://repo.maven.apache.org/maven2/org/apache/maven/maven-core/3.5.2/maven-core-3.5.2.pom
2/9 KB   3/9 KB   5/9 KB   6/9 KB   7/9 KB   9/9 KB   9/9 KB            Downloaded: https://repo.maven.apache.org/maven2/org/apache/maven/maven-core/3.5.2/maven-core-3.5.2.pom (9 KB at 25.7 KB/sec)
Downloading: https://repo.maven.apache.org/maven2/org/apache/maven/maven/3.5.2/maven-3.5.2.pom
2/25 KB   3/25 KB   5/25 KB   6/25 KB   7/25 KB   9/25 KB   10/25 KB   11/25 KB   13/25 KB   14/25 KB   15/25 KB   17/25 KB   18/25 KB   19/25 KB   21/25 KB   22/25 KB   23/25 KB   25/25 KB   25/25 KB              Downloaded: https://repo.maven.apache.org/maven2/org/apache/maven/maven/3.5.2/maven-3.5.2.pom (25 KB at 235.5 KB/sec)
Downloading: https://repo.maven.apache.org/maven2/org/apache/maven/maven-model/3.5.2/maven-model-3.5.2.pom
2/4 KB     3/4 KB   4/4 KB            Downloaded: https://repo.maven.apache.org/maven2/org/apache/maven/maven-model/3.5.2/maven-model-3.5.2.pom (4 KB at 115.8 KB/sec)
Downloading: https://repo.maven.apache.org/maven2/org/apache/maven/maven-settings/3.5.2/maven-settings-3.5.2.pom
2/2 KB   2/2 KB            Downloaded: https://repo.maven.apache.org/maven2/org/apache/maven/maven-settings/3.5.2/maven-settings-3.5.2.pom (2 KB at 23.6 KB/sec)
Downloading: https://repo.maven.apache.org/maven2/org/apache/maven/maven-settings-builder/3.5.2/maven-settings-builder-3.5.2.pom
2/3 KB   3/3 KB            Downloaded: https://repo.maven.apache.org/maven2/org/apache/maven/maven-settings-builder/3.5.2/maven-settings-builder-3.5.2.pom (3 KB at 45.7 KB/sec)
Downloading: https://repo.maven.apache.org/maven2/org/apache/maven/maven-builder-support/3.5.2/maven-builder-support-3.5.2.pom
2/2 KB   2/2 KB            Downloaded: https://repo.maven.apache.org/maven2/org/apache/maven/maven-builder-support/3.5.2/maven-builder-support-3.5.2.pom (2 KB at 46.6 KB/sec)
Downloading: https://repo.maven.apache.org/maven2/org/apache/maven/maven-repository-metadata/3.5.2/maven-repository-metadata-3.5.2.pom
2/2 KB   2/2 KB            Downloaded: https://repo.maven.apache.org/maven2/org/apache/maven/maven-repository-metadata/3.5.2/maven-repository-metadata-3.5.2.pom (2 KB at 76.9 KB/sec)
Downloading: https://repo.maven.apache.org/maven2/org/apache/maven/maven-artifact/3.5.2/maven-artifact-3.5.2.pom
2/3 KB   3/3 KB            Downloaded: https://repo.maven.apache.org/maven2/org/apache/maven/maven-artifact/3.5.2/maven-artifact-3.5.2.pom (3 KB at 55.7 KB/sec)
Downloading: https://repo.maven.apache.org/maven2/org/apache/maven/maven-plugin-api/3.5.2/maven-plugin-api-3.5.2.pom
2/3 KB   3/3 KB   3/3 KB            Downloaded: https://repo.maven.apache.org/maven2/org/apache/maven/maven-plugin-api/3.5.2/maven-plugin-api-3.5.2.pom (3 KB at 82.1 KB/sec)
Downloading: https://repo.maven.apache.org/maven2/org/apache/maven/maven-model-builder/3.5.2/maven-model-builder-3.5.2.pom
2/4 KB   3/4 KB   4/4 KB            Downloaded: https://repo.maven.apache.org/maven2/org/apache/maven/maven-model-builder/3.5.2/maven-model-builder-3.5.2.pom (4 KB at 102.2 KB/sec)
Downloading: https://repo.maven.apache.org/maven2/org/apache/maven/maven-resolver-provider/3.5.2/maven-resolver-provider-3.5.2.pom
2/5 KB   3/5 KB   5/5 KB   5/5 KB            Downloaded: https://repo.maven.apache.org/maven2/org/apache/maven/maven-resolver-provider/3.5.2/maven-resolver-provider-3.5.2.pom (5 KB at 127.9 KB/sec)
Downloading: https://repo.maven.apache.org/maven2/org/apache/maven/resolver/maven-resolver-api/1.1.0/maven-resolver-api-1.1.0.pom
2/2 KB   2/2 KB            Downloaded: https://repo.maven.apache.org/maven2/org/apache/maven/resolver/maven-resolver-api/1.1.0/maven-resolver-api-1.1.0.pom (2 KB at 19.0 KB/sec)
Downloading: https://repo.maven.apache.org/maven2/org/apache/maven/resolver/maven-resolver/1.1.0/maven-resolver-1.1.0.pom
2/16 KB   3/16 KB   5/16 KB   6/16 KB   7/16 KB   9/16 KB   10/16 KB   11/16 KB   13/16 KB   14/16 KB   15/16 KB   16/16 KB              Downloaded: https://repo.maven.apache.org/maven2/org/apache/maven/resolver/maven-resolver/1.1.0/maven-resolver-1.1.0.pom (16 KB at 570.6 KB/sec)
Downloading: https://repo.maven.apache.org/maven2/org/apache/maven/resolver/maven-resolver-spi/1.1.0/maven-resolver-spi-1.1.0.pom
2/3 KB     3/3 KB            Downloaded: https://repo.maven.apache.org/maven2/org/apache/maven/resolver/maven-resolver-spi/1.1.0/maven-resolver-spi-1.1.0.pom (3 KB at 53.1 KB/sec)
Downloading: https://repo.maven.apache.org/maven2/org/apache/maven/resolver/maven-resolver-util/1.1.0/maven-resolver-util-1.1.0.pom
2/3 KB   3/3 KB            Downloaded: https://repo.maven.apache.org/maven2/org/apache/maven/resolver/maven-resolver-util/1.1.0/maven-resolver-util-1.1.0.pom (3 KB at 55.7 KB/sec)
Downloading: https://repo.maven.apache.org/maven2/org/apache/maven/resolver/maven-resolver-impl/1.1.0/maven-resolver-impl-1.1.0.pom
2/4 KB   3/4 KB   4/4 KB            Downloaded: https://repo.maven.apache.org/maven2/org/apache/maven/resolver/maven-resolver-impl/1.1.0/maven-resolver-impl-1.1.0.pom (4 KB at 84.4 KB/sec)
Downloading: https://repo.maven.apache.org/maven2/org/apache/maven/scm/maven-scm-api/1.9.5/maven-scm-api-1.9.5.pom
2/2 KB   2/2 KB            Downloaded: https://repo.maven.apache.org/maven2/org/apache/maven/scm/maven-scm-api/1.9.5/maven-scm-api-1.9.5.pom (2 KB at 61.7 KB/sec)
Downloading: https://repo.maven.apache.org/maven2/org/apache/maven/scm/maven-scm-provider-svnexe/1.9.5/maven-scm-provider-svnexe-1.9.5.pom
2/3 KB   3/3 KB            Downloaded: https://repo.maven.apache.org/maven2/org/apache/maven/scm/maven-scm-provider-svnexe/1.9.5/maven-scm-provider-svnexe-1.9.5.pom (3 KB at 50.6 KB/sec)
Downloading: https://repo.maven.apache.org/maven2/org/apache/maven/scm/maven-scm-providers-svn/1.9.5/maven-scm-providers-svn-1.9.5.pom
2/3 KB   3/3 KB            Downloaded: https://repo.maven.apache.org/maven2/org/apache/maven/scm/maven-scm-providers-svn/1.9.5/maven-scm-providers-svn-1.9.5.pom (3 KB at 50.6 KB/sec)
Downloading: https://repo.maven.apache.org/maven2/org/apache/maven/scm/maven-scm-providers/1.9.5/maven-scm-providers-1.9.5.pom
2/4 KB   3/4 KB   4/4 KB            Downloaded: https://repo.maven.apache.org/maven2/org/apache/maven/scm/maven-scm-providers/1.9.5/maven-scm-providers-1.9.5.pom (4 KB at 76.0 KB/sec)
Downloading: https://repo.maven.apache.org/maven2/org/apache/maven/scm/maven-scm-provider-svn-commons/1.9.5/maven-scm-provider-svn-commons-1.9.5.pom
2/3 KB   3/3 KB            Downloaded: https://repo.maven.apache.org/maven2/org/apache/maven/scm/maven-scm-provider-svn-commons/1.9.5/maven-scm-provider-svn-commons-1.9.5.pom (3 KB at 75.4 KB/sec)
Downloading: https://repo.maven.apache.org/maven2/org/apache/maven/maven-core/3.5.2/maven-core-3.5.2.jar
Downloading: https://repo.maven.apache.org/maven2/org/apache/maven/maven-model/3.5.2/maven-model-3.5.2.jar
Downloading: https://repo.maven.apache.org/maven2/org/apache/maven/maven-settings/3.5.2/maven-settings-3.5.2.jar
Downloading: https://repo.maven.apache.org/maven2/org/apache/maven/maven-settings-builder/3.5.2/maven-settings-builder-3.5.2.jar
Downloading: https://repo.maven.apache.org/maven2/org/apache/maven/maven-builder-support/3.5.2/maven-builder-support-3.5.2.jar
2/616 KB   3/616 KB   5/616 KB   6/616 KB   7/616 KB   9/616 KB   10/616 KB   11/616 KB   13/616 KB   14/616 KB   15/616 KB   17/616 KB   18/616 KB   19/616 KB   21/616 KB   22/616 KB   23/616 KB   25/616 KB   26/616 KB   27/616 KB   29/616 KB   30/616 KB   31/616 KB   33/616 KB   34/616 KB   35/616 KB   37/616 KB   38/616 KB   39/616 KB   41/616 KB   42/616 KB   43/616 KB   45/616 KB   46/616 KB   47/616 KB   49/616 KB   49/616 KB   2/43 KB   50/616 KB   2/43 KB   51/616 KB   2/43 KB   53/616 KB   2/43 KB   54/616 KB   2/43 KB   54/616 KB   3/43 KB   55/616 KB   3/43 KB   55/616 KB   5/43 KB   55/616 KB   6/43 KB   57/616 KB   6/43 KB   57/616 KB   7/43 KB   58/616 KB   9/43 KB   58/616 KB   9/43 KB   58/616 KB   10/43 KB   59/616 KB   10/43 KB   59/616 KB   11/43 KB   59/616 KB   2/15 KB   11/43 KB   59/616 KB   2/15 KB   13/43 KB   59/616 KB   2/15 KB   14/43 KB   59/616 KB   2/44 KB   2/15 KB   14/43 KB   59/616 KB   2/44 KB   2/15 KB   15/43 KB   59/616 KB   2/44 KB   2/15 KB   17/43 KB   59/616 KB   2/44 KB   2/15 KB   18/43 KB   59/616 KB   2/44 KB   2/15 KB   19/43 KB   59/616 KB   2/44 KB   2/15 KB   21/43 KB   59/616 KB   2/44 KB   3/15 KB   22/43 KB   59/616 KB   2/44 KB   3/15 KB   22/43 KB   59/616 KB   3/44 KB   3/15 KB   22/43 KB   61/616 KB   3/44 KB   3/15 KB   23/43 KB   61/616 KB   3/44 KB   3/15 KB   23/43 KB   61/616 KB   3/44 KB   5/15 KB   23/43 KB   61/616 KB   3/44 KB   5/15 KB   25/43 KB   61/616 KB   5/44 KB   5/15 KB   25/43 KB   61/616 KB   5/44 KB   5/15 KB   26/43 KB   61/616 KB   5/44 KB   6/15 KB   27/43 KB   62/616 KB   6/44 KB   6/15 KB   27/43 KB   62/616 KB   6/44 KB   6/15 KB   27/43 KB   62/616 KB   6/44 KB   6/15 KB   27/43 KB   62/616 KB   6/44 KB   6/15 KB   29/43 KB   62/616 KB   6/44 KB   7/15 KB   29/43 KB   62/616 KB   6/44 KB   7/15 KB   30/43 KB   62/616 KB   7/44 KB   7/15 KB   30/43 KB   63/616 KB   7/44 KB   9/15 KB   30/43 KB   63/616 KB   7/44 KB   9/15 KB   31/43 KB   63/616 KB   7/44 KB   9/15 KB   31/43 KB   63/616 KB   9/44 KB   9/15 KB   31/43 KB   63/616 KB   9/44 KB   9/15 KB   33/43 KB   63/616 KB   9/44 KB   10/15 KB   33/43 KB   63/616 KB   9/44 KB   10/15 KB   34/43 KB   63/616 KB   10/44 KB   10/15 KB   34/43 KB   65/616 KB   10/44 KB   10/15 KB   34/43 KB   65/616 KB   10/44 KB   10/15 KB   35/43 KB   65/616 KB   10/44 KB   11/15 KB   35/43 KB   65/616 KB   11/44 KB   11/15 KB   35/43 KB   65/616 KB   11/44 KB   11/15 KB   37/43 KB   65/616 KB   11/44 KB   11/15 KB   38/43 KB   66/616 KB   11/44 KB   11/15 KB   38/43 KB   66/616 KB   13/44 KB   13/15 KB   39/43 KB   66/616 KB   13/44 KB   13/15 KB   39/43 KB   66/616 KB   13/44 KB   13/15 KB   39/43 KB   66/616 KB   13/44 KB   13/15 KB   41/43 KB   66/616 KB   14/44 KB   13/15 KB   41/43 KB   67/616 KB   14/44 KB   13/15 KB   41/43 KB   67/616 KB   14/44 KB   14/15 KB   41/43 KB   67/616 KB   14/44 KB   14/15 KB   42/43 KB   67/616 KB   15/44 KB   14/15 KB   42/43 KB   67/616 KB   15/44 KB   14/15 KB   43/43 KB   67/616 KB   17/44 KB   14/15 KB   43/43 KB   67/616 KB   17/44 KB   15/15 KB   43/43 KB   69/616 KB   17/44 KB   15/15 KB   43/43 KB   69/616 KB   18/44 KB   15/15 KB   43/43 KB   69/616 KB   19/44 KB   15/15 KB   43/43 KB   70/616 KB   19/44 KB   15/15 KB   43/43 KB   70/616 KB   21/44 KB   15/15 KB   43/43 KB   70/616 KB   22/44 KB   15/15 KB   43/43 KB   71/616 KB   22/44 KB   15/15 KB   43/43 KB   71/616 KB   23/44 KB   15/15 KB   43/43 KB   73/616 KB   23/44 KB   15/15 KB   43/43 KB   73/616 KB   25/44 KB   15/15 KB   43/43 KB   73/616 KB   26/44 KB   15/15 KB   43/43 KB   74/616 KB   26/44 KB   15/15 KB   43/43 KB   75/616 KB   27/44 KB   15/15 KB   43/43 KB   74/616 KB   27/44 KB   15/15 KB   43/43 KB   75/616 KB   29/44 KB   15/15 KB   43/43 KB   77/616 KB   29/44 KB   15/15 KB   43/43 KB   78/616 KB   30/44 KB   15/15 KB   43/43 KB   78/616 KB   30/44 KB   15/15 KB   43/43 KB   79/616 KB   30/44 KB   15/15 KB   43/43 KB   79/616 KB   31/44 KB   15/15 KB   43/43 KB   81/616 KB   31/44 KB   15/15 KB   43/43 KB   81/616 KB   33/44 KB   15/15 KB   43/43 KB   82/616 KB   33/44 KB   15/15 KB   43/43 KB   82/616 KB   34/44 KB   15/15 KB   43/43 KB   82/616 KB   35/44 KB   15/15 KB   43/43 KB   84/616 KB   35/44 KB   15/15 KB   43/43 KB   84/616 KB   37/44 KB   15/15 KB   43/43 KB   85/616 KB   37/44 KB   15/15 KB   43/43 KB   85/616 KB   38/44 KB   15/15 KB   43/43 KB   85/616 KB   39/44 KB   15/15 KB   43/43 KB   86/616 KB   39/44 KB   15/15 KB   43/43 KB   86/616 KB   41/44 KB   15/15 KB   43/43 KB   88/616 KB   41/44 KB   15/15 KB   43/43 KB   88/616 KB   42/44 KB   15/15 KB   43/43 KB   88/616 KB   43/44 KB   15/15 KB   43/43 KB   89/616 KB   43/44 KB   15/15 KB   43/43 KB   89/616 KB   44/44 KB   15/15 KB   43/43 KB   90/616 KB   44/44 KB   15/15 KB   43/43 KB   90/616 KB   44/44 KB   15/15 KB   2/162 KB   43/43 KB   92/616 KB   44/44 KB   15/15 KB   2/162 KB   43/43 KB   93/616 KB   44/44 KB   15/15 KB   2/162 KB   43/43 KB   94/616 KB   44/44 KB   15/15 KB   2/162 KB   43/43 KB   96/616 KB   44/44 KB   15/15 KB   3/162 KB   43/43 KB   96/616 KB   44/44 KB   15/15 KB   3/162 KB   43/43 KB   96/616 KB   44/44 KB   15/15 KB   5/162 KB   43/43 KB   97/616 KB   44/44 KB   15/15 KB   6/162 KB   43/43 KB   97/616 KB   44/44 KB   15/15 KB   6/162 KB   43/43 KB   97/616 KB   44/44 KB   15/15 KB   7/162 KB   43/43 KB   98/616 KB   44/44 KB   15/15 KB   9/162 KB   43/43 KB   98/616 KB   44/44 KB   15/15 KB   9/162 KB   43/43 KB   98/616 KB   44/44 KB   15/15 KB   10/162 KB   43/43 KB   98/616 KB   44/44 KB   15/15 KB   11/162 KB   43/43 KB   100/616 KB   44/44 KB   15/15 KB   11/162 KB   43/43 KB   100/616 KB   44/44 KB   15/15 KB   13/162 KB   43/43 KB   100/616 KB   44/44 KB   15/15 KB   14/162 KB   43/43 KB   101/616 KB   44/44 KB   15/15 KB   14/162 KB   43/43 KB   101/616 KB   44/44 KB   15/15 KB   15/162 KB   43/43 KB   101/616 KB   44/44 KB   15/15 KB   17/162 KB   43/43 KB   102/616 KB   44/44 KB   15/15 KB   17/162 KB   43/43 KB   102/616 KB   44/44 KB   15/15 KB   18/162 KB   43/43 KB   102/616 KB   44/44 KB   15/15 KB   19/162 KB   43/43 KB   104/616 KB   44/44 KB   15/15 KB   19/162 KB   43/43 KB   104/616 KB   44/44 KB   15/15 KB   21/162 KB   43/43 KB   105/616 KB   44/44 KB   15/15 KB   21/162 KB   43/43 KB   105/616 KB   44/44 KB   15/15 KB   22/162 KB   43/43 KB   105/616 KB   44/44 KB   15/15 KB   23/162 KB   43/43 KB   106/616 KB   44/44 KB   15/15 KB   23/162 KB   43/43 KB   106/616 KB   44/44 KB   15/15 KB   25/162 KB   43/43 KB   108/616 KB   44/44 KB   15/15 KB   26/162 KB   43/43 KB   108/616 KB   44/44 KB   15/15 KB   26/162 KB   43/43 KB   109/616 KB   44/44 KB   15/15 KB   26/162 KB   43/43 KB   110/616 KB   44/44 KB   15/15 KB   26/162 KB   43/43 KB   110/616 KB   44/44 KB   15/15 KB   27/162 KB   43/43 KB   112/616 KB   44/44 KB   15/15 KB   27/162 KB   43/43 KB   112/616 KB   44/44 KB   15/15 KB   29/162 KB   43/43 KB   113/616 KB   44/44 KB   15/15 KB   29/162 KB   43/43 KB   113/616 KB   44/44 KB   15/15 KB   30/162 KB   43/43 KB   114/616 KB   44/44 KB   15/15 KB   30/162 KB   43/43 KB   114/616 KB   44/44 KB   15/15 KB   31/162 KB   43/43 KB   116/616 KB   44/44 KB   15/15 KB   31/162 KB   43/43 KB   116/616 KB   44/44 KB   15/15 KB   33/162 KB   43/43 KB   116/616 KB   44/44 KB   15/15 KB   34/162 KB   43/43 KB   117/616 KB   44/44 KB   15/15 KB   34/162 KB   43/43 KB   117/616 KB   44/44 KB   15/15 KB   35/162 KB   43/43 KB   118/616 KB   44/44 KB   15/15 KB   35/162 KB   43/43 KB   118/616 KB   44/44 KB   15/15 KB   37/162 KB   43/43 KB   118/616 KB   44/44 KB   15/15 KB   38/162 KB   43/43 KB   120/616 KB   44/44 KB   15/15 KB   38/162 KB   43/43 KB   120/616 KB   44/44 KB   15/15 KB   39/162 KB   43/43 KB   120/616 KB   44/44 KB   15/15 KB   41/162 KB   43/43 KB   121/616 KB   44/44 KB   15/15 KB   41/162 KB   43/43 KB   122/616 KB   44/44 KB   15/15 KB   42/162 KB   43/43 KB   122/616 KB   44/44 KB   15/15 KB   42/162 KB   43/43 KB   122/616 KB   44/44 KB   15/15 KB   43/162 KB   43/43 KB   122/616 KB   44/44 KB   15/15 KB   45/162 KB   43/43 KB   124/616 KB   44/44 KB   15/15 KB   45/162 KB   43/43 KB   124/616 KB   44/44 KB   15/15 KB   46/162 KB   43/43 KB   124/616 KB   44/44 KB   15/15 KB   47/162 KB   43/43 KB   125/616 KB   44/44 KB   15/15 KB   47/162 KB   43/43 KB   125/616 KB   44/44 KB   15/15 KB   49/162 KB   43/43 KB   125/616 KB   44/44 KB   15/15 KB   50/162 KB   43/43 KB   126/616 KB   44/44 KB   15/15 KB   50/162 KB   43/43 KB   126/616 KB   44/44 KB   15/15 KB   51/162 KB   43/43 KB   126/616 KB   44/44 KB   15/15 KB   53/162 KB   43/43 KB   128/616 KB   44/44 KB   15/15 KB   53/162 KB   43/43 KB   128/616 KB   44/44 KB   15/15 KB   54/162 KB   43/43 KB                                                             Downloaded: https://repo.maven.apache.org/maven2/org/apache/maven/maven-settings-builder/3.5.2/maven-settings-builder-3.5.2.jar (43 KB at 877.9 KB/sec)
Downloading: https://repo.maven.apache.org/maven2/org/apache/maven/maven-repository-metadata/3.5.2/maven-repository-metadata-3.5.2.jar
129/616 KB   44/44 KB   15/15 KB   54/162 KB              129/616 KB   44/44 KB   15/15 KB   55/162 KB   130/616 KB   44/44 KB   15/15 KB   55/162 KB   130/616 KB   44/44 KB   15/15 KB   57/162 KB   132/616 KB   44/44 KB   15/15 KB   57/162 KB                                                  132/616 KB   44/44 KB   58/162 KB              133/616 KB   44/44 KB   58/162 KB   133/616 KB   44/44 KB   59/162 KB   Downloaded: https://repo.maven.apache.org/maven2/org/apache/maven/maven-builder-support/3.5.2/maven-builder-support-3.5.2.jar (15 KB at 294.7 KB/sec)
133/616 KB   44/44 KB   61/162 KB   134/616 KB   44/44 KB   61/162 KB   Downloading: https://repo.maven.apache.org/maven2/org/apache/maven/maven-model-builder/3.5.2/maven-model-builder-3.5.2.jar
134/616 KB   44/44 KB   62/162 KB   136/616 KB   44/44 KB   62/162 KB   136/616 KB   44/44 KB   63/162 KB   137/616 KB   44/44 KB   65/162 KB   137/616 KB   44/44 KB   65/162 KB   137/616 KB   44/44 KB   66/162 KB   138/616 KB   44/44 KB   66/162 KB   138/616 KB   44/44 KB   67/162 KB   138/616 KB   44/44 KB   69/162 KB   140/616 KB   44/44 KB   69/162 KB   140/616 KB   44/44 KB   70/162 KB   141/616 KB   44/44 KB   70/162 KB   141/616 KB   44/44 KB   71/162 KB   142/616 KB   44/44 KB   71/162 KB   142/616 KB   44/44 KB   73/162 KB   144/616 KB   44/44 KB   74/162 KB   142/616 KB   44/44 KB   74/162 KB   145/616 KB   44/44 KB   74/162 KB   145/616 KB   44/44 KB   75/162 KB   146/616 KB   44/44 KB   75/162 KB   146/616 KB   44/44 KB   77/162 KB   148/616 KB   44/44 KB   77/162 KB   148/616 KB   44/44 KB   78/162 KB   149/616 KB   44/44 KB   78/162 KB   149/616 KB   44/44 KB   79/162 KB   149/616 KB   44/44 KB   81/162 KB   150/616 KB   44/44 KB   82/162 KB   150/616 KB   44/44 KB   82/162 KB   150/616 KB   44/44 KB   84/162 KB   150/616 KB   44/44 KB   85/162 KB   152/616 KB   44/44 KB   85/162 KB   152/616 KB   44/44 KB   86/162 KB   152/616 KB   44/44 KB   88/162 KB   153/616 KB   44/44 KB   88/162 KB   153/616 KB   44/44 KB   89/162 KB   154/616 KB   44/44 KB   90/162 KB   154/616 KB   44/44 KB   90/162 KB   154/616 KB   44/44 KB   92/162 KB   156/616 KB   44/44 KB   92/162 KB   156/616 KB   44/44 KB   93/162 KB   156/616 KB   44/44 KB   94/162 KB   157/616 KB   44/44 KB   94/162 KB   157/616 KB   44/44 KB   96/162 KB   158/616 KB   44/44 KB   96/162 KB   158/616 KB   44/44 KB   97/162 KB   158/616 KB   44/44 KB   98/162 KB   160/616 KB   44/44 KB   98/162 KB   160/616 KB   44/44 KB   100/162 KB   161/616 KB   44/44 KB   100/162 KB   161/616 KB   44/44 KB   101/162 KB   163/616 KB   44/44 KB   102/162 KB   163/616 KB   44/44 KB   102/162 KB   163/616 KB   44/44 KB   104/162 KB   164/616 KB   44/44 KB   104/162 KB   164/616 KB   44/44 KB   105/162 KB   165/616 KB   44/44 KB   105/162 KB   165/616 KB   44/44 KB   106/162 KB   167/616 KB   44/44 KB   106/162 KB   167/616 KB   44/44 KB   108/162 KB   168/616 KB   44/44 KB   108/162 KB   168/616 KB   44/44 KB   109/162 KB   168/616 KB   44/44 KB   110/162 KB   169/616 KB   44/44 KB   110/162 KB                                        169/616 KB   112/162 KB              171/616 KB   112/162 KB   Downloaded: https://repo.maven.apache.org/maven2/org/apache/maven/maven-settings/3.5.2/maven-settings-3.5.2.jar (44 KB at 791.5 KB/sec)
171/616 KB   113/162 KB   Downloading: https://repo.maven.apache.org/maven2/org/apache/maven/maven-resolver-provider/3.5.2/maven-resolver-provider-3.5.2.jar
172/616 KB   113/162 KB   172/616 KB   114/162 KB   173/616 KB   116/162 KB   173/616 KB   116/162 KB   173/616 KB   117/162 KB   175/616 KB   117/162 KB   175/616 KB   118/162 KB   176/616 KB   118/162 KB   176/616 KB   120/162 KB   177/616 KB   120/162 KB   177/616 KB   121/162 KB   179/616 KB   121/162 KB   180/616 KB   121/162 KB   181/616 KB   121/162 KB   183/616 KB   121/162 KB   183/616 KB   122/162 KB   184/616 KB   122/162 KB   184/616 KB   124/162 KB   185/616 KB   124/162 KB   185/616 KB   125/162 KB   185/616 KB   126/162 KB   187/616 KB   126/162 KB   187/616 KB   128/162 KB   188/616 KB   128/162 KB   188/616 KB   129/162 KB   188/616 KB   130/162 KB   189/616 KB   130/162 KB   189/616 KB   132/162 KB   191/616 KB   132/162 KB   191/616 KB   133/162 KB   192/616 KB   133/162 KB   192/616 KB   134/162 KB   192/616 KB   136/162 KB   193/616 KB   136/162 KB   193/616 KB   137/162 KB   195/616 KB   137/162 KB   195/616 KB   138/162 KB   196/616 KB   138/162 KB   196/616 KB   140/162 KB   196/616 KB   141/162 KB   197/616 KB   141/162 KB   197/616 KB   142/162 KB   199/616 KB   142/162 KB   199/616 KB   144/162 KB   200/616 KB   144/162 KB   200/616 KB   145/162 KB   200/616 KB   146/162 KB   201/616 KB   146/162 KB   201/616 KB   148/162 KB   203/616 KB   148/162 KB   203/616 KB   149/162 KB   203/616 KB   150/162 KB   204/616 KB   150/162 KB   204/616 KB   152/162 KB   205/616 KB   152/162 KB   205/616 KB   153/162 KB   205/616 KB   154/162 KB   207/616 KB   154/162 KB   207/616 KB   156/162 KB   208/616 KB   156/162 KB   208/616 KB   157/162 KB   209/616 KB   157/162 KB   209/616 KB   158/162 KB   211/616 KB   158/162 KB   211/616 KB   160/162 KB   212/616 KB   160/162 KB   212/616 KB   161/162 KB   213/616 KB   161/162 KB   213/616 KB   162/162 KB   214/616 KB   162/162 KB   214/616 KB   2/27 KB   162/162 KB   218/616 KB   2/27 KB   162/162 KB   222/616 KB   2/27 KB   162/162 KB   226/616 KB   2/27 KB   162/162 KB   230/616 KB   2/27 KB   162/162 KB   230/616 KB   3/27 KB   162/162 KB   230/616 KB   5/27 KB   162/162 KB   230/616 KB   6/27 KB   162/162 KB   230/616 KB   7/27 KB   162/162 KB   234/616 KB   7/27 KB   162/162 KB   2/176 KB   234/616 KB   7/27 KB   162/162 KB   2/176 KB   234/616 KB   9/27 KB   162/162 KB   2/176 KB   238/616 KB   9/27 KB   162/162 KB   2/176 KB   238/616 KB   10/27 KB   162/162 KB   2/176 KB   242/616 KB   10/27 KB   162/162 KB   2/176 KB   242/616 KB   11/27 KB   162/162 KB   2/176 KB   246/616 KB   11/27 KB   162/162 KB   2/176 KB   246/616 KB   13/27 KB   162/162 KB   2/176 KB   246/616 KB   14/27 KB   162/162 KB   2/176 KB   246/616 KB   15/27 KB   162/162 KB   3/176 KB   246/616 KB   17/27 KB   162/162 KB   3/176 KB   246/616 KB   17/27 KB   162/162 KB   3/176 KB   246/616 KB   17/27 KB   162/162 KB   2/67 KB   3/176 KB   246/616 KB   18/27 KB   162/162 KB   2/67 KB   5/176 KB   246/616 KB   18/27 KB   162/162 KB   2/67 KB   5/176 KB   246/616 KB   19/27 KB   162/162 KB   2/67 KB   5/176 KB   246/616 KB   21/27 KB   162/162 KB   2/67 KB   6/176 KB   246/616 KB   21/27 KB   162/162 KB   2/67 KB   6/176 KB   246/616 KB   22/27 KB   162/162 KB   2/67 KB   6/176 KB   246/616 KB   23/27 KB   162/162 KB   2/67 KB   7/176 KB   246/616 KB   23/27 KB   162/162 KB   2/67 KB   7/176 KB   246/616 KB   23/27 KB   162/162 KB   3/67 KB   7/176 KB   250/616 KB   25/27 KB   162/162 KB   3/67 KB   7/176 KB   250/616 KB   25/27 KB   162/162 KB   3/67 KB   9/176 KB   250/616 KB   25/27 KB   162/162 KB   3/67 KB   9/176 KB   254/616 KB   25/27 KB   162/162 KB   3/67 KB   9/176 KB   258/616 KB   25/27 KB   162/162 KB   3/67 KB   9/176 KB   258/616 KB   26/27 KB   162/162 KB   3/67 KB   9/176 KB   262/616 KB   26/27 KB   162/162 KB   3/67 KB   9/176 KB   262/616 KB   26/27 KB   162/162 KB   5/67 KB   10/176 KB   262/616 KB   26/27 KB   162/162 KB   5/67 KB   10/176 KB   262/616 KB   27/27 KB   162/162 KB   5/67 KB   10/176 KB   262/616 KB   27/27 KB   162/162 KB   5/67 KB   10/176 KB   262/616 KB   27/27 KB   162/162 KB   6/67 KB   11/176 KB   262/616 KB   27/27 KB   162/162 KB   6/67 KB   11/176 KB   262/616 KB   27/27 KB   162/162 KB   7/67 KB   13/176 KB   262/616 KB   27/27 KB   162/162 KB   7/67 KB   13/176 KB   262/616 KB   27/27 KB   162/162 KB   9/67 KB   14/176 KB   262/616 KB   27/27 KB   162/162 KB   9/67 KB   14/176 KB   262/616 KB   27/27 KB   162/162 KB   10/67 KB   15/176 KB   262/616 KB   27/27 KB   162/162 KB   10/67 KB   15/176 KB   266/616 KB   27/27 KB   162/162 KB   10/67 KB   17/176 KB   266/616 KB   27/27 KB   162/162 KB   10/67 KB   17/176 KB   266/616 KB   27/27 KB   162/162 KB   11/67 KB   17/176 KB   270/616 KB   27/27 KB   162/162 KB   11/67 KB   17/176 KB   274/616 KB   27/27 KB   162/162 KB   11/67 KB   17/176 KB   278/616 KB   27/27 KB   162/162 KB   11/67 KB   17/176 KB   278/616 KB   27/27 KB   162/162 KB   13/67 KB   18/176 KB   278/616 KB   27/27 KB   162/162 KB   13/67 KB   18/176 KB   278/616 KB   27/27 KB   162/162 KB   14/67 KB   19/176 KB   278/616 KB   27/27 KB   162/162 KB   14/67 KB   21/176 KB   278/616 KB   27/27 KB   162/162 KB   14/67 KB   21/176 KB   278/616 KB   27/27 KB   162/162 KB   15/67 KB   21/176 KB   278/616 KB   27/27 KB   162/162 KB   17/67 KB   22/176 KB   278/616 KB   27/27 KB   162/162 KB   17/67 KB   22/176 KB   278/616 KB   27/27 KB   162/162 KB   18/67 KB   23/176 KB   278/616 KB   27/27 KB   162/162 KB   18/67 KB   23/176 KB   278/616 KB   27/27 KB   162/162 KB   19/67 KB   25/176 KB   278/616 KB   27/27 KB   162/162 KB   19/67 KB   25/176 KB   278/616 KB   27/27 KB   162/162 KB   21/67 KB   26/176 KB   278/616 KB   27/27 KB   162/162 KB   21/67 KB   26/176 KB   282/616 KB   27/27 KB   162/162 KB   21/67 KB   26/176 KB   282/616 KB   27/27 KB   162/162 KB   22/67 KB   26/176 KB   286/616 KB   27/27 KB   162/162 KB   22/67 KB   27/176 KB   286/616 KB   27/27 KB   162/162 KB   22/67 KB   27/176 KB   286/616 KB   27/27 KB   162/162 KB   23/67 KB   27/176 KB   290/616 KB   27/27 KB   162/162 KB   23/67 KB   27/176 KB   294/616 KB   27/27 KB   162/162 KB   23/67 KB   29/176 KB   294/616 KB   27/27 KB   162/162 KB   23/67 KB   29/176 KB   294/616 KB   27/27 KB   162/162 KB   25/67 KB   30/176 KB   294/616 KB   27/27 KB   162/162 KB   25/67 KB   30/176 KB   294/616 KB   27/27 KB   162/162 KB   26/67 KB                                                               Downloaded: https://repo.maven.apache.org/maven2/org/apache/maven/maven-model/3.5.2/maven-model-3.5.2.jar (162 KB at 2177.2 KB/sec)
Downloading: https://repo.maven.apache.org/maven2/org/apache/maven/resolver/maven-resolver-impl/1.1.0/maven-resolver-impl-1.1.0.jar
30/176 KB   294/616 KB   27/27 KB   27/67 KB                31/176 KB   294/616 KB   27/27 KB   27/67 KB   31/176 KB   294/616 KB   27/27 KB   29/67 KB   33/176 KB   294/616 KB   27/27 KB   29/67 KB   33/176 KB   294/616 KB   27/27 KB   30/67 KB   34/176 KB   294/616 KB   27/27 KB   30/67 KB   34/176 KB   294/616 KB   27/27 KB   31/67 KB   35/176 KB   294/616 KB   27/27 KB   31/67 KB   35/176 KB   294/616 KB   27/27 KB   33/67 KB   37/176 KB   294/616 KB   27/27 KB   33/67 KB   37/176 KB   294/616 KB   27/27 KB   34/67 KB   37/176 KB   298/616 KB   27/27 KB   34/67 KB   38/176 KB   302/616 KB   27/27 KB   34/67 KB   38/176 KB   298/616 KB   27/27 KB   34/67 KB   38/176 KB   302/616 KB   27/27 KB   35/67 KB   38/176 KB   306/616 KB   27/27 KB   35/67 KB   38/176 KB   310/616 KB   27/27 KB   35/67 KB   38/176 KB   310/616 KB   27/27 KB   37/67 KB   39/176 KB   310/616 KB   27/27 KB   37/67 KB   39/176 KB   310/616 KB   27/27 KB   38/67 KB   41/176 KB   310/616 KB   27/27 KB   38/67 KB   41/176 KB   310/616 KB   27/27 KB   39/67 KB   42/176 KB   310/616 KB   27/27 KB   39/67 KB   42/176 KB   310/616 KB   27/27 KB   41/67 KB   43/176 KB   310/616 KB   27/27 KB   41/67 KB   43/176 KB   310/616 KB   27/27 KB   42/67 KB   45/176 KB   310/616 KB   27/27 KB   42/67 KB   45/176 KB   310/616 KB   27/27 KB   43/67 KB   46/176 KB   310/616 KB   27/27 KB   43/67 KB   46/176 KB   310/616 KB   27/27 KB   45/67 KB   47/176 KB   310/616 KB   27/27 KB   45/67 KB   47/176 KB   310/616 KB   27/27 KB   46/67 KB   47/176 KB   314/616 KB   27/27 KB   46/67 KB   47/176 KB   318/616 KB   27/27 KB   46/67 KB                                                  49/176 KB   318/616 KB   27/27 KB   47/67 KB   49/176 KB   322/616 KB   47/67 KB              49/176 KB   318/616 KB   27/27 KB   47/67 KB   Downloaded: https://repo.maven.apache.org/maven2/org/apache/maven/maven-repository-metadata/3.5.2/maven-repository-metadata-3.5.2.jar (27 KB at 339.5 KB/sec)
Downloading: https://repo.maven.apache.org/maven2/org/apache/maven/resolver/maven-resolver-api/1.1.0/maven-resolver-api-1.1.0.jar
49/176 KB   326/616 KB   47/67 KB   49/176 KB   326/616 KB   49/67 KB   50/176 KB   326/616 KB   49/67 KB   50/176 KB   326/616 KB   50/67 KB   51/176 KB   326/616 KB   50/67 KB   51/176 KB   326/616 KB   51/67 KB   51/176 KB   326/616 KB   53/67 KB   53/176 KB   326/616 KB   53/67 KB   53/176 KB   326/616 KB   54/67 KB   54/176 KB   326/616 KB   54/67 KB   54/176 KB   326/616 KB   55/67 KB   55/176 KB   326/616 KB   55/67 KB   55/176 KB   326/616 KB   2/181 KB   55/67 KB   55/176 KB   326/616 KB   2/181 KB   57/67 KB   57/176 KB   326/616 KB   2/181 KB   58/67 KB   57/176 KB   326/616 KB   2/181 KB   58/67 KB   58/176 KB   326/616 KB   2/181 KB   58/67 KB   58/176 KB   326/616 KB   2/181 KB   59/67 KB   59/176 KB   326/616 KB   2/181 KB   59/67 KB   59/176 KB   330/616 KB   2/181 KB   59/67 KB   59/176 KB   334/616 KB   2/181 KB   59/67 KB   59/176 KB   334/616 KB   3/181 KB   59/67 KB   59/176 KB   338/616 KB   3/181 KB   59/67 KB   59/176 KB   342/616 KB   3/181 KB   59/67 KB   59/176 KB   342/616 KB   3/181 KB   61/67 KB   59/176 KB   342/616 KB   5/181 KB   61/67 KB   61/176 KB   342/616 KB   5/181 KB   61/67 KB   61/176 KB   342/616 KB   5/181 KB   62/67 KB   61/176 KB   342/616 KB   6/181 KB   62/67 KB   62/176 KB   342/616 KB   6/181 KB   62/67 KB   62/176 KB   342/616 KB   6/181 KB   63/67 KB   62/176 KB   342/616 KB   7/181 KB   63/67 KB   63/176 KB   342/616 KB   7/181 KB   63/67 KB   63/176 KB   342/616 KB   7/181 KB   65/67 KB   63/176 KB   342/616 KB   9/181 KB   65/67 KB   65/176 KB   342/616 KB   9/181 KB   65/67 KB   65/176 KB   342/616 KB   9/181 KB   66/67 KB   65/176 KB   342/616 KB   10/181 KB   66/67 KB   66/176 KB   342/616 KB   10/181 KB   66/67 KB   66/176 KB   342/616 KB   10/181 KB   67/67 KB   66/176 KB   342/616 KB   11/181 KB   67/67 KB   66/176 KB   342/616 KB   13/181 KB   67/67 KB   67/176 KB   342/616 KB   13/181 KB   67/67 KB   67/176 KB   342/616 KB   14/181 KB   67/67 KB   69/176 KB   342/616 KB   14/181 KB   67/67 KB   69/176 KB   342/616 KB   15/181 KB   67/67 KB   69/176 KB   342/616 KB   17/181 KB   67/67 KB   70/176 KB   342/616 KB   17/181 KB   67/67 KB   70/176 KB   342/616 KB   18/181 KB   67/67 KB   71/176 KB   342/616 KB   18/181 KB   67/67 KB   71/176 KB   342/616 KB   19/181 KB   67/67 KB   71/176 KB   346/616 KB   19/181 KB   67/67 KB   71/176 KB   350/616 KB   19/181 KB   67/67 KB   71/176 KB   350/616 KB   21/181 KB   67/67 KB   73/176 KB   350/616 KB   21/181 KB   67/67 KB   73/176 KB   354/616 KB   21/181 KB   67/67 KB   73/176 KB   354/616 KB   22/181 KB   67/67 KB   73/176 KB   358/616 KB   22/181 KB   67/67 KB   74/176 KB   358/616 KB   22/181 KB   67/67 KB   74/176 KB   358/616 KB   23/181 KB   67/67 KB   75/176 KB   358/616 KB   23/181 KB   67/67 KB   75/176 KB   358/616 KB   25/181 KB   67/67 KB   77/176 KB   358/616 KB   25/181 KB   67/67 KB   77/176 KB   358/616 KB   26/181 KB   67/67 KB   78/176 KB   358/616 KB   26/181 KB   67/67 KB   78/176 KB   358/616 KB   27/181 KB   67/67 KB   79/176 KB   358/616 KB   27/181 KB   67/67 KB   79/176 KB   358/616 KB   29/181 KB   2/143 KB   67/67 KB   79/176 KB   358/616 KB   29/181 KB   2/143 KB   67/67 KB   79/176 KB   358/616 KB   30/181 KB   2/143 KB   67/67 KB   81/176 KB   358/616 KB   30/181 KB   2/143 KB   67/67 KB   81/176 KB   358/616 KB   31/181 KB   2/143 KB   67/67 KB   82/176 KB   358/616 KB   31/181 KB   2/143 KB   67/67 KB   82/176 KB   358/616 KB   33/181 KB   2/143 KB   67/67 KB   84/176 KB   358/616 KB   33/181 KB   2/143 KB   67/67 KB   84/176 KB   358/616 KB   34/181 KB   3/143 KB   67/67 KB   84/176 KB   358/616 KB   34/181 KB   3/143 KB   67/67 KB   85/176 KB   358/616 KB   34/181 KB   3/143 KB   67/67 KB   85/176 KB   358/616 KB   35/181 KB   3/143 KB   67/67 KB   85/176 KB   362/616 KB   35/181 KB   5/143 KB   67/67 KB   85/176 KB   362/616 KB   35/181 KB   5/143 KB   67/67 KB   85/176 KB   362/616 KB   37/181 KB   5/143 KB   67/67 KB   86/176 KB   362/616 KB   37/181 KB   5/143 KB   67/67 KB   86/176 KB   366/616 KB   37/181 KB   5/143 KB   67/67 KB   86/176 KB   370/616 KB   37/181 KB   5/143 KB   67/67 KB   86/176 KB   374/616 KB   37/181 KB   5/143 KB   67/67 KB   88/176 KB   374/616 KB   37/181 KB   5/143 KB   67/67 KB   88/176 KB   374/616 KB   38/181 KB   5/143 KB   67/67 KB   88/176 KB   374/616 KB   38/181 KB   6/143 KB   67/67 KB   89/176 KB   374/616 KB   38/181 KB   6/143 KB   67/67 KB   89/176 KB   374/616 KB   39/181 KB   6/143 KB   67/67 KB   89/176 KB   374/616 KB   39/181 KB   7/143 KB   67/67 KB   90/176 KB   374/616 KB   39/181 KB   7/143 KB   67/67 KB   90/176 KB   374/616 KB   41/181 KB   7/143 KB   67/67 KB   90/176 KB   374/616 KB   41/181 KB   9/143 KB   67/67 KB   92/176 KB   374/616 KB   41/181 KB   9/143 KB   67/67 KB   92/176 KB   374/616 KB   42/181 KB   9/143 KB   67/67 KB   92/176 KB   374/616 KB   42/181 KB   10/143 KB   67/67 KB   93/176 KB   374/616 KB   42/181 KB   10/143 KB   67/67 KB   93/176 KB   374/616 KB   43/181 KB   10/143 KB   67/67 KB   94/176 KB   374/616 KB   43/181 KB   10/143 KB   67/67 KB   94/176 KB   374/616 KB   43/181 KB   11/143 KB   67/67 KB   94/176 KB   374/616 KB   45/181 KB   11/143 KB   67/67 KB   96/176 KB   374/616 KB   45/181 KB   11/143 KB   67/67 KB   96/176 KB   374/616 KB   45/181 KB   13/143 KB   67/67 KB   96/176 KB   374/616 KB   46/181 KB   13/143 KB   67/67 KB   97/176 KB   374/616 KB   46/181 KB   13/143 KB   67/67 KB   97/176 KB   374/616 KB   46/181 KB   14/143 KB   67/67 KB   97/176 KB   374/616 KB   47/181 KB   14/143 KB   67/67 KB   98/176 KB   374/616 KB   47/181 KB   14/143 KB   67/67 KB   98/176 KB   378/616 KB   47/181 KB   14/143 KB   67/67 KB   98/176 KB   382/616 KB   47/181 KB   14/143 KB   67/67 KB   98/176 KB   386/616 KB   47/181 KB   14/143 KB   67/67 KB   98/176 KB   390/616 KB   47/181 KB   14/143 KB   67/67 KB   98/176 KB   390/616 KB   49/181 KB   14/143 KB   67/67 KB   98/176 KB   390/616 KB   49/181 KB   15/143 KB   67/67 KB   100/176 KB   390/616 KB   49/181 KB   15/143 KB   67/67 KB   100/176 KB   390/616 KB   50/181 KB   15/143 KB   67/67 KB   100/176 KB   390/616 KB   50/181 KB   17/143 KB   67/67 KB   101/176 KB   390/616 KB   50/181 KB   17/143 KB   67/67 KB   101/176 KB   390/616 KB   51/181 KB   17/143 KB   67/67 KB   101/176 KB   390/616 KB   51/181 KB   18/143 KB   67/67 KB   102/176 KB   390/616 KB   51/181 KB   18/143 KB   67/67 KB   102/176 KB   390/616 KB   53/181 KB   18/143 KB   67/67 KB                                                                Downloaded: https://repo.maven.apache.org/maven2/org/apache/maven/maven-resolver-provider/3.5.2/maven-resolver-provider-3.5.2.jar (67 KB at 635.9 KB/sec)
Downloading: https://repo.maven.apache.org/maven2/org/apache/maven/resolver/maven-resolver-spi/1.1.0/maven-resolver-spi-1.1.0.jar
104/176 KB   390/616 KB   53/181 KB   18/143 KB              104/176 KB   390/616 KB   54/181 KB   18/143 KB   104/176 KB   390/616 KB   54/181 KB   19/143 KB   105/176 KB   390/616 KB   54/181 KB   19/143 KB   105/176 KB   390/616 KB   55/181 KB   19/143 KB   105/176 KB   390/616 KB   57/181 KB   21/143 KB   105/176 KB   390/616 KB   57/181 KB   21/143 KB   106/176 KB   390/616 KB   57/181 KB   21/143 KB   106/176 KB   394/616 KB   57/181 KB   21/143 KB   106/176 KB   394/616 KB   58/181 KB   21/143 KB   106/176 KB   398/616 KB   58/181 KB   21/143 KB   108/176 KB   398/616 KB   58/181 KB   21/143 KB   108/176 KB   398/616 KB   59/181 KB   21/143 KB   108/176 KB   402/616 KB   59/181 KB   21/143 KB   108/176 KB   402/616 KB   59/181 KB   22/143 KB   108/176 KB   406/616 KB   59/181 KB   22/143 KB   108/176 KB   406/616 KB   61/181 KB   22/143 KB   109/176 KB   406/616 KB   61/181 KB   22/143 KB   109/176 KB   406/616 KB   61/181 KB   23/143 KB   109/176 KB   406/616 KB   62/181 KB   23/143 KB   110/176 KB   406/616 KB   62/181 KB   23/143 KB   110/176 KB   406/616 KB   62/181 KB   25/143 KB   110/176 KB   406/616 KB   63/181 KB   25/143 KB   112/176 KB   406/616 KB   63/181 KB   25/143 KB   112/176 KB   406/616 KB   65/181 KB   25/143 KB   112/176 KB   406/616 KB   65/181 KB   26/143 KB   113/176 KB   406/616 KB   66/181 KB   26/143 KB   113/176 KB   406/616 KB   66/181 KB   26/143 KB   113/176 KB   406/616 KB   66/181 KB   27/143 KB   114/176 KB   406/616 KB   66/181 KB   27/143 KB   114/176 KB   406/616 KB   67/181 KB   27/143 KB   114/176 KB   410/616 KB   67/181 KB   27/143 KB   114/176 KB   410/616 KB   69/181 KB   27/143 KB   114/176 KB   410/616 KB   69/181 KB   29/143 KB   116/176 KB   410/616 KB   69/181 KB   29/143 KB   116/176 KB   414/616 KB   69/181 KB   29/143 KB   116/176 KB   414/616 KB   70/181 KB   29/143 KB   116/176 KB   418/616 KB   70/181 KB   29/143 KB   116/176 KB   418/616 KB   70/181 KB   30/143 KB   117/176 KB   418/616 KB   71/181 KB   30/143 KB   117/176 KB   418/616 KB   70/181 KB   30/143 KB   117/176 KB   422/616 KB   71/181 KB   30/143 KB   117/176 KB   422/616 KB   73/181 KB   30/143 KB   117/176 KB   422/616 KB   73/181 KB   31/143 KB   118/176 KB   422/616 KB   73/181 KB   31/143 KB   118/176 KB   422/616 KB   74/181 KB   31/143 KB   118/176 KB   422/616 KB   74/181 KB   33/143 KB   118/176 KB   422/616 KB   75/181 KB   33/143 KB   120/176 KB   422/616 KB   75/181 KB   33/143 KB   120/176 KB   422/616 KB   77/181 KB   33/143 KB   120/176 KB   422/616 KB   77/181 KB   34/143 KB   121/176 KB   422/616 KB   77/181 KB   34/143 KB   121/176 KB   426/616 KB   77/181 KB   34/143 KB   121/176 KB   426/616 KB   78/181 KB   34/143 KB   121/176 KB   428/616 KB   78/181 KB   34/143 KB   122/176 KB   428/616 KB   79/181 KB   35/143 KB   122/176 KB   428/616 KB   79/181 KB   35/143 KB   122/176 KB   428/616 KB   79/181 KB   35/143 KB   124/176 KB   428/616 KB   79/181 KB   35/143 KB   124/176 KB   428/616 KB   81/181 KB   35/143 KB   124/176 KB   428/616 KB   81/181 KB   37/143 KB   125/176 KB   428/616 KB   82/181 KB   37/143 KB   125/176 KB   428/616 KB   82/181 KB   37/143 KB   125/176 KB   428/616 KB   82/181 KB   38/143 KB   125/176 KB   428/616 KB   84/181 KB   38/143 KB   126/176 KB   428/616 KB   84/181 KB   38/143 KB   126/176 KB   428/616 KB   85/181 KB   38/143 KB   126/176 KB   428/616 KB   85/181 KB   39/143 KB   128/176 KB   428/616 KB   85/181 KB   39/143 KB   128/176 KB   432/616 KB   86/181 KB   39/143 KB   128/176 KB   432/616 KB   86/181 KB   39/143 KB   129/176 KB   432/616 KB   86/181 KB   39/143 KB   129/176 KB   432/616 KB   86/181 KB   41/143 KB   129/176 KB   436/616 KB   86/181 KB   41/143 KB   129/176 KB   436/616 KB   88/181 KB   41/143 KB   129/176 KB   440/616 KB   88/181 KB   41/143 KB   130/176 KB   440/616 KB   88/181 KB   41/143 KB   130/176 KB   440/616 KB   89/181 KB   42/143 KB   130/176 KB   440/616 KB   89/181 KB   42/143 KB   130/176 KB   444/616 KB   89/181 KB   42/143 KB   130/176 KB   444/616 KB   90/181 KB   42/143 KB   132/176 KB   444/616 KB   90/181 KB   42/143 KB   132/176 KB   444/616 KB   90/181 KB   43/143 KB   132/176 KB   444/616 KB   92/181 KB   43/143 KB   133/176 KB   444/616 KB   92/181 KB   43/143 KB   133/176 KB   444/616 KB   92/181 KB   45/143 KB   133/176 KB   444/616 KB   93/181 KB   45/143 KB   134/176 KB   444/616 KB   93/181 KB   45/143 KB   134/176 KB   444/616 KB   94/181 KB   45/143 KB   134/176 KB   444/616 KB   94/181 KB   46/143 KB   136/176 KB   444/616 KB   94/181 KB   46/143 KB   136/176 KB   444/616 KB   96/181 KB   46/143 KB   136/176 KB   444/616 KB   96/181 KB   47/143 KB   136/176 KB   444/616 KB   97/181 KB   47/143 KB   137/176 KB   444/616 KB   97/181 KB   47/143 KB   137/176 KB   444/616 KB   98/181 KB   47/143 KB   137/176 KB   444/616 KB   98/181 KB   49/143 KB   138/176 KB   444/616 KB   98/181 KB   49/143 KB   138/176 KB   448/616 KB   98/181 KB   49/143 KB   138/176 KB   448/616 KB   100/181 KB   49/143 KB   138/176 KB   452/616 KB   100/181 KB   49/143 KB   140/176 KB   452/616 KB   100/181 KB   49/143 KB   140/176 KB   452/616 KB   101/181 KB   50/143 KB   140/176 KB   452/616 KB   101/181 KB   50/143 KB   140/176 KB   456/616 KB   101/181 KB   50/143 KB   141/176 KB   456/616 KB   101/181 KB   50/143 KB   141/176 KB   460/616 KB   102/181 KB   50/143 KB   141/176 KB   456/616 KB   102/181 KB   50/143 KB   141/176 KB   460/616 KB   102/181 KB   51/143 KB   141/176 KB   460/616 KB   104/181 KB   51/143 KB   142/176 KB   460/616 KB   104/181 KB   51/143 KB   142/176 KB   460/616 KB   104/181 KB   53/143 KB   142/176 KB   460/616 KB   105/181 KB   53/143 KB   144/176 KB   460/616 KB   105/181 KB   53/143 KB   144/176 KB   460/616 KB   106/181 KB   53/143 KB   144/176 KB   460/616 KB   106/181 KB   54/143 KB   145/176 KB   460/616 KB   106/181 KB   54/143 KB   145/176 KB   460/616 KB   108/181 KB   54/143 KB   145/176 KB   460/616 KB   108/181 KB   55/143 KB   146/176 KB   460/616 KB   108/181 KB   55/143 KB   146/176 KB   460/616 KB   109/181 KB   55/143 KB   146/176 KB   460/616 KB   110/181 KB   57/143 KB   146/176 KB   460/616 KB   110/181 KB   57/143 KB   148/176 KB   460/616 KB   110/181 KB   57/143 KB   148/176 KB   464/616 KB   110/181 KB   57/143 KB   148/176 KB   464/616 KB   112/181 KB   57/143 KB   149/176 KB   464/616 KB   112/181 KB   57/143 KB   149/176 KB   464/616 KB   112/181 KB   58/143 KB   149/176 KB   468/616 KB   112/181 KB   58/143 KB   149/176 KB   468/616 KB   113/181 KB   58/143 KB   149/176 KB   472/616 KB   113/181 KB   58/143 KB   150/176 KB   472/616 KB   113/181 KB   58/143 KB   150/176 KB   472/616 KB   113/181 KB   59/143 KB   150/176 KB   472/616 KB   114/181 KB   59/143 KB   150/176 KB   476/616 KB   114/181 KB   59/143 KB   152/176 KB   476/616 KB   114/181 KB   59/143 KB   152/176 KB   476/616 KB   116/181 KB   59/143 KB   152/176 KB   476/616 KB   116/181 KB   61/143 KB   152/176 KB   476/616 KB   117/181 KB   61/143 KB   153/176 KB   476/616 KB   117/181 KB   61/143 KB   153/176 KB   476/616 KB   117/181 KB   62/143 KB   153/176 KB   476/616 KB   118/181 KB   62/143 KB   154/176 KB   476/616 KB   118/181 KB   62/143 KB   154/176 KB   476/616 KB   120/181 KB   62/143 KB   154/176 KB   476/616 KB   120/181 KB   63/143 KB   154/176 KB   476/616 KB   121/181 KB   63/143 KB   156/176 KB   476/616 KB   121/181 KB   63/143 KB   156/176 KB   476/616 KB   121/181 KB   65/143 KB   156/176 KB   476/616 KB   122/181 KB   65/143 KB   157/176 KB   476/616 KB   122/181 KB   65/143 KB   157/176 KB   476/616 KB   124/181 KB   65/143 KB   157/176 KB   476/616 KB   124/181 KB   66/143 KB   157/176 KB   480/616 KB   124/181 KB   66/143 KB   158/176 KB   480/616 KB   124/181 KB   66/143 KB   158/176 KB   480/616 KB   125/181 KB   66/143 KB   158/176 KB   484/616 KB   125/181 KB   66/143 KB   158/176 KB   484/616 KB   125/181 KB   67/143 KB   160/176 KB   484/616 KB   126/181 KB   67/143 KB   160/176 KB   484/616 KB   126/181 KB   67/143 KB   160/176 KB   488/616 KB   126/181 KB   67/143 KB   160/176 KB   488/616 KB   128/181 KB   67/143 KB   160/176 KB   488/616 KB   128/181 KB   69/143 KB   160/176 KB   492/616 KB   128/181 KB   69/143 KB   161/176 KB   492/616 KB   128/181 KB   69/143 KB   161/176 KB   492/616 KB   129/181 KB   69/143 KB   161/176 KB   492/616 KB   129/181 KB   70/143 KB   161/176 KB   492/616 KB   130/181 KB   70/143 KB   163/176 KB   492/616 KB   130/181 KB   70/143 KB   163/176 KB   492/616 KB   132/181 KB   71/143 KB   164/176 KB   492/616 KB   132/181 KB   71/143 KB   163/176 KB   492/616 KB   132/181 KB   71/143 KB   164/176 KB   492/616 KB   132/181 KB   73/143 KB   165/176 KB   492/616 KB   133/181 KB   73/143 KB   165/176 KB   492/616 KB   133/181 KB   73/143 KB   165/176 KB   492/616 KB   134/181 KB   74/143 KB   167/176 KB   492/616 KB   134/181 KB   74/143 KB   165/176 KB   492/616 KB   134/181 KB   74/143 KB   167/176 KB   492/616 KB   136/181 KB   74/143 KB   168/176 KB   492/616 KB   136/181 KB   74/143 KB   168/176 KB   496/616 KB   136/181 KB   74/143 KB   168/176 KB   496/616 KB   137/181 KB   75/143 KB   168/176 KB   496/616 KB   137/181 KB   74/143 KB   169/176 KB   496/616 KB   137/181 KB   75/143 KB   169/176 KB   500/616 KB   137/181 KB   75/143 KB   169/176 KB   500/616 KB   138/181 KB   75/143 KB   169/176 KB   504/616 KB   138/181 KB   75/143 KB   171/176 KB   504/616 KB   138/181 KB   75/143 KB   171/176 KB   504/616 KB   138/181 KB   77/143 KB   171/176 KB   504/616 KB   140/181 KB   77/143 KB   171/176 KB   508/616 KB   140/181 KB   77/143 KB   172/176 KB   508/616 KB   140/181 KB   77/143 KB   172/176 KB   508/616 KB   141/181 KB   77/143 KB   172/176 KB   508/616 KB   141/181 KB   78/143 KB   172/176 KB   508/616 KB   142/181 KB   78/143 KB   173/176 KB   508/616 KB   142/181 KB   78/143 KB   173/176 KB   508/616 KB   142/181 KB   79/143 KB   173/176 KB   508/616 KB   144/181 KB   79/143 KB   175/176 KB   508/616 KB   144/181 KB   79/143 KB   175/176 KB   508/616 KB   145/181 KB   79/143 KB   175/176 KB   508/616 KB   145/181 KB   81/143 KB   176/176 KB   508/616 KB   145/181 KB   81/143 KB   176/176 KB   508/616 KB   146/181 KB   81/143 KB   176/176 KB   508/616 KB   146/181 KB   81/143 KB   176/176 KB   508/616 KB   146/181 KB   82/143 KB   176/176 KB   508/616 KB   148/181 KB   82/143 KB   176/176 KB   508/616 KB   149/181 KB   82/143 KB   176/176 KB   508/616 KB   149/181 KB   84/143 KB   176/176 KB   512/616 KB   149/181 KB   84/143 KB   176/176 KB   512/616 KB   150/181 KB   84/143 KB   176/176 KB   516/616 KB   150/181 KB   84/143 KB   176/176 KB   516/616 KB   150/181 KB   85/143 KB   176/176 KB   516/616 KB   152/181 KB   85/143 KB   176/176 KB   520/616 KB   152/181 KB   85/143 KB   176/176 KB   524/616 KB   152/181 KB   85/143 KB   176/176 KB   524/616 KB   153/181 KB   85/143 KB   176/176 KB   524/616 KB   153/181 KB   86/143 KB   176/176 KB   524/616 KB   154/181 KB   86/143 KB   176/176 KB   524/616 KB   154/181 KB   88/143 KB   176/176 KB   524/616 KB   156/181 KB   88/143 KB   176/176 KB   524/616 KB   157/181 KB   88/143 KB   176/176 KB   524/616 KB   157/181 KB   89/143 KB   176/176 KB   524/616 KB   158/181 KB   89/143 KB   176/176 KB   524/616 KB   160/181 KB   90/143 KB   176/176 KB   524/616 KB   160/181 KB   90/143 KB   176/176 KB   524/616 KB   161/181 KB   90/143 KB   176/176 KB   524/616 KB   161/181 KB   92/143 KB   176/176 KB   524/616 KB   163/181 KB   92/143 KB   176/176 KB   528/616 KB   163/181 KB   92/143 KB   176/176 KB   528/616 KB   164/181 KB   92/143 KB   176/176 KB   528/616 KB   164/181 KB   93/143 KB   176/176 KB   532/616 KB   164/181 KB   93/143 KB   176/176 KB   532/616 KB   165/181 KB   93/143 KB   176/176 KB   536/616 KB   165/181 KB   93/143 KB   176/176 KB   536/616 KB   165/181 KB   94/143 KB   176/176 KB   536/616 KB   167/181 KB   94/143 KB   176/176 KB   540/616 KB   167/181 KB   94/143 KB   176/176 KB   540/616 KB   168/181 KB   94/143 KB   176/176 KB   540/616 KB   168/181 KB   96/143 KB   176/176 KB   540/616 KB   169/181 KB   96/143 KB   176/176 KB   540/616 KB   169/181 KB   97/143 KB   176/176 KB   540/616 KB   171/181 KB   97/143 KB   176/176 KB   540/616 KB   172/181 KB   97/143 KB   176/176 KB   540/616 KB   172/181 KB   98/143 KB   176/176 KB   540/616 KB   173/181 KB   98/143 KB   176/176 KB   540/616 KB   173/181 KB   2/36 KB   100/143 KB   176/176 KB   540/616 KB   173/181 KB   2/36 KB   100/143 KB   176/176 KB   540/616 KB   175/181 KB   2/36 KB   100/143 KB   176/176 KB   540/616 KB   175/181 KB   2/36 KB   101/143 KB   176/176 KB   540/616 KB   176/181 KB   2/36 KB   101/143 KB   176/176 KB   544/616 KB   176/181 KB   2/36 KB   101/143 KB   176/176 KB   544/616 KB   177/181 KB   2/36 KB   101/143 KB   176/176 KB   548/616 KB   177/181 KB   2/36 KB   102/143 KB   176/176 KB   548/616 KB   177/181 KB   2/36 KB   101/143 KB   176/176 KB   548/616 KB   179/181 KB   2/36 KB   102/143 KB   176/176 KB   552/616 KB   179/181 KB   2/36 KB   102/143 KB   176/176 KB   552/616 KB   179/181 KB   2/36 KB   104/143 KB   176/176 KB   552/616 KB   180/181 KB   2/36 KB   104/143 KB   176/176 KB   556/616 KB   180/181 KB   2/36 KB   104/143 KB   176/176 KB   556/616 KB   181/181 KB   2/36 KB   104/143 KB   176/176 KB   556/616 KB   181/181 KB   2/36 KB   105/143 KB   176/176 KB   556/616 KB   181/181 KB   2/36 KB   106/143 KB   176/176 KB   556/616 KB   181/181 KB   2/36 KB   108/143 KB   176/176 KB   556/616 KB   181/181 KB   2/36 KB   109/143 KB   176/176 KB   556/616 KB   181/181 KB   3/36 KB   109/143 KB   176/176 KB   556/616 KB   181/181 KB   3/36 KB   110/143 KB   176/176 KB   560/616 KB   181/181 KB   3/36 KB   110/143 KB   176/176 KB   560/616 KB   181/181 KB   5/36 KB   112/143 KB   176/176 KB   560/616 KB   181/181 KB   5/36 KB   112/143 KB   176/176 KB   564/616 KB   181/181 KB   5/36 KB   112/143 KB   176/176 KB   568/616 KB   181/181 KB   5/36 KB   112/143 KB   176/176 KB   568/616 KB   181/181 KB   5/36 KB   113/143 KB   176/176 KB   568/616 KB   181/181 KB   6/36 KB   113/143 KB   176/176 KB   572/616 KB   181/181 KB   6/36 KB   113/143 KB   176/176 KB   572/616 KB   181/181 KB   6/36 KB   114/143 KB   176/176 KB   572/616 KB   181/181 KB   7/36 KB   114/143 KB   176/176 KB   572/616 KB   181/181 KB   7/36 KB   116/143 KB   176/176 KB   572/616 KB   181/181 KB   9/36 KB   116/143 KB   176/176 KB   572/616 KB   181/181 KB   9/36 KB   117/143 KB   176/176 KB   572/616 KB   181/181 KB   10/36 KB   117/143 KB   176/176 KB   572/616 KB   181/181 KB   10/36 KB   118/143 KB   176/176 KB   572/616 KB   181/181 KB   11/36 KB   118/143 KB   176/176 KB   572/616 KB   181/181 KB   11/36 KB   120/143 KB   176/176 KB   572/616 KB   181/181 KB   13/36 KB   120/143 KB   176/176 KB   576/616 KB   181/181 KB   13/36 KB   120/143 KB   176/176 KB   576/616 KB   181/181 KB   13/36 KB   121/143 KB   176/176 KB   580/616 KB   181/181 KB   13/36 KB   121/143 KB   176/176 KB   580/616 KB   181/181 KB   14/36 KB   121/143 KB   176/176 KB   584/616 KB   181/181 KB   14/36 KB   121/143 KB   176/176 KB   584/616 KB   181/181 KB   14/36 KB   122/143 KB   176/176 KB   584/616 KB   181/181 KB   15/36 KB   122/143 KB   176/176 KB   588/616 KB   181/181 KB   15/36 KB   122/143 KB   176/176 KB   588/616 KB   181/181 KB   15/36 KB   124/143 KB   176/176 KB   588/616 KB   181/181 KB   17/36 KB   124/143 KB   176/176 KB   588/616 KB   181/181 KB   17/36 KB   125/143 KB   176/176 KB   588/616 KB   181/181 KB   18/36 KB   125/143 KB   176/176 KB   588/616 KB   181/181 KB   18/36 KB   126/143 KB   176/176 KB   588/616 KB   181/181 KB   19/36 KB   126/143 KB   176/176 KB   588/616 KB   181/181 KB   21/36 KB   128/143 KB   176/176 KB   588/616 KB   181/181 KB   21/36 KB   128/143 KB   176/176 KB   592/616 KB   181/181 KB   21/36 KB   129/143 KB   176/176 KB   592/616 KB   181/181 KB   22/36 KB   129/143 KB   176/176 KB   592/616 KB   181/181 KB   21/36 KB   129/143 KB   176/176 KB   596/616 KB   181/181 KB   22/36 KB   129/143 KB   176/176 KB   596/616 KB   181/181 KB   23/36 KB   129/143 KB   176/176 KB   600/616 KB   181/181 KB   23/36 KB   129/143 KB   176/176 KB   604/616 KB   181/181 KB   23/36 KB   130/143 KB   176/176 KB   604/616 KB   181/181 KB   23/36 KB   130/143 KB   176/176 KB   604/616 KB   181/181 KB   25/36 KB   130/143 KB   176/176 KB   604/616 KB   181/181 KB   26/36 KB   130/143 KB   176/176 KB   604/616 KB   181/181 KB   26/36 KB   132/143 KB   176/176 KB   604/616 KB   181/181 KB   27/36 KB   132/143 KB   176/176 KB   604/616 KB   181/181 KB   27/36 KB   133/143 KB   176/176 KB   604/616 KB   181/181 KB   29/36 KB   133/143 KB   176/176 KB   604/616 KB   181/181 KB   29/36 KB   134/143 KB   176/176 KB   608/616 KB   181/181 KB   29/36 KB   134/143 KB   176/176 KB   608/616 KB   181/181 KB   30/36 KB   134/143 KB   176/176 KB   612/616 KB   181/181 KB   30/36 KB   136/143 KB   176/176 KB   612/616 KB   181/181 KB   30/36 KB   136/143 KB   176/176 KB   616/616 KB   181/181 KB   30/36 KB   136/143 KB   176/176 KB   616/616 KB   181/181 KB   31/36 KB   136/143 KB   176/176 KB   616/616 KB   181/181 KB   31/36 KB   137/143 KB   176/176 KB   616/616 KB   181/181 KB   33/36 KB   137/143 KB   176/176 KB   616/616 KB   181/181 KB   33/36 KB   138/143 KB   176/176 KB   616/616 KB   181/181 KB   34/36 KB   138/143 KB   176/176 KB   616/616 KB   181/181 KB   34/36 KB   140/143 KB   176/176 KB   616/616 KB   181/181 KB   35/36 KB   140/143 KB   176/176 KB   616/616 KB   181/181 KB   35/36 KB   141/143 KB   176/176 KB   616/616 KB   181/181 KB   36/36 KB   141/143 KB   176/176 KB   616/616 KB   181/181 KB   36/36 KB   142/143 KB   176/176 KB   616/616 KB   181/181 KB   36/36 KB   143/143 KB                                                                  Downloaded: https://repo.maven.apache.org/maven2/org/apache/maven/maven-model-builder/3.5.2/maven-model-builder-3.5.2.jar (176 KB at 1319.5 KB/sec)
Downloading: https://repo.maven.apache.org/maven2/org/apache/maven/resolver/maven-resolver-util/1.1.0/maven-resolver-util-1.1.0.jar
                                                               Downloaded: https://repo.maven.apache.org/maven2/org/apache/maven/resolver/maven-resolver-impl/1.1.0/maven-resolver-impl-1.1.0.jar (181 KB at 1335.5 KB/sec)
Downloading: https://repo.maven.apache.org/maven2/org/apache/maven/maven-plugin-api/3.5.2/maven-plugin-api-3.5.2.jar
                                                               Downloaded: https://repo.maven.apache.org/maven2/org/apache/maven/maven-core/3.5.2/maven-core-3.5.2.jar (616 KB at 4365.7 KB/sec)
Downloading: https://repo.maven.apache.org/maven2/org/apache/maven/maven-artifact/3.5.2/maven-artifact-3.5.2.jar
                                                               Downloaded: https://repo.maven.apache.org/maven2/org/apache/maven/resolver/maven-resolver-spi/1.1.0/maven-resolver-spi-1.1.0.jar (36 KB at 248.3 KB/sec)
Downloading: https://repo.maven.apache.org/maven2/org/apache/maven/scm/maven-scm-api/1.9.5/maven-scm-api-1.9.5.jar
4/156 KB   143/143 KB                                          4/47 KB   4/156 KB   143/143 KB   4/47 KB   8/156 KB   143/143 KB   4/47 KB   12/156 KB   143/143 KB   4/47 KB   16/156 KB   143/143 KB   8/47 KB   16/156 KB   143/143 KB   12/47 KB   16/156 KB   143/143 KB   16/47 KB   16/156 KB   143/143 KB   20/47 KB   16/156 KB   143/143 KB   24/47 KB   16/156 KB   143/143 KB   28/47 KB   16/156 KB   143/143 KB   28/47 KB   20/156 KB   143/143 KB   32/47 KB   20/156 KB   143/143 KB   32/47 KB   24/156 KB   143/143 KB   32/47 KB   28/156 KB   143/143 KB   32/47 KB   32/156 KB   143/143 KB   36/47 KB   32/156 KB   143/143 KB   40/47 KB   32/156 KB   143/143 KB   44/47 KB   32/156 KB   143/143 KB   47/47 KB   32/156 KB   143/143 KB   47/47 KB   36/156 KB   143/143 KB   47/47 KB   40/156 KB   143/143 KB   47/47 KB   44/156 KB   143/143 KB   47/47 KB   48/156 KB   143/143 KB   47/47 KB   48/156 KB   4/54 KB   143/143 KB                                                 47/47 KB   52/156 KB   4/54 KB                Downloaded: https://repo.maven.apache.org/maven2/org/apache/maven/resolver/maven-resolver-api/1.1.0/maven-resolver-api-1.1.0.jar (143 KB at 952.1 KB/sec)
47/47 KB   56/156 KB   4/54 KB   Downloading: https://repo.maven.apache.org/maven2/org/apache/maven/scm/maven-scm-provider-svnexe/1.9.5/maven-scm-provider-svnexe-1.9.5.jar
47/47 KB   60/156 KB   4/54 KB   47/47 KB   64/156 KB   4/54 KB   47/47 KB   64/156 KB   8/54 KB   47/47 KB   64/156 KB   12/54 KB   47/47 KB   64/156 KB   16/54 KB   47/47 KB   68/156 KB   16/54 KB   47/47 KB   72/156 KB   16/54 KB   47/47 KB   72/156 KB   20/54 KB   47/47 KB   76/156 KB   20/54 KB   47/47 KB   76/156 KB   24/54 KB   47/47 KB   80/156 KB   24/54 KB   47/47 KB   80/156 KB   28/54 KB   47/47 KB   80/156 KB   32/54 KB   47/47 KB   84/156 KB   32/54 KB   47/47 KB   84/156 KB   36/54 KB   47/47 KB   84/156 KB   36/54 KB   4/107 KB   47/47 KB   88/156 KB   36/54 KB   4/107 KB   47/47 KB   88/156 KB   40/54 KB   4/107 KB   47/47 KB   92/156 KB   40/54 KB   4/107 KB   47/47 KB   92/156 KB   44/54 KB   4/107 KB   47/47 KB   96/156 KB   44/54 KB   4/107 KB   47/47 KB   96/156 KB   48/54 KB   4/107 KB   47/47 KB   96/156 KB   52/54 KB   4/107 KB   47/47 KB   96/156 KB   54/54 KB   4/107 KB   47/47 KB   96/156 KB   54/54 KB   8/107 KB   47/47 KB   100/156 KB   54/54 KB   8/107 KB   47/47 KB   100/156 KB   54/54 KB   12/107 KB   47/47 KB   104/156 KB   54/54 KB   12/107 KB   47/47 KB   104/156 KB   54/54 KB   16/107 KB   47/47 KB   108/156 KB   54/54 KB   16/107 KB   47/47 KB   112/156 KB   54/54 KB   16/107 KB   47/47 KB   112/156 KB   54/54 KB   20/107 KB   47/47 KB   116/156 KB   54/54 KB   20/107 KB   47/47 KB   116/156 KB   54/54 KB   24/107 KB   47/47 KB   120/156 KB   54/54 KB   24/107 KB   47/47 KB   120/156 KB   54/54 KB   28/107 KB   47/47 KB   124/156 KB   54/54 KB   28/107 KB   47/47 KB   124/156 KB   54/54 KB   32/107 KB   47/47 KB   128/156 KB   54/54 KB   32/107 KB   47/47 KB   132/156 KB   54/54 KB   32/107 KB   47/47 KB   132/156 KB   54/54 KB   36/107 KB   47/47 KB   136/156 KB   54/54 KB   36/107 KB   47/47 KB   136/156 KB   54/54 KB   40/107 KB   47/47 KB   140/156 KB   54/54 KB   40/107 KB   47/47 KB   140/156 KB   54/54 KB   44/107 KB   47/47 KB   144/156 KB   54/54 KB   44/107 KB   47/47 KB   144/156 KB   54/54 KB   48/107 KB   47/47 KB   148/156 KB   54/54 KB   48/107 KB   47/47 KB   152/156 KB   54/54 KB   48/107 KB   47/47 KB   156/156 KB   54/54 KB   48/107 KB   47/47 KB   156/156 KB   54/54 KB   52/107 KB   47/47 KB   156/156 KB   54/54 KB   56/107 KB   47/47 KB   156/156 KB   54/54 KB   60/107 KB   47/47 KB   156/156 KB   54/54 KB   64/107 KB   47/47 KB   156/156 KB   54/54 KB   68/107 KB   47/47 KB   156/156 KB   54/54 KB   72/107 KB   47/47 KB   156/156 KB   54/54 KB   76/107 KB   47/47 KB   156/156 KB   54/54 KB   80/107 KB   47/47 KB   156/156 KB   54/54 KB   84/107 KB   47/47 KB   156/156 KB   54/54 KB   88/107 KB   47/47 KB   156/156 KB   54/54 KB   92/107 KB   47/47 KB   156/156 KB   54/54 KB   96/107 KB   47/47 KB   156/156 KB   54/54 KB   100/107 KB   47/47 KB   156/156 KB   54/54 KB   104/107 KB   47/47 KB   156/156 KB   54/54 KB   107/107 KB                                                   Downloaded: https://repo.maven.apache.org/maven2/org/apache/maven/maven-plugin-api/3.5.2/maven-plugin-api-3.5.2.jar (47 KB at 285.4 KB/sec)
Downloading: https://repo.maven.apache.org/maven2/org/apache/maven/scm/maven-scm-provider-svn-commons/1.9.5/maven-scm-provider-svn-commons-1.9.5.jar
156/156 KB   2/79 KB   54/54 KB   107/107 KB    156/156 KB   3/79 KB   54/54 KB   107/107 KB   156/156 KB   5/79 KB   54/54 KB   107/107 KB   156/156 KB   6/79 KB   54/54 KB   107/107 KB   156/156 KB   7/79 KB   54/54 KB   107/107 KB   156/156 KB   9/79 KB   54/54 KB   107/107 KB   156/156 KB   10/79 KB   54/54 KB   107/107 KB   156/156 KB   11/79 KB   54/54 KB   107/107 KB   156/156 KB   13/79 KB   54/54 KB   107/107 KB   156/156 KB   14/79 KB   54/54 KB   107/107 KB   156/156 KB   15/79 KB   54/54 KB   107/107 KB   156/156 KB   17/79 KB   54/54 KB   107/107 KB   156/156 KB   18/79 KB   54/54 KB   107/107 KB   156/156 KB   19/79 KB   54/54 KB   107/107 KB   156/156 KB   21/79 KB   54/54 KB   107/107 KB   156/156 KB   22/79 KB   54/54 KB   107/107 KB   156/156 KB   23/79 KB   54/54 KB   107/107 KB   156/156 KB   25/79 KB   54/54 KB   107/107 KB   156/156 KB   26/79 KB   54/54 KB   107/107 KB   156/156 KB   27/79 KB   54/54 KB   107/107 KB   156/156 KB   29/79 KB   54/54 KB   107/107 KB   156/156 KB   30/79 KB   54/54 KB   107/107 KB   156/156 KB   31/79 KB   54/54 KB   107/107 KB   156/156 KB   33/79 KB   54/54 KB   107/107 KB   156/156 KB   34/79 KB   54/54 KB   107/107 KB   156/156 KB   35/79 KB   54/54 KB   107/107 KB   156/156 KB   37/79 KB   54/54 KB   107/107 KB   156/156 KB   38/79 KB   54/54 KB   107/107 KB   156/156 KB   39/79 KB   54/54 KB   107/107 KB   156/156 KB   41/79 KB   54/54 KB   107/107 KB   156/156 KB   42/79 KB   54/54 KB   107/107 KB   156/156 KB   43/79 KB   54/54 KB   107/107 KB   156/156 KB   45/79 KB   54/54 KB   107/107 KB   156/156 KB   46/79 KB   54/54 KB   107/107 KB   156/156 KB   47/79 KB   54/54 KB   107/107 KB   156/156 KB   49/79 KB   54/54 KB   107/107 KB                                                   Downloaded: https://repo.maven.apache.org/maven2/org/apache/maven/maven-artifact/3.5.2/maven-artifact-3.5.2.jar (54 KB at 317.4 KB/sec)
156/156 KB   50/79 KB   107/107 KB              156/156 KB   51/79 KB   107/107 KB   156/156 KB   53/79 KB   107/107 KB   156/156 KB   54/79 KB   107/107 KB   156/156 KB   55/79 KB   107/107 KB   156/156 KB   57/79 KB   107/107 KB   156/156 KB   58/79 KB   107/107 KB   156/156 KB   59/79 KB   107/107 KB   156/156 KB   61/79 KB   107/107 KB   156/156 KB   62/79 KB   107/107 KB   156/156 KB   63/79 KB   107/107 KB   156/156 KB   65/79 KB   107/107 KB   156/156 KB   66/79 KB   107/107 KB   156/156 KB   67/79 KB   107/107 KB   156/156 KB   69/79 KB   107/107 KB   156/156 KB   70/79 KB   107/107 KB   156/156 KB   71/79 KB   107/107 KB   156/156 KB   73/79 KB   107/107 KB   156/156 KB   74/79 KB   107/107 KB   156/156 KB   75/79 KB   107/107 KB   156/156 KB   77/79 KB   107/107 KB   156/156 KB   78/79 KB   107/107 KB   156/156 KB   79/79 KB   107/107 KB   156/156 KB   79/79 KB   107/107 KB   4/38 KB   156/156 KB   79/79 KB   107/107 KB   8/38 KB   156/156 KB   79/79 KB   107/107 KB   12/38 KB   156/156 KB   79/79 KB   107/107 KB   16/38 KB   156/156 KB   79/79 KB   107/107 KB   20/38 KB   156/156 KB   79/79 KB   107/107 KB   24/38 KB   156/156 KB   79/79 KB   107/107 KB   28/38 KB   156/156 KB   79/79 KB   107/107 KB   32/38 KB   156/156 KB   79/79 KB   107/107 KB   36/38 KB   156/156 KB   79/79 KB   107/107 KB   38/38 KB                                                   Downloaded: https://repo.maven.apache.org/maven2/org/apache/maven/scm/maven-scm-api/1.9.5/maven-scm-api-1.9.5.jar (107 KB at 603.7 KB/sec)
                                                Downloaded: https://repo.maven.apache.org/maven2/org/apache/maven/resolver/maven-resolver-util/1.1.0/maven-resolver-util-1.1.0.jar (156 KB at 867.1 KB/sec)
                                                Downloaded: https://repo.maven.apache.org/maven2/org/apache/maven/scm/maven-scm-provider-svnexe/1.9.5/maven-scm-provider-svnexe-1.9.5.jar (79 KB at 427.9 KB/sec)
                                                Downloaded: https://repo.maven.apache.org/maven2/org/apache/maven/scm/maven-scm-provider-svn-commons/1.9.5/maven-scm-provider-svn-commons-1.9.5.jar (38 KB at 200.6 KB/sec)
[INFO] Detatching Assemblies
[INFO] Copying detatched artifacts to working directory.
[INFO] 
[INFO] ------------------------------------------------------------------------
[INFO] BUILD SUCCESS
[INFO] ------------------------------------------------------------------------
[INFO] Total time: 27.862 s
[INFO] Finished at: 2020-04-09T21:39:56-07:00
[INFO] Final Memory: 62M/2337M
[INFO] ------------------------------------------------------------------------
