
real	1m15.607s
user	1m5.013s
sys	0m5.079s
[INFO] Scanning for projects... [WARNING] [WARNING] Some problems were encountered while building the effective model for commons-io:commons-io:jar:2.1-SNAPSHOT [WARNING] 'build.plugins.plugin.version' for org.apache.maven.plugins:maven-idea-plugin is missing. @ org.apache.commons:commons-parent:21, /Users/demigorgan/.m2/repository/org/apache/commons/commons-parent/21/commons-parent-21.pom, line 325, column 15 [WARNING] [WARNING] It is highly recommended to fix these problems because they threaten the stability of your build. [WARNING] [WARNING] For this reason, future Maven versions might no longer support building such malformed projects. [WARNING] [INFO] [INFO] ------------------------------------------------------------------------ [INFO] Building Commons IO 2.1-SNAPSHOT [INFO] ------------------------------------------------------------------------ [INFO] [INFO] >>> ekstazi-maven-plugin:5.3.0:ekstazi (default-cli) > [ekstazi]test @ commons-io >>> [INFO] [INFO] --- maven-antrun-plugin:1.5:run (javadoc.resources) @ commons-io --- [INFO] Executing tasks main: [INFO] Executed tasks [INFO] [INFO] --- maven-remote-resources-plugin:1.1:process (default) @ commons-io --- [INFO] Setting property: classpath.resource.loader.class => 'org.codehaus.plexus.velocity.ContextClassLoaderResourceLoader'. [INFO] Setting property: velocimacro.messages.on => 'false'. [INFO] Setting property: resource.loader => 'classpath'. [INFO] Setting property: resource.manager.logwhenfound => 'false'. [INFO] [INFO] --- maven-resources-plugin:2.4.1:resources (default-resources) @ commons-io --- [INFO] Using 'iso-8859-1' encoding to copy filtered resources. [INFO] Copying 2 resources to META-INF [INFO] [INFO] --- maven-compiler-plugin:2.1:compile (default-compile) @ commons-io --- [INFO] Nothing to compile - all classes are up to date [INFO] [INFO] --- maven-bundle-plugin:1.4.3:manifest (bundle-manifest) @ commons-io --- [INFO] [INFO] --- maven-resources-plugin:2.4.1:testResources (default-testResources) @ commons-io --- [INFO] Using 'iso-8859-1' encoding to copy filtered resources. [INFO] Copying 2 resources to META-INF [INFO] [INFO] --- maven-compiler-plugin:2.1:testCompile (default-testCompile) @ commons-io --- [INFO] Nothing to compile - all classes are up to date [INFO] [INFO] --- ekstazi-maven-plugin:5.3.0:select (default-cli) @ commons-io --- [INFO] [INFO] --- maven-surefire-plugin:2.8.1:test (default-test) @ commons-io --- [INFO] Surefire report directory: /Users/demigorgan/TLDR_EXP/projects/commons-io/target/surefire-reports ------------------------------------------------------- T E S T S ------------------------------------------------------- Running org.apache.commons.io.FileCleaningTrackerTestCase Tests run: 9, Failures: 0, Errors: 0, Skipped: 0, Time elapsed: 4.454 sec Running org.apache.commons.io.comparator.SizeFileComparatorTest Tests run: 9, Failures: 0, Errors: 0, Skipped: 0, Time elapsed: 0.198 sec Running org.apache.commons.io.comparator.DefaultFileComparatorTest Tests run: 7, Failures: 0, Errors: 0, Skipped: 0, Time elapsed: 0.165 sec Running org.apache.commons.io.comparator.CompositeFileComparatorTest Tests run: 10, Failures: 0, Errors: 0, Skipped: 0, Time elapsed: 0.201 sec Running org.apache.commons.io.comparator.LastModifiedFileComparatorTest Tests run: 7, Failures: 0, Errors: 0, Skipped: 0, Time elapsed: 14.129 sec Running org.apache.commons.io.comparator.ExtensionFileComparatorTest Tests run: 8, Failures: 0, Errors: 0, Skipped: 0, Time elapsed: 0.148 sec Running org.apache.commons.io.comparator.PathFileComparatorTest Tests run: 8, Failures: 0, Errors: 0, Skipped: 0, Time elapsed: 0.14 sec Running org.apache.commons.io.comparator.DirectoryFileComparatorTest Tests run: 7, Failures: 0, Errors: 0, Skipped: 0, Time elapsed: 0.144 sec Running org.apache.commons.io.comparator.NameFileComparatorTest Tests run: 8, Failures: 0, Errors: 0, Skipped: 0, Time elapsed: 0.16 sec Running org.apache.commons.io.FileUtilsCleanSymlinksTestCase Tests run: 7, Failures: 0, Errors: 0, Skipped: 0, Time elapsed: 0.618 sec Running org.apache.commons.io.monitor.FileAlterationMonitorTestCase Tests run: 4, Failures: 0, Errors: 0, Skipped: 0, Time elapsed: 1.3 sec Running org.apache.commons.io.monitor.FileAlterationObserverTestCase Tests run: 7, Failures: 0, Errors: 0, Skipped: 0, Time elapsed: 14.215 sec Running org.apache.commons.io.filefilter.RegexFileFilterTestCase Tests run: 1, Failures: 0, Errors: 0, Skipped: 0, Time elapsed: 0.147 sec Running org.apache.commons.io.filefilter.FileFilterTestCase Tests run: 43, Failures: 0, Errors: 0, Skipped: 0, Time elapsed: 2.35 sec Running org.apache.commons.io.FileUtilsWaitForTestCase Tests run: 1, Failures: 0, Errors: 0, Skipped: 0, Time elapsed: 5.624 sec Running org.apache.commons.io.input.TailerTest Tests run: 4, Failures: 0, Errors: 0, Skipped: 0, Time elapsed: 2.04 sec Running org.apache.commons.io.FileCleanerTestCase Tests run: 9, Failures: 0, Errors: 0, Skipped: 0, Time elapsed: 4.254 sec Running org.apache.commons.io.output.LockableFileWriterTest Tests run: 7, Failures: 0, Errors: 0, Skipped: 0, Time elapsed: 0.168 sec Running org.apache.commons.io.output.FileWriterWithEncodingTest Tests run: 6, Failures: 0, Errors: 0, Skipped: 0, Time elapsed: 0.345 sec Running org.apache.commons.io.FileUtilsListFilesTestCase Tests run: 3, Failures: 0, Errors: 0, Skipped: 0, Time elapsed: 0.303 sec Running org.apache.commons.io.FileUtilsCleanDirectoryTestCase Tests run: 5, Failures: 0, Errors: 0, Skipped: 0, Time elapsed: 0.38 sec Running org.apache.commons.io.FilenameUtilsTestCase Tests run: 30, Failures: 0, Errors: 0, Skipped: 0, Time elapsed: 0.334 sec Running org.apache.commons.io.IOUtilsTestCase Tests run: 34, Failures: 0, Errors: 0, Skipped: 0, Time elapsed: 0.336 sec Running org.apache.commons.io.LineIteratorTestCase Tests run: 16, Failures: 0, Errors: 0, Skipped: 0, Time elapsed: 0.258 sec Running org.apache.commons.io.FileDeleteStrategyTestCase Tests run: 5, Failures: 0, Errors: 0, Skipped: 0, Time elapsed: 0.223 sec Running org.apache.commons.io.FileUtilsTestCase Tests run: 116, Failures: 0, Errors: 0, Skipped: 0, Time elapsed: 3.079 sec Running org.apache.commons.io.FileUtilsFileNewerTestCase Tests run: 5, Failures: 0, Errors: 0, Skipped: 0, Time elapsed: 0.152 sec Results : Tests run: 376, Failures: 0, Errors: 0, Skipped: 0 [INFO] [INFO] <<< ekstazi-maven-plugin:5.3.0:ekstazi (default-cli) < [ekstazi]test @ commons-io <<< [INFO] [INFO] --- ekstazi-maven-plugin:5.3.0:ekstazi (default-cli) @ commons-io --- [INFO] ------------------------------------------------------------------------ [INFO] BUILD SUCCESS [INFO] ------------------------------------------------------------------------ [INFO] Total time: 01:13 min [INFO] Finished at: 2019-04-25T18:26:16-07:00 [INFO] Final Memory: 14M/210M [INFO] ------------------------------------------------------------------------
====================================================
====================================================
SIZE : 
312K	.ekstazi/
