
real	1m51.783s
user	2m43.012s
sys	0m11.243s
[INFO] Scanning for projects... [WARNING] [WARNING] Some problems were encountered while building the effective model for commons-io:commons-io:jar:2.1-SNAPSHOT [WARNING] 'build.plugins.plugin.version' for org.apache.maven.plugins:maven-idea-plugin is missing. @ org.apache.commons:commons-parent:15, /Users/demigorgan/.m2/repository/org/apache/commons/commons-parent/15/commons-parent-15.pom, line 329, column 15 [WARNING] [WARNING] It is highly recommended to fix these problems because they threaten the stability of your build. [WARNING] [WARNING] For this reason, future Maven versions might no longer support building such malformed projects. [WARNING] [INFO] [INFO] ------------------------------------------------------------------------ [INFO] Building Commons IO 2.1-SNAPSHOT [INFO] ------------------------------------------------------------------------ [INFO] [INFO] >>> ekstazi-maven-plugin:5.3.0:ekstazi (default-cli) > [ekstazi]test @ commons-io >>> [INFO] [INFO] --- maven-antrun-plugin:1.3:run (javadoc.resources) @ commons-io --- [INFO] Executing tasks [INFO] Executed tasks [INFO] [INFO] --- maven-remote-resources-plugin:1.0:process (default) @ commons-io --- [INFO] Setting property: classpath.resource.loader.class => 'org.codehaus.plexus.velocity.ContextClassLoaderResourceLoader'. [INFO] Setting property: velocimacro.messages.on => 'false'. [INFO] Setting property: resource.loader => 'classpath'. [INFO] Setting property: resource.manager.logwhenfound => 'false'. [INFO] [INFO] --- maven-resources-plugin:2.4.1:resources (default-resources) @ commons-io --- [INFO] Using 'iso-8859-1' encoding to copy filtered resources. [INFO] Copying 2 resources to META-INF [INFO] [INFO] --- maven-compiler-plugin:2.1:compile (default-compile) @ commons-io --- [INFO] Nothing to compile - all classes are up to date [INFO] [INFO] --- maven-bundle-plugin:1.4.3:manifest (bundle-manifest) @ commons-io --- [INFO] [INFO] --- maven-resources-plugin:2.4.1:testResources (default-testResources) @ commons-io --- [INFO] Using 'iso-8859-1' encoding to copy filtered resources. [INFO] skip non existing resourceDirectory /Users/demigorgan/TLDR_EXP/projects/commons-io/src/test/resources [INFO] [INFO] --- maven-compiler-plugin:2.1:testCompile (default-testCompile) @ commons-io --- [INFO] Nothing to compile - all classes are up to date [INFO] [INFO] --- ekstazi-maven-plugin:5.3.0:select (default-cli) @ commons-io --- [INFO] [INFO] --- maven-surefire-plugin:2.5:test (default-test) @ commons-io --- [INFO] Surefire report directory: /Users/demigorgan/TLDR_EXP/projects/commons-io/target/surefire-reports ------------------------------------------------------- T E S T S ------------------------------------------------------- Running org.apache.commons.io.FileUtilsCleanSymlinksTestCase Tests run: 7, Failures: 0, Errors: 0, Skipped: 0, Time elapsed: 0.433 sec Running org.apache.commons.io.LineIteratorTestCase Tests run: 16, Failures: 0, Errors: 0, Skipped: 0, Time elapsed: 0.213 sec Running org.apache.commons.io.input.XmlStreamReaderUtilitiesTest Tests run: 8, Failures: 0, Errors: 0, Skipped: 0, Time elapsed: 0.158 sec Running org.apache.commons.io.IOExceptionWithCauseTestCase Tests run: 2, Failures: 0, Errors: 0, Skipped: 0, Time elapsed: 0.114 sec Running org.apache.commons.io.output.WriterOutputStreamTest Tests run: 12, Failures: 0, Errors: 0, Skipped: 0, Time elapsed: 0.149 sec Running org.apache.commons.io.input.BoundedInputStreamTest Tests run: 2, Failures: 0, Errors: 0, Skipped: 0, Time elapsed: 0.126 sec Running org.apache.commons.io.input.ClassLoaderObjectInputStreamTest Tests run: 2, Failures: 0, Errors: 0, Skipped: 0, Time elapsed: 0.223 sec Running org.apache.commons.io.DirectoryWalkerTestCase Tests run: 15, Failures: 0, Errors: 0, Skipped: 0, Time elapsed: 0.248 sec Running org.apache.commons.io.FileUtilsFileNewerTestCase Tests run: 5, Failures: 0, Errors: 0, Skipped: 0, Time elapsed: 0.17 sec Running org.apache.commons.io.TaggedIOExceptionTest Tests run: 1, Failures: 0, Errors: 0, Skipped: 0, Time elapsed: 0.131 sec Running org.apache.commons.io.FileUtilsTestCase Tests run: 113, Failures: 0, Errors: 0, Skipped: 0, Time elapsed: 2.828 sec Running org.apache.commons.io.comparator.SizeFileComparatorTest Tests run: 9, Failures: 0, Errors: 0, Skipped: 0, Time elapsed: 0.197 sec Running org.apache.commons.io.input.ReaderInputStreamTest Tests run: 6, Failures: 0, Errors: 0, Skipped: 0, Time elapsed: 0.136 sec Running org.apache.commons.io.output.StringBuilderWriterTest Tests run: 12, Failures: 0, Errors: 0, Skipped: 0, Time elapsed: 0.13 sec Running org.apache.commons.io.output.TaggedOutputStreamTest Tests run: 3, Failures: 0, Errors: 0, Skipped: 0, Time elapsed: 0.154 sec Running org.apache.commons.io.FileSystemUtilsTestCase Tests run: 28, Failures: 0, Errors: 0, Skipped: 0, Time elapsed: 0.312 sec Running org.apache.commons.io.comparator.CompositeFileComparatorTest Tests run: 10, Failures: 0, Errors: 0, Skipped: 0, Time elapsed: 0.206 sec Running org.apache.commons.io.input.AutoCloseInputStreamTest Tests run: 4, Failures: 0, Errors: 0, Skipped: 0, Time elapsed: 0.129 sec Running org.apache.commons.io.comparator.NameFileComparatorTest Tests run: 8, Failures: 0, Errors: 0, Skipped: 0, Time elapsed: 0.175 sec Running org.apache.commons.io.monitor.FileAlterationMonitorTestCase Tests run: 4, Failures: 0, Errors: 0, Skipped: 0, Time elapsed: 1.276 sec Running org.apache.commons.io.input.CloseShieldInputStreamTest Tests run: 1, Failures: 0, Errors: 0, Skipped: 0, Time elapsed: 0.111 sec Running org.apache.commons.io.DirectoryWalkerTestCaseJava4 Tests run: 14, Failures: 0, Errors: 0, Skipped: 0, Time elapsed: 0.195 sec Running org.apache.commons.io.output.DeferredFileOutputStreamTest Tests run: 10, Failures: 0, Errors: 0, Skipped: 0, Time elapsed: 0.171 sec Running org.apache.commons.io.FileUtilsCleanDirectoryTestCase Tests run: 5, Failures: 0, Errors: 0, Skipped: 0, Time elapsed: 0.313 sec Running org.apache.commons.io.HexDumpTest Tests run: 1, Failures: 0, Errors: 0, Skipped: 0, Time elapsed: 0.13 sec Running org.apache.commons.io.FileCleaningTrackerTestCase Tests run: 9, Failures: 0, Errors: 0, Skipped: 0, Time elapsed: 4.35 sec Running org.apache.commons.io.output.FileWriterWithEncodingTest Tests run: 6, Failures: 0, Errors: 0, Skipped: 0, Time elapsed: 0.178 sec Running org.apache.commons.io.comparator.ExtensionFileComparatorTest Tests run: 8, Failures: 0, Errors: 0, Skipped: 0, Time elapsed: 0.16 sec Running org.apache.commons.io.output.CountingOutputStreamTest Tests run: 2, Failures: 0, Errors: 0, Skipped: 0, Time elapsed: 0.19 sec Running org.apache.commons.io.FilenameUtilsWildcardTestCase Tests run: 7, Failures: 0, Errors: 0, Skipped: 0, Time elapsed: 0.171 sec Running org.apache.commons.io.FileDeleteStrategyTestCase Tests run: 5, Failures: 0, Errors: 0, Skipped: 0, Time elapsed: 0.163 sec Running org.apache.commons.io.input.ProxyReaderTest Tests run: 2, Failures: 0, Errors: 0, Skipped: 0, Time elapsed: 0.122 sec Running org.apache.commons.io.CopyUtilsTest Tests run: 11, Failures: 0, Errors: 0, Skipped: 0, Time elapsed: 0.153 sec Running org.apache.commons.io.ByteOrderMarkTestCase Tests run: 8, Failures: 0, Errors: 0, Skipped: 0, Time elapsed: 0.131 sec Running org.apache.commons.io.output.NullWriterTest Tests run: 1, Failures: 0, Errors: 0, Skipped: 0, Time elapsed: 0.112 sec Running org.apache.commons.io.comparator.DirectoryFileComparatorTest Tests run: 7, Failures: 0, Errors: 0, Skipped: 0, Time elapsed: 0.159 sec Running org.apache.commons.io.input.TeeInputStreamTest Tests run: 7, Failures: 0, Errors: 0, Skipped: 0, Time elapsed: 0.14 sec Running org.apache.commons.io.output.XmlStreamWriterTest Tests run: 12, Failures: 0, Errors: 0, Skipped: 0, Time elapsed: 0.168 sec Running org.apache.commons.io.EndianUtilsTest Tests run: 22, Failures: 0, Errors: 0, Skipped: 0, Time elapsed: 0.138 sec Running org.apache.commons.io.output.ProxyOutputStreamTest Tests run: 2, Failures: 0, Errors: 0, Skipped: 0, Time elapsed: 0.147 sec Running org.apache.commons.io.filefilter.OrFileFilterTestCase Tests run: 5, Failures: 0, Errors: 0, Skipped: 0, Time elapsed: 0.139 sec Running org.apache.commons.io.DemuxTestCase Tests run: 2, Failures: 0, Errors: 0, Skipped: 0, Time elapsed: 0.344 sec Running org.apache.commons.io.FileUtilsWaitForTestCase Tests run: 1, Failures: 0, Errors: 0, Skipped: 0, Time elapsed: 5.601 sec Running org.apache.commons.io.input.SwappedDataInputStreamTest Tests run: 14, Failures: 0, Errors: 0, Skipped: 0, Time elapsed: 0.12 sec Running org.apache.commons.io.input.BrokenInputStreamTest Tests run: 5, Failures: 0, Errors: 0, Skipped: 0, Time elapsed: 0.112 sec Running org.apache.commons.io.IOUtilsCopyTestCase Tests run: 22, Failures: 0, Errors: 0, Skipped: 0, Time elapsed: 0.268 sec Running org.apache.commons.io.output.NullOutputStreamTest Tests run: 1, Failures: 0, Errors: 0, Skipped: 0, Time elapsed: 0.137 sec Running org.apache.commons.io.output.BrokenOutputStreamTest Tests run: 3, Failures: 0, Errors: 0, Skipped: 0, Time elapsed: 0.118 sec Running org.apache.commons.io.output.ProxyWriterTest Tests run: 8, Failures: 0, Errors: 0, Skipped: 0, Time elapsed: 0.126 sec Running org.apache.commons.io.filefilter.FileFilterTestCase Tests run: 43, Failures: 0, Errors: 0, Skipped: 0, Time elapsed: 2.314 sec Running org.apache.commons.io.FileUtilsListFilesTestCase Tests run: 3, Failures: 0, Errors: 0, Skipped: 0, Time elapsed: 0.197 sec Running org.apache.commons.io.ThreadMonitorTestCase Tests run: 3, Failures: 0, Errors: 0, Skipped: 0, Time elapsed: 0.522 sec Running org.apache.commons.io.output.LockableFileWriterTest Tests run: 7, Failures: 0, Errors: 0, Skipped: 0, Time elapsed: 0.176 sec Running org.apache.commons.io.output.ByteArrayOutputStreamTestCase Tests run: 1, Failures: 0, Errors: 0, Skipped: 0, Time elapsed: 0.123 sec Running org.apache.commons.io.comparator.PathFileComparatorTest Tests run: 8, Failures: 0, Errors: 0, Skipped: 0, Time elapsed: 0.157 sec Running org.apache.commons.io.input.BOMInputStreamTest Tests run: 27, Failures: 0, Errors: 0, Skipped: 0, Time elapsed: 0.16 sec Running org.apache.commons.io.output.ClosedOutputStreamTest Tests run: 1, Failures: 0, Errors: 0, Skipped: 0, Time elapsed: 0.098 sec Running org.apache.commons.io.input.NullReaderTest Tests run: 6, Failures: 0, Errors: 0, Skipped: 0, Time elapsed: 0.126 sec Running org.apache.commons.io.input.CharSequenceReaderTest Tests run: 7, Failures: 0, Errors: 0, Skipped: 0, Time elapsed: 0.128 sec Running org.apache.commons.io.IOUtilsWriteTestCase Tests run: 53, Failures: 0, Errors: 0, Skipped: 0, Time elapsed: 0.223 sec Running org.apache.commons.io.filefilter.AndFileFilterTestCase Tests run: 5, Failures: 0, Errors: 0, Skipped: 0, Time elapsed: 0.145 sec Running org.apache.commons.io.filefilter.RegexFileFilterTestCase Tests run: 1, Failures: 0, Errors: 0, Skipped: 0, Time elapsed: 0.153 sec Running org.apache.commons.io.FileCleanerTestCase Tests run: 9, Failures: 0, Errors: 0, Skipped: 0, Time elapsed: 4.274 sec Running org.apache.commons.io.input.TailerTest Tests run: 3, Failures: 0, Errors: 0, Skipped: 0, Time elapsed: 1.485 sec Running org.apache.commons.io.input.compatibility.XmlStreamReaderUtilitiesCompatibilityTest Tests run: 8, Failures: 0, Errors: 0, Skipped: 0, Time elapsed: 0.177 sec Running org.apache.commons.io.output.CloseShieldOutputStreamTest Tests run: 1, Failures: 0, Errors: 0, Skipped: 0, Time elapsed: 0.12 sec Running org.apache.commons.io.input.CountingInputStreamTest Tests run: 10, Failures: 0, Errors: 0, Skipped: 0, Time elapsed: 0.208 sec Running org.apache.commons.io.IOUtilsTestCase Tests run: 23, Failures: 0, Errors: 0, Skipped: 0, Time elapsed: 0.258 sec Running org.apache.commons.io.IOCaseTestCase Tests run: 17, Failures: 0, Errors: 0, Skipped: 0, Time elapsed: 0.236 sec Running org.apache.commons.io.monitor.FileAlterationObserverTestCase Tests run: 7, Failures: 0, Errors: 0, Skipped: 0, Time elapsed: 14.49 sec Running org.apache.commons.io.input.NullInputStreamTest Tests run: 6, Failures: 0, Errors: 0, Skipped: 0, Time elapsed: 0.125 sec Running org.apache.commons.io.FilenameUtilsTestCase Tests run: 30, Failures: 0, Errors: 0, Skipped: 0, Time elapsed: 0.287 sec Running org.apache.commons.io.comparator.LastModifiedFileComparatorTest Tests run: 7, Failures: 0, Errors: 0, Skipped: 0, Time elapsed: 13.831 sec Running org.apache.commons.io.input.ClosedInputStreamTest Tests run: 1, Failures: 0, Errors: 0, Skipped: 0, Time elapsed: 0.094 sec Running org.apache.commons.io.output.TeeOutputStreamTest Tests run: 1, Failures: 0, Errors: 0, Skipped: 0, Time elapsed: 0.104 sec Running org.apache.commons.io.input.XmlStreamReaderTest Tests run: 6, Failures: 0, Errors: 0, Skipped: 0, Time elapsed: 0.455 sec Running org.apache.commons.io.comparator.DefaultFileComparatorTest Tests run: 7, Failures: 0, Errors: 0, Skipped: 0, Time elapsed: 0.152 sec Running org.apache.commons.io.input.TaggedInputStreamTest Tests run: 4, Failures: 0, Errors: 0, Skipped: 0, Time elapsed: 0.133 sec Results : Tests run: 773, Failures: 0, Errors: 0, Skipped: 0 [INFO] [INFO] <<< ekstazi-maven-plugin:5.3.0:ekstazi (default-cli) < [ekstazi]test @ commons-io <<< [INFO] [INFO] --- ekstazi-maven-plugin:5.3.0:ekstazi (default-cli) @ commons-io --- [INFO] ------------------------------------------------------------------------ [INFO] BUILD SUCCESS [INFO] ------------------------------------------------------------------------ [INFO] Total time: 01:50 min [INFO] Finished at: 2019-04-25T17:02:18-07:00 [INFO] Final Memory: 14M/301M [INFO] ------------------------------------------------------------------------
====================================================
====================================================
SIZE : 
312K	.ekstazi/
