
real	1m31.094s
user	1m21.556s
sys	0m6.359s
[INFO] Scanning for projects... [WARNING] [WARNING] Some problems were encountered while building the effective model for commons-io:commons-io:jar:2.1-SNAPSHOT [WARNING] 'build.plugins.plugin.version' for org.apache.maven.plugins:maven-idea-plugin is missing. @ org.apache.commons:commons-parent:15, /Users/demigorgan/.m2/repository/org/apache/commons/commons-parent/15/commons-parent-15.pom, line 329, column 15 [WARNING] [WARNING] It is highly recommended to fix these problems because they threaten the stability of your build. [WARNING] [WARNING] For this reason, future Maven versions might no longer support building such malformed projects. [WARNING] [INFO] [INFO] ------------------------------------------------------------------------ [INFO] Building Commons IO 2.1-SNAPSHOT [INFO] ------------------------------------------------------------------------ [INFO] [INFO] >>> ekstazi-maven-plugin:5.3.0:ekstazi (default-cli) > [ekstazi]test @ commons-io >>> [INFO] [INFO] --- maven-antrun-plugin:1.3:run (javadoc.resources) @ commons-io --- [INFO] Executing tasks [INFO] Executed tasks [INFO] [INFO] --- maven-remote-resources-plugin:1.0:process (default) @ commons-io --- [INFO] Setting property: classpath.resource.loader.class => 'org.codehaus.plexus.velocity.ContextClassLoaderResourceLoader'. [INFO] Setting property: velocimacro.messages.on => 'false'. [INFO] Setting property: resource.loader => 'classpath'. [INFO] Setting property: resource.manager.logwhenfound => 'false'. [INFO] [INFO] --- maven-resources-plugin:2.4.1:resources (default-resources) @ commons-io --- [INFO] Using 'iso-8859-1' encoding to copy filtered resources. [INFO] Copying 2 resources to META-INF [INFO] [INFO] --- maven-compiler-plugin:2.1:compile (default-compile) @ commons-io --- [INFO] Nothing to compile - all classes are up to date [INFO] [INFO] --- maven-bundle-plugin:1.4.3:manifest (bundle-manifest) @ commons-io --- [INFO] [INFO] --- maven-resources-plugin:2.4.1:testResources (default-testResources) @ commons-io --- [INFO] Using 'iso-8859-1' encoding to copy filtered resources. [INFO] skip non existing resourceDirectory /Users/demigorgan/TLDR_EXP/projects/commons-io/src/test/resources [INFO] [INFO] --- maven-compiler-plugin:2.1:testCompile (default-testCompile) @ commons-io --- [INFO] Nothing to compile - all classes are up to date [INFO] [INFO] --- ekstazi-maven-plugin:5.3.0:select (default-cli) @ commons-io --- [INFO] [INFO] --- maven-surefire-plugin:2.5:test (default-test) @ commons-io --- [INFO] Surefire report directory: /Users/demigorgan/TLDR_EXP/projects/commons-io/target/surefire-reports ------------------------------------------------------- T E S T S ------------------------------------------------------- Running org.apache.commons.io.FileUtilsCleanSymlinksTestCase Tests run: 7, Failures: 0, Errors: 0, Skipped: 0, Time elapsed: 0.751 sec Running org.apache.commons.io.LineIteratorTestCase Tests run: 16, Failures: 0, Errors: 0, Skipped: 0, Time elapsed: 0.472 sec Running org.apache.commons.io.FileUtilsFileNewerTestCase Tests run: 5, Failures: 0, Errors: 0, Skipped: 0, Time elapsed: 0.61 sec Running org.apache.commons.io.filefilter.FileFilterTestCase Tests run: 43, Failures: 0, Errors: 0, Skipped: 0, Time elapsed: 2.678 sec Running org.apache.commons.io.FileUtilsListFilesTestCase Tests run: 3, Failures: 0, Errors: 0, Skipped: 0, Time elapsed: 0.446 sec Running org.apache.commons.io.output.LockableFileWriterTest Tests run: 7, Failures: 0, Errors: 0, Skipped: 0, Time elapsed: 0.499 sec Running org.apache.commons.io.FileUtilsTestCase Tests run: 115, Failures: 0, Errors: 0, Skipped: 0, Time elapsed: 3.391 sec Running org.apache.commons.io.comparator.SizeFileComparatorTest Tests run: 9, Failures: 0, Errors: 0, Skipped: 0, Time elapsed: 0.451 sec Running org.apache.commons.io.comparator.PathFileComparatorTest Tests run: 8, Failures: 0, Errors: 0, Skipped: 0, Time elapsed: 0.266 sec Running org.apache.commons.io.filefilter.RegexFileFilterTestCase Tests run: 1, Failures: 0, Errors: 0, Skipped: 0, Time elapsed: 0.175 sec Running org.apache.commons.io.comparator.CompositeFileComparatorTest Tests run: 10, Failures: 0, Errors: 0, Skipped: 0, Time elapsed: 0.246 sec Running org.apache.commons.io.comparator.NameFileComparatorTest Tests run: 8, Failures: 0, Errors: 0, Skipped: 0, Time elapsed: 0.207 sec Running org.apache.commons.io.FileCleanerTestCase Tests run: 9, Failures: 0, Errors: 0, Skipped: 0, Time elapsed: 4.386 sec Running org.apache.commons.io.monitor.FileAlterationMonitorTestCase Tests run: 4, Failures: 0, Errors: 0, Skipped: 0, Time elapsed: 1.46 sec Running org.apache.commons.io.input.TailerTest Tests run: 4, Failures: 0, Errors: 0, Skipped: 0, Time elapsed: 2.024 sec Running org.apache.commons.io.FileUtilsCleanDirectoryTestCase Tests run: 5, Failures: 0, Errors: 0, Skipped: 0, Time elapsed: 0.402 sec Running org.apache.commons.io.FileCleaningTrackerTestCase Tests run: 9, Failures: 0, Errors: 0, Skipped: 0, Time elapsed: 4.408 sec Running org.apache.commons.io.output.FileWriterWithEncodingTest Tests run: 6, Failures: 0, Errors: 0, Skipped: 0, Time elapsed: 0.224 sec Running org.apache.commons.io.comparator.ExtensionFileComparatorTest Tests run: 8, Failures: 0, Errors: 0, Skipped: 0, Time elapsed: 0.184 sec Running org.apache.commons.io.IOUtilsTestCase Tests run: 34, Failures: 0, Errors: 0, Skipped: 0, Time elapsed: 0.312 sec Running org.apache.commons.io.FileDeleteStrategyTestCase Tests run: 5, Failures: 0, Errors: 0, Skipped: 0, Time elapsed: 0.197 sec Running org.apache.commons.io.monitor.FileAlterationObserverTestCase Tests run: 7, Failures: 0, Errors: 0, Skipped: 0, Time elapsed: 14.711 sec Running org.apache.commons.io.FilenameUtilsTestCase Tests run: 30, Failures: 0, Errors: 0, Skipped: 0, Time elapsed: 0.33 sec Running org.apache.commons.io.comparator.DirectoryFileComparatorTest Tests run: 7, Failures: 0, Errors: 0, Skipped: 0, Time elapsed: 0.192 sec Running org.apache.commons.io.comparator.LastModifiedFileComparatorTest Tests run: 7, Failures: 0, Errors: 0, Skipped: 0, Time elapsed: 13.591 sec Running org.apache.commons.io.FileUtilsWaitForTestCase Tests run: 1, Failures: 0, Errors: 0, Skipped: 0, Time elapsed: 5.622 sec Running org.apache.commons.io.comparator.DefaultFileComparatorTest Tests run: 7, Failures: 0, Errors: 0, Skipped: 0, Time elapsed: 0.187 sec Results : Tests run: 375, Failures: 0, Errors: 0, Skipped: 0 [INFO] [INFO] <<< ekstazi-maven-plugin:5.3.0:ekstazi (default-cli) < [ekstazi]test @ commons-io <<< [INFO] [INFO] --- ekstazi-maven-plugin:5.3.0:ekstazi (default-cli) @ commons-io --- [INFO] ------------------------------------------------------------------------ [INFO] BUILD SUCCESS [INFO] ------------------------------------------------------------------------ [INFO] Total time: 01:25 min [INFO] Finished at: 2019-04-25T18:12:45-07:00 [INFO] Final Memory: 14M/244M [INFO] ------------------------------------------------------------------------
====================================================
====================================================
SIZE : 
312K	.ekstazi/
