[INFO] Scanning for projects...
[WARNING] The POM for commons-io:commons-io:jar:1.4 is invalid, transitive dependencies (if any) will not be available, enable debug logging for more details
Deflaker, version 1.5-SNAPSHOT loading...
Warning: Deflaker disabling incompatible org.apache.maven.plugins:maven-enforcer-plugin from commons-pool2
Warning: Deflaker disabling incompatible org.apache.rat:apache-rat-plugin from commons-pool2
[INFO]                                                                         
[INFO] ------------------------------------------------------------------------
[INFO] Building Apache Commons Pool 2.7.1-SNAPSHOT
[INFO] ------------------------------------------------------------------------
[INFO] 
[INFO] --- build-helper-maven-plugin:3.0.0:parse-version (parse-version) @ commons-pool2 ---
[INFO] 
[INFO] --- maven-antrun-plugin:1.8:run (javadoc.resources) @ commons-pool2 ---
[INFO] Executing tasks

main:
[INFO] Executed tasks
[INFO] 
[INFO] --- maven-remote-resources-plugin:1.5:process (process-resource-bundles) @ commons-pool2 ---
[INFO] 
[INFO] --- buildnumber-maven-plugin:1.4:create (default) @ commons-pool2 ---
[INFO] Executing: /bin/sh -c cd '/lv_scratch/scratch/mondego/local/Maruf/ASE/projects/commons-pool' && 'git' 'rev-parse' '--verify' 'HEAD'
[INFO] Working directory: /lv_scratch/scratch/mondego/local/Maruf/ASE/projects/commons-pool
[INFO] Storing buildNumber: 8b0bbdf6165ef980132ece6a48d40a573a83282e at timestamp: 1586499935711
[INFO] Storing buildScmBranch: master
[INFO] 
[INFO] --- maven-resources-plugin:3.1.0:resources (default-resources) @ commons-pool2 ---
[INFO] Using 'UTF-8' encoding to copy filtered resources.
[INFO] skip non existing resourceDirectory /lv_scratch/scratch/mondego/local/Maruf/ASE/projects/commons-pool/src/main/resources
[INFO] Copying 2 resources to META-INF
[INFO] 
[INFO] --- maven-compiler-plugin:3.8.0:compile (default-compile) @ commons-pool2 ---
[INFO] Nothing to compile - all classes are up to date
[INFO] 
[INFO] --- maven-bundle-plugin:4.1.0:manifest (bundle-manifest) @ commons-pool2 ---
[INFO] 
[INFO] --- animal-sniffer-maven-plugin:1.16:check (checkAPIcompatibility) @ commons-pool2 ---
[INFO] Checking unresolved references to org.codehaus.mojo.signature:java18:1.0
[INFO] 
[INFO] --- maven-resources-plugin:3.1.0:testResources (default-testResources) @ commons-pool2 ---
[INFO] Using 'UTF-8' encoding to copy filtered resources.
[INFO] Copying 2 resources
[INFO] Copying 2 resources to META-INF
[INFO] 
[INFO] --- deflaker-maven-plugin:1.5-SNAPSHOT:diff (deflaker-diff) @ commons-pool2 ---
/lv_scratch/scratch/mondego/local/Maruf/ASE/projects/commons-pool/.git DIFF'ing to HEAD
[ERROR] fatal: Invalid path '/pkg/git/2.13.1/etc': No such file or directory

Diff'ing 8b0bbdf6165ef980132ece6a48d40a573a83282e against: 41f4e410b3e7dc34b294ac9941721073bf5e5271
org/apache/commons/pool2/impl/LinkedBlockingDeque$DescendingItr : []
	 Methods to watch:[]
org/apache/commons/pool2/BaseKeyedPooledObjectFactory : [Edit [start=24, end=24], Edit [start=26, end=26]]
	 Methods to watch:[]
org/apache/commons/pool2/impl/LinkedBlockingDeque$Itr : []
	 Methods to watch:[]
org/apache/commons/pool2/impl/SoftReferenceObjectPool : [Edit [start=35, end=35]]
	 Methods to watch:[]
org/apache/commons/pool2/impl/DefaultEvictionPolicy : [Edit [start=34, end=34], Edit [start=36, end=36]]
	 Methods to watch:[]
org/apache/commons/pool2/impl/GenericKeyedObjectPool$ObjectDeque : []
	 Methods to watch:[]
org/apache/commons/pool2/impl/LinkedBlockingDeque$Node : []
	 Methods to watch:[]
org/apache/commons/pool2/impl/GenericObjectPool : [Edit [start=43, end=44], Edit [start=52, end=53], Edit [start=65, end=66], Edit [start=70, end=71], Edit [start=73, end=74]]
	 Methods to watch:[]
org/apache/commons/pool2/impl/LinkedBlockingDeque : [Edit [start=37, end=37], Edit [start=45, end=45], Edit [start=50, end=50], Edit [start=55, end=55]]
	 Methods to watch:[]
org/apache/commons/pool2/impl/InterruptibleReentrantLock : [Edit [start=29, end=29]]
	 Methods to watch:[]
org/apache/commons/pool2/impl/LinkedBlockingDeque$AbstractItr : []
	 Methods to watch:[]
org/apache/commons/pool2/PooledObject : [Edit [start=27, end=27]]
	 Methods to watch:[]
org/apache/commons/pool2/impl/GenericKeyedObjectPool : [Edit [start=54, end=54], Edit [start=59, end=59], Edit [start=68, end=68], Edit [start=73, end=73], Edit [start=76, end=76]]
	 Methods to watch:[]
org/apache/commons/pool2/BaseObjectPool : [Edit [start=25, end=25]]
	 Methods to watch:[]
org/apache/commons/pool2/impl/EvictionConfig : [Edit [start=25, end=25]]
	 Methods to watch:[]
[INFO] 
[INFO] --- maven-compiler-plugin:3.8.0:testCompile (default-testCompile) @ commons-pool2 ---
[INFO] Changes detected - recompiling the module!
[INFO] Compiling 41 source files to /lv_scratch/scratch/mondego/local/Maruf/ASE/projects/commons-pool/target/test-classes
[INFO] /lv_scratch/scratch/mondego/local/Maruf/ASE/projects/commons-pool/src/test/java/org/apache/commons/pool2/ObjectPoolIssue326.java: Some input files use unchecked or unsafe operations.
[INFO] /lv_scratch/scratch/mondego/local/Maruf/ASE/projects/commons-pool/src/test/java/org/apache/commons/pool2/ObjectPoolIssue326.java: Recompile with -Xlint:unchecked for details.
[INFO] 
[INFO] --- maven-surefire-plugin:2.19.1:test (default-test) @ commons-pool2 ---

-------------------------------------------------------
 T E S T S
-------------------------------------------------------
Running org.apache.commons.pool2.impl.TestGenericObjectPoolFactoryCreateFailure
Tests run: 1, Failures: 0, Errors: 0, Skipped: 0, Time elapsed: 1.148 sec - in org.apache.commons.pool2.impl.TestGenericObjectPoolFactoryCreateFailure
Running org.apache.commons.pool2.impl.TestDefaultPooledObject
Tests run: 1, Failures: 0, Errors: 0, Skipped: 0, Time elapsed: 1.072 sec - in org.apache.commons.pool2.impl.TestDefaultPooledObject
Running org.apache.commons.pool2.impl.TestGenericObjectPoolClassLoaders
Tests run: 1, Failures: 0, Errors: 0, Skipped: 0, Time elapsed: 0.315 sec - in org.apache.commons.pool2.impl.TestGenericObjectPoolClassLoaders
Running org.apache.commons.pool2.impl.TestGenericObjectPool
Tests run: 87, Failures: 0, Errors: 0, Skipped: 0, Time elapsed: 99.19 sec - in org.apache.commons.pool2.impl.TestGenericObjectPool
Running org.apache.commons.pool2.impl.TestBaseGenericObjectPool
Tests run: 2, Failures: 0, Errors: 0, Skipped: 0, Time elapsed: 0 sec - in org.apache.commons.pool2.impl.TestBaseGenericObjectPool
Running org.apache.commons.pool2.impl.TestPooledSoftReference
Tests run: 2, Failures: 0, Errors: 0, Skipped: 0, Time elapsed: 0.001 sec - in org.apache.commons.pool2.impl.TestPooledSoftReference
Running org.apache.commons.pool2.impl.TestEvictionConfig
Tests run: 1, Failures: 0, Errors: 0, Skipped: 0, Time elapsed: 0 sec - in org.apache.commons.pool2.impl.TestEvictionConfig
Running org.apache.commons.pool2.impl.TestLinkedBlockingDeque
Tests run: 40, Failures: 0, Errors: 0, Skipped: 0, Time elapsed: 0.368 sec - in org.apache.commons.pool2.impl.TestLinkedBlockingDeque
Running org.apache.commons.pool2.impl.TestDefaultPooledObjectInfo
Tests run: 4, Failures: 0, Errors: 0, Skipped: 0, Time elapsed: 0.359 sec - in org.apache.commons.pool2.impl.TestDefaultPooledObjectInfo
Running org.apache.commons.pool2.impl.TestSoftReferenceObjectPool
Tests run: 17, Failures: 0, Errors: 0, Skipped: 0, Time elapsed: 0.261 sec - in org.apache.commons.pool2.impl.TestSoftReferenceObjectPool
Running org.apache.commons.pool2.impl.TestGenericKeyedObjectPool
Tests run: 66, Failures: 0, Errors: 0, Skipped: 0, Time elapsed: 169.207 sec - in org.apache.commons.pool2.impl.TestGenericKeyedObjectPool
Running org.apache.commons.pool2.impl.TestAbandonedObjectPool
Tests run: 6, Failures: 0, Errors: 0, Skipped: 0, Time elapsed: 10.866 sec - in org.apache.commons.pool2.impl.TestAbandonedObjectPool
Running org.apache.commons.pool2.impl.TestPoolImplUtils
Tests run: 2, Failures: 0, Errors: 0, Skipped: 0, Time elapsed: 0.002 sec - in org.apache.commons.pool2.impl.TestPoolImplUtils
Running org.apache.commons.pool2.impl.TestEvictionTimer
Tests run: 1, Failures: 0, Errors: 0, Skipped: 0, Time elapsed: 0.002 sec - in org.apache.commons.pool2.impl.TestEvictionTimer
Running org.apache.commons.pool2.TestBaseObjectPool
Tests run: 17, Failures: 0, Errors: 0, Skipped: 0, Time elapsed: 0.004 sec - in org.apache.commons.pool2.TestBaseObjectPool
Running org.apache.commons.pool2.proxy.TestProxiedKeyedObjectPoolWithCglibProxy
Tests run: 5, Failures: 0, Errors: 0, Skipped: 0, Time elapsed: 0.116 sec - in org.apache.commons.pool2.proxy.TestProxiedKeyedObjectPoolWithCglibProxy
Running org.apache.commons.pool2.proxy.TestProxiedObjectPoolWithJdkProxy
Tests run: 6, Failures: 0, Errors: 0, Skipped: 0, Time elapsed: 5.011 sec - in org.apache.commons.pool2.proxy.TestProxiedObjectPoolWithJdkProxy
Running org.apache.commons.pool2.proxy.TestProxiedObjectPoolWithCglibProxy
Tests run: 6, Failures: 0, Errors: 0, Skipped: 0, Time elapsed: 5.017 sec - in org.apache.commons.pool2.proxy.TestProxiedObjectPoolWithCglibProxy
Running org.apache.commons.pool2.proxy.TestProxiedKeyedObjectPoolWithJdkProxy
Tests run: 5, Failures: 0, Errors: 0, Skipped: 0, Time elapsed: 0.007 sec - in org.apache.commons.pool2.proxy.TestProxiedKeyedObjectPoolWithJdkProxy
Running org.apache.commons.pool2.TestBaseKeyedPoolableObjectFactory
Tests run: 1, Failures: 0, Errors: 0, Skipped: 0, Time elapsed: 0 sec - in org.apache.commons.pool2.TestBaseKeyedPoolableObjectFactory
Running org.apache.commons.pool2.TestBasePoolableObjectFactory
Tests run: 1, Failures: 0, Errors: 0, Skipped: 0, Time elapsed: 0 sec - in org.apache.commons.pool2.TestBasePoolableObjectFactory
Running org.apache.commons.pool2.TestPoolUtils
Tests run: 19, Failures: 0, Errors: 0, Skipped: 0, Time elapsed: 35.332 sec - in org.apache.commons.pool2.TestPoolUtils

Results :

Tests run: 291, Failures: 0, Errors: 0, Skipped: 0

[INFO] 
[INFO] --- maven-surefire-plugin:2.19.1:test (default-test-rerunfailures) @ commons-pool2 ---

-------------------------------------------------------
 T E S T S
-------------------------------------------------------

Results :

Tests run: 0, Failures: 0, Errors: 0, Skipped: 0

[INFO] 
[INFO] --- deflaker-maven-plugin:1.5-SNAPSHOT:report (deflaker-report-tests) @ commons-pool2 ---
[INFO] ------------------------------------------------------------------------
[INFO] TEST DIFFCOV ANALYSIS
[INFO] Apache Commons Poolcommons-pool2
[INFO] ------------------------------------------------------------------------
[INFO] Using covFile: /lv_scratch/scratch/mondego/local/Maruf/ASE/projects/commons-pool/target/diffcov.log
[INFO] Using difFile: /lv_scratch/scratch/mondego/local/Maruf/ASE/projects/commons-pool/.diffCache
[WARNING] Diff has gone untested: org/apache/commons/pool2/BaseKeyedPooledObjectFactory has uncovered changes [24, 26]
[WARNING] Diff has gone untested: org/apache/commons/pool2/impl/SoftReferenceObjectPool has uncovered changes [35]
[WARNING] Diff has gone untested: org/apache/commons/pool2/impl/DefaultEvictionPolicy has uncovered changes [34, 36]
[WARNING] Diff has gone untested: org/apache/commons/pool2/impl/GenericObjectPool has uncovered changes [43, 44, 52, 53, 65, 66, 70, 71, 73, 74]
[WARNING] Diff has gone untested: org/apache/commons/pool2/impl/LinkedBlockingDeque has uncovered changes [37, 45, 50, 55]
[WARNING] Diff has gone untested: org/apache/commons/pool2/impl/InterruptibleReentrantLock has uncovered changes [29]
[WARNING] Diff has gone untested: org/apache/commons/pool2/PooledObject has uncovered changes [27]
[WARNING] Diff has gone untested: org/apache/commons/pool2/impl/GenericKeyedObjectPool has uncovered changes [54, 59, 68, 73, 76]
[WARNING] Diff has gone untested: org/apache/commons/pool2/BaseObjectPool has uncovered changes [25]
[WARNING] Diff has gone untested: org/apache/commons/pool2/impl/EvictionConfig has uncovered changes [25]
[INFO] 
[INFO] --- maven-jar-plugin:3.1.1:jar (default-jar) @ commons-pool2 ---
[INFO] Building jar: /lv_scratch/scratch/mondego/local/Maruf/ASE/projects/commons-pool/target/commons-pool2-2.7.1-SNAPSHOT.jar
[INFO] 
[INFO] --- maven-site-plugin:3.7.1:attach-descriptor (attach-descriptor) @ commons-pool2 ---
[INFO] Skipping because packaging 'jar' is not pom.
[INFO] 
[INFO] --- maven-jar-plugin:3.1.1:test-jar (default) @ commons-pool2 ---
[INFO] Building jar: /lv_scratch/scratch/mondego/local/Maruf/ASE/projects/commons-pool/target/commons-pool2-2.7.1-SNAPSHOT-tests.jar
[INFO] 
[INFO] --- maven-source-plugin:3.0.1:jar-no-fork (create-source-jar) @ commons-pool2 ---
[INFO] Building jar: /lv_scratch/scratch/mondego/local/Maruf/ASE/projects/commons-pool/target/commons-pool2-2.7.1-SNAPSHOT-sources.jar
[INFO] 
[INFO] --- maven-source-plugin:3.0.1:test-jar-no-fork (create-source-jar) @ commons-pool2 ---
[INFO] Building jar: /lv_scratch/scratch/mondego/local/Maruf/ASE/projects/commons-pool/target/commons-pool2-2.7.1-SNAPSHOT-test-sources.jar
[INFO] ------------------------------------------------------------------------
[INFO] BUILD SUCCESS
[INFO] ------------------------------------------------------------------------
[INFO] Total time: 05:40 min
[INFO] Finished at: 2020-04-09T23:31:13-07:00
[INFO] Final Memory: 56M/2306M
[INFO] ------------------------------------------------------------------------
