[INFO] Scanning for projects...
[WARNING] The POM for commons-io:commons-io:jar:1.4 is invalid, transitive dependencies (if any) will not be available, enable debug logging for more details
Deflaker, version 1.5-SNAPSHOT loading...
Warning: Deflaker disabling incompatible org.apache.maven.plugins:maven-enforcer-plugin from commons-jxpath
Warning: Deflaker disabling incompatible org.apache.rat:apache-rat-plugin from commons-jxpath
[INFO]                                                                         
[INFO] ------------------------------------------------------------------------
[INFO] Building Apache Commons JXPath 1.4-SNAPSHOT
[INFO] ------------------------------------------------------------------------
[INFO] 
[INFO] --- build-helper-maven-plugin:1.9.1:parse-version (parse-version) @ commons-jxpath ---
[INFO] 
[INFO] --- maven-antrun-plugin:1.8:run (javadoc.resources) @ commons-jxpath ---
[INFO] Executing tasks

main:
[INFO] Executed tasks
[INFO] 
[INFO] --- maven-remote-resources-plugin:1.5:process (default) @ commons-jxpath ---
[INFO] 
[INFO] --- buildnumber-maven-plugin:1.3:create (default) @ commons-jxpath ---
[INFO] Executing: /bin/sh -c cd /lv_scratch/scratch/mondego/local/Maruf/ASE/projects/commons-jxpath && svn --non-interactive info
[INFO] Working directory: /lv_scratch/scratch/mondego/local/Maruf/ASE/projects/commons-jxpath
[INFO] Storing buildNumber: ?????? at timestamp: 1586496312942
[INFO] Executing: /bin/sh -c cd /lv_scratch/scratch/mondego/local/Maruf/ASE/projects/commons-jxpath && svn --non-interactive info
[INFO] Working directory: /lv_scratch/scratch/mondego/local/Maruf/ASE/projects/commons-jxpath
[INFO] Storing buildScmBranch: UNKNOWN_BRANCH
[INFO] 
[INFO] --- maven-resources-plugin:2.7:resources (default-resources) @ commons-jxpath ---
[INFO] Using 'iso-8859-1' encoding to copy filtered resources.
[INFO] skip non existing resourceDirectory /lv_scratch/scratch/mondego/local/Maruf/ASE/projects/commons-jxpath/src/main/resources
[INFO] Copying 2 resources to META-INF
[INFO] 
[INFO] --- maven-compiler-plugin:3.3:compile (default-compile) @ commons-jxpath ---
[INFO] Nothing to compile - all classes are up to date
[INFO] 
[INFO] --- maven-bundle-plugin:2.5.3:manifest (bundle-manifest) @ commons-jxpath ---
[INFO] 
[INFO] --- maven-resources-plugin:2.7:testResources (default-testResources) @ commons-jxpath ---
[INFO] Using 'iso-8859-1' encoding to copy filtered resources.
[INFO] Copying 7 resources
[INFO] 
[INFO] --- deflaker-maven-plugin:1.5-SNAPSHOT:diff (deflaker-diff) @ commons-jxpath ---
/lv_scratch/scratch/mondego/local/Maruf/ASE/projects/commons-jxpath/.git DIFF'ing to HEAD
[ERROR] fatal: Invalid path '/pkg/git/2.13.1/etc': No such file or directory

Diff'ing f5157bf149704557bd52059ad467ea5378d15cf7 against: 78b7158771edbc7f5b6fa1fa2f8651cee838e9c6
[INFO] 
[INFO] --- maven-compiler-plugin:3.3:testCompile (default-testCompile) @ commons-jxpath ---
[INFO] Changes detected - recompiling the module!
[INFO] Compiling 55 source files to /lv_scratch/scratch/mondego/local/Maruf/ASE/projects/commons-jxpath/target/test-classes
[INFO] 
[INFO] --- maven-surefire-plugin:2.19.1:test (default-test) @ commons-jxpath ---

-------------------------------------------------------
 T E S T S
-------------------------------------------------------
Running org.apache.commons.jxpath.ri.compiler.ExtensionFunctionTest
Tests run: 17, Failures: 0, Errors: 0, Skipped: 0, Time elapsed: 0.204 sec - in org.apache.commons.jxpath.ri.compiler.ExtensionFunctionTest
Running org.apache.commons.jxpath.ri.compiler.ContextDependencyTest
Tests run: 1, Failures: 0, Errors: 0, Skipped: 0, Time elapsed: 0 sec - in org.apache.commons.jxpath.ri.compiler.ContextDependencyTest
Running org.apache.commons.jxpath.ri.compiler.CoreOperationTest
Tests run: 4, Failures: 0, Errors: 0, Skipped: 0, Time elapsed: 0 sec - in org.apache.commons.jxpath.ri.compiler.CoreOperationTest
Running org.apache.commons.jxpath.ri.compiler.JXPath149Test
Tests run: 1, Failures: 0, Errors: 0, Skipped: 0, Time elapsed: 0 sec - in org.apache.commons.jxpath.ri.compiler.JXPath149Test
Running org.apache.commons.jxpath.ri.compiler.CoreFunctionTest
Tests run: 5, Failures: 0, Errors: 0, Skipped: 0, Time elapsed: 0.245 sec - in org.apache.commons.jxpath.ri.compiler.CoreFunctionTest
Running org.apache.commons.jxpath.ri.compiler.VariableTest
Tests run: 20, Failures: 0, Errors: 0, Skipped: 0, Time elapsed: 0.057 sec - in org.apache.commons.jxpath.ri.compiler.VariableTest
Running org.apache.commons.jxpath.ri.model.dynabeans.LazyDynaBeanTest
Tests run: 2, Failures: 0, Errors: 0, Skipped: 0, Time elapsed: 0.005 sec - in org.apache.commons.jxpath.ri.model.dynabeans.LazyDynaBeanTest
Running org.apache.commons.jxpath.ri.model.dynabeans.DynaBeanModelTest
Tests run: 50, Failures: 0, Errors: 0, Skipped: 0, Time elapsed: 0.074 sec - in org.apache.commons.jxpath.ri.model.dynabeans.DynaBeanModelTest
Running org.apache.commons.jxpath.ri.model.dynamic.DynamicPropertiesModelTest
Tests run: 18, Failures: 0, Errors: 0, Skipped: 0, Time elapsed: 0.008 sec - in org.apache.commons.jxpath.ri.model.dynamic.DynamicPropertiesModelTest
Running org.apache.commons.jxpath.ri.model.MixedModelTest
Tests run: 40, Failures: 0, Errors: 0, Skipped: 0, Time elapsed: 0.087 sec - in org.apache.commons.jxpath.ri.model.MixedModelTest
Running org.apache.commons.jxpath.ri.model.dom.DOMModelTest
Tests run: 34, Failures: 0, Errors: 0, Skipped: 0, Time elapsed: 0.113 sec - in org.apache.commons.jxpath.ri.model.dom.DOMModelTest
Running org.apache.commons.jxpath.ri.model.XMLSpaceTest
Tests run: 10, Failures: 0, Errors: 0, Skipped: 0, Time elapsed: 0.035 sec - in org.apache.commons.jxpath.ri.model.XMLSpaceTest
Running org.apache.commons.jxpath.ri.model.jdom.JDOMModelTest
Tests run: 34, Failures: 0, Errors: 0, Skipped: 0, Time elapsed: 0.1 sec - in org.apache.commons.jxpath.ri.model.jdom.JDOMModelTest
Running org.apache.commons.jxpath.ri.model.beans.BadlyImplementedFactoryTest
Tests run: 1, Failures: 0, Errors: 0, Skipped: 0, Time elapsed: 0 sec - in org.apache.commons.jxpath.ri.model.beans.BadlyImplementedFactoryTest
Running org.apache.commons.jxpath.ri.model.beans.BeanModelTest
Tests run: 51, Failures: 0, Errors: 0, Skipped: 0, Time elapsed: 0.024 sec - in org.apache.commons.jxpath.ri.model.beans.BeanModelTest
Running org.apache.commons.jxpath.ri.model.JXPath154Test
Tests run: 2, Failures: 0, Errors: 0, Skipped: 0, Time elapsed: 0 sec - in org.apache.commons.jxpath.ri.model.JXPath154Test
Running org.apache.commons.jxpath.ri.model.XMLPreserveSpaceTest
Tests run: 10, Failures: 0, Errors: 0, Skipped: 0, Time elapsed: 0.01 sec - in org.apache.commons.jxpath.ri.model.XMLPreserveSpaceTest
Running org.apache.commons.jxpath.ri.model.container.ContainerModelTest
Tests run: 4, Failures: 0, Errors: 0, Skipped: 0, Time elapsed: 0.003 sec - in org.apache.commons.jxpath.ri.model.container.ContainerModelTest
Running org.apache.commons.jxpath.ri.model.EmptyCollectionTest
Tests run: 6, Failures: 0, Errors: 0, Skipped: 0, Time elapsed: 0.001 sec - in org.apache.commons.jxpath.ri.model.EmptyCollectionTest
Running org.apache.commons.jxpath.ri.model.XMLUpperCaseElementsTest
Tests run: 4, Failures: 0, Errors: 0, Skipped: 0, Time elapsed: 0.004 sec - in org.apache.commons.jxpath.ri.model.XMLUpperCaseElementsTest
Running org.apache.commons.jxpath.ri.model.EmbeddedColonMapKeysTest
Tests run: 2, Failures: 0, Errors: 0, Skipped: 0, Time elapsed: 0 sec - in org.apache.commons.jxpath.ri.model.EmbeddedColonMapKeysTest
Running org.apache.commons.jxpath.ri.model.ExternalXMLNamespaceTest
Tests run: 3, Failures: 0, Errors: 0, Skipped: 0, Time elapsed: 0.002 sec - in org.apache.commons.jxpath.ri.model.ExternalXMLNamespaceTest
Running org.apache.commons.jxpath.ri.model.AliasedNamespaceIterationTest
Tests run: 2, Failures: 0, Errors: 0, Skipped: 0, Time elapsed: 0 sec - in org.apache.commons.jxpath.ri.model.AliasedNamespaceIterationTest
Running org.apache.commons.jxpath.ri.model.JXPath151Test
Tests run: 2, Failures: 0, Errors: 0, Skipped: 0, Time elapsed: 0 sec - in org.apache.commons.jxpath.ri.model.JXPath151Test
Running org.apache.commons.jxpath.ri.ExceptionHandlerTest
Tests run: 2, Failures: 0, Errors: 0, Skipped: 0, Time elapsed: 0.004 sec - in org.apache.commons.jxpath.ri.ExceptionHandlerTest
Running org.apache.commons.jxpath.ri.axes.RecursiveAxesTest
Tests run: 1, Failures: 0, Errors: 0, Skipped: 0, Time elapsed: 0 sec - in org.apache.commons.jxpath.ri.axes.RecursiveAxesTest
Running org.apache.commons.jxpath.ri.axes.SimplePathInterpreterTest
Tests run: 8, Failures: 0, Errors: 0, Skipped: 0, Time elapsed: 0.022 sec - in org.apache.commons.jxpath.ri.axes.SimplePathInterpreterTest
Running org.apache.commons.jxpath.ri.JXPathCompiledExpressionTest
Tests run: 29, Failures: 0, Errors: 0, Skipped: 0, Time elapsed: 0.008 sec - in org.apache.commons.jxpath.ri.JXPathCompiledExpressionTest
Running org.apache.commons.jxpath.ri.StressTest
Tests run: 1, Failures: 0, Errors: 0, Skipped: 0, Time elapsed: 1.375 sec - in org.apache.commons.jxpath.ri.StressTest
Running org.apache.commons.jxpath.util.ClassLoaderUtilTest
Tests run: 4, Failures: 0, Errors: 0, Skipped: 0, Time elapsed: 0.004 sec - in org.apache.commons.jxpath.util.ClassLoaderUtilTest
Running org.apache.commons.jxpath.util.BasicTypeConverterTest
Tests run: 11, Failures: 0, Errors: 0, Skipped: 0, Time elapsed: 0.025 sec - in org.apache.commons.jxpath.util.BasicTypeConverterTest
Running org.apache.commons.jxpath.servlet.JXPathServletContextTest
Tests run: 4, Failures: 0, Errors: 0, Skipped: 0, Time elapsed: 0.021 sec - in org.apache.commons.jxpath.servlet.JXPathServletContextTest
Running org.apache.commons.jxpath.BasicNodeSetTest
Tests run: 3, Failures: 0, Errors: 0, Skipped: 0, Time elapsed: 0.006 sec - in org.apache.commons.jxpath.BasicNodeSetTest

Results :

Tests run: 386, Failures: 0, Errors: 0, Skipped: 0

[INFO] 
[INFO] --- maven-surefire-plugin:2.19.1:test (default-test-rerunfailures) @ commons-jxpath ---

-------------------------------------------------------
 T E S T S
-------------------------------------------------------

Results :

Tests run: 0, Failures: 0, Errors: 0, Skipped: 0

[INFO] 
[INFO] --- deflaker-maven-plugin:1.5-SNAPSHOT:report (deflaker-report-tests) @ commons-jxpath ---
[INFO] ------------------------------------------------------------------------
[INFO] TEST DIFFCOV ANALYSIS
[INFO] Apache Commons JXPathcommons-jxpath
[INFO] ------------------------------------------------------------------------
[INFO] Using covFile: /lv_scratch/scratch/mondego/local/Maruf/ASE/projects/commons-jxpath/target/diffcov.log
[INFO] Using difFile: /lv_scratch/scratch/mondego/local/Maruf/ASE/projects/commons-jxpath/.diffCache
[INFO] 
[INFO] --- maven-jar-plugin:2.6:jar (default-jar) @ commons-jxpath ---
[INFO] Building jar: /lv_scratch/scratch/mondego/local/Maruf/ASE/projects/commons-jxpath/target/commons-jxpath-1.4-SNAPSHOT.jar
[INFO] 
[INFO] --- maven-site-plugin:3.4:attach-descriptor (attach-descriptor) @ commons-jxpath ---
[INFO] ------------------------------------------------------------------------
[INFO] BUILD SUCCESS
[INFO] ------------------------------------------------------------------------
[INFO] Total time: 11.879 s
[INFO] Finished at: 2020-04-09T22:25:21-07:00
[INFO] Final Memory: 54M/2155M
[INFO] ------------------------------------------------------------------------
