[INFO] Scanning for projects...
Deflaker, version 1.5-SNAPSHOT loading...
Warning: Deflaker disabling incompatible org.apache.maven.plugins:maven-enforcer-plugin from commons-math4
Warning: Deflaker disabling incompatible org.apache.rat:apache-rat-plugin from commons-math4
Warning: Deflaker disabling incompatible org.jacoco:jacoco-maven-plugin from commons-math4
[INFO]                                                                         
[INFO] ------------------------------------------------------------------------
[INFO] Building Apache Commons Math 4.0-SNAPSHOT
[INFO] ------------------------------------------------------------------------
[INFO] 
[INFO] --- build-helper-maven-plugin:1.7:parse-version (parse-version) @ commons-math4 ---
[INFO] 
[INFO] --- maven-antrun-plugin:1.7:run (javadoc.resources) @ commons-math4 ---
[INFO] Executing tasks

main:
     [copy] Copying 2 files to /Users/demigorgan/DEFLAKER-TEST/projects/commons-math/target/apidocs/META-INF
[INFO] Executed tasks
[INFO] 
[INFO] --- maven-remote-resources-plugin:1.5:process (process-resource-bundles) @ commons-math4 ---
[INFO] 
[INFO] --- buildnumber-maven-plugin:1.4:create (default) @ commons-math4 ---
[INFO] Executing: /bin/sh -c cd '/Users/demigorgan/DEFLAKER-TEST/projects/commons-math' && 'git' 'rev-parse' '--verify' 'HEAD'
[INFO] Working directory: /Users/demigorgan/DEFLAKER-TEST/projects/commons-math
[INFO] Storing buildNumber: f4dd17aa7d68509e41c906dd8e53265985b878b4 at timestamp: 2020-04-09 18:04:39-0700
[INFO] Storing buildScmBranch: master
[INFO] 
[INFO] --- maven-jgit-buildnumber-plugin:1.2.11:extract-buildnumber (default) @ commons-math4 ---
[INFO] Git info extracted in 293ms, revision: 'f4dd17a', branch: 'master', tag: '', commitsCount: '6457', commitDate: '2019-12-16', buildDate: '2020-04-09', buildnumber: 'master.6457.f4dd17a'
[INFO] 
[INFO] --- maven-resources-plugin:3.1.0:resources (default-resources) @ commons-math4 ---
[INFO] Using 'UTF-8' encoding to copy filtered resources.
[INFO] Copying 3 resources
[INFO] Copying 2 resources to META-INF
[INFO] 
[INFO] --- maven-compiler-plugin:3.8.0:compile (default-compile) @ commons-math4 ---
[INFO] Changes detected - recompiling the module!
[INFO] Compiling 715 source files to /Users/demigorgan/DEFLAKER-TEST/projects/commons-math/target/classes
[INFO] /Users/demigorgan/DEFLAKER-TEST/projects/commons-math/src/main/java/org/apache/commons/math4/analysis/integration/BaseAbstractUnivariateIntegrator.java: Some input files use or override a deprecated API.
[INFO] /Users/demigorgan/DEFLAKER-TEST/projects/commons-math/src/main/java/org/apache/commons/math4/analysis/integration/BaseAbstractUnivariateIntegrator.java: Recompile with -Xlint:deprecation for details.
[INFO] /Users/demigorgan/DEFLAKER-TEST/projects/commons-math/src/main/java/org/apache/commons/math4/field/linalg/FieldDenseMatrix.java: /Users/demigorgan/DEFLAKER-TEST/projects/commons-math/src/main/java/org/apache/commons/math4/field/linalg/FieldDenseMatrix.java uses unchecked or unsafe operations.
[INFO] /Users/demigorgan/DEFLAKER-TEST/projects/commons-math/src/main/java/org/apache/commons/math4/field/linalg/FieldDenseMatrix.java: Recompile with -Xlint:unchecked for details.
[INFO] 
[INFO] --- maven-bundle-plugin:4.1.0:manifest (bundle-manifest) @ commons-math4 ---
[INFO] 
[INFO] --- animal-sniffer-maven-plugin:1.17:check (checkAPIcompatibility) @ commons-math4 ---
[INFO] Checking unresolved references to org.codehaus.mojo.signature:java18:1.0
[INFO] 
[INFO] --- maven-resources-plugin:3.1.0:testResources (default-testResources) @ commons-math4 ---
[INFO] Using 'UTF-8' encoding to copy filtered resources.
[INFO] Copying 38 resources
[INFO] Copying 2 resources to META-INF
[INFO] 
[INFO] --- deflaker-maven-plugin:1.5-SNAPSHOT:diff (deflaker-diff) @ commons-math4 ---
/Users/demigorgan/DEFLAKER-TEST/projects/commons-math/.git DIFF'ing to HEAD
Diff'ing f4dd17aa7d68509e41c906dd8e53265985b878b4 against: ed6b06d02ff341a93d848fa34da23b9cb25c611f
org/apache/commons/math4/linear/RealVectorAbstractTest : [Edit [start=226, end=226], Edit [start=273, end=273]]
	 Methods to watch:[]
org/apache/commons/math4/stat/inference/KolmogorovSmirnovTestTest : [Edit [start=712, end=713], Edit [start=727, end=728], Edit [start=730, end=731]]
	 Methods to watch:[]
org/apache/commons/math4/fitting/leastsquares/StatisticalReferenceDataset$LeastSquaresProblem : []
	 Methods to watch:[]
org/apache/commons/math4/linear/RealVectorAbstractTest$2 : []
	 Methods to watch:[]
org/apache/commons/math4/fitting/leastsquares/StatisticalReferenceDataset$LeastSquaresProblem$1 : []
	 Methods to watch:[]
org/apache/commons/math4/linear/RealVectorAbstractTest$1 : []
	 Methods to watch:[]
org/apache/commons/math4/fitting/leastsquares/StatisticalReferenceDataset$LeastSquaresProblem$2 : []
	 Methods to watch:[]
org/apache/commons/math4/linear/RealVectorAbstractTest$4 : []
	 Methods to watch:[]
org/apache/commons/math4/linear/RealVectorAbstractTest$3 : []
	 Methods to watch:[]
org/apache/commons/math4/stat/descriptive/rank/PercentileTest : [Edit [start=35, end=34], Edit [start=632, end=632]]
	 Methods to watch:[]
org/apache/commons/math4/linear/RealVectorAbstractTest$BinaryOperation : []
	 Methods to watch:[]
org/apache/commons/math4/fitting/leastsquares/StatisticalReferenceDataset : [Edit [start=22, end=22], Edit [start=26, end=25], Edit [start=202, end=202], Edit [start=241, end=241], Edit [start=260, end=260], Edit [start=300, end=300]]
	 Methods to watch:[]
org/apache/commons/math4/linear/RealVectorAbstractTest$9 : []
	 Methods to watch:[]
org/apache/commons/math4/linear/RealVectorAbstractTest$12 : []
	 Methods to watch:[]
org/apache/commons/math4/linear/RealVectorAbstractTest$11 : []
	 Methods to watch:[]
org/apache/commons/math4/linear/RealVectorAbstractTest$10 : []
	 Methods to watch:[]
org/apache/commons/math4/linear/RealVectorAbstractTest$RealVectorTestImpl : []
	 Methods to watch:[]
org/apache/commons/math4/linear/RealVectorAbstractTest$6 : []
	 Methods to watch:[]
org/apache/commons/math4/linear/RealVectorAbstractTest$5 : []
	 Methods to watch:[]
org/apache/commons/math4/linear/RealVectorAbstractTest$8 : []
	 Methods to watch:[]
org/apache/commons/math4/linear/RealVectorAbstractTest$7 : []
	 Methods to watch:[]
[INFO] 
[INFO] --- maven-compiler-plugin:3.8.0:testCompile (default-testCompile) @ commons-math4 ---
[INFO] Changes detected - recompiling the module!
[INFO] Compiling 442 source files to /Users/demigorgan/DEFLAKER-TEST/projects/commons-math/target/test-classes
[INFO] /Users/demigorgan/DEFLAKER-TEST/projects/commons-math/src/test/java/org/apache/commons/math4/util/IncrementorTest.java: Some input files use or override a deprecated API.
[INFO] /Users/demigorgan/DEFLAKER-TEST/projects/commons-math/src/test/java/org/apache/commons/math4/util/IncrementorTest.java: Recompile with -Xlint:deprecation for details.
[INFO] 
[INFO] --- maven-surefire-plugin:2.19.1:test (default-test) @ commons-math4 ---

-------------------------------------------------------
 T E S T S
-------------------------------------------------------
Running org.apache.commons.math4.fitting.PolynomialCurveFitterTest
Tests run: 5, Failures: 0, Errors: 0, Skipped: 0, Time elapsed: 1.608 sec - in org.apache.commons.math4.fitting.PolynomialCurveFitterTest
Running org.apache.commons.math4.fitting.HarmonicCurveFitterTest
Tests run: 7, Failures: 0, Errors: 0, Skipped: 0, Time elapsed: 0.036 sec - in org.apache.commons.math4.fitting.HarmonicCurveFitterTest
Running org.apache.commons.math4.fitting.SimpleCurveFitterTest
Tests run: 1, Failures: 0, Errors: 0, Skipped: 0, Time elapsed: 0.018 sec - in org.apache.commons.math4.fitting.SimpleCurveFitterTest
Running org.apache.commons.math4.fitting.leastsquares.GaussNewtonOptimizerWithCholeskyTest
Tests run: 21, Failures: 0, Errors: 0, Skipped: 0, Time elapsed: 0.119 sec - in org.apache.commons.math4.fitting.leastsquares.GaussNewtonOptimizerWithCholeskyTest
Running org.apache.commons.math4.fitting.leastsquares.GaussNewtonOptimizerWithQRTest
Tests run: 21, Failures: 0, Errors: 0, Skipped: 0, Time elapsed: 0.075 sec - in org.apache.commons.math4.fitting.leastsquares.GaussNewtonOptimizerWithQRTest
Running org.apache.commons.math4.fitting.leastsquares.DifferentiatorVectorMultivariateJacobianFunctionTest
Tests run: 1, Failures: 0, Errors: 0, Skipped: 0, Time elapsed: 0.098 sec - in org.apache.commons.math4.fitting.leastsquares.DifferentiatorVectorMultivariateJacobianFunctionTest
Running org.apache.commons.math4.fitting.leastsquares.EvaluationRmsCheckerTest
Tests run: 1, Failures: 0, Errors: 0, Skipped: 0, Time elapsed: 0.002 sec - in org.apache.commons.math4.fitting.leastsquares.EvaluationRmsCheckerTest
Running org.apache.commons.math4.fitting.leastsquares.GaussNewtonOptimizerWithSVDTest
Tests run: 21, Failures: 0, Errors: 0, Skipped: 0, Time elapsed: 0.264 sec - in org.apache.commons.math4.fitting.leastsquares.GaussNewtonOptimizerWithSVDTest
Running org.apache.commons.math4.fitting.leastsquares.MinpackTest
Tests run: 18, Failures: 0, Errors: 0, Skipped: 0, Time elapsed: 0.137 sec - in org.apache.commons.math4.fitting.leastsquares.MinpackTest
Running org.apache.commons.math4.fitting.leastsquares.LevenbergMarquardtOptimizerTest
Tests run: 25, Failures: 0, Errors: 0, Skipped: 0, Time elapsed: 0.173 sec - in org.apache.commons.math4.fitting.leastsquares.LevenbergMarquardtOptimizerTest
Running org.apache.commons.math4.fitting.leastsquares.EvaluationTest
Tests run: 10, Failures: 0, Errors: 0, Skipped: 0, Time elapsed: 0.044 sec - in org.apache.commons.math4.fitting.leastsquares.EvaluationTest
Running org.apache.commons.math4.fitting.leastsquares.GaussNewtonOptimizerWithLUTest
Tests run: 21, Failures: 0, Errors: 0, Skipped: 0, Time elapsed: 0.041 sec - in org.apache.commons.math4.fitting.leastsquares.GaussNewtonOptimizerWithLUTest
Running org.apache.commons.math4.fitting.GaussianCurveFitterTest
Tests run: 12, Failures: 0, Errors: 0, Skipped: 0, Time elapsed: 0.038 sec - in org.apache.commons.math4.fitting.GaussianCurveFitterTest
Running org.apache.commons.math4.fitting.WeightedObservedPointsTest
Tests run: 5, Failures: 0, Errors: 0, Skipped: 0, Time elapsed: 0 sec - in org.apache.commons.math4.fitting.WeightedObservedPointsTest
Running org.apache.commons.math4.analysis.FunctionUtilsTest
Tests run: 19, Failures: 0, Errors: 0, Skipped: 0, Time elapsed: 0.404 sec - in org.apache.commons.math4.analysis.FunctionUtilsTest
Running org.apache.commons.math4.analysis.integration.IterativeLegendreGaussIntegratorTest
Tests run: 5, Failures: 0, Errors: 0, Skipped: 0, Time elapsed: 1.293 sec - in org.apache.commons.math4.analysis.integration.IterativeLegendreGaussIntegratorTest
Running org.apache.commons.math4.analysis.integration.RombergIntegratorTest
Tests run: 3, Failures: 0, Errors: 0, Skipped: 0, Time elapsed: 0.001 sec - in org.apache.commons.math4.analysis.integration.RombergIntegratorTest
Running org.apache.commons.math4.analysis.integration.TrapezoidIntegratorTest
Tests run: 3, Failures: 0, Errors: 0, Skipped: 0, Time elapsed: 0.001 sec - in org.apache.commons.math4.analysis.integration.TrapezoidIntegratorTest
Running org.apache.commons.math4.analysis.integration.gauss.GaussIntegratorTest
Tests run: 3, Failures: 0, Errors: 0, Skipped: 0, Time elapsed: 0 sec - in org.apache.commons.math4.analysis.integration.gauss.GaussIntegratorTest
Running org.apache.commons.math4.analysis.integration.gauss.HermiteParametricTest
Tests run: 30, Failures: 0, Errors: 0, Skipped: 0, Time elapsed: 0.042 sec - in org.apache.commons.math4.analysis.integration.gauss.HermiteParametricTest
Running org.apache.commons.math4.analysis.integration.gauss.HermiteTest
Tests run: 3, Failures: 0, Errors: 0, Skipped: 0, Time elapsed: 0 sec - in org.apache.commons.math4.analysis.integration.gauss.HermiteTest
Running org.apache.commons.math4.analysis.integration.gauss.LegendreParametricTest
Tests run: 30, Failures: 0, Errors: 0, Skipped: 0, Time elapsed: 0.036 sec - in org.apache.commons.math4.analysis.integration.gauss.LegendreParametricTest
Running org.apache.commons.math4.analysis.integration.gauss.LaguerreTest
Tests run: 1, Failures: 0, Errors: 0, Skipped: 0, Time elapsed: 0.009 sec - in org.apache.commons.math4.analysis.integration.gauss.LaguerreTest
Running org.apache.commons.math4.analysis.integration.gauss.BaseRuleFactoryTest
Tests run: 1, Failures: 0, Errors: 0, Skipped: 0, Time elapsed: 0.025 sec - in org.apache.commons.math4.analysis.integration.gauss.BaseRuleFactoryTest
Running org.apache.commons.math4.analysis.integration.gauss.LegendreHighPrecisionParametricTest
Tests run: 30, Failures: 0, Errors: 0, Skipped: 0, Time elapsed: 1.466 sec - in org.apache.commons.math4.analysis.integration.gauss.LegendreHighPrecisionParametricTest
Running org.apache.commons.math4.analysis.integration.gauss.LegendreTest
Tests run: 2, Failures: 0, Errors: 0, Skipped: 0, Time elapsed: 0.034 sec - in org.apache.commons.math4.analysis.integration.gauss.LegendreTest
Running org.apache.commons.math4.analysis.integration.gauss.LegendreHighPrecisionTest
Tests run: 2, Failures: 0, Errors: 0, Skipped: 0, Time elapsed: 5.333 sec - in org.apache.commons.math4.analysis.integration.gauss.LegendreHighPrecisionTest
Running org.apache.commons.math4.analysis.integration.SimpsonIntegratorTest
Tests run: 8, Failures: 0, Errors: 0, Skipped: 0, Time elapsed: 0.002 sec - in org.apache.commons.math4.analysis.integration.SimpsonIntegratorTest
Running org.apache.commons.math4.analysis.integration.MidPointIntegratorTest
Tests run: 4, Failures: 0, Errors: 0, Skipped: 0, Time elapsed: 0.215 sec - in org.apache.commons.math4.analysis.integration.MidPointIntegratorTest
Running org.apache.commons.math4.analysis.solvers.BracketingNthOrderBrentSolverTest
Tests run: 15, Failures: 0, Errors: 0, Skipped: 0, Time elapsed: 0.011 sec - in org.apache.commons.math4.analysis.solvers.BracketingNthOrderBrentSolverTest
Running org.apache.commons.math4.analysis.solvers.MullerSolver2Test
Tests run: 4, Failures: 0, Errors: 0, Skipped: 0, Time elapsed: 0.001 sec - in org.apache.commons.math4.analysis.solvers.MullerSolver2Test
Running org.apache.commons.math4.analysis.solvers.RegulaFalsiSolverTest
Tests run: 9, Failures: 0, Errors: 0, Skipped: 0, Time elapsed: 0.004 sec - in org.apache.commons.math4.analysis.solvers.RegulaFalsiSolverTest
Running org.apache.commons.math4.analysis.solvers.SecantSolverTest
Tests run: 8, Failures: 0, Errors: 0, Skipped: 0, Time elapsed: 0.001 sec - in org.apache.commons.math4.analysis.solvers.SecantSolverTest
Running org.apache.commons.math4.analysis.solvers.PegasusSolverTest
Tests run: 8, Failures: 0, Errors: 0, Skipped: 0, Time elapsed: 0.001 sec - in org.apache.commons.math4.analysis.solvers.PegasusSolverTest
Running org.apache.commons.math4.analysis.solvers.MullerSolverTest
Tests run: 4, Failures: 0, Errors: 0, Skipped: 0, Time elapsed: 0.005 sec - in org.apache.commons.math4.analysis.solvers.MullerSolverTest
Running org.apache.commons.math4.analysis.solvers.BrentSolverTest
Tests run: 6, Failures: 0, Errors: 0, Skipped: 0, Time elapsed: 0.003 sec - in org.apache.commons.math4.analysis.solvers.BrentSolverTest
Running org.apache.commons.math4.analysis.solvers.FieldBracketingNthOrderBrentSolverTest
Tests run: 4, Failures: 0, Errors: 0, Skipped: 0, Time elapsed: 1.027 sec - in org.apache.commons.math4.analysis.solvers.FieldBracketingNthOrderBrentSolverTest
Running org.apache.commons.math4.analysis.solvers.BisectionSolverTest
Tests run: 3, Failures: 0, Errors: 0, Skipped: 0, Time elapsed: 0.001 sec - in org.apache.commons.math4.analysis.solvers.BisectionSolverTest
Running org.apache.commons.math4.analysis.solvers.LaguerreSolverTest
Tests run: 5, Failures: 0, Errors: 0, Skipped: 0, Time elapsed: 0.006 sec - in org.apache.commons.math4.analysis.solvers.LaguerreSolverTest
Running org.apache.commons.math4.analysis.solvers.NewtonRaphsonSolverTest
Tests run: 2, Failures: 0, Errors: 0, Skipped: 0, Time elapsed: 0 sec - in org.apache.commons.math4.analysis.solvers.NewtonRaphsonSolverTest
Running org.apache.commons.math4.analysis.solvers.IllinoisSolverTest
Tests run: 8, Failures: 0, Errors: 0, Skipped: 0, Time elapsed: 0.001 sec - in org.apache.commons.math4.analysis.solvers.IllinoisSolverTest
Running org.apache.commons.math4.analysis.solvers.RiddersSolverTest
Tests run: 4, Failures: 0, Errors: 0, Skipped: 0, Time elapsed: 0.001 sec - in org.apache.commons.math4.analysis.solvers.RiddersSolverTest
Running org.apache.commons.math4.analysis.solvers.UnivariateSolverUtilsTest
Tests run: 22, Failures: 0, Errors: 0, Skipped: 0, Time elapsed: 0.001 sec - in org.apache.commons.math4.analysis.solvers.UnivariateSolverUtilsTest
Running org.apache.commons.math4.analysis.function.SincTest
Tests run: 8, Failures: 0, Errors: 0, Skipped: 0, Time elapsed: 0.039 sec - in org.apache.commons.math4.analysis.function.SincTest
Running org.apache.commons.math4.analysis.function.HarmonicOscillatorTest
Tests run: 8, Failures: 0, Errors: 0, Skipped: 0, Time elapsed: 0.004 sec - in org.apache.commons.math4.analysis.function.HarmonicOscillatorTest
Running org.apache.commons.math4.analysis.function.SqrtTest
Tests run: 3, Failures: 0, Errors: 0, Skipped: 0, Time elapsed: 0.004 sec - in org.apache.commons.math4.analysis.function.SqrtTest
Running org.apache.commons.math4.analysis.function.UnivariateDifferentiableFunctionTest
Tests run: 23, Failures: 0, Errors: 0, Skipped: 0, Time elapsed: 0.013 sec - in org.apache.commons.math4.analysis.function.UnivariateDifferentiableFunctionTest
Running org.apache.commons.math4.analysis.function.LogisticTest
Tests run: 14, Failures: 0, Errors: 0, Skipped: 0, Time elapsed: 0.006 sec - in org.apache.commons.math4.analysis.function.LogisticTest
Running org.apache.commons.math4.analysis.function.UnivariateFunctionTest
Tests run: 7, Failures: 0, Errors: 0, Skipped: 0, Time elapsed: 0.003 sec - in org.apache.commons.math4.analysis.function.UnivariateFunctionTest
Running org.apache.commons.math4.analysis.function.SigmoidTest
Tests run: 9, Failures: 0, Errors: 0, Skipped: 0, Time elapsed: 0.001 sec - in org.apache.commons.math4.analysis.function.SigmoidTest
Running org.apache.commons.math4.analysis.function.GaussianTest
Tests run: 14, Failures: 0, Errors: 0, Skipped: 0, Time elapsed: 0.001 sec - in org.apache.commons.math4.analysis.function.GaussianTest
Running org.apache.commons.math4.analysis.function.StepFunctionTest
Tests run: 9, Failures: 0, Errors: 0, Skipped: 0, Time elapsed: 0 sec - in org.apache.commons.math4.analysis.function.StepFunctionTest
Running org.apache.commons.math4.analysis.function.BivariateFunctionTest
Tests run: 2, Failures: 0, Errors: 0, Skipped: 0, Time elapsed: 0.003 sec - in org.apache.commons.math4.analysis.function.BivariateFunctionTest
Running org.apache.commons.math4.analysis.function.LogitTest
Tests run: 15, Failures: 0, Errors: 0, Skipped: 0, Time elapsed: 0.003 sec - in org.apache.commons.math4.analysis.function.LogitTest
Running org.apache.commons.math4.analysis.differentiation.SparseGradientTest
Tests run: 120, Failures: 0, Errors: 0, Skipped: 0, Time elapsed: 0.485 sec - in org.apache.commons.math4.analysis.differentiation.SparseGradientTest
Running org.apache.commons.math4.analysis.differentiation.FiniteDifferencesDifferentiatorTest
Tests run: 16, Failures: 0, Errors: 0, Skipped: 0, Time elapsed: 0.052 sec - in org.apache.commons.math4.analysis.differentiation.FiniteDifferencesDifferentiatorTest
Running org.apache.commons.math4.analysis.differentiation.JacobianFunctionTest
Tests run: 1, Failures: 0, Errors: 0, Skipped: 0, Time elapsed: 0.016 sec - in org.apache.commons.math4.analysis.differentiation.JacobianFunctionTest
Running org.apache.commons.math4.analysis.differentiation.DSCompilerTest
Tests run: 7, Failures: 0, Errors: 0, Skipped: 0, Time elapsed: 0.051 sec - in org.apache.commons.math4.analysis.differentiation.DSCompilerTest
Running org.apache.commons.math4.analysis.differentiation.DerivativeStructureTest
Tests run: 124, Failures: 0, Errors: 0, Skipped: 0, Time elapsed: 0.915 sec - in org.apache.commons.math4.analysis.differentiation.DerivativeStructureTest
Running org.apache.commons.math4.analysis.differentiation.GradientFunctionTest
Tests run: 2, Failures: 0, Errors: 0, Skipped: 0, Time elapsed: 0.084 sec - in org.apache.commons.math4.analysis.differentiation.GradientFunctionTest
Running org.apache.commons.math4.analysis.polynomials.PolynomialFunctionTest
Tests run: 11, Failures: 0, Errors: 0, Skipped: 0, Time elapsed: 0.001 sec - in org.apache.commons.math4.analysis.polynomials.PolynomialFunctionTest
Running org.apache.commons.math4.analysis.polynomials.PolynomialsUtilsTest
Tests run: 18, Failures: 0, Errors: 0, Skipped: 0, Time elapsed: 0.468 sec - in org.apache.commons.math4.analysis.polynomials.PolynomialsUtilsTest
Running org.apache.commons.math4.analysis.polynomials.PolynomialFunctionLagrangeFormTest
Tests run: 4, Failures: 0, Errors: 0, Skipped: 0, Time elapsed: 0.002 sec - in org.apache.commons.math4.analysis.polynomials.PolynomialFunctionLagrangeFormTest
Running org.apache.commons.math4.analysis.polynomials.PolynomialSplineFunctionTest
Tests run: 3, Failures: 0, Errors: 0, Skipped: 0, Time elapsed: 0.002 sec - in org.apache.commons.math4.analysis.polynomials.PolynomialSplineFunctionTest
Running org.apache.commons.math4.analysis.polynomials.PolynomialFunctionNewtonFormTest
Tests run: 5, Failures: 0, Errors: 0, Skipped: 0, Time elapsed: 0.002 sec - in org.apache.commons.math4.analysis.polynomials.PolynomialFunctionNewtonFormTest
Running org.apache.commons.math4.analysis.interpolation.UnivariatePeriodicInterpolatorTest
Tests run: 5, Failures: 0, Errors: 0, Skipped: 0, Time elapsed: 0.003 sec - in org.apache.commons.math4.analysis.interpolation.UnivariatePeriodicInterpolatorTest
Running org.apache.commons.math4.analysis.interpolation.NevilleInterpolatorTest
Tests run: 3, Failures: 0, Errors: 0, Skipped: 0, Time elapsed: 0 sec - in org.apache.commons.math4.analysis.interpolation.NevilleInterpolatorTest
Running org.apache.commons.math4.analysis.interpolation.PiecewiseBicubicSplineInterpolatingFunctionTest
Tests run: 3, Failures: 0, Errors: 0, Skipped: 0, Time elapsed: 0.014 sec - in org.apache.commons.math4.analysis.interpolation.PiecewiseBicubicSplineInterpolatingFunctionTest
Running org.apache.commons.math4.analysis.interpolation.HermiteInterpolatorTest
Tests run: 11, Failures: 0, Errors: 0, Skipped: 0, Time elapsed: 0.044 sec - in org.apache.commons.math4.analysis.interpolation.HermiteInterpolatorTest
Running org.apache.commons.math4.analysis.interpolation.PiecewiseBicubicSplineInterpolatorTest
Tests run: 3, Failures: 0, Errors: 0, Skipped: 0, Time elapsed: 0.043 sec - in org.apache.commons.math4.analysis.interpolation.PiecewiseBicubicSplineInterpolatorTest
Running org.apache.commons.math4.analysis.interpolation.BicubicInterpolatingFunctionTest
Tests run: 4, Failures: 0, Errors: 0, Skipped: 0, Time elapsed: 0.015 sec - in org.apache.commons.math4.analysis.interpolation.BicubicInterpolatingFunctionTest
Running org.apache.commons.math4.analysis.interpolation.LoessInterpolatorTest
Tests run: 20, Failures: 0, Errors: 0, Skipped: 0, Time elapsed: 0.034 sec - in org.apache.commons.math4.analysis.interpolation.LoessInterpolatorTest
Running org.apache.commons.math4.analysis.interpolation.AkimaSplineInterpolatorTest
Tests run: 4, Failures: 0, Errors: 0, Skipped: 0, Time elapsed: 0.002 sec - in org.apache.commons.math4.analysis.interpolation.AkimaSplineInterpolatorTest
Running org.apache.commons.math4.analysis.interpolation.SplineInterpolatorTest
Tests run: 5, Failures: 0, Errors: 0, Skipped: 0, Time elapsed: 0.001 sec - in org.apache.commons.math4.analysis.interpolation.SplineInterpolatorTest
Running org.apache.commons.math4.analysis.interpolation.FieldHermiteInterpolatorTest
Tests run: 12, Failures: 0, Errors: 0, Skipped: 0, Time elapsed: 0.84 sec - in org.apache.commons.math4.analysis.interpolation.FieldHermiteInterpolatorTest
Running org.apache.commons.math4.analysis.interpolation.MicrosphereProjectionInterpolatorTest
Tests run: 1, Failures: 0, Errors: 0, Skipped: 0, Time elapsed: 0.018 sec - in org.apache.commons.math4.analysis.interpolation.MicrosphereProjectionInterpolatorTest
Running org.apache.commons.math4.analysis.interpolation.LinearInterpolatorTest
Tests run: 4, Failures: 0, Errors: 0, Skipped: 0, Time elapsed: 0 sec - in org.apache.commons.math4.analysis.interpolation.LinearInterpolatorTest
Running org.apache.commons.math4.analysis.interpolation.TricubicInterpolatingFunctionTest
Tests run: 4, Failures: 0, Errors: 0, Skipped: 0, Time elapsed: 0.401 sec - in org.apache.commons.math4.analysis.interpolation.TricubicInterpolatingFunctionTest
Running org.apache.commons.math4.analysis.interpolation.DividedDifferenceInterpolatorTest
Tests run: 3, Failures: 0, Errors: 0, Skipped: 0, Time elapsed: 0.001 sec - in org.apache.commons.math4.analysis.interpolation.DividedDifferenceInterpolatorTest
Running org.apache.commons.math4.analysis.interpolation.BicubicInterpolatorTest
Tests run: 3, Failures: 0, Errors: 0, Skipped: 0, Time elapsed: 0.012 sec - in org.apache.commons.math4.analysis.interpolation.BicubicInterpolatorTest
Running org.apache.commons.math4.analysis.interpolation.TricubicInterpolatorTest
Tests run: 3, Failures: 0, Errors: 0, Skipped: 0, Time elapsed: 0.005 sec - in org.apache.commons.math4.analysis.interpolation.TricubicInterpolatorTest
Running org.apache.commons.math4.util.IncrementorTest
Tests run: 10, Failures: 0, Errors: 0, Skipped: 0, Time elapsed: 0.001 sec - in org.apache.commons.math4.util.IncrementorTest
Running org.apache.commons.math4.util.OpenIntToDoubleHashMapTest
Tests run: 17, Failures: 0, Errors: 0, Skipped: 0, Time elapsed: 0.071 sec - in org.apache.commons.math4.util.OpenIntToDoubleHashMapTest
Running org.apache.commons.math4.util.CombinatoricsUtilsTest
Tests run: 4, Failures: 0, Errors: 0, Skipped: 0, Time elapsed: 0.001 sec - in org.apache.commons.math4.util.CombinatoricsUtilsTest
Running org.apache.commons.math4.util.BigRealFieldTest
Tests run: 3, Failures: 0, Errors: 0, Skipped: 0, Time elapsed: 0.004 sec - in org.apache.commons.math4.util.BigRealFieldTest
Running org.apache.commons.math4.util.DefaultTransformerTest
Tests run: 7, Failures: 0, Errors: 0, Skipped: 0, Time elapsed: 0.006 sec - in org.apache.commons.math4.util.DefaultTransformerTest
Running org.apache.commons.math4.util.FastMathStrictComparisonTest
Tests run: 66, Failures: 0, Errors: 0, Skipped: 0, Time elapsed: 0.069 sec - in org.apache.commons.math4.util.FastMathStrictComparisonTest
Running org.apache.commons.math4.util.ResizableDoubleArrayTest
Tests run: 16, Failures: 0, Errors: 0, Skipped: 0, Time elapsed: 0.028 sec - in org.apache.commons.math4.util.ResizableDoubleArrayTest
Running org.apache.commons.math4.util.KthSelectorTest
Tests run: 1, Failures: 0, Errors: 0, Skipped: 0, Time elapsed: 0.545 sec - in org.apache.commons.math4.util.KthSelectorTest
Running org.apache.commons.math4.util.BigRealTest
Tests run: 14, Failures: 0, Errors: 0, Skipped: 0, Time elapsed: 0.011 sec - in org.apache.commons.math4.util.BigRealTest
Running org.apache.commons.math4.util.FastMathTest
Tests run: 72, Failures: 0, Errors: 0, Skipped: 1, Time elapsed: 8.468 sec - in org.apache.commons.math4.util.FastMathTest
Running org.apache.commons.math4.util.Decimal64Test
Tests run: 63, Failures: 0, Errors: 0, Skipped: 0, Time elapsed: 0.026 sec - in org.apache.commons.math4.util.Decimal64Test
Running org.apache.commons.math4.util.PairTest
Tests run: 6, Failures: 0, Errors: 0, Skipped: 0, Time elapsed: 0 sec - in org.apache.commons.math4.util.PairTest
Running org.apache.commons.math4.util.OpenIntToFieldTest
Tests run: 17, Failures: 0, Errors: 0, Skipped: 0, Time elapsed: 0.052 sec - in org.apache.commons.math4.util.OpenIntToFieldTest
Running org.apache.commons.math4.util.MathUtilsTest
Tests run: 19, Failures: 0, Errors: 0, Skipped: 0, Time elapsed: 0.009 sec - in org.apache.commons.math4.util.MathUtilsTest
Running org.apache.commons.math4.util.MathArraysTest
Tests run: 54, Failures: 0, Errors: 0, Skipped: 0, Time elapsed: 0.013 sec - in org.apache.commons.math4.util.MathArraysTest
Running org.apache.commons.math4.util.TransformerMapTest
Tests run: 8, Failures: 0, Errors: 0, Skipped: 0, Time elapsed: 0.005 sec - in org.apache.commons.math4.util.TransformerMapTest
Running org.apache.commons.math4.util.IntegerSequenceTest
Tests run: 16, Failures: 0, Errors: 0, Skipped: 0, Time elapsed: 0.006 sec - in org.apache.commons.math4.util.IntegerSequenceTest
Running org.apache.commons.math4.complex.ComplexFormatTest
Tests run: 39, Failures: 0, Errors: 0, Skipped: 0, Time elapsed: 0.028 sec - in org.apache.commons.math4.complex.ComplexFormatTest
Running org.apache.commons.math4.complex.FrenchComplexFormatTest
Tests run: 39, Failures: 0, Errors: 0, Skipped: 0, Time elapsed: 0.014 sec - in org.apache.commons.math4.complex.FrenchComplexFormatTest
Running org.apache.commons.math4.linear.RRQRDecompositionTest
Tests run: 9, Failures: 0, Errors: 0, Skipped: 0, Time elapsed: 0.09 sec - in org.apache.commons.math4.linear.RRQRDecompositionTest
Running org.apache.commons.math4.linear.MatrixUtilsTest
Tests run: 20, Failures: 0, Errors: 0, Skipped: 0, Time elapsed: 0.01 sec - in org.apache.commons.math4.linear.MatrixUtilsTest
Running org.apache.commons.math4.linear.SymmLQTest
Tests run: 36, Failures: 0, Errors: 0, Skipped: 0, Time elapsed: 0.206 sec - in org.apache.commons.math4.linear.SymmLQTest
Running org.apache.commons.math4.linear.QRSolverTest
Tests run: 6, Failures: 0, Errors: 0, Skipped: 0, Time elapsed: 0.037 sec - in org.apache.commons.math4.linear.QRSolverTest
Running org.apache.commons.math4.linear.SparseFieldVectorTest
Tests run: 17, Failures: 0, Errors: 0, Skipped: 0, Time elapsed: 0.028 sec - in org.apache.commons.math4.linear.SparseFieldVectorTest
Running org.apache.commons.math4.linear.RectangularCholeskyDecompositionTest
Tests run: 3, Failures: 0, Errors: 0, Skipped: 0, Time elapsed: 0 sec - in org.apache.commons.math4.linear.RectangularCholeskyDecompositionTest
Running org.apache.commons.math4.linear.BlockFieldMatrixTest
Tests run: 46, Failures: 0, Errors: 0, Skipped: 0, Time elapsed: 3.284 sec - in org.apache.commons.math4.linear.BlockFieldMatrixTest
Running org.apache.commons.math4.linear.FieldLUDecompositionTest
Tests run: 9, Failures: 0, Errors: 0, Skipped: 0, Time elapsed: 0.008 sec - in org.apache.commons.math4.linear.FieldLUDecompositionTest
Running org.apache.commons.math4.linear.CholeskySolverTest
Tests run: 3, Failures: 0, Errors: 0, Skipped: 0, Time elapsed: 0 sec - in org.apache.commons.math4.linear.CholeskySolverTest
Running org.apache.commons.math4.linear.EigenDecompositionTest
Tests run: 30, Failures: 0, Errors: 0, Skipped: 2, Time elapsed: 0.289 sec - in org.apache.commons.math4.linear.EigenDecompositionTest
Running org.apache.commons.math4.linear.SparseRealMatrixTest
Tests run: 27, Failures: 0, Errors: 0, Skipped: 0, Time elapsed: 0.011 sec - in org.apache.commons.math4.linear.SparseRealMatrixTest
Running org.apache.commons.math4.linear.EigenSolverTest
Tests run: 8, Failures: 0, Errors: 0, Skipped: 0, Time elapsed: 0.002 sec - in org.apache.commons.math4.linear.EigenSolverTest
Running org.apache.commons.math4.linear.QRDecompositionTest
Tests run: 10, Failures: 0, Errors: 0, Skipped: 0, Time elapsed: 0.022 sec - in org.apache.commons.math4.linear.QRDecompositionTest
Running org.apache.commons.math4.linear.LUDecompositionTest
Tests run: 9, Failures: 0, Errors: 0, Skipped: 0, Time elapsed: 0 sec - in org.apache.commons.math4.linear.LUDecompositionTest
Running org.apache.commons.math4.linear.FrenchRealVectorFormatTest
Tests run: 30, Failures: 0, Errors: 0, Skipped: 0, Time elapsed: 0.007 sec - in org.apache.commons.math4.linear.FrenchRealVectorFormatTest
Running org.apache.commons.math4.linear.SchurTransformerTest
Tests run: 8, Failures: 0, Errors: 0, Skipped: 0, Time elapsed: 0.069 sec - in org.apache.commons.math4.linear.SchurTransformerTest
Running org.apache.commons.math4.linear.FieldLUSolverTest
Tests run: 5, Failures: 0, Errors: 0, Skipped: 0, Time elapsed: 0.001 sec - in org.apache.commons.math4.linear.FieldLUSolverTest
Running org.apache.commons.math4.linear.SingularValueDecompositionTest
Tests run: 13, Failures: 0, Errors: 0, Skipped: 0, Time elapsed: 0.413 sec - in org.apache.commons.math4.linear.SingularValueDecompositionTest
Running org.apache.commons.math4.linear.ConjugateGradientTest
Tests run: 17, Failures: 0, Errors: 0, Skipped: 0, Time elapsed: 0.094 sec - in org.apache.commons.math4.linear.ConjugateGradientTest
Running org.apache.commons.math4.linear.ArrayFieldVectorTest
Tests run: 20, Failures: 0, Errors: 0, Skipped: 0, Time elapsed: 0.019 sec - in org.apache.commons.math4.linear.ArrayFieldVectorTest
Running org.apache.commons.math4.linear.BlockRealMatrixTest
Tests run: 48, Failures: 0, Errors: 0, Skipped: 0, Time elapsed: 0.15 sec - in org.apache.commons.math4.linear.BlockRealMatrixTest
Running org.apache.commons.math4.linear.OpenMapRealMatrixTest
Tests run: 2, Failures: 0, Errors: 0, Skipped: 0, Time elapsed: 0 sec - in org.apache.commons.math4.linear.OpenMapRealMatrixTest
Running org.apache.commons.math4.linear.SparseFieldMatrixTest
Tests run: 24, Failures: 0, Errors: 0, Skipped: 0, Time elapsed: 0.024 sec - in org.apache.commons.math4.linear.SparseFieldMatrixTest
Running org.apache.commons.math4.linear.RealVectorTest
Tests run: 105, Failures: 0, Errors: 0, Skipped: 24, Time elapsed: 0.139 sec - in org.apache.commons.math4.linear.RealVectorTest
Running org.apache.commons.math4.linear.Array2DRowRealMatrixTest
Tests run: 39, Failures: 0, Errors: 0, Skipped: 0, Time elapsed: 0.026 sec - in org.apache.commons.math4.linear.Array2DRowRealMatrixTest
Running org.apache.commons.math4.linear.LUSolverTest
Tests run: 6, Failures: 0, Errors: 0, Skipped: 0, Time elapsed: 0 sec - in org.apache.commons.math4.linear.LUSolverTest
Running org.apache.commons.math4.linear.DiagonalMatrixTest
Tests run: 29, Failures: 0, Errors: 0, Skipped: 0, Time elapsed: 0.005 sec - in org.apache.commons.math4.linear.DiagonalMatrixTest
Running org.apache.commons.math4.linear.SingularValueSolverTest
Tests run: 6, Failures: 0, Errors: 0, Skipped: 0, Time elapsed: 0.003 sec - in org.apache.commons.math4.linear.SingularValueSolverTest
Running org.apache.commons.math4.linear.SparseRealVectorTest
Tests run: 106, Failures: 0, Errors: 0, Skipped: 0, Time elapsed: 0.24 sec - in org.apache.commons.math4.linear.SparseRealVectorTest
Running org.apache.commons.math4.linear.ArrayRealVectorTest
Tests run: 108, Failures: 0, Errors: 0, Skipped: 0, Time elapsed: 0.091 sec - in org.apache.commons.math4.linear.ArrayRealVectorTest
Running org.apache.commons.math4.linear.RealMatrixFormatTest
Tests run: 29, Failures: 0, Errors: 0, Skipped: 1, Time elapsed: 0.009 sec - in org.apache.commons.math4.linear.RealMatrixFormatTest
Running org.apache.commons.math4.linear.UnmodifiableArrayRealVectorTest
Tests run: 8, Failures: 0, Errors: 0, Skipped: 0, Time elapsed: 0.023 sec - in org.apache.commons.math4.linear.UnmodifiableArrayRealVectorTest
Running org.apache.commons.math4.linear.FieldMatrixImplTest
Tests run: 37, Failures: 0, Errors: 0, Skipped: 0, Time elapsed: 1.612 sec - in org.apache.commons.math4.linear.FieldMatrixImplTest
Running org.apache.commons.math4.linear.CholeskyDecompositionTest
Tests run: 9, Failures: 0, Errors: 0, Skipped: 0, Time elapsed: 0.007 sec - in org.apache.commons.math4.linear.CholeskyDecompositionTest
Running org.apache.commons.math4.linear.HessenbergTransformerTest
Tests run: 9, Failures: 0, Errors: 0, Skipped: 0, Time elapsed: 0.093 sec - in org.apache.commons.math4.linear.HessenbergTransformerTest
Running org.apache.commons.math4.linear.MatrixDimensionMismatchExceptionTest
Tests run: 1, Failures: 0, Errors: 0, Skipped: 0, Time elapsed: 0 sec - in org.apache.commons.math4.linear.MatrixDimensionMismatchExceptionTest
Running org.apache.commons.math4.linear.RealVectorFormatTest
Tests run: 30, Failures: 0, Errors: 0, Skipped: 0, Time elapsed: 0.009 sec - in org.apache.commons.math4.linear.RealVectorFormatTest
Running org.apache.commons.math4.linear.UnmodifiableOpenMapRealVectorTest
Tests run: 8, Failures: 0, Errors: 0, Skipped: 0, Time elapsed: 0.086 sec - in org.apache.commons.math4.linear.UnmodifiableOpenMapRealVectorTest
Running org.apache.commons.math4.linear.BiDiagonalTransformerTest
Tests run: 8, Failures: 0, Errors: 0, Skipped: 0, Time elapsed: 0.002 sec - in org.apache.commons.math4.linear.BiDiagonalTransformerTest
Running org.apache.commons.math4.linear.RRQRSolverTest
Tests run: 6, Failures: 0, Errors: 0, Skipped: 0, Time elapsed: 0.023 sec - in org.apache.commons.math4.linear.RRQRSolverTest
Running org.apache.commons.math4.linear.TriDiagonalTransformerTest
Tests run: 8, Failures: 0, Errors: 0, Skipped: 0, Time elapsed: 0.001 sec - in org.apache.commons.math4.linear.TriDiagonalTransformerTest
Running org.apache.commons.math4.distribution.MultivariateNormalDistributionTest
Tests run: 5, Failures: 0, Errors: 0, Skipped: 0, Time elapsed: 0.198 sec - in org.apache.commons.math4.distribution.MultivariateNormalDistributionTest
Running org.apache.commons.math4.distribution.fitting.MultivariateNormalMixtureExpectationMaximizationTest
Tests run: 9, Failures: 0, Errors: 0, Skipped: 0, Time elapsed: 0.031 sec - in org.apache.commons.math4.distribution.fitting.MultivariateNormalMixtureExpectationMaximizationTest
Running org.apache.commons.math4.distribution.EmpiricalDistributionTest
Tests run: 27, Failures: 0, Errors: 0, Skipped: 0, Time elapsed: 1.83 sec - in org.apache.commons.math4.distribution.EmpiricalDistributionTest
Running org.apache.commons.math4.distribution.MixtureMultivariateNormalDistributionTest
Tests run: 5, Failures: 0, Errors: 0, Skipped: 1, Time elapsed: 0 sec - in org.apache.commons.math4.distribution.MixtureMultivariateNormalDistributionTest
Running org.apache.commons.math4.distribution.AbstractIntegerDistributionTest
Tests run: 3, Failures: 0, Errors: 0, Skipped: 0, Time elapsed: 0.002 sec - in org.apache.commons.math4.distribution.AbstractIntegerDistributionTest
Running org.apache.commons.math4.distribution.EnumeratedRealDistributionTest
Tests run: 13, Failures: 0, Errors: 0, Skipped: 0, Time elapsed: 0.066 sec - in org.apache.commons.math4.distribution.EnumeratedRealDistributionTest
Running org.apache.commons.math4.distribution.AbstractRealDistributionTest
Tests run: 2, Failures: 0, Errors: 0, Skipped: 0, Time elapsed: 0.028 sec - in org.apache.commons.math4.distribution.AbstractRealDistributionTest
Running org.apache.commons.math4.distribution.EnumeratedIntegerDistributionTest
Tests run: 10, Failures: 0, Errors: 0, Skipped: 0, Time elapsed: 0.097 sec - in org.apache.commons.math4.distribution.EnumeratedIntegerDistributionTest
Running org.apache.commons.math4.optim.SimpleVectorValueCheckerTest
Tests run: 3, Failures: 0, Errors: 0, Skipped: 0, Time elapsed: 0 sec - in org.apache.commons.math4.optim.SimpleVectorValueCheckerTest
Running org.apache.commons.math4.optim.SimplePointCheckerTest
Tests run: 3, Failures: 0, Errors: 0, Skipped: 0, Time elapsed: 0.001 sec - in org.apache.commons.math4.optim.SimplePointCheckerTest
Running org.apache.commons.math4.optim.PointValuePairTest
Tests run: 1, Failures: 0, Errors: 0, Skipped: 0, Time elapsed: 0.002 sec - in org.apache.commons.math4.optim.PointValuePairTest
Running org.apache.commons.math4.optim.linear.SimplexSolverTest
Tests run: 30, Failures: 0, Errors: 0, Skipped: 0, Time elapsed: 0.14 sec - in org.apache.commons.math4.optim.linear.SimplexSolverTest
Running org.apache.commons.math4.optim.linear.SimplexTableauTest
Tests run: 4, Failures: 0, Errors: 0, Skipped: 0, Time elapsed: 0.005 sec - in org.apache.commons.math4.optim.linear.SimplexTableauTest
Running org.apache.commons.math4.optim.SimpleValueCheckerTest
Tests run: 3, Failures: 0, Errors: 0, Skipped: 0, Time elapsed: 0.001 sec - in org.apache.commons.math4.optim.SimpleValueCheckerTest
Running org.apache.commons.math4.optim.univariate.SimpleUnivariateValueCheckerTest
Tests run: 3, Failures: 0, Errors: 0, Skipped: 0, Time elapsed: 0.002 sec - in org.apache.commons.math4.optim.univariate.SimpleUnivariateValueCheckerTest
Running org.apache.commons.math4.optim.univariate.MultiStartUnivariateOptimizerTest
Tests run: 5, Failures: 0, Errors: 0, Skipped: 0, Time elapsed: 0.015 sec - in org.apache.commons.math4.optim.univariate.MultiStartUnivariateOptimizerTest
Running org.apache.commons.math4.optim.univariate.BracketFinderTest
Tests run: 4, Failures: 0, Errors: 0, Skipped: 0, Time elapsed: 0.003 sec - in org.apache.commons.math4.optim.univariate.BracketFinderTest
Running org.apache.commons.math4.optim.univariate.BrentOptimizerTest
Tests run: 10, Failures: 0, Errors: 0, Skipped: 0, Time elapsed: 0.014 sec - in org.apache.commons.math4.optim.univariate.BrentOptimizerTest
Running org.apache.commons.math4.optim.PointVectorValuePairTest
Tests run: 1, Failures: 0, Errors: 0, Skipped: 0, Time elapsed: 0.001 sec - in org.apache.commons.math4.optim.PointVectorValuePairTest
Running org.apache.commons.math4.optim.nonlinear.scalar.gradient.NonLinearConjugateGradientOptimizerTest
Tests run: 13, Failures: 0, Errors: 0, Skipped: 0, Time elapsed: 0.017 sec - in org.apache.commons.math4.optim.nonlinear.scalar.gradient.NonLinearConjugateGradientOptimizerTest
Running org.apache.commons.math4.optim.nonlinear.scalar.MultivariateFunctionPenaltyAdapterTest
Tests run: 5, Failures: 0, Errors: 0, Skipped: 0, Time elapsed: 0.022 sec - in org.apache.commons.math4.optim.nonlinear.scalar.MultivariateFunctionPenaltyAdapterTest
Running org.apache.commons.math4.optim.nonlinear.scalar.noderiv.SimplexOptimizerMultiDirectionalTest
Tests run: 8, Failures: 0, Errors: 0, Skipped: 0, Time elapsed: 0.011 sec - in org.apache.commons.math4.optim.nonlinear.scalar.noderiv.SimplexOptimizerMultiDirectionalTest
Running org.apache.commons.math4.optim.nonlinear.scalar.noderiv.BOBYQAOptimizerTest
